Blk,Vtx,XPOf,YPOf,Dm,ObjN,ObjectName
007,395,-086,0068,000,0224,"Small Bushy Tree"
008,381,-008,0141,000,0220,"Big Bushy Tree"
008,381,-048,0087,000,0220,"Big Bushy Tree"
008,381,-096,0091,000,0220,"Big Bushy Tree"
008,380,-004,0109,000,0220,"Big Bushy Tree"
008,380,0017,0050,000,0220,"Big Bushy Tree"
008,360,0019,0084,000,0220,"Big Bushy Tree"
008,380,0028,0119,000,0220,"Big Bushy Tree"
008,360,0019,0073,000,0220,"Big Bushy Tree"
008,381,0018,0033,000,0220,"Big Bushy Tree"
008,381,0018,0058,000,0220,"Big Bushy Tree"
008,361,-082,0058,000,0220,"Big Bushy Tree"
008,380,0018,0050,000,0220,"Big Bushy Tree"
008,360,0020,0084,000,0220,"Big Bushy Tree"
008,380,0029,0119,000,0220,"Big Bushy Tree"
008,360,0020,0073,000,0220,"Big Bushy Tree"
008,381,0019,0033,000,0220,"Big Bushy Tree"
008,381,0019,0058,000,0220,"Big Bushy Tree"
008,361,-081,0058,000,0220,"Big Bushy Tree"
008,381,-059,0106,000,0220,"Big Bushy Tree"
008,381,0055,0073,000,0220,"Big Bushy Tree"
008,361,-029,0119,000,0220,"Big Bushy Tree"
008,381,0002,0139,000,0220,"Big Bushy Tree"
008,382,-005,0083,000,0220,"Big Bushy Tree"
008,381,0002,0140,000,0220,"Big Bushy Tree"
008,382,-005,0084,000,0220,"Big Bushy Tree"
008,391,0034,0024,000,0208,"Big Tree"
008,391,0064,0041,000,0208,"Big Tree"
008,391,0018,0070,000,0208,"Big Tree"
008,371,-009,0076,000,0208,"Big Tree"
008,392,-037,0049,000,0208,"Big Tree"
008,328,-055,0102,000,0208,"Big Tree"
008,349,0015,0012,000,0208,"Big Tree"
008,348,-010,0018,000,0208,"Big Tree"
008,348,0007,0068,000,0208,"Big Tree"
008,347,0041,0044,000,0212,"Medium Tree"
008,327,-093,0077,000,0212,"Medium Tree"
008,327,-052,0081,000,0212,"Medium Tree"
008,327,-022,0061,000,0212,"Medium Tree"
008,347,0028,0077,000,0212,"Medium Tree"
008,347,-027,0036,000,0212,"Medium Tree"
008,392,-043,0061,000,0212,"Medium Tree"
008,392,0009,0110,000,0212,"Medium Tree"
008,392,-046,0117,000,0212,"Medium Tree"
008,372,-019,0035,000,0212,"Medium Tree"
008,372,0005,0119,000,0212,"Medium Tree"
008,371,-003,0035,000,0212,"Medium Tree"
008,372,-014,0125,000,0212,"Medium Tree"
008,372,-006,0083,000,0212,"Medium Tree"
008,392,0095,0055,000,0212,"Medium Tree"
008,384,0003,0053,000,0069,"Small Barn SSW (w/underlay)"
008,385,-013,0113,000,0208,"Big Tree"
008,385,0041,0086,000,0208,"Big Tree"
008,365,-028,0129,000,0208,"Big Tree"
008,385,0018,0092,000,0216,"Small Tree"
008,385,0078,0052,000,0216,"Small Tree"
008,383,-008,0089,000,0216,"Small Tree"
008,385,0003,0014,000,0216,"Small Tree"
008,386,0000,0096,000,0208,"Big Tree"
008,335,-009,0078,000,0208,"Big Tree"
008,356,-019,0091,000,0208,"Big Tree"
008,355,0068,0049,000,0208,"Big Tree"
008,356,-028,0050,000,0208,"Big Tree"
008,355,0037,0087,000,0208,"Big Tree"
008,355,0016,0085,000,0208,"Big Tree"
008,355,-023,0044,000,0208,"Big Tree"
008,355,-012,0022,000,0208,"Big Tree"
008,355,-039,0096,000,0208,"Big Tree"
008,355,-016,0030,000,0208,"Big Tree"
008,355,0014,0024,000,0208,"Big Tree"
008,355,-033,0073,000,0208,"Big Tree"
008,336,0000,0077,000,0208,"Big Tree"
008,356,0013,0040,000,0208,"Big Tree"
008,336,-084,0073,000,0208,"Big Tree"
008,336,0014,0013,000,0208,"Big Tree"
008,336,0028,0054,000,0208,"Big Tree"
008,336,0007,0032,000,0208,"Big Tree"
008,336,0007,0104,000,0208,"Big Tree"
008,295,-029,0027,000,0208,"Big Tree"
008,295,0007,0057,000,0208,"Big Tree"
008,295,-042,0050,000,0208,"Big Tree"
008,315,0017,0050,000,0208,"Big Tree"
008,295,-029,0026,000,0208,"Big Tree"
008,295,0007,0056,000,0208,"Big Tree"
008,295,-042,0049,000,0208,"Big Tree"
008,315,0017,0049,000,0208,"Big Tree"
008,276,-001,0048,000,0208,"Big Tree"
008,297,0022,0015,000,0208,"Big Tree"
008,296,0094,0069,000,0208,"Big Tree"
008,296,0024,0045,000,0208,"Big Tree"
008,296,0002,0136,000,0208,"Big Tree"
008,296,0043,0094,000,0208,"Big Tree"
008,296,-048,0097,000,0208,"Big Tree"
008,316,0000,0058,000,0208,"Big Tree"
008,316,0062,0063,000,0208,"Big Tree"
008,296,-045,0103,000,0208,"Big Tree"
008,316,-028,0012,000,0208,"Big Tree"
008,316,-021,0047,000,0208,"Big Tree"
008,336,0040,0071,000,0212,"Medium Tree"
008,336,0039,0072,000,0212,"Medium Tree"
008,336,0051,0089,000,0212,"Medium Tree"
008,335,0009,0047,000,0212,"Medium Tree"
008,336,-011,0042,000,0212,"Medium Tree"
008,315,0003,0070,000,0212,"Medium Tree"
008,336,-062,0047,000,0212,"Medium Tree"
008,276,-051,0055,000,0212,"Medium Tree"
008,296,0031,0048,000,0212,"Medium Tree"
008,295,0020,0057,000,0212,"Medium Tree"
008,296,0031,0027,000,0212,"Medium Tree"
008,276,-066,0036,000,0212,"Medium Tree"
008,296,-004,0067,000,0212,"Medium Tree"
008,295,-008,0086,000,0212,"Medium Tree"
008,296,0055,0056,000,0212,"Medium Tree"
008,297,0023,0110,000,0212,"Medium Tree"
008,297,-030,0025,000,0212,"Medium Tree"
008,296,0061,0101,000,0212,"Medium Tree"
008,277,-055,0040,000,0212,"Medium Tree"
008,355,0033,0093,000,0212,"Medium Tree"
008,356,-016,0082,000,0212,"Medium Tree"
008,335,-088,0062,000,0212,"Medium Tree"
008,356,0005,0008,000,0212,"Medium Tree"
008,376,0024,0020,000,0212,"Medium Tree"
008,335,0017,0089,000,0212,"Medium Tree"
008,356,-053,0074,000,0212,"Medium Tree"
008,336,-062,0038,000,0212,"Medium Tree"
008,356,0047,0069,000,0212,"Medium Tree"
008,336,-068,0091,000,0212,"Medium Tree"
008,356,-065,0049,000,0212,"Medium Tree"
008,336,-089,0077,000,0212,"Medium Tree"
008,315,-023,0034,000,0216,"Small Tree"
008,316,-044,0023,000,0216,"Small Tree"
008,315,-054,0039,000,0216,"Small Tree"
008,315,0029,0102,000,0216,"Small Tree"
008,336,0000,0042,000,0216,"Small Tree"
008,316,-061,0041,000,0216,"Small Tree"
008,316,0076,0045,000,0216,"Small Tree"
008,295,0078,0052,000,0216,"Small Tree"
008,335,-044,0051,000,0216,"Small Tree"
008,335,-041,0066,000,0216,"Small Tree"
008,355,0097,0065,000,0216,"Small Tree"
008,335,-003,0056,000,0216,"Small Tree"
008,355,-039,0048,000,0220,"Big Bushy Tree"
008,375,0038,0063,000,0220,"Big Bushy Tree"
008,355,-031,0069,000,0220,"Big Bushy Tree"
008,355,-069,0069,000,0220,"Big Bushy Tree"
008,355,0019,0052,000,0220,"Big Bushy Tree"
008,376,0032,0037,000,0220,"Big Bushy Tree"
008,297,0002,0045,000,0220,"Big Bushy Tree"
008,297,-008,0072,000,0220,"Big Bushy Tree"
008,297,0003,0045,000,0220,"Big Bushy Tree"
008,297,-007,0072,000,0220,"Big Bushy Tree"
008,295,0000,0061,000,0220,"Big Bushy Tree"
008,316,-001,0033,000,0220,"Big Bushy Tree"
008,315,-004,0036,000,0232,"Round Top Tree"
008,336,-050,0030,000,0232,"Round Top Tree"
008,315,0001,0118,000,0232,"Round Top Tree"
008,315,-035,0070,000,0232,"Round Top Tree"
008,336,0032,0041,000,0232,"Round Top Tree"
008,336,-007,0039,000,0232,"Round Top Tree"
008,376,0000,0088,000,0232,"Round Top Tree"
008,376,-051,0083,000,0232,"Round Top Tree"
008,376,0063,0088,000,0232,"Round Top Tree"
008,356,-086,0050,000,0232,"Round Top Tree"
008,356,-053,0051,000,0232,"Round Top Tree"
008,376,0008,0024,000,0232,"Round Top Tree"
008,296,-012,0110,000,0232,"Round Top Tree"
008,275,-021,0095,000,0232,"Round Top Tree"
008,296,0010,0061,000,0232,"Round Top Tree"
008,296,-008,0014,000,0232,"Round Top Tree"
008,395,0038,0058,000,0232,"Round Top Tree"
008,394,0038,0090,000,0212,"Medium Tree"
008,375,0028,0048,000,0212,"Medium Tree"
008,375,-046,0064,000,0212,"Medium Tree"
008,393,-026,0096,000,0212,"Medium Tree"
008,393,0018,0110,000,0212,"Medium Tree"
008,372,-002,0080,000,0212,"Medium Tree"
008,374,-002,0020,000,0212,"Medium Tree"
008,353,-062,0066,000,0212,"Medium Tree"
008,374,-018,0108,000,0212,"Medium Tree"
008,353,0002,0038,000,0212,"Medium Tree"
008,395,-066,0052,000,0212,"Medium Tree"
008,395,-066,0056,000,0212,"Medium Tree"
008,397,-082,0072,000,0208,"Big Tree"
008,395,-092,0062,000,0208,"Big Tree"
008,397,-082,0070,000,0208,"Big Tree"
008,395,-092,0060,000,0208,"Big Tree"
009,317,-001,0098,000,0563,"Quonset Hut (Mntn) R1"
009,398,0043,0054,000,0275,"Streetlamp NE"
009,318,-095,0071,000,0276,"Streetlamp SE"
009,259,-036,0122,000,0538,"Loading Platform (non-ani) SW"
009,258,-030,0123,000,0538,"Loading Platform (non-ani) SW"
009,398,0102,0066,000,0255,"Small Barrels B \"
009,378,0027,0110,000,0255,"Small Barrels B \"
009,358,-019,0110,000,0254,"Small Barrels B /"
009,358,0002,0123,000,0254,"Small Barrels B /"
009,318,-046,0075,000,0564,"Quonset Hut (Mntn) R2"
009,318,-005,0099,000,0564,"Quonset Hut (Mntn) R2"
009,319,-071,0062,000,0564,"Quonset Hut (Mntn) R2"
009,357,-045,0055,000,0269,"Barricade A \"
009,357,-002,0071,000,0269,"Barricade A \"
009,357,0022,0103,000,0269,"Barricade A \"
009,337,-003,0057,000,0488,"Support Building"
009,295,-026,0107,000,0538,"Loading Platform (non-ani) SW"
009,296,-028,0108,000,0538,"Loading Platform (non-ani) SW"
010,351,-001,0007,000,0228,"Pine Tree"
010,351,-023,0032,000,0228,"Pine Tree"
010,310,-055,0091,000,0228,"Pine Tree"
010,329,0035,0057,000,0228,"Pine Tree"
010,330,0060,0037,000,0228,"Pine Tree"
010,350,0038,0031,000,0228,"Pine Tree"
010,310,-075,0092,000,0228,"Pine Tree"
010,310,0063,0112,000,0228,"Pine Tree"
010,310,0014,0044,000,0228,"Pine Tree"
010,310,0031,0041,000,0228,"Pine Tree"
010,310,0056,0077,000,0228,"Pine Tree"
010,310,-009,0046,000,0228,"Pine Tree"
010,310,-001,0088,000,0228,"Pine Tree"
010,310,0027,0021,000,0228,"Pine Tree"
010,310,0064,0112,000,0228,"Pine Tree"
010,310,0015,0044,000,0228,"Pine Tree"
010,310,0032,0041,000,0228,"Pine Tree"
010,310,0057,0077,000,0228,"Pine Tree"
010,310,-008,0046,000,0228,"Pine Tree"
010,310,0000,0088,000,0228,"Pine Tree"
010,270,-001,0060,000,0228,"Pine Tree"
010,270,0051,0059,000,0228,"Pine Tree"
010,270,0070,0047,000,0228,"Pine Tree"
010,271,-048,0068,000,0228,"Pine Tree"
010,270,-012,0058,000,0228,"Pine Tree"
010,270,-056,0052,000,0228,"Pine Tree"
010,270,0019,0039,000,0228,"Pine Tree"
010,334,-089,0087,000,0228,"Pine Tree"
010,334,-064,0089,000,0228,"Pine Tree"
010,354,0004,0014,000,0228,"Pine Tree"
010,333,-007,0048,000,0228,"Pine Tree"
010,354,0038,0030,000,0228,"Pine Tree"
010,333,-025,0082,000,0228,"Pine Tree"
010,333,-031,0092,000,0228,"Pine Tree"
010,331,-075,0071,000,0240,"Big Pine Tree"
010,329,0061,0048,000,0240,"Big Pine Tree"
010,330,0028,0027,000,0240,"Big Pine Tree"
010,329,0043,0034,000,0240,"Big Pine Tree"
010,310,-095,0085,000,0240,"Big Pine Tree"
010,329,0029,0052,000,0240,"Big Pine Tree"
010,330,-036,0083,000,0240,"Big Pine Tree"
010,331,-074,0071,000,0240,"Big Pine Tree"
010,329,0062,0048,000,0240,"Big Pine Tree"
010,330,0029,0027,000,0240,"Big Pine Tree"
010,329,0044,0034,000,0240,"Big Pine Tree"
010,310,-094,0085,000,0240,"Big Pine Tree"
010,329,0030,0052,000,0240,"Big Pine Tree"
010,330,-035,0083,000,0240,"Big Pine Tree"
010,331,0051,0052,000,0240,"Big Pine Tree"
010,351,0049,0054,000,0240,"Big Pine Tree"
010,352,0016,0025,000,0240,"Big Pine Tree"
010,351,0043,0076,000,0240,"Big Pine Tree"
010,351,0053,0039,000,0240,"Big Pine Tree"
010,331,0034,0070,000,0240,"Big Pine Tree"
010,354,-055,0106,000,0240,"Big Pine Tree"
010,353,-011,0063,000,0240,"Big Pine Tree"
010,354,-066,0072,000,0240,"Big Pine Tree"
010,373,0052,0087,000,0240,"Big Pine Tree"
010,353,0054,0043,000,0240,"Big Pine Tree"
010,353,-026,0055,000,0240,"Big Pine Tree"
010,373,0061,0056,000,0240,"Big Pine Tree"
010,271,-042,0067,000,0240,"Big Pine Tree"
010,270,0001,0101,000,0240,"Big Pine Tree"
010,291,0022,0057,000,0240,"Big Pine Tree"
010,291,-034,0089,000,0240,"Big Pine Tree"
010,291,-005,0053,000,0240,"Big Pine Tree"
010,271,-060,0077,000,0240,"Big Pine Tree"
010,270,-041,0070,000,0240,"Big Pine Tree"
010,270,-033,0055,000,0240,"Big Pine Tree"
010,289,0045,0039,000,0240,"Big Pine Tree"
010,269,-003,0145,000,0240,"Big Pine Tree"
010,290,0006,0072,000,0240,"Big Pine Tree"
010,290,-020,0054,000,0240,"Big Pine Tree"
010,251,-006,0101,000,0240,"Big Pine Tree"
010,271,0053,0088,000,0240,"Big Pine Tree"
010,250,0020,0113,000,0240,"Big Pine Tree"
010,271,0037,0068,000,0240,"Big Pine Tree"
010,272,-020,0025,000,0240,"Big Pine Tree"
010,250,0049,0086,000,0240,"Big Pine Tree"
010,251,-041,0058,000,0240,"Big Pine Tree"
010,312,-086,0058,000,0240,"Big Pine Tree"
010,313,-020,0044,000,0240,"Big Pine Tree"
010,314,-059,0055,000,0240,"Big Pine Tree"
010,311,0008,0062,000,0548,"Kurita-style Home D (w/low wall) SE"
010,341,-004,0004,000,0576,"Tent (Mntn) R2"
010,380,-024,0030,000,0138,"Valve Station SW (w/underlay)"
010,361,-029,0088,000,0270,"Barricade B /"
010,361,0040,0047,000,0270,"Barricade B /"
010,361,0006,0095,000,0271,"Barricade B \"
010,381,0005,0029,000,0275,"Streetlamp NE"
010,384,0018,0019,000,0627,"Loading Facility NW"
010,301,-010,0111,000,0624,"Loading Facility SW"
010,341,-039,0050,000,0648,"Debris A"
013,055,-008,0026,000,0236,"Ball Top Tree"
013,056,-033,0048,000,0236,"Ball Top Tree"
013,056,-001,0024,000,0236,"Ball Top Tree"
013,035,-011,0109,000,0236,"Ball Top Tree"
013,055,-013,0059,000,0236,"Ball Top Tree"
013,056,-022,0017,000,0236,"Ball Top Tree"
013,076,0048,0035,000,0236,"Ball Top Tree"
013,055,-040,0082,000,0236,"Ball Top Tree"
013,076,0019,0043,000,0236,"Ball Top Tree"
013,076,0021,0043,000,0236,"Ball Top Tree"
013,075,0086,0059,000,0236,"Ball Top Tree"
013,076,0015,0020,000,0236,"Ball Top Tree"
013,056,-045,0056,000,0236,"Ball Top Tree"
013,075,0054,0032,000,0236,"Ball Top Tree"
013,055,-003,0080,000,0236,"Ball Top Tree"
013,055,-003,0075,000,0236,"Ball Top Tree"
013,035,-027,0108,000,0236,"Ball Top Tree"
013,055,0081,0048,000,0236,"Ball Top Tree"
013,056,-041,0068,000,0236,"Ball Top Tree"
013,055,0010,0019,000,0236,"Ball Top Tree"
013,014,-057,0069,000,0236,"Ball Top Tree"
013,034,0004,0012,000,0236,"Ball Top Tree"
013,055,-006,0050,000,0236,"Ball Top Tree"
013,034,-028,0031,000,0236,"Ball Top Tree"
013,034,-023,0083,000,0236,"Ball Top Tree"
013,055,0011,0019,000,0236,"Ball Top Tree"
013,014,-056,0069,000,0236,"Ball Top Tree"
013,034,0005,0012,000,0236,"Ball Top Tree"
013,055,-005,0050,000,0236,"Ball Top Tree"
013,034,-027,0031,000,0236,"Ball Top Tree"
013,034,-022,0083,000,0236,"Ball Top Tree"
013,056,0034,0056,000,0236,"Ball Top Tree"
013,057,-003,0067,000,0236,"Ball Top Tree"
013,057,-090,0041,000,0236,"Ball Top Tree"
013,057,-013,0072,000,0236,"Ball Top Tree"
013,057,-064,0033,000,0236,"Ball Top Tree"
013,056,0005,0108,000,0236,"Ball Top Tree"
013,057,-021,0098,000,0236,"Ball Top Tree"
013,036,0038,0028,000,0236,"Ball Top Tree"
013,016,-026,0063,000,0236,"Ball Top Tree"
013,016,-014,0060,000,0236,"Ball Top Tree"
013,036,0011,0054,000,0236,"Ball Top Tree"
013,016,0001,0057,000,0236,"Ball Top Tree"
013,036,0018,0096,000,0236,"Ball Top Tree"
013,036,0020,0065,000,0236,"Ball Top Tree"
013,035,0027,0036,000,0236,"Ball Top Tree"
013,035,0015,0074,000,0236,"Ball Top Tree"
013,035,-004,0062,000,0236,"Ball Top Tree"
013,015,-041,0027,000,0236,"Ball Top Tree"
013,035,-032,0033,000,0236,"Ball Top Tree"
013,036,-045,0025,000,0236,"Ball Top Tree"
013,096,0064,0042,000,0224,"Small Bushy Tree"
013,096,-001,0043,000,0224,"Small Bushy Tree"
013,076,0021,0113,000,0224,"Small Bushy Tree"
013,076,0010,0046,000,0224,"Small Bushy Tree"
013,076,-010,0067,000,0224,"Small Bushy Tree"
013,076,0022,0073,000,0224,"Small Bushy Tree"
013,096,0026,0042,000,0224,"Small Bushy Tree"
013,055,0035,0041,000,0224,"Small Bushy Tree"
013,056,-066,0048,000,0224,"Small Bushy Tree"
013,054,0067,0046,000,0224,"Small Bushy Tree"
013,056,-040,0056,000,0224,"Small Bushy Tree"
013,055,0000,0066,000,0224,"Small Bushy Tree"
013,075,0091,0054,000,0224,"Small Bushy Tree"
013,054,0023,0013,000,0224,"Small Bushy Tree"
013,054,0032,0083,000,0224,"Small Bushy Tree"
013,053,0055,0062,000,0224,"Small Bushy Tree"
013,055,-052,0050,000,0224,"Small Bushy Tree"
013,054,-012,0038,000,0224,"Small Bushy Tree"
013,053,0059,0065,000,0224,"Small Bushy Tree"
013,054,-031,0089,000,0224,"Small Bushy Tree"
013,034,0039,0041,000,0224,"Small Bushy Tree"
013,034,0021,0018,000,0224,"Small Bushy Tree"
013,034,0031,0063,000,0224,"Small Bushy Tree"
013,034,-017,0042,000,0224,"Small Bushy Tree"
013,034,-027,0023,000,0224,"Small Bushy Tree"
013,014,-038,0057,000,0224,"Small Bushy Tree"
013,035,-067,0060,000,0224,"Small Bushy Tree"
013,054,0076,0050,000,0224,"Small Bushy Tree"
013,014,-054,0058,000,0224,"Small Bushy Tree"
013,035,-014,0019,000,0224,"Small Bushy Tree"
013,034,-014,0067,000,0224,"Small Bushy Tree"
013,015,0011,0111,000,0224,"Small Bushy Tree"
013,035,0044,0082,000,0224,"Small Bushy Tree"
013,014,0025,0063,000,0224,"Small Bushy Tree"
013,015,-046,0077,000,0224,"Small Bushy Tree"
013,035,0050,0062,000,0224,"Small Bushy Tree"
013,057,0013,0058,000,0224,"Small Bushy Tree"
013,057,-064,0037,000,0224,"Small Bushy Tree"
013,036,-033,0047,000,0224,"Small Bushy Tree"
013,057,-035,0040,000,0224,"Small Bushy Tree"
013,036,0030,0054,000,0224,"Small Bushy Tree"
013,037,0036,0093,000,0224,"Small Bushy Tree"
013,058,0065,0059,000,0224,"Small Bushy Tree"
013,037,-045,0098,000,0224,"Small Bushy Tree"
013,038,-050,0071,000,0224,"Small Bushy Tree"
013,058,0018,0031,000,0224,"Small Bushy Tree"
013,037,-002,0090,000,0224,"Small Bushy Tree"
013,058,-020,0044,000,0224,"Small Bushy Tree"
013,057,0028,0100,000,0224,"Small Bushy Tree"
013,079,-053,0047,000,0224,"Small Bushy Tree"
013,077,0057,0064,000,0224,"Small Bushy Tree"
013,078,0052,0037,000,0224,"Small Bushy Tree"
013,078,0010,0060,000,0224,"Small Bushy Tree"
013,057,-010,0097,000,0224,"Small Bushy Tree"
013,077,-004,0105,000,0224,"Small Bushy Tree"
013,077,-035,0094,000,0224,"Small Bushy Tree"
013,098,-014,0011,000,0224,"Small Bushy Tree"
013,077,-071,0060,000,0224,"Small Bushy Tree"
013,077,0038,0031,000,0224,"Small Bushy Tree"
013,077,-034,0087,000,0224,"Small Bushy Tree"
013,077,-005,0051,000,0224,"Small Bushy Tree"
013,118,-002,0014,000,0224,"Small Bushy Tree"
013,117,-008,0030,000,0224,"Small Bushy Tree"
013,118,0003,0002,000,0224,"Small Bushy Tree"
013,117,0019,0031,000,0224,"Small Bushy Tree"
013,097,-031,0055,000,0224,"Small Bushy Tree"
013,118,-014,0027,000,0224,"Small Bushy Tree"
013,097,0013,0055,000,0224,"Small Bushy Tree"
014,000,0073,0054,000,0220,"Big Bushy Tree"
014,001,0005,0027,000,0220,"Big Bushy Tree"
014,001,0065,0047,000,0220,"Big Bushy Tree"
014,001,0072,0066,000,0220,"Big Bushy Tree"
014,002,-024,0078,000,0220,"Big Bushy Tree"
014,003,-108,0062,000,0220,"Big Bushy Tree"
014,002,0067,0046,000,0220,"Big Bushy Tree"
014,002,0016,0091,000,0220,"Big Bushy Tree"
014,002,0081,0033,000,0220,"Big Bushy Tree"
014,002,-024,0079,000,0220,"Big Bushy Tree"
014,003,-108,0063,000,0220,"Big Bushy Tree"
014,002,0067,0047,000,0220,"Big Bushy Tree"
014,002,0016,0092,000,0220,"Big Bushy Tree"
014,002,0081,0034,000,0220,"Big Bushy Tree"
014,393,-012,0110,000,0212,"Medium Tree"
014,393,-011,0111,000,0212,"Medium Tree"
014,392,0032,0115,000,0216,"Small Tree"
014,393,0035,0094,000,0216,"Small Tree"
014,393,0001,0017,000,0212,"Medium Tree"
014,032,0083,0054,000,0212,"Medium Tree"
014,004,0004,0064,000,0078,"Stylish Farmhouse SE (w/underlay)"
014,005,-068,0054,000,0275,"Streetlamp NE"
014,003,-007,0141,000,0208,"Big Tree"
014,024,0027,0018,000,0208,"Big Tree"
014,024,0055,0038,000,0208,"Big Tree"
014,024,0097,0061,000,0208,"Big Tree"
014,005,-083,0069,000,0212,"Medium Tree"
014,003,0017,0084,000,0216,"Small Tree"
014,128,-022,0102,000,0240,"Big Pine Tree"
014,129,0060,0064,000,0240,"Big Pine Tree"
014,089,0078,0022,000,0240,"Big Pine Tree"
014,150,0000,0108,000,0240,"Big Pine Tree"
014,189,-008,0106,000,0240,"Big Pine Tree"
014,170,-064,0092,000,0220,"Big Bushy Tree"
014,148,0054,0044,000,0220,"Big Bushy Tree"
014,090,-028,0038,000,0220,"Big Bushy Tree"
014,065,-036,0042,000,0220,"Big Bushy Tree"
014,151,-044,0050,000,0212,"Medium Tree"
014,070,0074,0082,000,0212,"Medium Tree"
014,156,0066,0080,000,0212,"Medium Tree"
014,176,0032,0106,000,0212,"Medium Tree"
014,116,0006,0108,000,0212,"Medium Tree"
014,076,-030,0080,000,0212,"Medium Tree"
014,077,-066,0106,000,0212,"Medium Tree"
014,156,-070,0070,000,0212,"Medium Tree"
014,196,0010,0120,000,0212,"Medium Tree"
014,217,0006,0028,000,0212,"Medium Tree"
014,178,0020,0058,000,0212,"Medium Tree"
014,138,0008,0120,000,0212,"Medium Tree"
014,118,-010,0100,000,0212,"Medium Tree"
014,199,0046,0100,000,0208,"Big Tree"
014,179,0086,0066,000,0208,"Big Tree"
014,139,-008,0128,000,0208,"Big Tree"
014,238,0008,0120,000,0212,"Medium Tree"
014,237,-010,0082,000,0212,"Medium Tree"
014,216,-026,0086,000,0212,"Medium Tree"
014,139,0034,0072,000,0212,"Medium Tree"
014,098,0040,0124,000,0212,"Medium Tree"
014,077,0036,0090,000,0212,"Medium Tree"
014,058,-038,0058,000,0212,"Medium Tree"
014,057,-002,0004,000,0232,"Round Top Tree"
014,015,0000,0090,000,0232,"Round Top Tree"
014,014,-006,0038,000,0212,"Medium Tree"
014,055,0068,0064,000,0212,"Medium Tree"
014,056,-032,0064,000,0212,"Medium Tree"
014,076,0058,0038,000,0212,"Medium Tree"
014,036,-018,0024,000,0212,"Medium Tree"
014,014,-006,0042,000,0212,"Medium Tree"
014,055,0068,0068,000,0212,"Medium Tree"
014,056,-032,0068,000,0212,"Medium Tree"
014,076,0058,0042,000,0212,"Medium Tree"
014,036,-018,0028,000,0212,"Medium Tree"
014,058,-080,0068,000,0208,"Big Tree"
014,057,-030,0066,000,0208,"Big Tree"
014,057,-018,0012,000,0208,"Big Tree"
014,016,-014,0008,000,0208,"Big Tree"
014,037,0016,0070,000,0208,"Big Tree"
014,058,-080,0066,000,0208,"Big Tree"
014,057,-030,0064,000,0208,"Big Tree"
014,057,-018,0010,000,0208,"Big Tree"
014,016,-014,0006,000,0208,"Big Tree"
014,037,0016,0068,000,0208,"Big Tree"
014,074,0001,0061,000,0525,"Billboard A SW"
015,378,0044,0022,000,0208,"Big Tree"
015,378,0074,0054,000,0208,"Big Tree"
015,379,-038,0040,000,0208,"Big Tree"
015,399,0064,0068,000,0212,"Medium Tree"
015,357,-026,0112,000,0212,"Medium Tree"
015,399,-016,0062,000,0212,"Medium Tree"
015,398,0070,0056,000,0212,"Medium Tree"
015,399,-044,0070,000,0216,"Small Tree"
015,377,0024,0056,000,0216,"Small Tree"
015,377,0016,0012,000,0216,"Small Tree"
015,356,0040,0062,000,0216,"Small Tree"
015,336,0002,0028,000,0216,"Small Tree"
015,379,-098,0056,000,0220,"Big Bushy Tree"
015,356,0002,0100,000,0224,"Small Bushy Tree"
015,316,-032,0062,000,0224,"Small Bushy Tree"
015,200,-096,0074,000,0208,"Big Tree"
015,180,-044,0024,000,0208,"Big Tree"
015,200,0014,0114,000,0208,"Big Tree"
015,224,0005,0061,032,0028,"Geodesic Dome R5 (w/underlay)"
015,223,-001,0060,000,0410,"Laser Turret"
015,122,-019,0075,032,0036,"Field Office SE (w/underlay)"
015,121,0043,0033,000,0208,"Big Tree"
015,121,-008,0002,000,0208,"Big Tree"
015,121,-011,0034,000,0212,"Medium Tree"
015,101,-016,0152,000,0212,"Medium Tree"
015,123,-009,0013,000,0212,"Medium Tree"
015,123,-030,0053,000,0212,"Medium Tree"
015,142,-031,0045,000,0212,"Medium Tree"
015,141,0071,0109,000,0212,"Medium Tree"
015,121,0040,0082,000,0216,"Small Tree"
015,122,-089,0062,000,0216,"Small Tree"
015,145,0006,0164,000,0212,"Medium Tree"
015,146,-039,0047,000,0212,"Medium Tree"
015,146,0034,0047,000,0212,"Medium Tree"
015,146,0034,0094,000,0212,"Medium Tree"
015,166,0037,0097,000,0212,"Medium Tree"
015,147,-031,0039,000,0212,"Medium Tree"
015,146,-036,0072,000,0208,"Big Tree"
015,166,0014,0038,000,0208,"Big Tree"
015,166,0079,0070,000,0208,"Big Tree"
015,167,-044,0057,000,0208,"Big Tree"
015,187,0030,0033,000,0208,"Big Tree"
015,167,0044,0024,000,0208,"Big Tree"
015,126,-009,0140,000,0208,"Big Tree"
015,145,0025,0124,000,0212,"Medium Tree"
015,146,-055,0090,000,0216,"Small Tree"
015,166,0018,0098,000,0216,"Small Tree"
015,167,0009,0051,000,0216,"Small Tree"
015,146,0022,0104,000,0216,"Small Tree"
015,147,-004,0004,000,0216,"Small Tree"
015,168,-084,0090,000,0216,"Small Tree"
015,167,-027,0109,000,0216,"Small Tree"
015,376,-011,0054,000,0216,"Small Tree"
015,375,-095,0057,000,0216,"Small Tree"
015,206,0005,0053,000,0084,"Geodesic Dome R6 (w/underlay)"
015,142,-078,0067,000,0563,"Quonset Hut (Mntn) R1"
015,184,-035,0032,000,0254,"Small Barrels B /"
015,203,-033,0020,000,0269,"Barricade A \"
015,203,0030,0055,000,0269,"Barricade A \"
015,204,-014,0024,000,0269,"Barricade A \"
015,163,-027,0062,000,0269,"Barricade A \"
015,163,0033,0102,000,0269,"Barricade A \"
015,182,-020,0106,000,0270,"Barricade B /"
015,182,0040,0069,000,0270,"Barricade B /"
015,184,-070,0085,000,0270,"Barricade B /"
015,184,-021,0056,000,0270,"Barricade B /"
015,184,0034,0021,000,0270,"Barricade B /"
015,203,0101,0064,000,0253,"Small Barrels A \"
015,163,0013,0114,000,0253,"Small Barrels A \"
015,143,0058,0035,000,0576,"Tent (Mntn) R2"
015,143,0096,0056,000,0576,"Tent (Mntn) R2"
015,143,-015,0067,000,0576,"Tent (Mntn) R2"
015,143,0021,0088,000,0576,"Tent (Mntn) R2"
015,143,-057,0040,000,0576,"Tent (Mntn) R2"
015,223,-075,0075,000,0271,"Barricade B \"
015,223,-018,0108,000,0271,"Barricade B \"
015,223,-051,0037,000,0270,"Barricade B /"
015,223,0040,0091,000,0270,"Barricade B /"
015,205,-064,0075,000,0270,"Barricade B /"
015,205,-044,0087,000,0270,"Barricade B /"
015,205,-029,0098,000,0270,"Barricade B /"
015,205,-010,0108,000,0270,"Barricade B /"
015,162,-027,0048,000,0488,"Support Building"
015,182,0022,0111,000,0252,"Small Barrels A /"
015,182,0046,0079,000,0252,"Small Barrels A /"
015,203,0009,0019,000,0253,"Small Barrels A \"
015,203,0062,0060,000,0253,"Small Barrels A \"
015,184,-055,0058,000,0252,"Small Barrels A /"
015,163,-011,0079,000,0253,"Small Barrels A \"
015,223,0016,0016,000,0269,"Barricade A \"
015,223,0070,0045,000,0269,"Barricade A \"
015,202,-032,0047,000,0267,"Guardhouse NE"
015,182,0101,0059,000,0252,"Small Barrels A /"
015,163,-064,0069,000,0253,"Small Barrels A \"
015,162,0040,0103,000,0269,"Barricade A \"
015,183,0003,0050,000,0640,"Natural Gas Tower"
016,380,0016,0060,000,0208,"Big Tree"
016,380,-006,0064,000,0208,"Big Tree"
016,380,-030,0066,000,0212,"Medium Tree"
016,397,-019,0065,032,0126,"Transformer Station NE (w/underlay)"
016,394,0002,0040,000,0212,"Medium Tree"
016,370,-020,0136,000,0212,"Medium Tree"
016,350,0056,0060,000,0212,"Medium Tree"
016,329,0012,0058,000,0212,"Medium Tree"
016,393,-036,0048,000,0216,"Small Tree"
016,373,-030,0076,000,0216,"Small Tree"
016,373,0012,0032,000,0216,"Small Tree"
016,371,-062,0098,000,0216,"Small Tree"
016,350,0016,0128,000,0216,"Small Tree"
016,349,-006,0108,000,0216,"Small Tree"
016,388,0006,0030,000,0216,"Small Tree"
016,334,0002,0028,000,0216,"Small Tree"
016,004,0021,0017,000,0627,"Loading Facility NW"
016,124,0028,0043,000,0624,"Loading Facility SW"
016,163,-004,0028,000,0267,"Guardhouse NE"
016,163,0040,0052,000,0271,"Barricade B \"
016,337,-001,0078,000,0643,"Windmill"
016,358,0002,0078,000,0643,"Windmill"
016,144,-001,0060,000,0410,"Laser Turret"
016,144,-030,0018,000,0270,"Barricade B /"
016,144,0012,0021,000,0271,"Barricade B \"
016,144,0060,0048,000,0271,"Barricade B \"
016,144,0030,0101,000,0268,"Barricade A /"
016,144,0068,0080,000,0268,"Barricade A /"
016,144,-076,0076,000,0269,"Barricade A \"
016,144,-028,0103,000,0269,"Barricade A \"
016,144,-066,0046,000,0270,"Barricade B /"
016,253,-001,0056,000,0532,"Billboard C SW"
017,360,0002,0070,000,0643,"Windmill"
017,340,0000,0077,000,0643,"Windmill"
017,361,0001,0074,000,0643,"Windmill"
017,380,0001,0072,000,0643,"Windmill"
020,222,0009,0058,000,0297,"Modern Farmhouse SE"
020,200,0040,0092,000,0224,"Small Bushy Tree"
020,220,0019,0067,000,0224,"Small Bushy Tree"
020,201,-077,0056,000,0224,"Small Bushy Tree"
020,201,-081,0052,000,0224,"Small Bushy Tree"
020,221,-010,0034,000,0224,"Small Bushy Tree"
020,221,0038,0031,000,0224,"Small Bushy Tree"
020,220,0019,0113,000,0224,"Small Bushy Tree"
020,221,0039,0079,000,0224,"Small Bushy Tree"
020,242,0040,0024,000,0224,"Small Bushy Tree"
020,241,0049,0091,000,0224,"Small Bushy Tree"
020,242,0017,0020,000,0224,"Small Bushy Tree"
020,222,-063,0065,000,0224,"Small Bushy Tree"
020,221,-005,0041,000,0224,"Small Bushy Tree"
020,241,0012,0032,000,0228,"Pine Tree"
020,222,-087,0056,000,0228,"Pine Tree"
020,241,0017,0057,000,0228,"Pine Tree"
020,221,0018,0050,000,0228,"Pine Tree"
020,221,-043,0099,000,0228,"Pine Tree"
020,221,-047,0032,000,0228,"Pine Tree"
020,241,0022,0056,000,0228,"Pine Tree"
020,262,-046,0042,000,0228,"Pine Tree"
020,241,0016,0123,000,0228,"Pine Tree"
020,241,0030,0116,000,0228,"Pine Tree"
020,262,-021,0080,000,0228,"Pine Tree"
020,241,0038,0099,000,0228,"Pine Tree"
020,242,-097,0080,000,0228,"Pine Tree"
020,242,-060,0062,000,0228,"Pine Tree"
020,201,0009,0026,000,0228,"Pine Tree"
020,202,-067,0078,000,0228,"Pine Tree"
020,202,0046,0094,000,0228,"Pine Tree"
020,202,-007,0074,000,0228,"Pine Tree"
020,202,0042,0082,000,0228,"Pine Tree"
020,202,-033,0079,000,0228,"Pine Tree"
020,201,0002,0125,000,0228,"Pine Tree"
020,222,0059,0065,000,0228,"Pine Tree"
020,223,0057,0069,000,0228,"Pine Tree"
020,202,0021,0090,000,0228,"Pine Tree"
020,202,0034,0118,000,0228,"Pine Tree"
020,243,-035,0107,000,0228,"Pine Tree"
020,243,0034,0062,000,0228,"Pine Tree"
020,244,-043,0050,000,0228,"Pine Tree"
020,243,-064,0052,000,0228,"Pine Tree"
020,243,0083,0074,000,0228,"Pine Tree"
020,243,-064,0088,000,0228,"Pine Tree"
020,243,0027,0057,000,0228,"Pine Tree"
020,223,0054,0034,000,0232,"Round Top Tree"
020,203,-012,0107,000,0232,"Round Top Tree"
020,203,0040,0027,000,0232,"Round Top Tree"
020,224,-012,0013,000,0232,"Round Top Tree"
020,223,0047,0029,000,0232,"Round Top Tree"
020,203,-015,0108,000,0232,"Round Top Tree"
020,203,-030,0062,000,0232,"Round Top Tree"
020,202,-037,0074,000,0232,"Round Top Tree"
020,202,-051,0042,000,0232,"Round Top Tree"
020,181,0014,0067,000,0232,"Round Top Tree"
020,202,-082,0076,000,0232,"Round Top Tree"
020,180,0001,0112,000,0232,"Round Top Tree"
020,221,0070,0064,000,0232,"Round Top Tree"
020,201,-048,0029,000,0232,"Round Top Tree"
020,181,-056,0089,000,0232,"Round Top Tree"
020,202,-029,0065,000,0232,"Round Top Tree"
020,201,0060,0025,000,0232,"Round Top Tree"
020,264,0013,0016,000,0232,"Round Top Tree"
020,243,0019,0104,000,0232,"Round Top Tree"
020,264,0051,0044,000,0232,"Round Top Tree"
020,243,-044,0065,000,0232,"Round Top Tree"
020,243,0084,0072,000,0232,"Round Top Tree"
020,223,-012,0104,000,0232,"Round Top Tree"
020,264,-034,0042,000,0232,"Round Top Tree"
020,242,-003,0038,000,0232,"Round Top Tree"
020,241,0054,0097,000,0232,"Round Top Tree"
020,242,-054,0093,000,0232,"Round Top Tree"
020,242,0008,0011,000,0232,"Round Top Tree"
020,262,0047,0072,000,0232,"Round Top Tree"
020,242,-069,0078,000,0232,"Round Top Tree"
020,242,0005,0102,000,0232,"Round Top Tree"
020,240,0075,0050,000,0232,"Round Top Tree"
020,240,0008,0088,000,0232,"Round Top Tree"
020,261,0021,0072,000,0232,"Round Top Tree"
020,261,0043,0062,000,0232,"Round Top Tree"
020,240,0031,0040,000,0232,"Round Top Tree"
020,241,-066,0078,000,0232,"Round Top Tree"
020,241,-029,0095,000,0232,"Round Top Tree"
020,240,0076,0050,000,0232,"Round Top Tree"
020,240,0009,0088,000,0232,"Round Top Tree"
020,261,0022,0072,000,0232,"Round Top Tree"
020,261,0044,0062,000,0232,"Round Top Tree"
020,240,0032,0040,000,0232,"Round Top Tree"
020,241,-065,0078,000,0232,"Round Top Tree"
020,241,-028,0095,000,0232,"Round Top Tree"
020,235,0085,0049,000,0212,"Medium Tree"
020,236,-008,0082,000,0212,"Medium Tree"
020,215,-017,0090,000,0212,"Medium Tree"
020,236,-007,0082,000,0212,"Medium Tree"
020,215,-016,0090,000,0212,"Medium Tree"
020,235,0016,0105,000,0212,"Medium Tree"
020,237,-055,0056,000,0212,"Medium Tree"
020,236,0020,0015,000,0212,"Medium Tree"
020,236,0028,0058,000,0212,"Medium Tree"
020,235,0054,0073,000,0212,"Medium Tree"
020,237,-082,0080,000,0212,"Medium Tree"
020,235,0069,0073,000,0212,"Medium Tree"
020,215,-036,0076,000,0212,"Medium Tree"
020,318,0012,0050,000,0212,"Medium Tree"
020,317,0101,0040,000,0212,"Medium Tree"
020,317,0021,0058,000,0212,"Medium Tree"
020,318,-051,0046,000,0212,"Medium Tree"
020,318,-058,0072,000,0212,"Medium Tree"
020,317,0052,0041,000,0212,"Medium Tree"
020,318,-008,0061,000,0212,"Medium Tree"
020,297,0063,0096,000,0212,"Medium Tree"
020,298,-028,0052,000,0212,"Medium Tree"
020,296,0067,0074,000,0212,"Medium Tree"
020,277,-008,0047,000,0212,"Medium Tree"
020,297,0050,0078,000,0212,"Medium Tree"
020,278,-058,0081,000,0212,"Medium Tree"
020,298,-023,0036,000,0212,"Medium Tree"
020,318,0044,0028,000,0212,"Medium Tree"
020,318,0078,0078,000,0212,"Medium Tree"
020,318,0053,0062,000,0212,"Medium Tree"
020,299,-094,0063,000,0212,"Medium Tree"
020,278,-057,0082,000,0212,"Medium Tree"
020,318,0045,0029,000,0212,"Medium Tree"
020,318,0079,0079,000,0212,"Medium Tree"
020,318,0054,0063,000,0212,"Medium Tree"
020,299,-093,0064,000,0212,"Medium Tree"
020,319,-015,0041,000,0212,"Medium Tree"
020,319,0011,0126,000,0212,"Medium Tree"
020,299,-046,0092,000,0212,"Medium Tree"
020,299,-009,0068,000,0212,"Medium Tree"
020,319,0036,0037,000,0212,"Medium Tree"
020,319,-015,0042,000,0212,"Medium Tree"
020,319,0011,0127,000,0212,"Medium Tree"
020,299,-046,0093,000,0212,"Medium Tree"
020,299,-009,0069,000,0212,"Medium Tree"
020,319,0036,0038,000,0212,"Medium Tree"
020,338,0045,0069,000,0208,"Big Tree"
020,318,-052,0069,000,0208,"Big Tree"
020,319,-033,0060,000,0208,"Big Tree"
020,338,0037,0033,000,0208,"Big Tree"
020,298,0031,0052,000,0208,"Big Tree"
020,236,0074,0031,000,0208,"Big Tree"
020,237,-028,0072,000,0208,"Big Tree"
020,215,0032,0040,000,0208,"Big Tree"
020,237,0024,0040,000,0208,"Big Tree"
020,235,0071,0081,000,0208,"Big Tree"
020,235,0072,0081,000,0208,"Big Tree"
020,319,0088,0073,000,0208,"Big Tree"
020,113,0029,0077,000,0208,"Big Tree"
020,052,0037,0039,000,0208,"Big Tree"
020,032,0005,0066,000,0208,"Big Tree"
020,053,-003,0010,000,0208,"Big Tree"
020,052,0037,0040,000,0208,"Big Tree"
020,031,0017,0111,000,0208,"Big Tree"
020,032,0005,0067,000,0208,"Big Tree"
020,053,-003,0011,000,0208,"Big Tree"
020,012,0031,0053,000,0208,"Big Tree"
020,012,0086,0090,000,0208,"Big Tree"
020,073,-005,0025,000,0212,"Medium Tree"
020,053,-027,0031,000,0212,"Medium Tree"
020,053,-028,0105,000,0212,"Medium Tree"
020,052,0032,0098,000,0212,"Medium Tree"
020,053,-032,0068,000,0212,"Medium Tree"
020,053,-078,0074,000,0212,"Medium Tree"
020,032,0043,0057,000,0212,"Medium Tree"
020,012,-021,0132,000,0212,"Medium Tree"
020,012,0008,0058,000,0212,"Medium Tree"
020,032,0082,0075,000,0212,"Medium Tree"
020,013,-104,0061,000,0212,"Medium Tree"
020,012,-075,0092,000,0212,"Medium Tree"
020,011,-035,0063,000,0212,"Medium Tree"
020,031,0075,0086,000,0212,"Medium Tree"
020,031,0036,0078,000,0212,"Medium Tree"
020,031,0055,0105,000,0212,"Medium Tree"
020,011,0060,0081,000,0212,"Medium Tree"
020,011,0058,0058,000,0212,"Medium Tree"
020,013,0008,0036,000,0212,"Medium Tree"
020,013,-031,0106,000,0212,"Medium Tree"
020,014,-011,0008,000,0212,"Medium Tree"
020,013,0009,0037,000,0212,"Medium Tree"
020,013,-030,0107,000,0212,"Medium Tree"
020,014,-010,0009,000,0212,"Medium Tree"
020,013,0018,0073,000,0212,"Medium Tree"
020,073,-030,0038,000,0216,"Small Tree"
020,052,-054,0052,000,0216,"Small Tree"
020,073,-013,0030,000,0216,"Small Tree"
020,052,-093,0062,000,0216,"Small Tree"
020,073,-046,0038,000,0216,"Small Tree"
020,052,-072,0056,000,0216,"Small Tree"
020,032,-061,0091,000,0216,"Small Tree"
020,014,0000,0008,000,0216,"Small Tree"
020,014,0001,0008,000,0216,"Small Tree"
020,013,0031,0068,000,0216,"Small Tree"
020,013,0028,0026,000,0216,"Small Tree"
020,094,-035,0024,000,0216,"Small Tree"
020,073,-038,0070,000,0216,"Small Tree"
020,093,0013,0040,000,0216,"Small Tree"
020,093,0006,0134,000,0216,"Small Tree"
020,094,-027,0051,000,0216,"Small Tree"
020,073,0020,0087,000,0216,"Small Tree"
020,093,0031,0100,000,0216,"Small Tree"
020,093,-049,0057,000,0216,"Small Tree"
020,092,0033,0085,000,0216,"Small Tree"
020,092,0061,0047,000,0216,"Small Tree"
020,072,-013,0094,000,0216,"Small Tree"
020,092,-033,0050,000,0216,"Small Tree"
020,072,-006,0064,000,0216,"Small Tree"
020,071,0063,0083,000,0216,"Small Tree"
020,092,0107,0042,000,0216,"Small Tree"
020,072,-025,0092,000,0216,"Small Tree"
020,092,0040,0040,000,0216,"Small Tree"
020,071,0089,0059,000,0216,"Small Tree"
020,053,0065,0068,000,0208,"Big Tree"
020,054,-011,0036,000,0208,"Big Tree"
020,034,-026,0031,000,0208,"Big Tree"
020,053,0038,0103,000,0212,"Medium Tree"
020,033,0034,0097,000,0212,"Medium Tree"
020,033,0059,0062,000,0212,"Medium Tree"
020,013,-043,0054,000,0212,"Medium Tree"
020,013,0012,0098,000,0212,"Medium Tree"
020,076,-022,0032,000,0212,"Medium Tree"
020,076,-052,0026,000,0212,"Medium Tree"
020,076,0000,0094,000,0212,"Medium Tree"
020,055,-010,0061,000,0212,"Medium Tree"
020,056,-069,0100,000,0212,"Medium Tree"
020,076,-021,0032,000,0212,"Medium Tree"
020,076,-051,0026,000,0212,"Medium Tree"
020,076,0001,0094,000,0212,"Medium Tree"
020,055,-009,0061,000,0212,"Medium Tree"
020,056,-068,0100,000,0212,"Medium Tree"
020,095,0030,0049,000,0212,"Medium Tree"
020,075,-023,0064,000,0212,"Medium Tree"
020,055,0061,0042,000,0212,"Medium Tree"
020,077,-014,0033,000,0212,"Medium Tree"
020,015,-014,0062,000,0212,"Medium Tree"
020,033,-003,0039,000,0026,"Farmhouse SSE (w/underlay)"
020,279,0007,0065,000,0637,"House (w/animating pool) SE"
021,300,0020,0087,000,0212,"Medium Tree"
021,300,0020,0088,000,0212,"Medium Tree"
021,300,0067,0060,000,0212,"Medium Tree"
021,280,-044,0083,000,0212,"Medium Tree"
021,280,0013,0098,000,0212,"Medium Tree"
021,280,0011,0040,000,0212,"Medium Tree"
021,281,-014,0080,000,0212,"Medium Tree"
021,280,0082,0071,000,0212,"Medium Tree"
021,281,-014,0062,000,0212,"Medium Tree"
021,300,0068,0060,000,0212,"Medium Tree"
021,280,-043,0083,000,0212,"Medium Tree"
021,280,0014,0098,000,0212,"Medium Tree"
021,280,0012,0040,000,0212,"Medium Tree"
021,281,-013,0080,000,0212,"Medium Tree"
021,280,0083,0071,000,0212,"Medium Tree"
021,281,-013,0062,000,0212,"Medium Tree"
021,300,-053,0083,000,0208,"Big Tree"
021,280,-056,0036,000,0208,"Big Tree"
021,300,-058,0071,000,0208,"Big Tree"
021,300,-010,0034,000,0208,"Big Tree"
021,300,-008,0076,000,0208,"Big Tree"
021,300,0070,0076,000,0208,"Big Tree"
021,374,0073,0066,000,0240,"Big Pine Tree"
021,354,-036,0052,000,0240,"Big Pine Tree"
021,374,0018,0036,000,0240,"Big Pine Tree"
021,374,-051,0054,000,0240,"Big Pine Tree"
021,354,-098,0085,000,0240,"Big Pine Tree"
021,353,-067,0060,000,0240,"Big Pine Tree"
021,373,0032,0073,000,0240,"Big Pine Tree"
021,354,-003,0035,000,0240,"Big Pine Tree"
021,354,0055,0078,000,0240,"Big Pine Tree"
021,354,-022,0050,000,0240,"Big Pine Tree"
021,335,-049,0060,000,0240,"Big Pine Tree"
021,335,-004,0111,000,0240,"Big Pine Tree"
021,335,-048,0060,000,0240,"Big Pine Tree"
021,335,-003,0111,000,0240,"Big Pine Tree"
021,354,0049,0094,000,0240,"Big Pine Tree"
021,355,-045,0074,000,0240,"Big Pine Tree"
021,376,0008,0022,000,0240,"Big Pine Tree"
021,355,-021,0054,000,0240,"Big Pine Tree"
021,376,0003,0041,000,0240,"Big Pine Tree"
021,354,0050,0094,000,0240,"Big Pine Tree"
021,355,-044,0074,000,0240,"Big Pine Tree"
021,376,0009,0022,000,0240,"Big Pine Tree"
021,355,-020,0054,000,0240,"Big Pine Tree"
021,376,0004,0041,000,0240,"Big Pine Tree"
021,356,-096,0080,000,0240,"Big Pine Tree"
021,356,0038,0092,000,0240,"Big Pine Tree"
021,355,0007,0117,000,0240,"Big Pine Tree"
021,356,0020,0077,000,0240,"Big Pine Tree"
021,355,0069,0042,000,0240,"Big Pine Tree"
021,355,0021,0089,000,0240,"Big Pine Tree"
021,353,0004,0092,000,0240,"Big Pine Tree"
021,353,0050,0034,000,0240,"Big Pine Tree"
021,373,0041,0120,000,0228,"Pine Tree"
021,373,0064,0086,000,0228,"Pine Tree"
021,374,-012,0103,000,0228,"Pine Tree"
021,374,-040,0023,000,0228,"Pine Tree"
021,374,0021,0028,000,0228,"Pine Tree"
021,373,0085,0075,000,0228,"Pine Tree"
021,374,0039,0032,000,0228,"Pine Tree"
021,355,-057,0054,000,0228,"Pine Tree"
021,353,0008,0092,000,0228,"Pine Tree"
021,334,-082,0059,000,0228,"Pine Tree"
021,374,0030,0056,000,0228,"Pine Tree"
021,354,0055,0044,000,0228,"Pine Tree"
021,354,-099,0078,000,0228,"Pine Tree"
021,354,-040,0035,000,0228,"Pine Tree"
021,353,0078,0040,000,0228,"Pine Tree"
021,333,-021,0089,000,0228,"Pine Tree"
021,353,0045,0019,000,0228,"Pine Tree"
021,353,0000,0063,000,0228,"Pine Tree"
021,352,0056,0096,000,0228,"Pine Tree"
021,333,-070,0062,000,0228,"Pine Tree"
021,353,-054,0047,000,0228,"Pine Tree"
021,356,-078,0069,000,0228,"Pine Tree"
021,356,-080,0077,000,0228,"Pine Tree"
021,356,-023,0094,000,0228,"Pine Tree"
021,355,0040,0027,000,0228,"Pine Tree"
021,355,0033,0090,000,0228,"Pine Tree"
021,355,0003,0117,000,0228,"Pine Tree"
021,335,-004,0098,000,0228,"Pine Tree"
021,335,-040,0047,000,0228,"Pine Tree"
021,335,0032,0056,000,0228,"Pine Tree"
021,335,0005,0071,000,0228,"Pine Tree"
021,333,0036,0079,000,0228,"Pine Tree"
021,376,-005,0112,000,0228,"Pine Tree"
021,376,-034,0040,000,0228,"Pine Tree"
021,397,-010,0035,000,0228,"Pine Tree"
021,376,0007,0090,000,0228,"Pine Tree"
021,376,0020,0069,000,0228,"Pine Tree"
021,376,0032,0101,000,0228,"Pine Tree"
021,377,-018,0079,000,0228,"Pine Tree"
021,373,0031,0111,000,0228,"Pine Tree"
021,374,-035,0023,000,0228,"Pine Tree"
021,373,0008,0116,000,0228,"Pine Tree"
021,373,0085,0099,000,0228,"Pine Tree"
021,267,-092,0065,000,0224,"Small Bushy Tree"
021,246,-007,0118,000,0224,"Small Bushy Tree"
021,266,-013,0058,000,0224,"Small Bushy Tree"
021,287,-005,0015,000,0224,"Small Bushy Tree"
021,266,0042,0074,000,0224,"Small Bushy Tree"
021,266,0007,0040,000,0224,"Small Bushy Tree"
021,266,-018,0088,000,0224,"Small Bushy Tree"
021,226,-083,0076,000,0224,"Small Bushy Tree"
021,226,-005,0143,000,0224,"Small Bushy Tree"
021,246,0025,0023,000,0224,"Small Bushy Tree"
021,226,-032,0052,000,0224,"Small Bushy Tree"
021,228,-037,0054,000,0224,"Small Bushy Tree"
021,207,0019,0119,000,0224,"Small Bushy Tree"
021,228,-022,0118,000,0224,"Small Bushy Tree"
021,207,-003,0127,000,0224,"Small Bushy Tree"
021,289,0027,0020,000,0224,"Small Bushy Tree"
021,266,0079,0087,000,0232,"Round Top Tree"
021,267,-059,0061,000,0232,"Round Top Tree"
021,267,-056,0075,000,0232,"Round Top Tree"
021,267,-046,0048,000,0232,"Round Top Tree"
021,287,-005,0014,000,0232,"Round Top Tree"
021,266,0022,0116,000,0232,"Round Top Tree"
021,269,0020,0016,000,0232,"Round Top Tree"
021,249,-014,0026,000,0232,"Round Top Tree"
021,249,0021,0040,000,0232,"Round Top Tree"
021,228,-025,0067,000,0232,"Round Top Tree"
021,249,0014,0014,000,0232,"Round Top Tree"
021,228,-044,0101,000,0232,"Round Top Tree"
021,249,-013,0026,000,0232,"Round Top Tree"
021,249,0022,0040,000,0232,"Round Top Tree"
021,228,-024,0067,000,0232,"Round Top Tree"
021,249,0015,0014,000,0232,"Round Top Tree"
021,228,-043,0101,000,0232,"Round Top Tree"
021,206,-031,0120,000,0232,"Round Top Tree"
021,227,-023,0029,000,0232,"Round Top Tree"
021,246,0089,0078,000,0232,"Round Top Tree"
021,226,0015,0105,000,0232,"Round Top Tree"
021,226,0039,0109,000,0232,"Round Top Tree"
021,227,-053,0070,000,0232,"Round Top Tree"
021,226,0091,0072,000,0232,"Round Top Tree"
021,225,0001,0088,000,0232,"Round Top Tree"
021,225,-050,0076,000,0232,"Round Top Tree"
021,225,0004,0117,000,0232,"Round Top Tree"
021,225,0006,0084,000,0232,"Round Top Tree"
021,225,0021,0067,000,0232,"Round Top Tree"
021,225,-012,0066,000,0232,"Round Top Tree"
021,266,0003,0148,000,0220,"Big Bushy Tree"
021,266,-020,0120,000,0220,"Big Bushy Tree"
021,287,-055,0052,000,0220,"Big Bushy Tree"
021,286,0073,0110,000,0220,"Big Bushy Tree"
021,225,-010,0101,000,0220,"Big Bushy Tree"
021,226,-029,0135,000,0220,"Big Bushy Tree"
021,246,0014,0017,000,0220,"Big Bushy Tree"
021,226,-064,0070,000,0220,"Big Bushy Tree"
021,226,-031,0136,000,0220,"Big Bushy Tree"
021,226,0007,0105,000,0220,"Big Bushy Tree"
021,289,0017,0029,000,0220,"Big Bushy Tree"
021,227,0080,0070,000,0220,"Big Bushy Tree"
021,228,0020,0022,000,0220,"Big Bushy Tree"
021,208,-050,0065,000,0220,"Big Bushy Tree"
021,228,0051,0044,000,0220,"Big Bushy Tree"
021,228,-019,0088,000,0220,"Big Bushy Tree"
021,228,0052,0046,000,0220,"Big Bushy Tree"
021,375,0004,0060,000,0545,"Kurita-style Home B SW"
021,270,0017,0055,000,0220,"Big Bushy Tree"
021,269,0074,0030,000,0220,"Big Bushy Tree"
021,269,0072,0035,000,0220,"Big Bushy Tree"
021,270,-022,0119,000,0220,"Big Bushy Tree"
021,270,0035,0123,000,0220,"Big Bushy Tree"
021,270,-025,0030,000,0220,"Big Bushy Tree"
021,269,0001,0058,000,0220,"Big Bushy Tree"
021,229,0014,0056,000,0220,"Big Bushy Tree"
021,229,0006,0019,000,0220,"Big Bushy Tree"
021,228,-006,0095,000,0220,"Big Bushy Tree"
021,229,0022,0020,000,0220,"Big Bushy Tree"
021,229,-011,0122,000,0220,"Big Bushy Tree"
021,229,-002,0045,000,0220,"Big Bushy Tree"
021,228,0069,0088,000,0220,"Big Bushy Tree"
021,248,0046,0070,000,0220,"Big Bushy Tree"
021,267,0053,0078,000,0220,"Big Bushy Tree"
021,287,0088,0054,000,0224,"Small Bushy Tree"
021,267,0006,0064,000,0224,"Small Bushy Tree"
021,268,0065,0090,000,0224,"Small Bushy Tree"
021,227,-006,0145,000,0224,"Small Bushy Tree"
021,019,0004,0026,000,0208,"Big Tree"
021,019,-014,0094,000,0216,"Small Tree"
021,098,-019,0060,000,0089,"Field Storage NW"
021,078,0004,0122,000,0278,"Streetlamp NW"
021,037,0022,0076,000,0269,"Barricade A \"
021,116,0032,0044,000,0268,"Barricade A /"
021,057,-001,0060,000,0410,"Laser Turret"
021,075,-066,0076,000,0270,"Barricade B /"
021,075,-007,0043,000,0270,"Barricade B /"
021,055,-058,0069,000,0270,"Barricade B /"
021,016,0008,0095,000,0208,"Big Tree"
021,017,-035,0088,000,0212,"Medium Tree"
021,016,0034,0023,000,0212,"Medium Tree"
021,016,-033,0057,000,0212,"Medium Tree"
021,036,0090,0054,000,0212,"Medium Tree"
021,035,0036,0101,000,0216,"Small Tree"
021,016,0075,0048,000,0216,"Small Tree"
021,139,0013,0073,000,0208,"Big Tree"
021,119,-046,0077,000,0208,"Big Tree"
021,139,0009,0014,000,0216,"Small Tree"
021,139,0072,0070,000,0216,"Small Tree"
021,139,0002,0099,000,0224,"Small Bushy Tree"
021,076,0051,0035,000,0269,"Barricade A \"
021,076,-042,0088,000,0269,"Barricade A \"
021,057,0044,0096,000,0270,"Barricade B /"
021,077,0024,0014,000,0271,"Barricade B \"
021,057,-014,0116,000,0271,"Barricade B \"
021,038,-048,0040,000,0271,"Barricade B \"
021,038,-002,0066,000,0271,"Barricade B \"
021,079,0040,0045,000,0264,"Guardhouse SE"
022,108,0005,0053,000,0084,"Geodesic Dome R6 (w/underlay)"
022,130,0012,0059,000,0146,"Small Office Building SE"
022,133,0016,0047,000,0148,"Small Business NW"
022,131,-003,0051,000,0150,"Small Business NE"
022,089,-002,0065,000,0151,"Small Business SW"
022,153,0017,0053,000,0152,"Modern Office Building NW"
022,129,-003,0051,000,0396,"Two-Flat Home NE (centered)"
022,193,-019,0060,000,0019,"Long Barn NE (w/underlay)"
022,155,0007,0060,000,0021,"Large Barn SW (w/underlay)"
022,156,0007,0060,000,0021,"Large Barn SW (w/underlay)"
022,091,0015,0055,000,0022,"Barn SE (w/underlay)"
022,157,0023,0069,000,0077,"Modern Farmhouse SW (w/underlay)"
022,090,0006,0056,000,0025,"Stylish Farmhouse SSW (w/underlay)"
022,195,-009,0080,000,0135,"Processing Plant NE (w/underlay)"
022,154,0006,0085,000,0304,"(null)"
022,168,0028,0082,000,0208,"Big Tree"
022,168,-008,0100,000,0208,"Big Tree"
022,168,0061,0077,000,0208,"Big Tree"
022,189,0023,0087,000,0208,"Big Tree"
022,189,0081,0099,000,0208,"Big Tree"
022,147,0064,0077,000,0208,"Big Tree"
022,148,0019,0097,000,0208,"Big Tree"
022,168,0006,0027,000,0208,"Big Tree"
022,127,0015,0119,000,0208,"Big Tree"
022,148,-026,0106,000,0208,"Big Tree"
022,147,-047,0099,000,0208,"Big Tree"
022,167,0027,0041,000,0208,"Big Tree"
022,187,-002,0101,000,0208,"Big Tree"
022,187,0036,0028,000,0208,"Big Tree"
022,187,0008,0072,000,0208,"Big Tree"
022,207,0032,0073,000,0208,"Big Tree"
022,187,-002,0102,000,0208,"Big Tree"
022,187,0036,0029,000,0208,"Big Tree"
022,187,0008,0073,000,0208,"Big Tree"
022,207,0032,0074,000,0208,"Big Tree"
022,207,0019,0022,000,0208,"Big Tree"
022,187,-086,0041,000,0208,"Big Tree"
022,189,-010,0134,000,0208,"Big Tree"
022,210,-058,0045,000,0208,"Big Tree"
022,230,0023,0047,000,0208,"Big Tree"
022,231,-021,0018,000,0208,"Big Tree"
022,231,0002,0019,000,0208,"Big Tree"
022,209,0029,0064,000,0208,"Big Tree"
022,210,-078,0031,000,0208,"Big Tree"
022,047,0010,0072,000,0208,"Big Tree"
022,068,-063,0061,000,0208,"Big Tree"
022,047,-041,0068,000,0208,"Big Tree"
022,067,0056,0054,000,0208,"Big Tree"
022,067,0008,0017,000,0208,"Big Tree"
022,047,0009,0095,000,0208,"Big Tree"
022,067,0018,0102,000,0208,"Big Tree"
022,069,-029,0069,000,0208,"Big Tree"
022,069,0062,0053,000,0208,"Big Tree"
022,070,-099,0060,000,0208,"Big Tree"
022,070,0004,0059,000,0208,"Big Tree"
022,069,0011,0111,000,0208,"Big Tree"
022,048,0027,0076,000,0208,"Big Tree"
022,028,-041,0070,000,0208,"Big Tree"
022,048,0013,0016,000,0208,"Big Tree"
022,136,0018,0097,000,0208,"Big Tree"
022,137,-062,0061,000,0208,"Big Tree"
022,197,0014,0061,000,0208,"Big Tree"
022,218,-045,0072,000,0208,"Big Tree"
022,218,-023,0046,000,0208,"Big Tree"
022,198,-095,0051,000,0208,"Big Tree"
022,236,-004,0116,000,0208,"Big Tree"
022,236,0007,0094,000,0208,"Big Tree"
022,237,-005,0012,000,0208,"Big Tree"
022,237,0008,0094,000,0208,"Big Tree"
022,236,0058,0046,000,0208,"Big Tree"
022,237,-086,0096,000,0208,"Big Tree"
022,214,0060,0075,000,0208,"Big Tree"
022,214,0009,0077,000,0208,"Big Tree"
022,214,-054,0085,000,0208,"Big Tree"
022,234,0029,0081,000,0208,"Big Tree"
022,215,-067,0058,000,0208,"Big Tree"
022,214,0061,0075,000,0208,"Big Tree"
022,214,0010,0077,000,0208,"Big Tree"
022,214,-053,0085,000,0208,"Big Tree"
022,234,0030,0081,000,0208,"Big Tree"
022,235,-001,0018,000,0208,"Big Tree"
022,215,-066,0058,000,0208,"Big Tree"
022,238,0005,0031,000,0212,"Medium Tree"
022,218,-046,0056,000,0212,"Medium Tree"
022,238,-048,0082,000,0212,"Medium Tree"
022,237,0064,0091,000,0212,"Medium Tree"
022,218,-060,0114,000,0212,"Medium Tree"
022,218,-083,0083,000,0212,"Medium Tree"
022,237,0057,0043,000,0212,"Medium Tree"
022,217,-022,0112,000,0212,"Medium Tree"
022,216,0018,0039,000,0212,"Medium Tree"
022,217,-038,0082,000,0212,"Medium Tree"
022,216,0064,0070,000,0212,"Medium Tree"
022,256,0007,0011,000,0212,"Medium Tree"
022,235,-046,0065,000,0212,"Medium Tree"
022,235,-049,0071,000,0212,"Medium Tree"
022,255,0055,0070,000,0212,"Medium Tree"
022,255,0030,0087,000,0212,"Medium Tree"
022,235,-060,0069,000,0212,"Medium Tree"
022,233,0042,0079,000,0212,"Medium Tree"
022,254,0003,0057,000,0212,"Medium Tree"
022,254,0072,0069,000,0212,"Medium Tree"
022,233,0084,0059,000,0212,"Medium Tree"
022,255,-016,0030,000,0212,"Medium Tree"
022,234,-033,0080,000,0212,"Medium Tree"
022,233,0042,0080,000,0212,"Medium Tree"
022,254,0003,0058,000,0212,"Medium Tree"
022,254,0072,0070,000,0212,"Medium Tree"
022,233,0084,0060,000,0212,"Medium Tree"
022,255,-016,0031,000,0212,"Medium Tree"
022,234,-033,0081,000,0212,"Medium Tree"
022,209,-090,0055,000,0212,"Medium Tree"
022,249,0081,0033,000,0212,"Medium Tree"
022,228,0031,0043,000,0212,"Medium Tree"
022,230,-059,0053,000,0212,"Medium Tree"
022,228,0043,0057,000,0212,"Medium Tree"
022,229,-005,0049,000,0212,"Medium Tree"
022,229,0023,0080,000,0212,"Medium Tree"
022,190,-027,0061,000,0212,"Medium Tree"
022,210,0006,0032,000,0212,"Medium Tree"
022,210,0055,0065,000,0212,"Medium Tree"
022,210,0024,0047,000,0212,"Medium Tree"
022,210,0055,0051,000,0212,"Medium Tree"
022,210,0067,0070,000,0212,"Medium Tree"
022,190,-097,0060,000,0212,"Medium Tree"
022,189,-037,0043,000,0212,"Medium Tree"
022,208,0079,0059,000,0212,"Medium Tree"
022,187,0066,0083,000,0212,"Medium Tree"
022,168,-028,0092,000,0212,"Medium Tree"
022,189,-046,0100,000,0212,"Medium Tree"
022,189,-020,0048,000,0212,"Medium Tree"
022,188,0071,0028,000,0212,"Medium Tree"
022,167,-032,0047,000,0212,"Medium Tree"
022,168,-039,0045,000,0212,"Medium Tree"
022,149,0040,0103,000,0212,"Medium Tree"
022,169,0061,0054,000,0212,"Medium Tree"
022,170,0008,0053,000,0212,"Medium Tree"
022,149,-063,0075,000,0212,"Medium Tree"
022,170,0029,0060,000,0212,"Medium Tree"
022,170,0058,0047,000,0212,"Medium Tree"
022,149,-031,0094,000,0212,"Medium Tree"
022,149,0040,0104,000,0212,"Medium Tree"
022,169,0061,0055,000,0212,"Medium Tree"
022,170,0008,0054,000,0212,"Medium Tree"
022,149,-063,0076,000,0212,"Medium Tree"
022,170,0029,0061,000,0212,"Medium Tree"
022,170,0058,0048,000,0212,"Medium Tree"
022,149,-031,0095,000,0212,"Medium Tree"
022,088,-045,0030,000,0212,"Medium Tree"
022,087,0037,0094,000,0212,"Medium Tree"
022,067,-065,0073,000,0212,"Medium Tree"
022,087,0000,0112,000,0212,"Medium Tree"
022,087,-024,0024,000,0212,"Medium Tree"
022,088,-041,0058,000,0212,"Medium Tree"
022,087,0014,0029,000,0212,"Medium Tree"
022,087,-039,0096,000,0212,"Medium Tree"
022,066,0003,0108,000,0212,"Medium Tree"
022,087,0033,0044,000,0212,"Medium Tree"
022,087,-010,0079,000,0212,"Medium Tree"
022,087,0036,0090,000,0212,"Medium Tree"
022,048,-009,0011,000,0212,"Medium Tree"
022,068,0018,0070,000,0212,"Medium Tree"
022,068,-057,0071,000,0212,"Medium Tree"
022,047,-036,0082,000,0212,"Medium Tree"
022,068,0028,0108,000,0212,"Medium Tree"
022,069,0067,0088,000,0212,"Medium Tree"
022,069,0054,0033,000,0212,"Medium Tree"
022,048,0057,0037,000,0212,"Medium Tree"
022,048,0029,0071,000,0212,"Medium Tree"
022,069,0023,0016,000,0212,"Medium Tree"
022,068,0065,0062,000,0212,"Medium Tree"
022,134,0002,0065,000,0216,"Small Tree"
022,135,-008,0027,000,0216,"Small Tree"
022,134,0000,0091,000,0216,"Small Tree"
022,134,0023,0105,000,0216,"Small Tree"
022,135,-021,0063,000,0216,"Small Tree"
022,134,0001,0082,000,0216,"Small Tree"
022,053,-040,0073,000,0216,"Small Tree"
022,117,0048,0095,000,0216,"Small Tree"
022,118,-102,0068,000,0216,"Small Tree"
022,118,-036,0097,000,0216,"Small Tree"
022,138,0036,0036,000,0216,"Small Tree"
022,118,-025,0101,000,0216,"Small Tree"
022,118,-066,0071,000,0216,"Small Tree"
022,219,0023,0060,000,0216,"Small Tree"
022,199,-039,0058,000,0216,"Small Tree"
022,219,-042,0066,000,0216,"Small Tree"
022,198,0037,0080,000,0216,"Small Tree"
022,218,0057,0096,000,0216,"Small Tree"
022,219,-003,0007,000,0216,"Small Tree"
022,198,0073,0075,000,0216,"Small Tree"
022,217,0007,0020,000,0216,"Small Tree"
022,217,-030,0078,000,0216,"Small Tree"
022,237,0068,0048,000,0216,"Small Tree"
022,217,0020,0088,000,0216,"Small Tree"
022,217,0000,0127,000,0216,"Small Tree"
022,197,-038,0070,000,0216,"Small Tree"
022,217,0008,0020,000,0216,"Small Tree"
022,217,-029,0078,000,0216,"Small Tree"
022,237,0069,0048,000,0216,"Small Tree"
022,217,0021,0088,000,0216,"Small Tree"
022,217,0001,0127,000,0216,"Small Tree"
022,197,-037,0070,000,0216,"Small Tree"
022,254,0018,0067,000,0216,"Small Tree"
022,275,0001,0041,000,0216,"Small Tree"
022,254,-034,0040,000,0216,"Small Tree"
022,254,0046,0044,000,0216,"Small Tree"
022,254,0051,0076,000,0216,"Small Tree"
022,234,-087,0054,000,0216,"Small Tree"
022,253,0031,0087,000,0216,"Small Tree"
022,233,-014,0047,000,0216,"Small Tree"
022,254,-017,0025,000,0216,"Small Tree"
022,254,-018,0044,000,0216,"Small Tree"
022,234,-042,0030,000,0216,"Small Tree"
022,233,-089,0043,000,0216,"Small Tree"
022,256,0062,0084,000,0216,"Small Tree"
022,256,-028,0072,000,0216,"Small Tree"
022,276,0061,0092,000,0216,"Small Tree"
022,276,0052,0062,000,0216,"Small Tree"
022,256,0009,0083,000,0216,"Small Tree"
022,256,-027,0075,000,0216,"Small Tree"
022,256,0020,0155,000,0216,"Small Tree"
022,236,-013,0030,000,0216,"Small Tree"
022,234,0093,0054,000,0216,"Small Tree"
022,235,0057,0065,000,0216,"Small Tree"
022,235,0046,0061,000,0216,"Small Tree"
022,236,0060,0035,000,0216,"Small Tree"
022,235,0047,0065,000,0216,"Small Tree"
022,215,-010,0025,000,0216,"Small Tree"
022,236,0002,0054,000,0216,"Small Tree"
022,230,0058,0090,000,0216,"Small Tree"
022,251,-024,0038,000,0216,"Small Tree"
022,250,0051,0053,000,0216,"Small Tree"
022,230,0010,0103,000,0216,"Small Tree"
022,231,-071,0086,000,0216,"Small Tree"
022,231,-071,0078,000,0216,"Small Tree"
022,230,-019,0049,000,0216,"Small Tree"
022,209,-036,0034,000,0216,"Small Tree"
022,207,0045,0112,000,0216,"Small Tree"
022,187,0029,0097,000,0216,"Small Tree"
022,228,0048,0045,000,0216,"Small Tree"
022,207,0036,0092,000,0216,"Small Tree"
022,209,-045,0069,000,0216,"Small Tree"
022,207,0037,0126,000,0216,"Small Tree"
022,230,0041,0046,000,0216,"Small Tree"
022,229,0049,0061,000,0216,"Small Tree"
022,229,0083,0067,000,0216,"Small Tree"
022,230,-048,0040,000,0216,"Small Tree"
022,209,0041,0066,000,0216,"Small Tree"
022,209,-052,0048,000,0216,"Small Tree"
022,209,0046,0042,000,0216,"Small Tree"
022,210,-071,0029,000,0216,"Small Tree"
022,169,-067,0038,000,0216,"Small Tree"
022,169,-001,0125,000,0216,"Small Tree"
022,189,0043,0085,000,0216,"Small Tree"
022,148,0015,0116,000,0216,"Small Tree"
022,190,-002,0073,000,0216,"Small Tree"
022,190,0005,0067,000,0216,"Small Tree"
022,190,0008,0092,000,0216,"Small Tree"
022,169,0025,0108,000,0216,"Small Tree"
022,107,0012,0051,000,0216,"Small Tree"
022,107,0017,0084,000,0216,"Small Tree"
022,107,0045,0030,000,0216,"Small Tree"
022,107,-009,0040,000,0216,"Small Tree"
022,066,-019,0039,000,0216,"Small Tree"
022,066,0006,0016,000,0216,"Small Tree"
022,066,-045,0058,000,0216,"Small Tree"
022,066,-026,0015,000,0216,"Small Tree"
022,067,-083,0073,000,0216,"Small Tree"
022,066,-013,0023,000,0216,"Small Tree"
022,087,0057,0074,000,0216,"Small Tree"
022,067,0062,0062,000,0216,"Small Tree"
022,067,0043,0073,000,0216,"Small Tree"
022,087,0031,0109,000,0216,"Small Tree"
022,071,-034,0042,000,0216,"Small Tree"
022,051,-043,0051,000,0216,"Small Tree"
022,051,-068,0072,000,0216,"Small Tree"
022,070,0058,0078,000,0216,"Small Tree"
022,070,0056,0038,000,0216,"Small Tree"
022,070,0058,0065,000,0216,"Small Tree"
022,171,0034,0082,000,0565,"Stripmall A SE"
022,151,0036,0081,000,0567,"Stripmall B SE"
022,191,0004,0059,000,0542,"Kurita-style Home A SE"
022,167,-076,0021,000,0216,"Small Tree"
022,186,0077,0051,000,0216,"Small Tree"
022,165,0048,0054,000,0216,"Small Tree"
022,166,0001,0028,000,0216,"Small Tree"
022,166,0023,0035,000,0216,"Small Tree"
022,166,0015,0056,000,0216,"Small Tree"
022,045,-060,0078,000,0212,"Medium Tree"
022,044,-005,0081,000,0212,"Medium Tree"
022,045,0034,0111,000,0212,"Medium Tree"
022,045,0004,0057,000,0212,"Medium Tree"
022,045,-022,0114,000,0212,"Medium Tree"
022,023,-038,0030,000,0208,"Big Tree"
022,021,0026,0062,000,0208,"Big Tree"
022,002,-046,0032,000,0208,"Big Tree"
022,002,-004,0044,000,0208,"Big Tree"
022,003,-044,0040,000,0208,"Big Tree"
022,002,0008,0066,000,0208,"Big Tree"
022,001,0020,0068,000,0208,"Big Tree"
022,001,0010,0084,000,0212,"Medium Tree"
022,002,0008,0110,000,0212,"Medium Tree"
022,023,0016,0072,000,0212,"Medium Tree"
022,022,-068,0116,000,0212,"Medium Tree"
022,020,0080,0062,000,0212,"Medium Tree"
022,000,-054,0032,000,0212,"Medium Tree"
022,000,0034,0030,000,0212,"Medium Tree"
022,022,-064,0082,000,0216,"Small Tree"
022,001,-092,0066,000,0216,"Small Tree"
022,022,0030,0038,000,0216,"Small Tree"
022,000,-022,0034,000,0220,"Big Bushy Tree"
022,000,0026,0070,000,0224,"Small Bushy Tree"
022,119,-001,0051,032,0027,"Grain storage SW (w/underlay)"
022,055,0031,0140,032,0137,"Valve Station SE (w/underlay)"
022,116,0012,0059,032,0146,"Small Office Building SE"
022,172,0089,0061,000,0278,"Streetlamp NW"
022,093,-101,0058,000,0278,"Streetlamp NW"
022,076,-109,0063,000,0278,"Streetlamp NW"
022,192,-072,0062,000,0276,"Streetlamp SE"
022,109,0008,0020,000,0276,"Streetlamp SE"
022,253,0006,0050,000,0525,"Billboard A SW"
022,014,-040,0044,000,0212,"Medium Tree"
022,015,-002,0062,000,0212,"Medium Tree"
022,011,0030,0024,000,0212,"Medium Tree"
022,033,0022,0046,000,0216,"Small Tree"
022,014,-006,0104,000,0216,"Small Tree"
022,082,-005,0029,000,0564,"Quonset Hut (Mntn) R2"
022,082,0040,0052,000,0564,"Quonset Hut (Mntn) R2"
022,062,0041,0081,000,0208,"Big Tree"
022,042,-096,0110,000,0208,"Big Tree"
022,042,0000,0165,000,0208,"Big Tree"
022,083,0082,0048,000,0208,"Big Tree"
022,062,-035,0032,000,0212,"Medium Tree"
022,061,0027,0036,000,0212,"Medium Tree"
022,062,0019,0080,000,0216,"Small Tree"
022,063,-021,0032,000,0216,"Small Tree"
022,062,0086,0054,000,0216,"Small Tree"
022,142,-054,0051,000,0252,"Small Barrels A /"
022,141,0026,0098,000,0252,"Small Barrels A /"
022,120,-048,0081,000,0212,"Medium Tree"
022,140,0005,0006,000,0220,"Big Bushy Tree"
022,140,-038,0008,000,0220,"Big Bushy Tree"
022,140,-014,0024,000,0220,"Big Bushy Tree"
022,140,0008,0036,000,0224,"Small Bushy Tree"
022,114,0057,0061,000,0619,"Resource Warehouse SE"
022,122,0083,0066,000,0278,"Streetlamp NW"
022,080,0001,0055,000,0296,"Command Station"
022,101,-101,0063,000,0687,"Red Flag"
022,102,0051,0075,000,0382,"Field Office SW"
022,142,-021,0083,000,0267,"Guardhouse NE"
022,074,-016,0078,000,0568,"Stripmall B SW"
022,073,0000,0059,000,0530,"Billboard B SW"
023,183,0014,0090,000,0539,"Loading Platform (non-ani) SE"
023,202,-020,0076,000,0538,"Loading Platform (non-ani) SW"
023,100,-001,0051,032,0027,"Grain storage SW (w/underlay)"
023,123,0001,0080,032,0365,"Waste Processor SW"
023,142,-019,0075,032,0036,"Field Office SE (w/underlay)"
023,180,0051,0075,032,0133,"Field Office SW (w/underlay)"
023,183,-107,0063,000,0276,"Streetlamp SE"
023,160,0079,0072,000,0277,"Streetlamp SW"
028,023,0006,0060,000,0527,"Billboard A NW"
032,026,0009,0058,000,0024,"Modern Farmhouse SE (w/underlay)"
END
