Blk,Vtx,XPOf,YPOf,Dm,ObjN,ObjectName
002,382,-008,0062,000,0208,"Big Tree"
003,322,-006,0095,032,0034,"Twin Silos SW (w/underlay)"
003,362,0031,0140,096,0137,"Valve Station SE (w/underlay)"
003,345,0024,0108,000,0208,"Big Tree"
003,380,0036,0038,000,0220,"Big Bushy Tree"
003,343,0096,0066,000,0200,"Junked Cars SE"
003,343,0014,0064,000,0201,"Junked Cars SW"
007,139,0034,0026,000,0208,"Big Tree"
007,078,0076,0048,000,0208,"Big Tree"
007,078,0072,0056,000,0208,"Big Tree"
007,078,0000,0090,000,0208,"Big Tree"
007,097,0092,0088,000,0208,"Big Tree"
007,099,-050,0052,000,0208,"Big Tree"
007,097,0020,0034,000,0208,"Big Tree"
007,096,0052,0068,000,0208,"Big Tree"
007,116,0050,0050,000,0208,"Big Tree"
007,117,0084,0054,000,0208,"Big Tree"
007,098,-010,0116,000,0208,"Big Tree"
007,059,-021,0034,000,0212,"Medium Tree"
008,389,0006,0091,000,0216,"Small Tree"
008,390,-079,0074,000,0216,"Small Tree"
008,390,-032,0068,000,0216,"Small Tree"
008,390,-002,0098,000,0216,"Small Tree"
008,390,0026,0071,000,0216,"Small Tree"
008,128,0006,0056,000,0299,"Stylish Farmhouse SE"
008,127,-077,0072,000,0208,"Big Tree"
008,147,0079,0080,000,0208,"Big Tree"
008,148,-065,0044,000,0208,"Big Tree"
008,127,-011,0070,000,0208,"Big Tree"
008,147,0034,0045,000,0208,"Big Tree"
008,147,-014,0080,000,0208,"Big Tree"
008,127,-030,0059,000,0208,"Big Tree"
008,150,-031,0106,000,0208,"Big Tree"
008,149,0011,0059,000,0208,"Big Tree"
008,129,-045,0101,000,0208,"Big Tree"
008,170,0036,0046,000,0208,"Big Tree"
008,150,-073,0047,000,0208,"Big Tree"
008,130,-015,0029,000,0208,"Big Tree"
008,130,-010,0051,000,0208,"Big Tree"
008,150,0049,0037,000,0208,"Big Tree"
008,110,-079,0064,000,0208,"Big Tree"
008,151,-019,0019,000,0208,"Big Tree"
008,130,-042,0078,000,0208,"Big Tree"
008,088,-007,0102,000,0212,"Medium Tree"
008,087,0023,0076,000,0212,"Medium Tree"
008,087,0078,0050,000,0212,"Medium Tree"
008,088,0006,0059,000,0212,"Medium Tree"
008,090,-030,0033,000,0212,"Medium Tree"
008,090,-069,0079,000,0212,"Medium Tree"
008,110,0000,0095,000,0212,"Medium Tree"
008,128,-021,0111,000,0212,"Medium Tree"
008,149,-049,0034,000,0212,"Medium Tree"
008,169,0028,0039,000,0212,"Medium Tree"
008,149,-008,0006,000,0212,"Medium Tree"
008,127,-001,0095,000,0212,"Medium Tree"
008,107,-041,0081,000,0212,"Medium Tree"
008,150,0016,0038,000,0212,"Medium Tree"
008,150,0010,0082,000,0212,"Medium Tree"
008,130,0033,0062,000,0212,"Medium Tree"
008,085,0001,0063,000,0092,"Field Storage NE"
008,083,0001,0063,000,0092,"Field Storage NE"
008,081,0004,0070,096,0074,"Command Station (w/underlay) NE"
008,084,-011,0063,000,0254,"Small Barrels B /"
008,084,-005,0079,000,0254,"Small Barrels B /"
008,148,0041,0025,096,0141,"Small Water Tower R2 (w/underlay)"
008,064,0026,0040,000,0650,"Debris C"
008,063,0078,0068,000,0650,"Debris C"
008,064,0036,0094,000,0650,"Debris C"
008,064,0000,0062,000,0649,"Debris B"
008,064,-046,0042,000,0649,"Debris B"
008,042,-008,0096,000,0648,"Debris A"
008,062,0028,0040,000,0648,"Debris A"
008,062,0048,0070,000,0203,"Junked Cars NE"
008,042,-052,0074,000,0201,"Junked Cars SW"
008,002,-072,0066,000,0208,"Big Tree"
008,001,-064,0058,000,0208,"Big Tree"
008,048,-006,0026,000,0208,"Big Tree"
008,069,-002,0004,000,0208,"Big Tree"
008,140,0050,0066,000,0208,"Big Tree"
008,141,-044,0070,000,0208,"Big Tree"
008,141,0008,0080,000,0208,"Big Tree"
008,141,0036,0092,000,0208,"Big Tree"
008,142,-046,0072,000,0208,"Big Tree"
008,142,-018,0086,000,0208,"Big Tree"
008,120,0012,0014,000,0208,"Big Tree"
008,120,-046,0050,000,0208,"Big Tree"
008,120,0018,0090,000,0208,"Big Tree"
008,120,0004,0120,000,0208,"Big Tree"
008,080,0026,0078,000,0208,"Big Tree"
008,080,-002,0076,000,0208,"Big Tree"
008,080,-070,0076,000,0208,"Big Tree"
008,080,-022,0028,000,0208,"Big Tree"
008,041,-034,0090,000,0534,"Supply Container SE"
008,040,-062,0063,000,0212,"Medium Tree"
008,040,0020,0092,000,0212,"Medium Tree"
008,040,0010,0019,000,0212,"Medium Tree"
008,020,-045,0086,000,0212,"Medium Tree"
008,041,-008,0042,000,0212,"Medium Tree"
008,061,-062,0047,000,0212,"Medium Tree"
008,066,0001,0073,000,0537,"Container Stack SW"
008,123,-029,0040,000,0560,"Quonset Hut (Dirt) R2"
008,123,0033,0079,000,0560,"Quonset Hut (Dirt) R2"
008,125,-027,0041,000,0560,"Quonset Hut (Dirt) R2"
008,125,0038,0080,000,0560,"Quonset Hut (Dirt) R2"
008,061,0003,0066,000,0535,"Supply Container SW"
008,063,0031,0041,000,0202,"Junked Cars NW"
009,269,-018,0090,000,0232,"Round Top Tree"
009,270,-054,0082,000,0232,"Round Top Tree"
009,270,0010,0116,000,0232,"Round Top Tree"
009,271,-034,0092,000,0232,"Round Top Tree"
009,272,-060,0074,000,0232,"Round Top Tree"
009,269,-082,0060,000,0240,"Big Pine Tree"
009,269,0010,0010,000,0240,"Big Pine Tree"
009,315,-014,0096,000,0269,"Barricade A \"
009,315,-044,0120,000,0269,"Barricade A \"
009,003,0015,0055,000,0022,"Barn SE (w/underlay)"
009,000,0090,0068,000,0208,"Big Tree"
009,297,0001,0075,160,0140,"Small Water Tower R1 (w/underlay)"
009,311,-003,0039,160,0026,"Farmhouse SSE (w/underlay)"
009,211,-001,0001,000,0208,"Big Tree"
009,191,-083,0049,000,0208,"Big Tree"
009,190,0057,0090,000,0208,"Big Tree"
009,190,0097,0072,000,0208,"Big Tree"
009,212,-001,0002,000,0208,"Big Tree"
009,191,0041,0100,000,0208,"Big Tree"
009,191,0082,0080,000,0208,"Big Tree"
009,192,-039,0028,000,0208,"Big Tree"
009,212,-092,0062,000,0208,"Big Tree"
009,212,-059,0040,000,0208,"Big Tree"
009,212,-029,0025,000,0208,"Big Tree"
009,213,-097,0059,000,0208,"Big Tree"
009,213,-066,0049,000,0208,"Big Tree"
009,212,0078,0078,000,0208,"Big Tree"
009,192,-002,0125,000,0208,"Big Tree"
009,193,-076,0053,000,0208,"Big Tree"
009,192,0074,0084,000,0208,"Big Tree"
009,213,0005,0124,000,0208,"Big Tree"
009,214,-068,0051,000,0208,"Big Tree"
009,214,-033,0020,000,0208,"Big Tree"
009,193,0001,0127,000,0208,"Big Tree"
009,193,0038,0105,000,0208,"Big Tree"
009,194,-078,0051,000,0208,"Big Tree"
009,194,-035,0021,000,0208,"Big Tree"
009,174,-107,0066,000,0208,"Big Tree"
009,195,-064,0049,000,0208,"Big Tree"
009,195,-028,0024,000,0208,"Big Tree"
009,175,-107,0066,000,0208,"Big Tree"
009,154,-005,0125,000,0208,"Big Tree"
009,175,-026,0020,000,0208,"Big Tree"
009,174,0059,0089,000,0208,"Big Tree"
009,175,-074,0043,000,0208,"Big Tree"
009,175,-001,0127,000,0208,"Big Tree"
009,175,0031,0109,000,0208,"Big Tree"
009,175,0084,0074,000,0208,"Big Tree"
009,175,0066,0083,000,0208,"Big Tree"
009,176,0002,0120,000,0208,"Big Tree"
009,176,0059,0082,000,0208,"Big Tree"
009,176,0093,0065,000,0208,"Big Tree"
009,176,0041,0097,000,0208,"Big Tree"
009,192,0107,0062,000,0208,"Big Tree"
009,172,0076,0083,000,0208,"Big Tree"
009,172,0105,0066,000,0208,"Big Tree"
009,174,-070,0048,000,0208,"Big Tree"
009,173,0085,0077,000,0208,"Big Tree"
009,171,0067,0085,000,0208,"Big Tree"
009,172,0007,0006,000,0208,"Big Tree"
009,172,-015,0013,000,0208,"Big Tree"
009,171,-072,0050,000,0208,"Big Tree"
009,170,0022,0112,000,0208,"Big Tree"
009,171,-041,0028,000,0208,"Big Tree"
009,171,-005,0005,000,0208,"Big Tree"
009,189,0008,0122,000,0208,"Big Tree"
009,190,-068,0053,000,0208,"Big Tree"
009,190,-029,0024,000,0208,"Big Tree"
009,170,-105,0065,000,0208,"Big Tree"
009,170,-068,0045,000,0208,"Big Tree"
009,170,-038,0027,000,0208,"Big Tree"
009,170,-003,0007,000,0208,"Big Tree"
009,150,-081,0065,000,0208,"Big Tree"
009,150,-080,0076,000,0208,"Big Tree"
009,150,-049,0050,000,0208,"Big Tree"
009,150,-013,0015,000,0208,"Big Tree"
009,130,-094,0063,000,0208,"Big Tree"
009,130,-038,0032,000,0208,"Big Tree"
009,130,-008,0010,000,0208,"Big Tree"
009,151,-087,0065,000,0208,"Big Tree"
009,151,-050,0040,000,0208,"Big Tree"
009,151,-021,0025,000,0208,"Big Tree"
009,111,-109,0064,000,0208,"Big Tree"
009,131,-018,0019,000,0208,"Big Tree"
009,130,0061,0091,000,0208,"Big Tree"
009,131,-074,0043,000,0208,"Big Tree"
009,151,0040,0099,000,0208,"Big Tree"
009,151,0076,0083,000,0208,"Big Tree"
009,151,0106,0063,000,0208,"Big Tree"
009,131,0031,0109,000,0208,"Big Tree"
009,132,-041,0026,000,0208,"Big Tree"
009,132,-009,0006,000,0208,"Big Tree"
009,132,-082,0056,000,0208,"Big Tree"
009,152,0016,0017,000,0208,"Big Tree"
009,152,0025,0108,000,0208,"Big Tree"
009,153,-036,0021,000,0208,"Big Tree"
009,132,0000,0123,000,0208,"Big Tree"
009,132,0031,0103,000,0208,"Big Tree"
009,133,-004,0003,000,0208,"Big Tree"
009,154,-104,0060,000,0208,"Big Tree"
009,153,0045,0098,000,0208,"Big Tree"
009,154,-090,0067,000,0208,"Big Tree"
009,154,-030,0024,000,0208,"Big Tree"
009,133,0008,0117,000,0208,"Big Tree"
009,134,-099,0059,000,0208,"Big Tree"
009,154,0002,0011,000,0208,"Big Tree"
009,154,0025,0113,000,0208,"Big Tree"
009,154,0057,0083,000,0208,"Big Tree"
009,110,-078,0059,000,0208,"Big Tree"
009,110,-085,0067,000,0208,"Big Tree"
009,110,-041,0030,000,0208,"Big Tree"
009,110,-039,0039,000,0208,"Big Tree"
009,110,0005,0017,000,0208,"Big Tree"
009,090,-071,0049,000,0208,"Big Tree"
009,090,-016,0026,000,0208,"Big Tree"
009,090,-038,0038,000,0208,"Big Tree"
009,110,0065,0076,000,0208,"Big Tree"
009,110,0044,0095,000,0208,"Big Tree"
009,090,0020,0109,000,0208,"Big Tree"
009,090,0080,0077,000,0208,"Big Tree"
009,070,-009,0009,000,0208,"Big Tree"
009,070,-037,0032,000,0208,"Big Tree"
009,070,-072,0042,000,0208,"Big Tree"
009,070,-082,0060,000,0208,"Big Tree"
009,050,-089,0058,000,0208,"Big Tree"
009,050,-004,0010,000,0208,"Big Tree"
009,050,-018,0019,000,0208,"Big Tree"
009,070,0091,0060,000,0208,"Big Tree"
009,070,0061,0090,000,0208,"Big Tree"
009,071,-068,0044,000,0208,"Big Tree"
009,071,-100,0058,000,0208,"Big Tree"
009,071,-003,0119,000,0208,"Big Tree"
009,091,0079,0082,000,0208,"Big Tree"
009,112,-043,0035,000,0208,"Big Tree"
009,112,-081,0057,000,0208,"Big Tree"
009,051,-008,0014,000,0208,"Big Tree"
009,050,0061,0088,000,0208,"Big Tree"
009,051,-064,0044,000,0208,"Big Tree"
009,051,0099,0070,000,0208,"Big Tree"
009,051,0056,0091,000,0208,"Big Tree"
009,052,-068,0041,000,0208,"Big Tree"
009,052,-102,0067,000,0208,"Big Tree"
009,072,-013,0015,000,0208,"Big Tree"
009,071,0064,0083,000,0208,"Big Tree"
009,072,-070,0042,000,0208,"Big Tree"
009,113,-063,0039,000,0208,"Big Tree"
009,112,0084,0079,000,0208,"Big Tree"
009,093,-083,0052,000,0208,"Big Tree"
009,093,-005,0005,000,0208,"Big Tree"
009,073,-055,0032,000,0208,"Big Tree"
009,072,0035,0107,000,0208,"Big Tree"
009,072,0091,0071,000,0208,"Big Tree"
009,052,0022,0110,000,0208,"Big Tree"
009,052,0051,0093,000,0208,"Big Tree"
009,052,0083,0073,000,0208,"Big Tree"
009,054,-003,0004,000,0208,"Big Tree"
009,054,-034,0026,000,0208,"Big Tree"
009,054,-059,0035,000,0208,"Big Tree"
009,054,-088,0054,000,0208,"Big Tree"
009,074,-005,0005,000,0208,"Big Tree"
009,094,-103,0062,000,0208,"Big Tree"
009,093,0107,0066,000,0208,"Big Tree"
009,073,0063,0089,000,0208,"Big Tree"
009,073,0044,0100,000,0208,"Big Tree"
009,134,-059,0040,000,0208,"Big Tree"
009,135,-076,0044,000,0208,"Big Tree"
009,134,-004,0125,000,0208,"Big Tree"
009,054,0101,0069,000,0208,"Big Tree"
009,055,-034,0026,000,0208,"Big Tree"
009,054,0059,0091,000,0208,"Big Tree"
009,055,-080,0050,000,0208,"Big Tree"
009,055,-092,0061,000,0208,"Big Tree"
009,075,-008,0007,000,0208,"Big Tree"
009,075,-024,0018,000,0208,"Big Tree"
009,075,-055,0034,000,0208,"Big Tree"
009,075,-070,0050,000,0208,"Big Tree"
009,095,-041,0030,000,0208,"Big Tree"
009,055,0049,0091,000,0208,"Big Tree"
009,055,0088,0075,000,0208,"Big Tree"
009,056,-070,0043,000,0208,"Big Tree"
009,056,-099,0061,000,0208,"Big Tree"
009,075,0087,0073,000,0208,"Big Tree"
009,075,0050,0095,000,0208,"Big Tree"
009,076,-107,0062,000,0208,"Big Tree"
009,096,0103,0068,000,0208,"Big Tree"
009,097,-073,0044,000,0208,"Big Tree"
009,095,0077,0081,000,0208,"Big Tree"
009,095,0048,0100,000,0208,"Big Tree"
009,116,-014,0011,000,0208,"Big Tree"
009,116,0039,0100,000,0208,"Big Tree"
009,116,0080,0077,000,0208,"Big Tree"
009,155,0005,0120,000,0208,"Big Tree"
009,155,0037,0104,000,0208,"Big Tree"
009,155,0095,0064,000,0208,"Big Tree"
009,135,0026,0112,000,0208,"Big Tree"
009,135,0084,0077,000,0208,"Big Tree"
009,136,0057,0093,000,0208,"Big Tree"
009,137,-073,0045,000,0208,"Big Tree"
009,137,-097,0058,000,0208,"Big Tree"
009,157,-047,0030,000,0208,"Big Tree"
009,156,0042,0103,000,0208,"Big Tree"
009,156,0014,0118,000,0208,"Big Tree"
009,195,0010,0118,000,0208,"Big Tree"
009,195,0040,0096,000,0208,"Big Tree"
009,195,0070,0079,000,0208,"Big Tree"
009,214,-005,0115,000,0208,"Big Tree"
009,214,0047,0095,000,0208,"Big Tree"
009,211,-098,0057,000,0208,"Big Tree"
009,211,-064,0043,000,0208,"Big Tree"
009,211,-029,0025,000,0208,"Big Tree"
009,211,-036,0081,000,0212,"Medium Tree"
009,211,-005,0065,000,0212,"Medium Tree"
009,211,0023,0047,000,0212,"Medium Tree"
009,190,-044,0079,000,0212,"Medium Tree"
009,190,-008,0063,000,0212,"Medium Tree"
009,190,0030,0040,000,0212,"Medium Tree"
009,170,-039,0080,000,0212,"Medium Tree"
009,170,-008,0064,000,0212,"Medium Tree"
009,170,0026,0044,000,0212,"Medium Tree"
009,191,0023,0037,000,0212,"Medium Tree"
009,191,0005,0056,000,0212,"Medium Tree"
009,191,-035,0078,000,0212,"Medium Tree"
009,212,-028,0075,000,0212,"Medium Tree"
009,212,0003,0063,000,0212,"Medium Tree"
009,212,0032,0044,000,0212,"Medium Tree"
009,192,-033,0081,000,0212,"Medium Tree"
009,192,0005,0059,000,0212,"Medium Tree"
009,192,0032,0042,000,0212,"Medium Tree"
009,213,0034,0039,000,0212,"Medium Tree"
009,213,0008,0065,000,0212,"Medium Tree"
009,213,-023,0078,000,0212,"Medium Tree"
009,214,0034,0037,000,0212,"Medium Tree"
009,214,0005,0052,000,0212,"Medium Tree"
009,214,-027,0076,000,0212,"Medium Tree"
009,195,-031,0080,000,0212,"Medium Tree"
009,195,-001,0060,000,0212,"Medium Tree"
009,195,0033,0044,000,0212,"Medium Tree"
009,194,0031,0035,000,0212,"Medium Tree"
009,194,0010,0054,000,0212,"Medium Tree"
009,194,-033,0068,000,0212,"Medium Tree"
009,193,-030,0079,000,0212,"Medium Tree"
009,193,-001,0060,000,0212,"Medium Tree"
009,193,0032,0040,000,0212,"Medium Tree"
009,173,-032,0079,000,0212,"Medium Tree"
009,173,0005,0066,000,0212,"Medium Tree"
009,173,0035,0044,000,0212,"Medium Tree"
009,174,0028,0042,000,0212,"Medium Tree"
009,174,-001,0057,000,0212,"Medium Tree"
009,174,-025,0070,000,0212,"Medium Tree"
009,172,0002,0061,000,0212,"Medium Tree"
009,172,-024,0080,000,0212,"Medium Tree"
009,172,0035,0042,000,0212,"Medium Tree"
009,153,-027,0075,000,0212,"Medium Tree"
009,153,0031,0040,000,0212,"Medium Tree"
009,153,0010,0052,000,0212,"Medium Tree"
009,175,0027,0034,000,0212,"Medium Tree"
009,175,-003,0053,000,0212,"Medium Tree"
009,175,-026,0073,000,0212,"Medium Tree"
009,176,-046,0077,000,0212,"Medium Tree"
009,176,0000,0054,000,0212,"Medium Tree"
009,176,0024,0034,000,0212,"Medium Tree"
009,156,-039,0071,000,0212,"Medium Tree"
009,156,-009,0051,000,0212,"Medium Tree"
009,156,0027,0033,000,0212,"Medium Tree"
009,155,0033,0036,000,0212,"Medium Tree"
009,155,-001,0059,000,0212,"Medium Tree"
009,155,-027,0076,000,0212,"Medium Tree"
009,154,-026,0075,000,0212,"Medium Tree"
009,154,0005,0061,000,0212,"Medium Tree"
009,154,0032,0036,000,0212,"Medium Tree"
009,134,-032,0078,000,0212,"Medium Tree"
009,134,0009,0058,000,0212,"Medium Tree"
009,135,-033,0071,000,0212,"Medium Tree"
009,136,0030,0037,000,0212,"Medium Tree"
009,136,0002,0057,000,0212,"Medium Tree"
009,136,-041,0081,000,0212,"Medium Tree"
009,116,-049,0083,000,0212,"Medium Tree"
009,116,0001,0060,000,0212,"Medium Tree"
009,116,0030,0035,000,0212,"Medium Tree"
009,096,-030,0079,000,0212,"Medium Tree"
009,096,0001,0060,000,0212,"Medium Tree"
009,096,0028,0038,000,0212,"Medium Tree"
009,114,-004,0054,000,0212,"Medium Tree"
009,114,-039,0073,000,0212,"Medium Tree"
009,133,-033,0075,000,0212,"Medium Tree"
009,133,-005,0056,000,0212,"Medium Tree"
009,113,-035,0075,000,0212,"Medium Tree"
009,113,0007,0054,000,0212,"Medium Tree"
009,112,0032,0040,000,0212,"Medium Tree"
009,112,0005,0065,000,0212,"Medium Tree"
009,112,-029,0079,000,0212,"Medium Tree"
009,132,0028,0041,000,0212,"Medium Tree"
009,132,-011,0060,000,0212,"Medium Tree"
009,132,-030,0075,000,0212,"Medium Tree"
009,152,0034,0035,000,0212,"Medium Tree"
009,152,0003,0058,000,0212,"Medium Tree"
009,152,-025,0077,000,0212,"Medium Tree"
009,171,-053,0085,000,0212,"Medium Tree"
009,171,-022,0066,000,0212,"Medium Tree"
009,171,0020,0043,000,0212,"Medium Tree"
009,151,-044,0075,000,0212,"Medium Tree"
009,151,-004,0056,000,0212,"Medium Tree"
009,151,0037,0040,000,0212,"Medium Tree"
009,150,0032,0044,000,0212,"Medium Tree"
009,150,0002,0062,000,0212,"Medium Tree"
009,150,-027,0077,000,0212,"Medium Tree"
009,130,0034,0045,000,0212,"Medium Tree"
009,130,0005,0065,000,0212,"Medium Tree"
009,130,-027,0078,000,0212,"Medium Tree"
009,131,-045,0074,000,0212,"Medium Tree"
009,131,-011,0058,000,0212,"Medium Tree"
009,131,0025,0040,000,0212,"Medium Tree"
009,111,-020,0078,000,0212,"Medium Tree"
009,111,0031,0042,000,0212,"Medium Tree"
009,111,0014,0048,000,0212,"Medium Tree"
009,371,0016,0055,000,0654,"Extraction Marker"
014,356,0000,0043,000,0228,"Pine Tree"
014,357,-099,0063,000,0228,"Pine Tree"
014,356,0015,0029,000,0228,"Pine Tree"
014,357,-093,0058,000,0228,"Pine Tree"
014,355,0073,0068,000,0228,"Pine Tree"
014,336,-083,0056,000,0228,"Pine Tree"
014,393,0023,0035,000,0228,"Pine Tree"
014,392,0053,0074,000,0228,"Pine Tree"
014,372,-035,0058,000,0228,"Pine Tree"
014,372,-072,0065,000,0228,"Pine Tree"
014,372,-010,0042,000,0228,"Pine Tree"
014,372,-046,0086,000,0228,"Pine Tree"
014,372,-051,0067,000,0228,"Pine Tree"
014,334,0039,0026,000,0228,"Pine Tree"
014,312,0042,0066,000,0228,"Pine Tree"
014,313,0035,0119,000,0228,"Pine Tree"
014,313,-021,0115,000,0228,"Pine Tree"
014,349,0044,0058,000,0228,"Pine Tree"
014,330,-088,0068,000,0228,"Pine Tree"
014,329,0030,0101,000,0228,"Pine Tree"
014,329,-055,0092,000,0228,"Pine Tree"
014,328,0046,0071,000,0228,"Pine Tree"
014,329,-064,0076,000,0228,"Pine Tree"
014,329,0017,0043,000,0228,"Pine Tree"
014,309,-061,0061,000,0228,"Pine Tree"
014,288,-032,0094,000,0228,"Pine Tree"
014,288,-021,0097,000,0228,"Pine Tree"
014,288,0019,0083,000,0228,"Pine Tree"
014,309,-030,0034,000,0228,"Pine Tree"
014,309,-050,0032,000,0228,"Pine Tree"
014,358,0031,0027,000,0270,"Barricade B /"
014,359,-004,0055,000,0079,"Grain storage SE (w/underlay)"
014,176,0008,0044,000,0224,"Small Bushy Tree"
014,115,-036,0082,000,0224,"Small Bushy Tree"
014,175,0026,0054,000,0224,"Small Bushy Tree"
014,175,0026,0102,000,0224,"Small Bushy Tree"
014,156,-052,0066,000,0224,"Small Bushy Tree"
014,156,0038,0040,000,0224,"Small Bushy Tree"
014,156,0026,0038,000,0208,"Big Tree"
014,134,-006,0106,000,0208,"Big Tree"
014,156,0030,0036,000,0208,"Big Tree"
014,134,-012,0030,000,0208,"Big Tree"
014,134,0018,0106,000,0208,"Big Tree"
014,155,0058,0080,000,0208,"Big Tree"
014,135,0024,0032,000,0208,"Big Tree"
014,155,-076,0038,000,0208,"Big Tree"
014,154,-042,0044,000,0208,"Big Tree"
014,134,-060,0036,000,0208,"Big Tree"
014,174,-052,0022,000,0208,"Big Tree"
014,194,0020,0110,000,0208,"Big Tree"
014,133,0080,0072,000,0208,"Big Tree"
014,173,0016,0084,000,0208,"Big Tree"
014,175,0064,0074,000,0208,"Big Tree"
014,214,0066,0040,000,0208,"Big Tree"
014,194,0042,0046,000,0208,"Big Tree"
014,195,0000,0002,000,0208,"Big Tree"
014,195,0008,0060,000,0208,"Big Tree"
014,193,-012,0074,000,0208,"Big Tree"
014,214,0060,0042,000,0208,"Big Tree"
014,134,-086,0056,000,0212,"Medium Tree"
014,176,0010,0098,000,0212,"Medium Tree"
014,195,-016,0026,000,0212,"Medium Tree"
014,195,-052,0110,000,0212,"Medium Tree"
014,175,-052,0042,000,0212,"Medium Tree"
014,132,-002,0050,000,0212,"Medium Tree"
014,175,-016,0052,000,0212,"Medium Tree"
014,153,0044,0078,000,0212,"Medium Tree"
014,153,-042,0034,000,0212,"Medium Tree"
014,173,0032,0036,000,0212,"Medium Tree"
014,179,-018,0086,000,0212,"Medium Tree"
014,198,0048,0034,000,0212,"Medium Tree"
014,178,-016,0030,000,0212,"Medium Tree"
014,157,0016,0114,000,0212,"Medium Tree"
014,198,-036,0042,000,0212,"Medium Tree"
014,177,-034,0028,000,0212,"Medium Tree"
014,176,0054,0058,000,0212,"Medium Tree"
014,230,-034,0020,000,0212,"Medium Tree"
014,227,0062,0056,000,0212,"Medium Tree"
014,207,-040,0116,000,0212,"Medium Tree"
014,248,0016,0042,000,0212,"Medium Tree"
014,208,-006,0050,000,0212,"Medium Tree"
014,228,0036,0054,000,0212,"Medium Tree"
014,270,0008,0080,000,0212,"Medium Tree"
014,268,-006,0032,000,0212,"Medium Tree"
014,268,0002,0008,000,0212,"Medium Tree"
014,289,-052,0040,000,0212,"Medium Tree"
014,248,0036,0066,000,0212,"Medium Tree"
014,269,-030,0030,000,0212,"Medium Tree"
014,270,0008,0084,000,0212,"Medium Tree"
014,268,-006,0036,000,0212,"Medium Tree"
014,268,0002,0012,000,0212,"Medium Tree"
014,289,-052,0044,000,0212,"Medium Tree"
014,248,0036,0070,000,0212,"Medium Tree"
014,269,-030,0034,000,0212,"Medium Tree"
014,250,-026,0078,000,0208,"Big Tree"
014,228,-056,0066,000,0208,"Big Tree"
014,228,0030,0054,000,0208,"Big Tree"
014,227,0008,0108,000,0208,"Big Tree"
014,290,0026,0028,000,0208,"Big Tree"
014,249,-010,0078,000,0208,"Big Tree"
014,229,-034,0082,000,0208,"Big Tree"
014,190,-032,0102,000,0208,"Big Tree"
014,168,-062,0090,000,0208,"Big Tree"
014,168,0024,0078,000,0208,"Big Tree"
014,188,0002,0008,000,0208,"Big Tree"
014,230,0020,0030,000,0208,"Big Tree"
014,189,-016,0080,000,0208,"Big Tree"
014,169,-040,0106,000,0208,"Big Tree"
014,185,0068,0046,000,0208,"Big Tree"
014,185,0074,0050,000,0208,"Big Tree"
014,146,-032,0112,000,0208,"Big Tree"
014,186,0048,0038,000,0208,"Big Tree"
014,165,-034,0052,000,0208,"Big Tree"
014,146,-002,0088,000,0208,"Big Tree"
014,167,0016,0036,000,0208,"Big Tree"
014,313,-030,0036,000,0208,"Big Tree"
014,272,0016,0090,000,0208,"Big Tree"
014,273,0010,0012,000,0208,"Big Tree"
014,313,0018,0046,000,0208,"Big Tree"
014,252,-064,0078,000,0208,"Big Tree"
014,312,0056,0076,000,0208,"Big Tree"
014,292,-042,0066,000,0208,"Big Tree"
014,393,0000,0028,000,0208,"Big Tree"
014,395,-036,0066,000,0208,"Big Tree"
014,373,0002,0014,000,0208,"Big Tree"
014,395,-056,0036,000,0208,"Big Tree"
014,393,0028,0056,000,0208,"Big Tree"
014,395,-090,0058,000,0208,"Big Tree"
014,389,-048,0038,000,0208,"Big Tree"
014,388,-030,0070,000,0208,"Big Tree"
014,390,0034,0042,000,0208,"Big Tree"
014,309,-078,0030,000,0212,"Medium Tree"
014,369,-004,0004,000,0212,"Medium Tree"
014,349,0006,0080,000,0212,"Medium Tree"
014,328,-006,0058,000,0212,"Medium Tree"
014,308,-100,0080,000,0212,"Medium Tree"
014,348,0026,0032,000,0212,"Medium Tree"
014,329,-062,0042,000,0212,"Medium Tree"
015,380,-004,0055,000,0079,"Grain storage SE (w/underlay)"
015,322,-004,0070,000,0072,"Barn NE (w/underlay)"
015,281,0058,0088,000,0208,"Big Tree"
015,301,0054,0042,000,0208,"Big Tree"
015,302,-006,0018,000,0208,"Big Tree"
015,365,0034,0048,000,0208,"Big Tree"
015,325,-042,0078,000,0208,"Big Tree"
015,345,-012,0094,000,0208,"Big Tree"
015,346,-056,0054,000,0208,"Big Tree"
015,367,0022,0080,000,0208,"Big Tree"
015,347,0032,0028,000,0208,"Big Tree"
015,348,0038,0100,000,0208,"Big Tree"
015,369,0002,0020,000,0208,"Big Tree"
015,348,-072,0046,000,0208,"Big Tree"
015,368,0008,0098,000,0208,"Big Tree"
015,346,0018,0022,000,0208,"Big Tree"
015,264,0044,0078,000,0208,"Big Tree"
015,266,-060,0044,000,0208,"Big Tree"
015,286,0014,0026,000,0208,"Big Tree"
015,264,0050,0114,000,0208,"Big Tree"
015,285,0020,0060,000,0208,"Big Tree"
015,263,0030,0072,000,0208,"Big Tree"
015,306,-002,0018,000,0208,"Big Tree"
015,264,-012,0082,000,0208,"Big Tree"
015,264,-052,0052,000,0208,"Big Tree"
015,244,-066,0056,000,0208,"Big Tree"
015,283,0042,0056,000,0208,"Big Tree"
015,242,-078,0058,000,0208,"Big Tree"
015,241,-008,0090,000,0208,"Big Tree"
015,221,0048,0076,000,0208,"Big Tree"
015,221,-022,0094,000,0208,"Big Tree"
015,203,0028,0080,000,0208,"Big Tree"
015,184,-042,0046,000,0208,"Big Tree"
015,203,0008,0046,000,0208,"Big Tree"
015,202,-006,0090,000,0208,"Big Tree"
015,245,-018,0018,000,0208,"Big Tree"
015,391,-050,0092,000,0208,"Big Tree"
015,386,-022,0128,000,0208,"Big Tree"
015,387,-038,0092,000,0212,"Medium Tree"
015,387,-034,0092,000,0212,"Medium Tree"
015,366,-006,0064,000,0212,"Medium Tree"
015,367,0012,0008,000,0212,"Medium Tree"
015,390,-086,0058,000,0212,"Medium Tree"
015,390,-056,0042,000,0212,"Medium Tree"
015,369,0012,0028,000,0212,"Medium Tree"
015,369,-032,0062,000,0212,"Medium Tree"
015,390,-022,0026,000,0212,"Medium Tree"
015,369,-010,0110,000,0212,"Medium Tree"
015,391,-102,0058,000,0212,"Medium Tree"
015,367,-040,0040,000,0212,"Medium Tree"
015,347,-028,0070,000,0212,"Medium Tree"
015,263,0000,0020,000,0212,"Medium Tree"
015,304,0038,0062,000,0212,"Medium Tree"
015,263,-046,0028,000,0212,"Medium Tree"
015,284,0022,0082,000,0212,"Medium Tree"
015,303,-032,0042,000,0212,"Medium Tree"
015,242,-052,0092,000,0212,"Medium Tree"
020,001,0045,0121,000,0216,"Small Tree"
020,022,0071,0050,000,0216,"Small Tree"
020,023,-014,0027,000,0216,"Small Tree"
020,022,0064,0035,000,0216,"Small Tree"
020,022,0084,0062,000,0216,"Small Tree"
020,023,-044,0042,000,0216,"Small Tree"
020,025,-072,0036,000,0220,"Big Bushy Tree"
020,044,0069,0060,000,0220,"Big Bushy Tree"
020,024,-036,0087,000,0220,"Big Bushy Tree"
020,023,0027,0108,000,0220,"Big Bushy Tree"
020,024,-065,0066,000,0220,"Big Bushy Tree"
020,023,0031,0109,000,0220,"Big Bushy Tree"
020,024,-054,0083,000,0220,"Big Bushy Tree"
020,045,0003,0107,000,0220,"Big Bushy Tree"
020,025,-088,0059,000,0220,"Big Bushy Tree"
020,045,-001,0109,000,0220,"Big Bushy Tree"
020,045,-051,0091,000,0220,"Big Bushy Tree"
020,065,0037,0029,000,0220,"Big Bushy Tree"
020,044,0004,0088,000,0220,"Big Bushy Tree"
020,045,-003,0116,000,0220,"Big Bushy Tree"
020,045,0051,0100,000,0224,"Small Bushy Tree"
020,044,0009,0085,000,0224,"Small Bushy Tree"
020,045,-014,0037,000,0224,"Small Bushy Tree"
020,045,-008,0084,000,0224,"Small Bushy Tree"
020,045,-023,0016,000,0224,"Small Bushy Tree"
020,045,0011,0100,000,0224,"Small Bushy Tree"
020,004,-042,0049,000,0224,"Small Bushy Tree"
020,004,-061,0037,000,0224,"Small Bushy Tree"
020,024,0006,0130,000,0224,"Small Bushy Tree"
020,004,-038,0071,000,0224,"Small Bushy Tree"
020,024,0071,0077,000,0224,"Small Bushy Tree"
020,024,0004,0121,000,0224,"Small Bushy Tree"
020,024,-043,0100,000,0224,"Small Bushy Tree"
020,000,-010,0136,000,0224,"Small Bushy Tree"
020,001,-005,0116,000,0224,"Small Bushy Tree"
020,001,-029,0096,000,0224,"Small Bushy Tree"
020,022,-011,0011,000,0224,"Small Bushy Tree"
020,021,0027,0062,000,0224,"Small Bushy Tree"
020,021,-004,0107,000,0224,"Small Bushy Tree"
020,021,0003,0072,000,0224,"Small Bushy Tree"
020,105,0008,0068,000,0220,"Big Bushy Tree"
020,146,0027,0026,000,0220,"Big Bushy Tree"
020,101,-036,0063,000,0220,"Big Bushy Tree"
020,024,0008,0058,000,0212,"Medium Tree"
020,023,0060,0051,000,0212,"Medium Tree"
020,062,0040,0068,000,0212,"Medium Tree"
020,061,0035,0096,000,0212,"Medium Tree"
020,020,0001,0075,000,0140,"Small Water Tower R1 (w/underlay)"
020,014,-003,0078,000,0240,"Big Pine Tree"
020,015,-012,0082,000,0240,"Big Pine Tree"
020,034,0082,0047,000,0240,"Big Pine Tree"
020,015,-005,0009,000,0240,"Big Pine Tree"
020,014,-002,0072,000,0240,"Big Pine Tree"
020,015,-010,0098,000,0240,"Big Pine Tree"
020,034,0071,0035,000,0240,"Big Pine Tree"
020,058,0008,0031,000,0240,"Big Pine Tree"
020,057,0069,0099,000,0240,"Big Pine Tree"
020,058,-068,0042,000,0240,"Big Pine Tree"
020,057,0048,0063,000,0240,"Big Pine Tree"
020,037,0050,0058,000,0240,"Big Pine Tree"
020,057,0033,0113,000,0240,"Big Pine Tree"
020,058,0007,0044,000,0240,"Big Pine Tree"
020,039,-034,0036,000,0240,"Big Pine Tree"
020,038,0073,0080,000,0240,"Big Pine Tree"
020,038,0054,0114,000,0240,"Big Pine Tree"
020,039,-057,0043,000,0240,"Big Pine Tree"
020,039,-036,0085,000,0240,"Big Pine Tree"
020,038,0018,0132,000,0240,"Big Pine Tree"
020,038,-015,0119,000,0240,"Big Pine Tree"
020,038,0054,0062,000,0228,"Pine Tree"
020,017,0000,0088,000,0228,"Pine Tree"
020,038,-030,0037,000,0228,"Pine Tree"
020,038,0046,0060,000,0228,"Pine Tree"
020,038,-012,0043,000,0228,"Pine Tree"
020,017,0016,0058,000,0228,"Pine Tree"
020,016,0031,0042,000,0228,"Pine Tree"
020,016,0050,0033,000,0228,"Pine Tree"
020,037,-039,0007,000,0228,"Pine Tree"
020,016,0001,0017,000,0228,"Pine Tree"
020,017,-057,0055,000,0228,"Pine Tree"
020,036,0020,0035,000,0228,"Pine Tree"
020,015,0086,0072,000,0228,"Pine Tree"
020,019,0041,0025,000,0141,"Small Water Tower R2 (w/underlay)"
020,131,0006,0012,000,0208,"Big Tree"
020,089,0056,0074,000,0208,"Big Tree"
020,090,0030,0034,000,0208,"Big Tree"
020,069,-050,0064,000,0208,"Big Tree"
020,069,0030,0092,000,0208,"Big Tree"
020,152,0072,0086,000,0208,"Big Tree"
020,110,0098,0060,000,0208,"Big Tree"
020,112,0032,0046,000,0208,"Big Tree"
020,112,0072,0042,000,0208,"Big Tree"
020,095,-014,0118,000,0208,"Big Tree"
020,074,0012,0056,000,0208,"Big Tree"
020,075,0006,0074,000,0208,"Big Tree"
020,094,0086,0032,000,0208,"Big Tree"
020,053,0076,0060,000,0208,"Big Tree"
020,034,-030,0088,000,0208,"Big Tree"
020,096,-098,0028,000,0208,"Big Tree"
020,009,0014,0054,000,0208,"Big Tree"
020,011,-012,0038,000,0208,"Big Tree"
020,093,-016,0040,000,0212,"Medium Tree"
020,052,0032,0082,000,0212,"Medium Tree"
020,113,0008,0044,000,0212,"Medium Tree"
020,093,0010,0038,000,0212,"Medium Tree"
020,093,-086,0064,000,0212,"Medium Tree"
020,030,-096,0062,000,0212,"Medium Tree"
020,031,-056,0064,000,0212,"Medium Tree"
020,029,-004,0136,000,0212,"Medium Tree"
020,071,0006,0022,000,0212,"Medium Tree"
020,009,-042,0126,000,0212,"Medium Tree"
020,191,0072,0076,000,0212,"Medium Tree"
020,172,-070,0070,000,0212,"Medium Tree"
020,172,0088,0074,000,0212,"Medium Tree"
020,213,0026,0094,000,0212,"Medium Tree"
020,193,0008,0100,000,0212,"Medium Tree"
020,145,-026,0018,000,0212,"Medium Tree"
020,084,-018,0078,000,0212,"Medium Tree"
020,105,-042,0054,000,0212,"Medium Tree"
020,123,0106,0062,000,0212,"Medium Tree"
020,125,-020,0036,000,0212,"Medium Tree"
020,125,-012,0058,000,0212,"Medium Tree"
020,043,0068,0040,000,0651,"Debris D"
020,042,0052,0085,000,0651,"Debris D"
020,064,-025,0018,000,0650,"Debris C"
020,043,0002,0117,000,0649,"Debris B"
020,043,0064,0089,000,0648,"Debris A"
020,043,0016,0079,000,0648,"Debris A"
020,043,-003,0037,000,0203,"Junked Cars NE"
020,043,-085,0059,000,0202,"Junked Cars NW"
020,042,-008,0035,000,0202,"Junked Cars NW"
021,009,0078,0058,000,0208,"Big Tree"
021,030,0064,0066,000,0208,"Big Tree"
021,009,0016,0030,000,0208,"Big Tree"
021,031,0036,0030,000,0208,"Big Tree"
021,030,0096,0062,000,0208,"Big Tree"
021,009,0036,0120,000,0208,"Big Tree"
021,007,0040,0010,000,0208,"Big Tree"
021,028,0026,0084,000,0208,"Big Tree"
021,029,-002,0048,000,0208,"Big Tree"
021,028,0058,0080,000,0208,"Big Tree"
021,009,0022,0048,000,0208,"Big Tree"
021,007,-002,0072,000,0208,"Big Tree"
021,045,-062,0060,000,0208,"Big Tree"
021,023,-048,0068,000,0208,"Big Tree"
021,024,0028,0018,000,0208,"Big Tree"
021,024,-072,0076,000,0208,"Big Tree"
021,009,0010,0100,000,0212,"Medium Tree"
021,009,0032,0082,000,0212,"Medium Tree"
021,078,-004,0042,000,0203,"Junked Cars NE"
021,099,0036,0076,000,0203,"Junked Cars NE"
021,139,-016,0040,000,0203,"Junked Cars NE"
021,119,0058,0052,000,0203,"Junked Cars NE"
021,077,-024,0086,000,0203,"Junked Cars NE"
021,098,0080,0068,000,0203,"Junked Cars NE"
021,098,0046,0090,000,0202,"Junked Cars NW"
021,138,0012,0074,000,0202,"Junked Cars NW"
021,098,-012,0068,000,0202,"Junked Cars NW"
021,099,-092,0056,000,0202,"Junked Cars NW"
021,099,0016,0012,000,0201,"Junked Cars SW"
021,099,-050,0094,000,0201,"Junked Cars SW"
021,098,0030,0082,000,0201,"Junked Cars SW"
021,138,0054,0022,000,0201,"Junked Cars SW"
021,118,0048,0052,000,0649,"Debris B"
021,139,0074,0062,000,0650,"Debris C"
021,136,0004,0008,000,0650,"Debris C"
021,136,0058,0037,000,0651,"Debris D"
021,136,-039,0041,000,0649,"Debris B"
021,136,0008,0045,000,0649,"Debris B"
021,139,0002,0100,000,0201,"Junked Cars SW"
021,119,-070,0060,000,0201,"Junked Cars SW"
021,097,-001,0097,000,0649,"Debris B"
022,100,-074,0052,000,0649,"Debris B"
022,100,-010,0026,000,0650,"Debris C"
022,080,-001,0058,000,0648,"Debris A"
022,080,-080,0064,000,0648,"Debris A"
025,155,0006,0056,064,0299,"Stylish Farmhouse SE"
025,115,0023,0069,064,0298,"Modern Farmhouse SW"
025,136,-106,0062,000,0208,"Big Tree"
025,132,0032,0040,000,0212,"Medium Tree"
025,132,-057,0083,000,0212,"Medium Tree"
025,132,0008,0120,000,0212,"Medium Tree"
025,133,-009,0007,000,0212,"Medium Tree"
025,133,0064,0034,000,0212,"Medium Tree"
025,133,-029,0087,000,0212,"Medium Tree"
025,134,-079,0074,000,0212,"Medium Tree"
025,134,-003,0123,000,0212,"Medium Tree"
025,134,0019,0023,000,0212,"Medium Tree"
025,134,0084,0065,000,0212,"Medium Tree"
025,092,-019,0060,096,0284,"Long Barn SW"
026,068,0026,0088,000,0572,"Tent (Dirt) R2"
026,069,-016,0048,000,0572,"Tent (Dirt) R2"
026,067,0001,0063,000,0092,"Field Storage NE"
026,049,0028,0057,000,0559,"Quonset Hut (Dirt) R1"
026,049,-002,0098,000,0559,"Quonset Hut (Dirt) R1"
026,029,-002,0075,000,0536,"Container Stack SE"
END
