Blk,Vtx,XPOf,YPOf,Dm,ObjN,ObjectName
003,389,-011,0052,000,0272,"Rock Cluster A"
003,332,0002,0036,000,0272,"Rock Cluster A"
003,392,-008,0053,000,0273,"Rock Cluster B"
003,392,0000,0107,000,0274,"Rock Cluster C"
003,332,-075,0025,000,0274,"Rock Cluster C"
003,390,-045,0085,000,0274,"Rock Cluster C"
003,393,-069,0073,000,0274,"Rock Cluster C"
003,366,0046,0040,000,0274,"Rock Cluster C"
007,099,0090,0046,000,0212,"Medium Tree"
007,139,-026,0044,000,0212,"Medium Tree"
007,139,-054,0074,000,0212,"Medium Tree"
007,118,-022,0040,000,0212,"Medium Tree"
007,118,-050,0070,000,0212,"Medium Tree"
007,058,-062,0052,000,0212,"Medium Tree"
007,039,-014,0074,000,0212,"Medium Tree"
007,058,0088,0086,000,0212,"Medium Tree"
007,058,0070,0098,000,0212,"Medium Tree"
007,079,-032,0084,000,0212,"Medium Tree"
007,058,0018,0092,000,0212,"Medium Tree"
007,038,-012,0110,000,0212,"Medium Tree"
007,039,0028,0082,000,0212,"Medium Tree"
007,039,0010,0094,000,0212,"Medium Tree"
007,039,-042,0088,000,0212,"Medium Tree"
007,079,-010,0108,000,0208,"Big Tree"
007,139,0094,0110,000,0208,"Big Tree"
007,119,0080,0058,000,0208,"Big Tree"
007,099,0052,0030,000,0208,"Big Tree"
007,119,0070,0066,000,0208,"Big Tree"
007,058,-030,0062,000,0208,"Big Tree"
007,079,0018,0050,000,0208,"Big Tree"
007,099,-080,0020,000,0208,"Big Tree"
007,117,0076,0034,000,0208,"Big Tree"
007,077,0034,0064,000,0208,"Big Tree"
007,097,0052,0056,000,0208,"Big Tree"
007,036,-048,0052,000,0208,"Big Tree"
007,057,0000,0062,000,0208,"Big Tree"
007,076,0012,0094,000,0208,"Big Tree"
007,159,-016,0078,000,0208,"Big Tree"
007,159,0004,0022,000,0208,"Big Tree"
007,114,-028,0044,000,0208,"Big Tree"
007,116,-030,0074,000,0208,"Big Tree"
007,073,-002,0110,000,0208,"Big Tree"
007,092,0038,0090,000,0208,"Big Tree"
007,093,0070,0060,000,0208,"Big Tree"
007,093,0012,0046,000,0208,"Big Tree"
007,115,-066,0054,000,0208,"Big Tree"
007,176,0070,0054,000,0208,"Big Tree"
007,157,0014,0046,000,0208,"Big Tree"
007,177,-016,0010,000,0208,"Big Tree"
007,177,0056,0044,000,0208,"Big Tree"
007,158,-042,0078,000,0208,"Big Tree"
007,156,0018,0004,000,0208,"Big Tree"
007,116,-076,0068,000,0208,"Big Tree"
007,177,-040,0032,000,0208,"Big Tree"
007,157,0014,0064,000,0208,"Big Tree"
007,177,-016,0028,000,0208,"Big Tree"
007,177,0056,0062,000,0208,"Big Tree"
007,178,0068,0012,000,0208,"Big Tree"
007,156,0018,0022,000,0208,"Big Tree"
007,136,0034,0024,000,0208,"Big Tree"
007,152,-100,0060,000,0208,"Big Tree"
007,110,0010,0066,000,0208,"Big Tree"
007,111,-042,0036,000,0208,"Big Tree"
007,150,0034,0060,000,0208,"Big Tree"
007,130,-034,0050,000,0208,"Big Tree"
007,151,0086,0062,000,0208,"Big Tree"
007,151,0050,0088,000,0208,"Big Tree"
007,119,-004,0116,000,0224,"Small Bushy Tree"
007,215,0070,0066,000,0224,"Small Bushy Tree"
007,213,0060,0096,000,0224,"Small Bushy Tree"
007,234,0012,0040,000,0224,"Small Bushy Tree"
007,215,0062,0062,000,0224,"Small Bushy Tree"
007,214,0094,0092,000,0224,"Small Bushy Tree"
007,152,-046,0100,000,0224,"Small Bushy Tree"
007,193,-026,0046,000,0224,"Small Bushy Tree"
007,151,0010,0110,000,0224,"Small Bushy Tree"
007,192,0056,0056,000,0224,"Small Bushy Tree"
007,152,0004,0086,000,0224,"Small Bushy Tree"
007,192,-018,0016,000,0224,"Small Bushy Tree"
007,192,0032,0048,000,0224,"Small Bushy Tree"
007,174,-026,0040,000,0224,"Small Bushy Tree"
007,132,0010,0082,000,0224,"Small Bushy Tree"
007,173,0056,0028,000,0224,"Small Bushy Tree"
007,133,0004,0080,000,0224,"Small Bushy Tree"
007,172,0092,0072,000,0224,"Small Bushy Tree"
007,194,0086,0058,000,0216,"Small Tree"
007,174,0004,0076,000,0216,"Small Tree"
007,175,-098,0020,000,0216,"Small Tree"
007,215,0032,0116,000,0216,"Small Tree"
007,236,0082,0022,000,0216,"Small Tree"
007,214,0090,0088,000,0216,"Small Tree"
007,152,0020,0124,000,0216,"Small Tree"
007,213,-006,0162,000,0216,"Small Tree"
007,214,0038,0034,000,0216,"Small Tree"
007,214,0050,0062,000,0212,"Medium Tree"
007,195,-072,0098,000,0212,"Medium Tree"
007,214,0050,0056,000,0212,"Medium Tree"
007,195,-072,0092,000,0212,"Medium Tree"
007,134,-060,0096,000,0212,"Medium Tree"
007,133,-018,0090,000,0212,"Medium Tree"
008,337,-001,0051,032,0027,"Grain storage SW (w/underlay)"
008,375,0015,0055,128,0289,"Barn SE"
008,377,0023,0069,128,0077,"Modern Farmhouse SW (w/underlay)"
008,395,0026,0068,000,0200,"Junked Cars SE"
008,378,-016,0028,000,0208,"Big Tree"
008,398,0036,0092,000,0270,"Barricade B /"
008,398,-018,0112,000,0271,"Barricade B \"
008,398,-062,0086,000,0271,"Barricade B \"
008,398,-098,0060,000,0271,"Barricade B \"
008,398,0048,0028,000,0271,"Barricade B \"
008,398,-002,0002,000,0271,"Barricade B \"
008,378,-020,0102,000,0271,"Barricade B \"
008,397,0080,0060,000,0270,"Barricade B /"
008,397,0048,0076,000,0270,"Barricade B /"
008,397,0016,0098,000,0270,"Barricade B /"
008,398,-040,0042,000,0252,"Small Barrels A /"
008,398,0000,0048,000,0252,"Small Barrels A /"
008,398,0008,0076,000,0252,"Small Barrels A /"
008,335,-004,0055,096,0079,"Grain storage SE (w/underlay)"
008,381,-047,0046,000,0274,"Rock Cluster C"
008,381,0008,0044,000,0273,"Rock Cluster B"
008,332,0008,0056,000,0208,"Big Tree"
008,290,0046,0098,000,0208,"Big Tree"
008,271,-052,0058,000,0208,"Big Tree"
008,289,0058,0074,000,0208,"Big Tree"
008,312,-078,0060,000,0208,"Big Tree"
008,270,-002,0036,000,0208,"Big Tree"
008,271,-050,0092,000,0208,"Big Tree"
008,370,0072,0030,000,0208,"Big Tree"
008,391,-008,0114,000,0208,"Big Tree"
008,392,0010,0036,000,0208,"Big Tree"
008,372,-004,0040,000,0208,"Big Tree"
008,351,-002,0122,000,0208,"Big Tree"
008,351,-030,0096,000,0208,"Big Tree"
008,392,-022,0092,000,0208,"Big Tree"
008,370,0070,0038,000,0208,"Big Tree"
008,391,-010,0122,000,0208,"Big Tree"
008,392,0008,0044,000,0208,"Big Tree"
008,372,-006,0048,000,0208,"Big Tree"
008,351,-004,0130,000,0208,"Big Tree"
008,351,-032,0104,000,0208,"Big Tree"
008,331,0072,0042,000,0212,"Medium Tree"
008,310,0086,0070,000,0212,"Medium Tree"
008,310,-030,0024,000,0212,"Medium Tree"
008,310,-010,0122,000,0212,"Medium Tree"
008,270,0022,0042,000,0212,"Medium Tree"
008,271,-100,0084,000,0212,"Medium Tree"
008,392,-018,0012,000,0212,"Medium Tree"
008,392,0038,0052,000,0212,"Medium Tree"
008,393,0052,0038,000,0212,"Medium Tree"
008,373,-050,0052,000,0212,"Medium Tree"
008,392,-030,0018,000,0212,"Medium Tree"
008,392,0026,0058,000,0212,"Medium Tree"
008,393,0040,0044,000,0212,"Medium Tree"
008,373,-062,0058,000,0212,"Medium Tree"
008,076,-040,0128,000,0212,"Medium Tree"
008,096,0004,0040,000,0212,"Medium Tree"
008,076,-004,0164,000,0212,"Medium Tree"
008,096,0040,0074,000,0212,"Medium Tree"
008,117,-034,0066,000,0212,"Medium Tree"
008,117,0010,0042,000,0212,"Medium Tree"
008,096,0016,0024,000,0212,"Medium Tree"
008,136,0044,0114,000,0212,"Medium Tree"
008,138,-040,0100,000,0212,"Medium Tree"
008,178,-034,0020,000,0212,"Medium Tree"
008,159,-068,0044,000,0212,"Medium Tree"
008,136,-006,0046,000,0212,"Medium Tree"
008,157,0000,0078,000,0212,"Medium Tree"
008,137,0054,0086,000,0212,"Medium Tree"
008,177,-036,0050,000,0212,"Medium Tree"
008,136,-064,0094,000,0212,"Medium Tree"
008,156,0028,0058,000,0212,"Medium Tree"
008,176,0000,0074,000,0212,"Medium Tree"
008,177,0036,0044,000,0212,"Medium Tree"
008,155,0050,0048,000,0212,"Medium Tree"
008,115,0012,0100,000,0220,"Big Bushy Tree"
008,135,0032,0102,000,0220,"Big Bushy Tree"
008,136,0044,0074,000,0220,"Big Bushy Tree"
008,157,-040,0022,000,0220,"Big Bushy Tree"
008,157,-058,0036,000,0220,"Big Bushy Tree"
008,136,0022,0116,000,0220,"Big Bushy Tree"
008,115,-044,0106,000,0220,"Big Bushy Tree"
008,098,-076,0080,000,0220,"Big Bushy Tree"
008,098,-020,0026,000,0220,"Big Bushy Tree"
008,098,-016,0112,000,0220,"Big Bushy Tree"
008,096,0048,0074,000,0220,"Big Bushy Tree"
008,099,-080,0052,000,0220,"Big Bushy Tree"
008,077,-032,0044,000,0220,"Big Bushy Tree"
008,076,-056,0104,000,0220,"Big Bushy Tree"
008,113,0026,0044,000,0220,"Big Bushy Tree"
008,133,0020,0046,000,0220,"Big Bushy Tree"
008,133,-004,0102,000,0220,"Big Bushy Tree"
008,113,-036,0034,000,0220,"Big Bushy Tree"
008,151,0002,0006,000,0224,"Small Bushy Tree"
008,171,-028,0072,000,0224,"Small Bushy Tree"
008,152,-014,0012,000,0224,"Small Bushy Tree"
008,130,0000,0158,000,0224,"Small Bushy Tree"
008,171,-058,0118,000,0224,"Small Bushy Tree"
008,150,-016,0104,000,0224,"Small Bushy Tree"
008,131,-104,0066,000,0224,"Small Bushy Tree"
008,132,0012,0058,000,0220,"Big Bushy Tree"
008,173,-044,0088,000,0220,"Big Bushy Tree"
008,133,-022,0064,000,0220,"Big Bushy Tree"
008,112,-028,0140,000,0220,"Big Bushy Tree"
008,132,0044,0104,000,0220,"Big Bushy Tree"
008,173,0022,0110,000,0220,"Big Bushy Tree"
008,152,-010,0058,000,0220,"Big Bushy Tree"
008,133,-024,0024,000,0216,"Small Tree"
008,133,-040,0104,000,0216,"Small Tree"
008,151,0094,0112,000,0216,"Small Tree"
008,113,-106,0082,000,0216,"Small Tree"
008,132,-024,0046,000,0216,"Small Tree"
008,131,0032,0130,000,0216,"Small Tree"
008,132,0024,0090,000,0216,"Small Tree"
008,148,0030,0092,000,0216,"Small Tree"
008,188,0006,0022,000,0216,"Small Tree"
008,148,-012,0018,000,0216,"Small Tree"
008,168,-056,0126,000,0216,"Small Tree"
008,189,0008,0032,000,0216,"Small Tree"
008,148,0020,0082,000,0216,"Small Tree"
008,169,0008,0112,000,0216,"Small Tree"
008,169,-014,0124,000,0216,"Small Tree"
008,209,-038,0054,000,0216,"Small Tree"
008,168,0054,0112,000,0216,"Small Tree"
008,209,0010,0052,000,0216,"Small Tree"
008,169,-024,0114,000,0216,"Small Tree"
008,190,-036,0100,000,0216,"Small Tree"
008,164,0038,0048,000,0212,"Medium Tree"
008,143,0036,0020,000,0212,"Medium Tree"
008,204,0034,0116,000,0212,"Medium Tree"
008,185,-042,0052,000,0212,"Medium Tree"
008,164,-002,0022,000,0212,"Medium Tree"
008,184,-094,0026,000,0212,"Medium Tree"
008,163,-022,0078,000,0212,"Medium Tree"
008,164,0044,0044,000,0212,"Medium Tree"
008,143,0042,0016,000,0212,"Medium Tree"
008,204,0040,0112,000,0212,"Medium Tree"
008,185,-036,0048,000,0212,"Medium Tree"
008,164,0004,0018,000,0212,"Medium Tree"
008,184,-088,0022,000,0212,"Medium Tree"
008,163,-016,0074,000,0212,"Medium Tree"
008,188,-040,0076,000,0212,"Medium Tree"
008,207,0058,0058,000,0212,"Medium Tree"
008,187,0052,0060,000,0212,"Medium Tree"
008,206,0026,0070,000,0212,"Medium Tree"
008,185,0050,0062,000,0212,"Medium Tree"
008,208,0010,0014,000,0212,"Medium Tree"
008,227,0066,0062,000,0212,"Medium Tree"
008,287,0058,0074,000,0212,"Medium Tree"
008,309,-026,0032,000,0212,"Medium Tree"
008,289,0106,0064,000,0212,"Medium Tree"
008,267,-038,0046,000,0212,"Medium Tree"
008,248,-014,0106,000,0212,"Medium Tree"
008,288,0080,0060,000,0212,"Medium Tree"
008,290,0020,0084,000,0212,"Medium Tree"
008,288,-050,0076,000,0212,"Medium Tree"
008,269,0024,0034,000,0212,"Medium Tree"
008,268,-006,0090,000,0212,"Medium Tree"
008,289,-006,0112,000,0212,"Medium Tree"
008,309,-056,0048,000,0212,"Medium Tree"
008,288,0034,0070,000,0212,"Medium Tree"
008,102,-064,0074,000,0212,"Medium Tree"
008,121,0096,0058,000,0212,"Medium Tree"
008,082,0008,0102,000,0212,"Medium Tree"
008,080,-048,0036,000,0212,"Medium Tree"
008,081,0072,0052,000,0212,"Medium Tree"
008,102,0094,0064,000,0212,"Medium Tree"
008,161,0040,0050,000,0212,"Medium Tree"
008,161,-020,0056,000,0212,"Medium Tree"
008,121,0002,0052,000,0212,"Medium Tree"
008,100,-044,0108,000,0212,"Medium Tree"
008,141,0088,0058,000,0212,"Medium Tree"
008,140,0044,0046,000,0212,"Medium Tree"
008,140,-016,0052,000,0212,"Medium Tree"
008,100,0006,0114,000,0212,"Medium Tree"
008,100,-040,0024,000,0212,"Medium Tree"
008,120,0092,0076,000,0212,"Medium Tree"
008,040,-062,0046,000,0212,"Medium Tree"
008,020,0036,0030,000,0212,"Medium Tree"
008,060,0018,0018,000,0212,"Medium Tree"
008,040,0098,0064,000,0212,"Medium Tree"
008,101,0020,0092,000,0208,"Big Tree"
008,040,0012,0112,000,0208,"Big Tree"
008,061,0068,0026,000,0208,"Big Tree"
008,081,0058,0054,000,0208,"Big Tree"
008,041,-074,0044,000,0208,"Big Tree"
008,103,0054,0042,000,0208,"Big Tree"
008,160,-058,0022,000,0208,"Big Tree"
008,162,-036,0030,000,0208,"Big Tree"
008,181,0018,0030,000,0208,"Big Tree"
008,026,-002,0016,000,0208,"Big Tree"
008,026,0024,0072,000,0208,"Big Tree"
008,026,0004,0078,000,0208,"Big Tree"
008,026,0014,0126,000,0208,"Big Tree"
008,045,0004,0040,000,0208,"Big Tree"
008,068,-062,0016,000,0208,"Big Tree"
008,067,0072,0044,000,0208,"Big Tree"
008,025,-012,0112,000,0208,"Big Tree"
008,026,0016,0136,000,0208,"Big Tree"
008,045,0006,0050,000,0208,"Big Tree"
008,068,-060,0026,000,0208,"Big Tree"
008,067,0074,0054,000,0208,"Big Tree"
008,190,-004,0064,000,0208,"Big Tree"
008,190,0016,0052,000,0208,"Big Tree"
008,170,-020,0020,000,0208,"Big Tree"
008,149,-036,0058,000,0208,"Big Tree"
008,169,0030,0104,000,0208,"Big Tree"
008,162,-010,0036,000,0224,"Small Bushy Tree"
008,121,0052,0070,000,0224,"Small Bushy Tree"
008,162,0018,0032,000,0224,"Small Bushy Tree"
008,100,-044,0090,000,0224,"Small Bushy Tree"
008,041,-056,0060,000,0224,"Small Bushy Tree"
008,102,-042,0094,000,0224,"Small Bushy Tree"
008,060,0046,0048,000,0224,"Small Bushy Tree"
008,081,0000,0042,000,0224,"Small Bushy Tree"
008,080,0012,0018,000,0224,"Small Bushy Tree"
008,185,0000,0012,000,0224,"Small Bushy Tree"
008,144,-002,0018,000,0224,"Small Bushy Tree"
008,205,0012,0030,000,0224,"Small Bushy Tree"
008,123,-034,0024,000,0224,"Small Bushy Tree"
008,143,-010,0046,000,0224,"Small Bushy Tree"
008,164,-056,0040,000,0224,"Small Bushy Tree"
008,163,-044,0038,000,0224,"Small Bushy Tree"
008,144,-008,0018,000,0224,"Small Bushy Tree"
008,205,0006,0030,000,0224,"Small Bushy Tree"
008,123,-040,0024,000,0224,"Small Bushy Tree"
008,143,-016,0046,000,0224,"Small Bushy Tree"
008,164,-062,0040,000,0224,"Small Bushy Tree"
008,163,-050,0038,000,0224,"Small Bushy Tree"
009,219,-064,0058,000,0228,"Pine Tree"
009,258,-018,0080,000,0228,"Pine Tree"
009,315,-038,0038,000,0228,"Pine Tree"
009,255,0000,0008,000,0228,"Pine Tree"
009,175,-012,0028,000,0228,"Pine Tree"
009,136,-076,0084,000,0228,"Pine Tree"
009,233,0014,0070,000,0228,"Pine Tree"
009,250,0012,0084,000,0228,"Pine Tree"
009,332,-022,0026,000,0228,"Pine Tree"
009,393,0060,0070,000,0228,"Pine Tree"
009,397,0038,0082,000,0228,"Pine Tree"
009,118,0020,0098,000,0232,"Round Top Tree"
009,157,-010,0072,000,0232,"Round Top Tree"
009,236,0034,0108,000,0232,"Round Top Tree"
009,297,-026,0098,000,0232,"Round Top Tree"
009,316,0016,0080,000,0232,"Round Top Tree"
009,193,0080,0054,000,0232,"Round Top Tree"
009,152,-020,0044,000,0232,"Round Top Tree"
009,231,-012,0050,000,0232,"Round Top Tree"
009,313,-002,0076,000,0232,"Round Top Tree"
009,214,-020,0046,000,0208,"Big Tree"
009,196,0032,0062,000,0208,"Big Tree"
009,239,-026,0086,000,0208,"Big Tree"
009,317,0020,0116,000,0208,"Big Tree"
009,294,0036,0084,000,0208,"Big Tree"
009,395,-012,0074,000,0208,"Big Tree"
009,231,0044,0048,000,0240,"Big Pine Tree"
009,231,0058,0086,000,0240,"Big Pine Tree"
009,253,-020,0038,000,0240,"Big Pine Tree"
009,233,-076,0046,000,0240,"Big Pine Tree"
009,253,0038,0028,000,0208,"Big Tree"
009,253,0054,0076,000,0208,"Big Tree"
009,211,-016,0100,000,0208,"Big Tree"
009,211,-084,0052,000,0208,"Big Tree"
009,211,-038,0038,000,0208,"Big Tree"
009,211,0036,0040,000,0208,"Big Tree"
009,211,0042,0080,000,0208,"Big Tree"
009,190,0028,0082,000,0212,"Medium Tree"
009,211,0016,0044,000,0212,"Medium Tree"
009,211,-052,0062,000,0212,"Medium Tree"
009,232,-028,0122,000,0212,"Medium Tree"
009,252,0016,0094,000,0212,"Medium Tree"
009,253,0006,0064,000,0212,"Medium Tree"
009,233,-016,0040,000,0212,"Medium Tree"
009,252,0006,0024,000,0216,"Small Tree"
009,252,-054,0054,000,0216,"Small Tree"
009,252,0062,0120,000,0216,"Small Tree"
009,235,-058,0050,000,0216,"Small Tree"
009,254,0012,0048,000,0216,"Small Tree"
009,255,0008,0054,000,0216,"Small Tree"
009,254,0030,0064,000,0216,"Small Tree"
009,255,0016,0084,000,0220,"Big Bushy Tree"
009,255,0056,0076,000,0224,"Small Bushy Tree"
009,255,-056,0048,000,0224,"Small Bushy Tree"
009,234,-054,0080,000,0224,"Small Bushy Tree"
009,256,-008,0070,000,0228,"Pine Tree"
009,254,0064,0058,000,0228,"Pine Tree"
009,255,-060,0082,000,0240,"Big Pine Tree"
009,255,0032,0094,000,0240,"Big Pine Tree"
009,255,-010,0026,000,0240,"Big Pine Tree"
009,255,0050,0022,000,0240,"Big Pine Tree"
009,256,-014,0082,000,0240,"Big Pine Tree"
009,255,-016,0082,000,0240,"Big Pine Tree"
009,256,-028,0096,000,0208,"Big Tree"
009,256,-006,0024,000,0208,"Big Tree"
009,255,0068,0048,000,0208,"Big Tree"
009,234,0020,0094,000,0208,"Big Tree"
009,235,-024,0022,000,0208,"Big Tree"
009,238,-020,0084,000,0208,"Big Tree"
009,238,0042,0092,000,0212,"Medium Tree"
009,239,-010,0114,000,0216,"Small Tree"
009,239,-018,0030,000,0216,"Small Tree"
009,239,0004,0040,000,0216,"Small Tree"
009,219,-036,0020,000,0216,"Small Tree"
009,219,-030,0080,000,0216,"Small Tree"
009,239,0076,0076,000,0216,"Small Tree"
009,259,0024,0018,000,0220,"Big Bushy Tree"
009,238,-012,0092,000,0220,"Big Bushy Tree"
009,239,0018,0070,000,0224,"Small Bushy Tree"
009,219,0008,0054,000,0224,"Small Bushy Tree"
009,258,0034,0038,000,0224,"Small Bushy Tree"
009,238,-020,0104,000,0224,"Small Bushy Tree"
009,259,0076,0030,000,0224,"Small Bushy Tree"
009,259,0018,0044,000,0228,"Pine Tree"
009,258,0020,0072,000,0228,"Pine Tree"
009,278,0004,0030,000,0228,"Pine Tree"
009,238,0066,0100,000,0228,"Pine Tree"
009,239,0046,0054,000,0240,"Big Pine Tree"
009,239,0010,0084,000,0240,"Big Pine Tree"
009,238,0048,0128,000,0240,"Big Pine Tree"
009,238,0018,0114,000,0240,"Big Pine Tree"
009,239,0016,0090,000,0208,"Big Tree"
009,239,-064,0054,000,0208,"Big Tree"
009,238,-046,0074,000,0208,"Big Tree"
009,219,-094,0038,000,0208,"Big Tree"
009,013,-003,0074,000,0272,"Rock Cluster A"
009,033,0000,0069,000,0273,"Rock Cluster B"
009,241,0046,0086,000,0527,"Billboard A NW"
009,201,0046,0088,000,0527,"Billboard A NW"
009,163,0018,0063,000,0324,"Heavy Factory SW"
009,203,0005,0069,000,0332,"Heavy Industrial SW"
009,205,-004,0030,000,0335,"Industrial Plant SW"
009,185,-004,0030,000,0335,"Industrial Plant SW"
009,167,-019,0065,000,0383,"Processing Plant NW"
009,187,-019,0065,000,0383,"Processing Plant NW"
009,207,-019,0065,000,0383,"Processing Plant NW"
009,247,-004,0059,000,0326,"Heavy Factory NW"
009,285,-004,0030,000,0337,"Industrial Plant NE "
009,283,0024,0060,000,0723,"Liquid Storage B R2"
009,225,0000,0076,000,0721,"Industrial Complex SE"
009,266,-006,0093,000,0333,"Heavy Industrial NE"
009,244,0004,0068,000,0325,"Heavy Factory NE"
010,391,0056,0048,000,0228,"Pine Tree"
010,388,-016,0104,000,0228,"Pine Tree"
010,303,0054,0106,000,0228,"Pine Tree"
010,204,0028,0034,000,0228,"Pine Tree"
010,223,0040,0020,000,0228,"Pine Tree"
010,161,0018,0096,000,0228,"Pine Tree"
010,261,-018,0020,000,0228,"Pine Tree"
010,332,0020,0068,000,0232,"Round Top Tree"
010,369,-050,0036,000,0232,"Round Top Tree"
010,329,0052,0042,000,0232,"Round Top Tree"
010,305,-050,0058,000,0232,"Round Top Tree"
010,323,-016,0070,000,0232,"Round Top Tree"
010,225,-052,0042,000,0232,"Round Top Tree"
010,203,0016,0070,000,0232,"Round Top Tree"
010,183,0026,0036,000,0232,"Round Top Tree"
010,120,-016,0048,000,0232,"Round Top Tree"
010,324,0060,0066,000,0208,"Big Tree"
010,306,0026,0068,000,0208,"Big Tree"
010,205,-018,0036,000,0208,"Big Tree"
010,141,0000,0062,000,0208,"Big Tree"
010,364,-024,0064,000,0208,"Big Tree"
010,240,0032,0052,000,0208,"Big Tree"
010,220,-064,0060,000,0208,"Big Tree"
010,241,-044,0034,000,0212,"Medium Tree"
010,180,-094,0064,000,0220,"Big Bushy Tree"
010,220,-018,0106,000,0220,"Big Bushy Tree"
010,220,-032,0034,000,0220,"Big Bushy Tree"
010,240,0008,0016,000,0224,"Small Bushy Tree"
010,241,-088,0040,000,0224,"Small Bushy Tree"
010,162,-028,0042,000,0228,"Pine Tree"
010,182,0050,0042,000,0228,"Pine Tree"
010,183,-032,0054,000,0228,"Pine Tree"
010,162,0018,0060,000,0228,"Pine Tree"
010,141,-026,0034,000,0228,"Pine Tree"
010,141,-042,0082,000,0228,"Pine Tree"
010,142,-062,0056,000,0232,"Round Top Tree"
010,162,-028,0072,000,0232,"Round Top Tree"
010,182,0060,0074,000,0232,"Round Top Tree"
010,141,-080,0052,000,0232,"Round Top Tree"
010,162,-020,0086,000,0240,"Big Pine Tree"
010,182,0022,0084,000,0240,"Big Pine Tree"
010,182,-012,0044,000,0240,"Big Pine Tree"
010,161,0086,0032,000,0240,"Big Pine Tree"
010,141,-022,0042,000,0240,"Big Pine Tree"
010,161,0014,0024,000,0240,"Big Pine Tree"
010,162,0010,0020,000,0208,"Big Tree"
010,162,-022,0102,000,0208,"Big Tree"
010,161,0052,0038,000,0208,"Big Tree"
010,160,0060,0098,000,0208,"Big Tree"
010,180,0070,0090,000,0208,"Big Tree"
010,181,0042,0068,000,0208,"Big Tree"
010,161,0002,0050,000,0208,"Big Tree"
010,161,0074,0060,000,0208,"Big Tree"
010,182,0030,0044,000,0208,"Big Tree"
010,162,-060,0068,000,0212,"Medium Tree"
010,161,0048,0050,000,0212,"Medium Tree"
010,183,-014,0048,000,0212,"Medium Tree"
010,203,0076,0088,000,0212,"Medium Tree"
010,183,0036,0062,000,0212,"Medium Tree"
010,161,-026,0040,000,0212,"Medium Tree"
010,300,0000,0046,000,0208,"Big Tree"
012,357,0078,0084,000,0208,"Big Tree"
012,357,0038,0060,000,0208,"Big Tree"
012,313,0064,0050,000,0208,"Big Tree"
012,315,-092,0068,000,0208,"Big Tree"
012,334,-022,0040,000,0208,"Big Tree"
012,294,-022,0016,000,0208,"Big Tree"
012,314,0038,0056,000,0208,"Big Tree"
012,272,-002,0162,000,0208,"Big Tree"
012,292,-014,0136,000,0208,"Big Tree"
012,354,0072,0056,000,0208,"Big Tree"
012,334,0010,0096,000,0208,"Big Tree"
012,333,0014,0040,000,0208,"Big Tree"
012,334,0094,0038,000,0208,"Big Tree"
012,355,0050,0032,000,0208,"Big Tree"
012,293,-038,0074,000,0212,"Medium Tree"
012,314,0050,0052,000,0212,"Medium Tree"
012,313,0046,0078,000,0212,"Medium Tree"
012,313,0072,0056,000,0212,"Medium Tree"
012,315,-082,0056,000,0212,"Medium Tree"
012,335,-042,0132,000,0212,"Medium Tree"
012,334,-022,0050,000,0212,"Medium Tree"
012,356,0076,0072,000,0212,"Medium Tree"
012,354,0096,0076,000,0212,"Medium Tree"
012,335,0068,0052,000,0212,"Medium Tree"
012,295,0036,0092,000,0212,"Medium Tree"
012,297,-050,0086,000,0212,"Medium Tree"
012,317,0008,0068,000,0212,"Medium Tree"
012,315,0034,0024,000,0212,"Medium Tree"
012,296,-040,0090,000,0212,"Medium Tree"
012,294,-004,0084,000,0212,"Medium Tree"
012,317,-012,0034,000,0212,"Medium Tree"
012,171,0072,0094,000,0208,"Big Tree"
012,171,0052,0080,000,0208,"Big Tree"
012,192,-008,0056,000,0208,"Big Tree"
012,172,-054,0038,000,0208,"Big Tree"
012,212,0002,0028,000,0208,"Big Tree"
012,112,-058,0070,000,0208,"Big Tree"
012,152,0024,0068,000,0208,"Big Tree"
012,131,0022,0024,000,0208,"Big Tree"
012,112,0000,0006,000,0208,"Big Tree"
012,152,0078,0080,000,0208,"Big Tree"
012,153,-016,0082,000,0208,"Big Tree"
012,132,0056,0064,000,0208,"Big Tree"
012,092,-004,0028,000,0208,"Big Tree"
012,091,-034,0066,000,0208,"Big Tree"
012,072,-056,0048,000,0208,"Big Tree"
012,092,-002,0088,000,0208,"Big Tree"
012,133,0038,0062,000,0208,"Big Tree"
012,150,0002,0008,000,0208,"Big Tree"
012,148,0032,0066,000,0208,"Big Tree"
012,151,-042,0038,000,0208,"Big Tree"
012,149,-010,0108,000,0208,"Big Tree"
012,129,0040,0094,000,0208,"Big Tree"
012,151,-088,0058,000,0208,"Big Tree"
012,130,0000,0108,000,0208,"Big Tree"
012,132,-022,0018,000,0212,"Medium Tree"
012,152,0044,0030,000,0212,"Medium Tree"
012,153,0008,0134,000,0212,"Medium Tree"
012,152,-018,0088,000,0212,"Medium Tree"
012,153,0052,0064,000,0212,"Medium Tree"
012,131,0088,0056,000,0212,"Medium Tree"
012,132,-066,0068,000,0212,"Medium Tree"
012,153,0008,0110,000,0212,"Medium Tree"
012,153,0052,0040,000,0212,"Medium Tree"
012,129,-008,0094,000,0212,"Medium Tree"
012,149,0058,0084,000,0212,"Medium Tree"
012,171,0022,0086,000,0212,"Medium Tree"
012,211,0046,0036,000,0212,"Medium Tree"
012,170,-004,0018,000,0212,"Medium Tree"
012,150,0048,0038,000,0212,"Medium Tree"
012,151,-044,0078,000,0212,"Medium Tree"
012,318,-019,0060,000,0283,"Long Barn SE"
012,298,0006,0085,000,0129,"Twin Silos NE (w/underlay)"
012,279,0006,0056,000,0025,"Stylish Farmhouse SSW (w/underlay)"
012,276,0077,0059,000,0220,"Big Bushy Tree"
012,277,0010,0022,000,0220,"Big Bushy Tree"
012,277,0053,0044,000,0220,"Big Bushy Tree"
012,278,-014,0011,000,0220,"Big Bushy Tree"
012,256,0024,0087,000,0220,"Big Bushy Tree"
012,257,-042,0048,000,0220,"Big Bushy Tree"
012,257,-002,0075,000,0220,"Big Bushy Tree"
012,257,0042,0098,000,0220,"Big Bushy Tree"
012,257,0020,0012,000,0220,"Big Bushy Tree"
012,236,-021,0113,000,0220,"Big Bushy Tree"
012,237,-049,0096,000,0220,"Big Bushy Tree"
012,237,-005,0121,000,0220,"Big Bushy Tree"
013,199,0003,0108,000,0273,"Rock Cluster B"
013,199,0026,0058,000,0272,"Rock Cluster A"
013,216,0005,0062,000,0273,"Rock Cluster B"
013,218,-016,0056,000,0274,"Rock Cluster C"
013,235,-005,0050,000,0274,"Rock Cluster C"
013,226,-022,0055,000,0273,"Rock Cluster B"
013,082,-004,0052,000,0273,"Rock Cluster B"
013,063,-004,0054,000,0273,"Rock Cluster B"
013,065,0010,0068,000,0273,"Rock Cluster B"
013,023,-006,0026,000,0273,"Rock Cluster B"
013,061,0014,0038,000,0273,"Rock Cluster B"
013,081,0004,0052,000,0272,"Rock Cluster A"
013,062,0008,0048,000,0272,"Rock Cluster A"
013,064,0006,0078,000,0272,"Rock Cluster A"
013,084,-018,0058,000,0272,"Rock Cluster A"
013,043,0016,0060,000,0272,"Rock Cluster A"
013,022,0010,0042,000,0272,"Rock Cluster A"
013,044,-098,0076,000,0273,"Rock Cluster B"
013,101,0106,0104,000,0273,"Rock Cluster B"
013,065,-098,0102,000,0273,"Rock Cluster B"
013,083,-002,0054,000,0274,"Rock Cluster C"
013,042,0024,0070,000,0274,"Rock Cluster C"
013,081,0094,0070,000,0274,"Rock Cluster C"
013,109,0011,0077,000,0273,"Rock Cluster B"
013,069,0001,0075,000,0273,"Rock Cluster B"
013,050,0013,0050,000,0273,"Rock Cluster B"
013,072,-008,0045,000,0273,"Rock Cluster B"
013,094,0007,0085,000,0273,"Rock Cluster B"
013,047,0006,0037,000,0273,"Rock Cluster B"
013,089,0001,0075,000,0272,"Rock Cluster A"
013,071,0015,0054,000,0272,"Rock Cluster A"
013,093,-003,0067,000,0272,"Rock Cluster A"
013,073,-061,0106,000,0272,"Rock Cluster A"
013,069,-075,0114,000,0274,"Rock Cluster C"
013,109,0019,0018,000,0274,"Rock Cluster C"
013,089,-016,0131,000,0274,"Rock Cluster C"
013,048,-076,0064,000,0274,"Rock Cluster C"
013,093,0027,0132,000,0274,"Rock Cluster C"
013,073,0003,0155,000,0274,"Rock Cluster C"
013,095,0006,0087,000,0273,"Rock Cluster B"
013,050,0003,0106,000,0274,"Rock Cluster C"
013,051,-069,0073,000,0274,"Rock Cluster C"
013,072,-034,0086,000,0274,"Rock Cluster C"
013,094,-005,0023,000,0274,"Rock Cluster C"
013,291,-052,0076,000,0208,"Big Tree"
013,291,0066,0082,000,0208,"Big Tree"
013,312,0050,0034,000,0208,"Big Tree"
013,293,-048,0062,000,0212,"Medium Tree"
013,292,-050,0074,000,0212,"Medium Tree"
013,356,0040,0034,000,0212,"Medium Tree"
013,337,0090,0072,000,0212,"Medium Tree"
013,358,-016,0102,000,0212,"Medium Tree"
013,337,-040,0038,000,0212,"Medium Tree"
013,356,0086,0058,000,0212,"Medium Tree"
013,303,-010,0072,000,0232,"Round Top Tree"
013,303,0022,0082,000,0232,"Round Top Tree"
013,323,0068,0034,000,0224,"Small Bushy Tree"
013,303,0084,0048,000,0224,"Small Bushy Tree"
013,323,-038,0024,000,0220,"Big Bushy Tree"
013,324,0038,0038,000,0220,"Big Bushy Tree"
013,303,0024,0080,000,0220,"Big Bushy Tree"
013,306,-012,0056,000,0220,"Big Bushy Tree"
013,265,-008,0094,000,0220,"Big Bushy Tree"
013,284,0078,0034,000,0220,"Big Bushy Tree"
013,265,-058,0068,000,0220,"Big Bushy Tree"
013,283,0022,0100,000,0220,"Big Bushy Tree"
013,285,0040,0046,000,0220,"Big Bushy Tree"
013,305,-026,0032,000,0220,"Big Bushy Tree"
013,265,0072,0036,000,0216,"Small Tree"
013,307,0056,0036,000,0216,"Small Tree"
013,305,0042,0052,000,0216,"Small Tree"
013,286,0046,0040,000,0216,"Small Tree"
013,266,-078,0056,000,0216,"Small Tree"
014,036,-003,0039,032,0301,"Farmhouse SE "
014,017,-005,0048,128,0070,"Large Barn SSE (w/underlay)"
014,333,0016,0036,000,0208,"Big Tree"
014,316,-056,0062,000,0208,"Big Tree"
014,256,-010,0080,000,0208,"Big Tree"
014,234,0012,0064,000,0208,"Big Tree"
014,258,0014,0054,000,0208,"Big Tree"
014,258,-024,0072,000,0212,"Medium Tree"
014,276,-022,0080,000,0212,"Medium Tree"
014,312,-086,0070,000,0212,"Medium Tree"
014,274,-008,0056,000,0212,"Medium Tree"
014,370,0000,0044,000,0212,"Medium Tree"
014,350,0002,0022,000,0212,"Medium Tree"
014,315,-058,0054,000,0216,"Small Tree"
014,317,0000,0028,000,0216,"Small Tree"
014,276,-016,0110,000,0216,"Small Tree"
014,258,-084,0058,000,0216,"Small Tree"
014,255,0008,0074,000,0216,"Small Tree"
014,334,-066,0054,000,0220,"Big Bushy Tree"
014,313,0008,0030,000,0220,"Big Bushy Tree"
014,315,0054,0074,000,0220,"Big Bushy Tree"
014,294,0046,0050,000,0220,"Big Bushy Tree"
014,318,0002,0112,000,0220,"Big Bushy Tree"
014,299,0028,0016,000,0220,"Big Bushy Tree"
014,257,-040,0040,000,0220,"Big Bushy Tree"
014,296,0054,0088,000,0224,"Small Bushy Tree"
014,296,-018,0036,000,0224,"Small Bushy Tree"
014,316,0034,0042,000,0224,"Small Bushy Tree"
014,316,0022,0102,000,0224,"Small Bushy Tree"
014,315,0006,0044,000,0224,"Small Bushy Tree"
014,334,0034,0034,000,0224,"Small Bushy Tree"
014,352,0038,0026,000,0224,"Small Bushy Tree"
014,332,0014,0046,000,0224,"Small Bushy Tree"
014,331,-044,0048,000,0224,"Small Bushy Tree"
014,275,0008,0030,000,0224,"Small Bushy Tree"
014,236,-026,0104,000,0224,"Small Bushy Tree"
014,277,0034,0058,000,0224,"Small Bushy Tree"
014,277,-014,0108,000,0224,"Small Bushy Tree"
014,259,-056,0042,000,0224,"Small Bushy Tree"
014,237,-028,0090,000,0224,"Small Bushy Tree"
014,276,0046,0058,000,0228,"Pine Tree"
014,317,0058,0056,000,0228,"Pine Tree"
014,296,-038,0066,000,0228,"Pine Tree"
014,334,-006,0052,000,0228,"Pine Tree"
014,333,-074,0038,000,0228,"Pine Tree"
014,293,-040,0086,000,0228,"Pine Tree"
014,254,0016,0070,000,0228,"Pine Tree"
014,235,0018,0064,000,0228,"Pine Tree"
014,296,0058,0058,000,0240,"Big Pine Tree"
014,257,-060,0084,000,0240,"Big Pine Tree"
014,314,-070,0028,000,0240,"Big Pine Tree"
014,277,-018,0048,000,0240,"Big Pine Tree"
014,294,-018,0056,000,0240,"Big Pine Tree"
014,315,0074,0090,000,0240,"Big Pine Tree"
014,256,-016,0026,000,0240,"Big Pine Tree"
014,295,-010,0076,000,0240,"Big Pine Tree"
014,350,0052,0072,000,0240,"Big Pine Tree"
014,348,0006,0102,000,0240,"Big Pine Tree"
014,349,0022,0076,000,0216,"Small Tree"
014,317,-008,0106,000,0220,"Big Bushy Tree"
014,298,-010,0048,000,0224,"Small Bushy Tree"
014,217,0018,0082,000,0224,"Small Bushy Tree"
014,216,-020,0054,000,0228,"Pine Tree"
014,316,-032,0100,000,0228,"Pine Tree"
014,036,-066,0066,000,0220,"Big Bushy Tree"
014,036,-040,0078,000,0224,"Small Bushy Tree"
014,035,0048,0070,000,0240,"Big Pine Tree"
014,035,0004,0074,000,0208,"Big Tree"
014,310,-044,0040,000,0208,"Big Tree"
014,328,-006,0080,000,0208,"Big Tree"
014,295,0064,0058,000,0240,"Big Pine Tree"
014,315,-028,0066,000,0240,"Big Pine Tree"
014,208,-017,0058,000,0272,"Rock Cluster A"
014,206,-004,0064,000,0273,"Rock Cluster B"
014,204,-015,0093,000,0274,"Rock Cluster C"
014,207,0000,0039,000,0274,"Rock Cluster C"
014,228,-010,0042,000,0274,"Rock Cluster C"
014,180,0001,0051,000,0273,"Rock Cluster B"
014,160,0001,0109,000,0272,"Rock Cluster A"
014,044,-028,0077,000,0274,"Rock Cluster C"
014,044,0002,0062,000,0272,"Rock Cluster A"
014,323,-064,0066,000,0208,"Big Tree"
014,301,-004,0102,000,0212,"Medium Tree"
014,301,-012,0068,000,0212,"Medium Tree"
014,342,-010,0022,000,0212,"Medium Tree"
014,341,0082,0060,000,0212,"Medium Tree"
014,286,0032,0100,000,0212,"Medium Tree"
014,286,-030,0062,000,0212,"Medium Tree"
014,306,-016,0064,000,0212,"Medium Tree"
014,266,0056,0092,000,0208,"Big Tree"
014,266,-018,0038,000,0208,"Big Tree"
014,266,0002,0092,000,0208,"Big Tree"
014,245,0008,0024,000,0208,"Big Tree"
014,097,-048,0074,000,0208,"Big Tree"
014,119,0014,0010,000,0208,"Big Tree"
014,098,0044,0068,000,0208,"Big Tree"
014,118,0022,0032,000,0208,"Big Tree"
014,097,0086,0084,000,0208,"Big Tree"
014,096,0056,0086,000,0208,"Big Tree"
014,077,0040,0066,000,0208,"Big Tree"
014,012,0086,0038,000,0208,"Big Tree"
014,033,-012,0034,000,0212,"Medium Tree"
014,014,-086,0080,000,0212,"Medium Tree"
014,033,0042,0058,000,0212,"Medium Tree"
014,033,-024,0040,000,0212,"Medium Tree"
014,014,-098,0086,000,0212,"Medium Tree"
014,033,0030,0064,000,0212,"Medium Tree"
014,339,0027,0069,000,0708,"Gate Control SE"
015,302,0058,0090,000,0228,"Pine Tree"
015,304,-024,0022,000,0228,"Pine Tree"
015,262,0062,0080,000,0228,"Pine Tree"
015,243,0040,0064,000,0228,"Pine Tree"
015,307,-066,0080,000,0228,"Pine Tree"
015,286,0048,0070,000,0228,"Pine Tree"
015,323,-016,0052,000,0232,"Round Top Tree"
015,303,-040,0088,000,0232,"Round Top Tree"
015,303,0022,0036,000,0232,"Round Top Tree"
015,305,0054,0056,000,0232,"Round Top Tree"
015,287,-046,0028,000,0232,"Round Top Tree"
015,267,-046,0092,000,0232,"Round Top Tree"
015,308,-068,0094,000,0232,"Round Top Tree"
015,349,0012,0076,000,0232,"Round Top Tree"
015,350,0018,0148,000,0232,"Round Top Tree"
015,322,0028,0030,000,0240,"Big Pine Tree"
015,282,0010,0052,000,0240,"Big Pine Tree"
015,261,0068,0064,000,0240,"Big Pine Tree"
015,243,-074,0060,000,0240,"Big Pine Tree"
015,306,0068,0052,000,0240,"Big Pine Tree"
015,329,-028,0048,000,0240,"Big Pine Tree"
015,269,-020,0094,000,0240,"Big Pine Tree"
015,288,0008,0092,000,0240,"Big Pine Tree"
015,308,0020,0052,000,0208,"Big Tree"
015,307,-012,0104,000,0208,"Big Tree"
015,306,0002,0082,000,0208,"Big Tree"
015,305,0038,0046,000,0208,"Big Tree"
015,304,0016,0078,000,0208,"Big Tree"
015,283,-106,0062,000,0208,"Big Tree"
015,262,0022,0062,000,0208,"Big Tree"
015,282,0046,0042,000,0208,"Big Tree"
015,323,-050,0030,000,0208,"Big Tree"
015,388,0004,0042,000,0208,"Big Tree"
015,370,0086,0086,000,0208,"Big Tree"
015,349,0044,0078,000,0208,"Big Tree"
015,329,0044,0062,000,0208,"Big Tree"
015,246,0002,0050,000,0208,"Big Tree"
015,266,0020,0058,000,0208,"Big Tree"
015,205,-072,0088,000,0208,"Big Tree"
015,333,0000,0020,000,0208,"Big Tree"
015,330,-002,0092,000,0212,"Medium Tree"
015,267,-040,0122,000,0212,"Medium Tree"
015,268,-038,0088,000,0212,"Medium Tree"
015,266,-068,0052,000,0212,"Medium Tree"
015,225,-050,0072,000,0212,"Medium Tree"
015,243,0000,0106,000,0212,"Medium Tree"
015,283,0076,0014,000,0212,"Medium Tree"
015,324,0028,0032,000,0212,"Medium Tree"
015,323,-046,0062,000,0212,"Medium Tree"
015,321,0032,0048,000,0212,"Medium Tree"
015,222,-012,0098,000,0212,"Medium Tree"
015,183,-050,0074,000,0212,"Medium Tree"
015,184,-020,0032,000,0212,"Medium Tree"
015,269,0066,0094,000,0216,"Small Tree"
015,351,0048,0102,000,0216,"Small Tree"
015,267,-004,0004,000,0216,"Small Tree"
015,287,-042,0076,000,0216,"Small Tree"
015,306,0010,0092,000,0216,"Small Tree"
015,305,0002,0078,000,0216,"Small Tree"
015,284,-084,0100,000,0216,"Small Tree"
015,304,0082,0066,000,0216,"Small Tree"
015,303,0016,0128,000,0216,"Small Tree"
015,323,0068,0068,000,0216,"Small Tree"
015,305,-012,0038,000,0216,"Small Tree"
015,305,0034,0070,000,0216,"Small Tree"
015,306,-022,0042,000,0216,"Small Tree"
015,305,-054,0030,000,0216,"Small Tree"
015,306,0030,0018,000,0216,"Small Tree"
015,286,0024,0054,000,0216,"Small Tree"
015,286,-044,0044,000,0216,"Small Tree"
015,286,0022,0096,000,0216,"Small Tree"
015,327,-014,0032,000,0216,"Small Tree"
015,326,-002,0052,000,0216,"Small Tree"
015,327,0048,0066,000,0220,"Big Bushy Tree"
015,326,0032,0070,000,0220,"Big Bushy Tree"
015,286,-040,0094,000,0220,"Big Bushy Tree"
015,329,-048,0018,000,0220,"Big Bushy Tree"
015,328,-066,0074,000,0220,"Big Bushy Tree"
015,308,-074,0062,000,0220,"Big Bushy Tree"
015,366,0002,0136,000,0240,"Big Pine Tree"
015,351,-014,0038,000,0240,"Big Pine Tree"
015,293,-088,0092,000,0240,"Big Pine Tree"
015,313,0092,0056,000,0240,"Big Pine Tree"
015,293,0026,0062,000,0240,"Big Pine Tree"
015,294,-006,0040,000,0240,"Big Pine Tree"
015,294,0024,0074,000,0240,"Big Pine Tree"
015,273,0024,0084,000,0240,"Big Pine Tree"
015,213,-002,0044,000,0240,"Big Pine Tree"
015,313,0010,0062,000,0208,"Big Tree"
015,293,0046,0090,000,0208,"Big Tree"
015,294,-038,0046,000,0208,"Big Tree"
015,293,-014,0080,000,0208,"Big Tree"
015,295,-072,0090,000,0208,"Big Tree"
015,294,0076,0046,000,0208,"Big Tree"
015,274,-054,0090,000,0208,"Big Tree"
015,293,0014,0090,000,0208,"Big Tree"
015,313,0044,0028,000,0208,"Big Tree"
015,313,-032,0046,000,0208,"Big Tree"
015,314,0040,0028,000,0208,"Big Tree"
015,293,0020,0112,000,0208,"Big Tree"
015,314,-020,0052,000,0208,"Big Tree"
015,294,0006,0086,000,0208,"Big Tree"
015,292,0086,0072,000,0208,"Big Tree"
015,292,0010,0048,000,0208,"Big Tree"
015,232,0016,0124,000,0208,"Big Tree"
015,252,0024,0072,000,0208,"Big Tree"
015,233,0016,0072,000,0208,"Big Tree"
015,309,-016,0090,000,0208,"Big Tree"
015,308,-016,0074,000,0208,"Big Tree"
015,328,-014,0062,000,0208,"Big Tree"
015,349,-040,0058,000,0208,"Big Tree"
015,350,-056,0090,000,0208,"Big Tree"
015,370,-056,0084,000,0208,"Big Tree"
015,330,-042,0038,000,0208,"Big Tree"
015,310,0044,0074,000,0208,"Big Tree"
015,330,-028,0096,000,0208,"Big Tree"
015,350,0014,0010,000,0212,"Medium Tree"
015,350,-026,0044,000,0212,"Medium Tree"
015,349,-006,0028,000,0212,"Medium Tree"
015,369,0094,0058,000,0212,"Medium Tree"
015,310,-070,0054,000,0212,"Medium Tree"
015,310,0022,0030,000,0212,"Medium Tree"
015,331,-032,0034,000,0212,"Medium Tree"
015,330,0062,0044,000,0212,"Medium Tree"
015,289,-024,0076,000,0212,"Medium Tree"
015,289,0078,0066,000,0212,"Medium Tree"
015,268,0002,0120,000,0212,"Medium Tree"
015,268,0056,0056,000,0212,"Medium Tree"
015,288,0086,0068,000,0212,"Medium Tree"
015,289,-018,0038,000,0212,"Medium Tree"
015,268,0056,0072,000,0216,"Small Tree"
015,269,-062,0110,000,0216,"Small Tree"
015,288,-040,0068,000,0216,"Small Tree"
015,267,0030,0110,000,0216,"Small Tree"
015,267,0016,0030,000,0216,"Small Tree"
015,267,0072,0084,000,0216,"Small Tree"
015,268,-012,0074,000,0216,"Small Tree"
015,309,0028,0036,000,0216,"Small Tree"
015,309,0016,0090,000,0216,"Small Tree"
015,350,0012,0050,000,0216,"Small Tree"
015,350,0054,0084,000,0216,"Small Tree"
015,370,0010,0012,000,0216,"Small Tree"
015,369,0048,0076,000,0216,"Small Tree"
015,349,-058,0058,000,0216,"Small Tree"
015,349,0000,0082,000,0216,"Small Tree"
015,329,-004,0056,000,0216,"Small Tree"
015,331,-052,0030,000,0216,"Small Tree"
015,330,0062,0052,000,0216,"Small Tree"
015,310,0012,0054,000,0216,"Small Tree"
015,310,-046,0046,000,0216,"Small Tree"
015,330,0022,0040,000,0216,"Small Tree"
015,330,-060,0064,000,0216,"Small Tree"
015,330,-068,0080,000,0216,"Small Tree"
015,330,0038,0086,000,0216,"Small Tree"
015,349,0034,0028,000,0216,"Small Tree"
015,329,-030,0060,000,0216,"Small Tree"
015,350,-054,0040,000,0220,"Big Bushy Tree"
015,349,0026,0040,000,0220,"Big Bushy Tree"
015,329,-010,0064,000,0220,"Big Bushy Tree"
015,330,0002,0054,000,0220,"Big Bushy Tree"
015,268,0028,0110,000,0220,"Big Bushy Tree"
015,289,0032,0064,000,0220,"Big Bushy Tree"
015,269,-038,0048,000,0220,"Big Bushy Tree"
015,269,-034,0064,000,0220,"Big Bushy Tree"
015,269,0002,0108,000,0220,"Big Bushy Tree"
015,269,0054,0058,000,0220,"Big Bushy Tree"
015,249,0036,0042,000,0220,"Big Bushy Tree"
015,229,-036,0016,000,0224,"Small Bushy Tree"
015,228,-006,0050,000,0224,"Small Bushy Tree"
015,249,0000,0110,000,0224,"Small Bushy Tree"
015,229,-038,0088,000,0228,"Pine Tree"
015,188,0008,0118,000,0228,"Pine Tree"
015,189,-052,0098,000,0228,"Pine Tree"
015,270,-012,0020,000,0228,"Pine Tree"
015,386,0080,0074,000,0224,"Small Bushy Tree"
015,343,0040,0024,000,0232,"Round Top Tree"
015,313,0050,0050,000,0228,"Pine Tree"
015,294,-010,0070,000,0228,"Pine Tree"
015,294,-024,0096,000,0228,"Pine Tree"
015,314,0020,0062,000,0228,"Pine Tree"
015,313,0000,0078,000,0228,"Pine Tree"
015,294,0070,0054,000,0228,"Pine Tree"
015,196,-054,0044,000,0228,"Pine Tree"
015,177,0014,0096,000,0228,"Pine Tree"
015,179,-042,0054,000,0228,"Pine Tree"
015,278,-050,0040,000,0228,"Pine Tree"
015,257,0034,0072,000,0228,"Pine Tree"
015,079,0012,0138,000,0228,"Pine Tree"
015,118,0008,0106,000,0228,"Pine Tree"
015,076,0022,0132,000,0228,"Pine Tree"
015,197,0038,0030,000,0228,"Pine Tree"
015,115,0038,0024,000,0228,"Pine Tree"
015,213,0052,0078,000,0232,"Round Top Tree"
015,096,-042,0048,000,0232,"Round Top Tree"
015,097,-004,0092,000,0232,"Round Top Tree"
015,099,-018,0108,000,0232,"Round Top Tree"
015,018,0026,0042,000,0208,"Big Tree"
015,114,-050,0076,000,0208,"Big Tree"
015,195,-054,0076,000,0208,"Big Tree"
015,278,0008,0076,000,0208,"Big Tree"
015,336,0000,0090,000,0208,"Big Tree"
015,334,-048,0100,000,0208,"Big Tree"
015,299,-028,0098,000,0208,"Big Tree"
015,299,0050,0062,000,0212,"Medium Tree"
015,298,0056,0050,000,0212,"Medium Tree"
015,298,0072,0104,000,0212,"Medium Tree"
015,279,-030,0104,000,0212,"Medium Tree"
015,319,0044,0076,000,0216,"Small Tree"
015,299,0010,0046,000,0216,"Small Tree"
015,278,0020,0118,000,0216,"Small Tree"
015,278,0066,0078,000,0216,"Small Tree"
015,279,-054,0082,000,0216,"Small Tree"
015,299,0020,0086,000,0220,"Big Bushy Tree"
015,299,-060,0044,000,0220,"Big Bushy Tree"
015,279,-078,0092,000,0220,"Big Bushy Tree"
015,319,0062,0082,000,0224,"Small Bushy Tree"
015,299,-016,0114,000,0224,"Small Bushy Tree"
015,299,-014,0040,000,0224,"Small Bushy Tree"
015,278,-004,0138,000,0224,"Small Bushy Tree"
015,279,-060,0106,000,0224,"Small Bushy Tree"
015,299,0100,0066,000,0228,"Pine Tree"
015,163,0038,0088,000,0208,"Big Tree"
015,123,-042,0084,000,0208,"Big Tree"
015,122,-044,0068,000,0208,"Big Tree"
015,124,0002,0110,000,0208,"Big Tree"
015,102,0036,0096,000,0208,"Big Tree"
015,164,-016,0028,000,0208,"Big Tree"
016,377,-026,0066,000,0228,"Pine Tree"
016,357,-008,0078,000,0228,"Pine Tree"
016,377,0096,0058,000,0232,"Round Top Tree"
016,357,-062,0048,000,0232,"Round Top Tree"
016,357,-060,0088,000,0232,"Round Top Tree"
016,397,-006,0032,000,0232,"Round Top Tree"
016,280,0030,0046,000,0228,"Pine Tree"
016,284,0058,0064,000,0228,"Pine Tree"
016,282,0048,0064,000,0228,"Pine Tree"
016,301,0030,0030,000,0228,"Pine Tree"
016,300,-002,0014,000,0228,"Pine Tree"
016,242,0046,0060,000,0228,"Pine Tree"
016,226,0040,0088,000,0228,"Pine Tree"
016,206,-032,0028,000,0228,"Pine Tree"
016,124,0022,0128,000,0228,"Pine Tree"
016,142,0048,0062,000,0228,"Pine Tree"
016,063,0072,0060,000,0228,"Pine Tree"
016,096,0044,0038,000,0228,"Pine Tree"
016,073,0062,0062,000,0228,"Pine Tree"
016,051,0040,0028,000,0228,"Pine Tree"
016,038,-048,0028,000,0228,"Pine Tree"
016,237,-016,0044,000,0228,"Pine Tree"
016,117,0030,0034,000,0228,"Pine Tree"
016,071,-056,0094,000,0228,"Pine Tree"
016,067,0014,0072,000,0228,"Pine Tree"
016,145,-022,0060,000,0232,"Round Top Tree"
016,205,0064,0068,000,0232,"Round Top Tree"
016,263,-010,0060,000,0232,"Round Top Tree"
016,261,0058,0058,000,0232,"Round Top Tree"
016,227,-006,0040,000,0232,"Round Top Tree"
016,169,-046,0026,000,0232,"Round Top Tree"
016,126,-080,0066,000,0232,"Round Top Tree"
016,148,0008,0020,000,0232,"Round Top Tree"
016,087,-042,0066,000,0232,"Round Top Tree"
016,192,-094,0070,000,0232,"Round Top Tree"
016,234,0050,0020,000,0232,"Round Top Tree"
016,137,0054,0050,000,0232,"Round Top Tree"
016,218,-026,0062,000,0232,"Round Top Tree"
016,057,-050,0092,000,0232,"Round Top Tree"
016,031,0100,0062,000,0232,"Round Top Tree"
016,066,0050,0110,000,0208,"Big Tree"
016,029,0024,0058,000,0208,"Big Tree"
016,055,0020,0070,000,0208,"Big Tree"
016,116,0018,0060,000,0208,"Big Tree"
016,218,0038,0084,000,0208,"Big Tree"
016,171,-028,0102,000,0208,"Big Tree"
016,188,0038,0066,000,0208,"Big Tree"
016,107,0000,0056,000,0208,"Big Tree"
016,143,-052,0060,000,0208,"Big Tree"
016,226,-048,0062,000,0208,"Big Tree"
016,263,-062,0036,000,0208,"Big Tree"
016,221,-038,0050,000,0208,"Big Tree"
016,042,-056,0062,000,0208,"Big Tree"
016,376,0036,0046,000,0208,"Big Tree"
016,397,-080,0072,000,0240,"Big Pine Tree"
016,104,-016,0120,000,0212,"Medium Tree"
016,104,0068,0090,000,0212,"Medium Tree"
016,105,-032,0064,000,0212,"Medium Tree"
016,125,-016,0036,000,0216,"Small Tree"
016,083,0052,0066,000,0216,"Small Tree"
016,104,0038,0124,000,0216,"Small Tree"
016,105,-050,0112,000,0220,"Big Bushy Tree"
016,124,0060,0048,000,0220,"Big Bushy Tree"
016,084,-062,0042,000,0220,"Big Bushy Tree"
016,104,0006,0154,000,0224,"Small Bushy Tree"
016,124,-026,0098,000,0224,"Small Bushy Tree"
016,084,-014,0054,000,0224,"Small Bushy Tree"
016,104,0010,0056,000,0224,"Small Bushy Tree"
016,124,-014,0040,000,0228,"Pine Tree"
016,104,-054,0092,000,0228,"Pine Tree"
016,104,0006,0080,000,0228,"Pine Tree"
016,105,-100,0068,000,0228,"Pine Tree"
016,105,-062,0058,000,0228,"Pine Tree"
016,105,-024,0014,000,0228,"Pine Tree"
016,104,0028,0076,000,0232,"Round Top Tree"
016,125,0054,0098,000,0232,"Round Top Tree"
016,125,-024,0132,000,0232,"Round Top Tree"
016,125,-002,0048,000,0232,"Round Top Tree"
016,104,-036,0106,000,0232,"Round Top Tree"
016,104,-004,0076,000,0232,"Round Top Tree"
016,104,0014,0090,000,0232,"Round Top Tree"
016,124,0052,0060,000,0240,"Big Pine Tree"
016,104,0018,0110,000,0240,"Big Pine Tree"
016,105,-048,0070,000,0240,"Big Pine Tree"
016,084,-036,0060,000,0240,"Big Pine Tree"
016,083,-010,0054,000,0240,"Big Pine Tree"
016,145,0038,0082,000,0240,"Big Pine Tree"
016,124,0052,0072,000,0208,"Big Tree"
016,104,0020,0118,000,0208,"Big Tree"
016,280,0018,0084,000,0208,"Big Tree"
016,300,-002,0058,000,0212,"Medium Tree"
016,280,-038,0044,000,0216,"Small Tree"
016,280,-052,0068,000,0220,"Big Bushy Tree"
016,185,0058,0038,000,0232,"Round Top Tree"
016,185,-054,0062,000,0232,"Round Top Tree"
016,165,0044,0082,000,0240,"Big Pine Tree"
016,165,-072,0078,000,0240,"Big Pine Tree"
016,185,-004,0084,000,0240,"Big Pine Tree"
016,205,0002,0078,000,0240,"Big Pine Tree"
016,205,-042,0038,000,0208,"Big Tree"
016,185,-068,0080,000,0208,"Big Tree"
016,185,-022,0092,000,0208,"Big Tree"
016,185,0038,0040,000,0208,"Big Tree"
016,165,-004,0062,000,0212,"Medium Tree"
016,185,-012,0036,000,0212,"Medium Tree"
016,185,0028,0062,000,0212,"Medium Tree"
016,185,0076,0058,000,0212,"Medium Tree"
016,165,-018,0070,000,0212,"Medium Tree"
016,185,-032,0118,000,0212,"Medium Tree"
016,205,0036,0028,000,0212,"Medium Tree"
016,206,0040,0044,000,0212,"Medium Tree"
016,206,-022,0080,000,0212,"Medium Tree"
016,205,-048,0060,000,0216,"Small Tree"
016,205,-002,0024,000,0216,"Small Tree"
016,205,-076,0052,000,0216,"Small Tree"
016,145,-034,0088,000,0216,"Small Tree"
016,165,-030,0026,000,0216,"Small Tree"
016,174,0012,0090,000,0224,"Small Bushy Tree"
016,157,-048,0110,000,0224,"Small Bushy Tree"
016,154,-032,0076,000,0228,"Pine Tree"
016,154,-004,0026,000,0228,"Pine Tree"
016,154,0010,0066,000,0228,"Pine Tree"
016,175,-012,0062,000,0232,"Round Top Tree"
016,174,0046,0054,000,0232,"Round Top Tree"
016,154,0000,0038,000,0232,"Round Top Tree"
016,157,0004,0124,000,0232,"Round Top Tree"
016,154,0032,0058,000,0212,"Medium Tree"
016,057,-028,0088,000,0212,"Medium Tree"
016,057,-042,0028,000,0212,"Medium Tree"
016,057,0006,0074,000,0212,"Medium Tree"
016,077,0026,0058,000,0216,"Small Tree"
016,056,0014,0074,000,0216,"Small Tree"
016,077,-016,0100,000,0220,"Big Bushy Tree"
016,037,-028,0094,000,0220,"Big Bushy Tree"
016,057,-020,0040,000,0224,"Small Bushy Tree"
016,057,0052,0082,000,0224,"Small Bushy Tree"
016,057,0044,0090,000,0228,"Pine Tree"
016,057,0036,0028,000,0228,"Pine Tree"
016,077,-038,0048,000,0228,"Pine Tree"
016,077,0040,0068,000,0228,"Pine Tree"
016,056,0038,0098,000,0228,"Pine Tree"
016,058,-018,0018,000,0232,"Round Top Tree"
016,037,-042,0046,000,0232,"Round Top Tree"
016,077,-004,0016,000,0232,"Round Top Tree"
016,055,0086,0074,000,0232,"Round Top Tree"
016,236,0004,0064,000,0232,"Round Top Tree"
016,277,-018,0024,000,0232,"Round Top Tree"
016,235,-046,0124,000,0232,"Round Top Tree"
016,215,-034,0098,000,0232,"Round Top Tree"
016,058,-066,0028,000,0240,"Big Pine Tree"
016,057,-054,0046,000,0240,"Big Pine Tree"
016,077,0056,0062,000,0240,"Big Pine Tree"
016,056,0062,0038,000,0240,"Big Pine Tree"
016,057,0000,0020,000,0240,"Big Pine Tree"
016,039,-054,0078,000,0208,"Big Tree"
016,058,0024,0064,000,0208,"Big Tree"
016,018,0002,0084,000,0208,"Big Tree"
016,076,0018,0052,000,0208,"Big Tree"
016,097,0020,0050,000,0208,"Big Tree"
016,096,0036,0048,000,0208,"Big Tree"
016,097,0018,0024,000,0208,"Big Tree"
016,129,0000,0098,000,0208,"Big Tree"
016,149,-044,0034,000,0208,"Big Tree"
016,169,0088,0054,000,0208,"Big Tree"
016,129,0052,0048,000,0208,"Big Tree"
016,129,-012,0034,000,0208,"Big Tree"
016,129,-054,0062,000,0208,"Big Tree"
016,131,0028,0048,000,0208,"Big Tree"
016,131,-002,0034,000,0208,"Big Tree"
016,151,0020,0042,000,0208,"Big Tree"
016,172,0020,0022,000,0208,"Big Tree"
016,172,0050,0102,000,0208,"Big Tree"
016,172,-054,0050,000,0208,"Big Tree"
016,149,0045,0047,000,0212,"Medium Tree"
016,150,-072,0070,000,0212,"Medium Tree"
016,148,-024,0120,000,0212,"Medium Tree"
016,148,-053,0081,000,0212,"Medium Tree"
016,148,-013,0132,000,0212,"Medium Tree"
016,168,0078,0074,000,0212,"Medium Tree"
016,149,-054,0075,000,0212,"Medium Tree"
016,131,-070,0086,000,0212,"Medium Tree"
016,171,0097,0044,000,0212,"Medium Tree"
016,151,0012,0018,000,0212,"Medium Tree"
016,151,0061,0055,000,0212,"Medium Tree"
016,151,-062,0076,000,0212,"Medium Tree"
016,152,-081,0051,000,0212,"Medium Tree"
016,171,0042,0037,000,0212,"Medium Tree"
016,172,0007,0019,000,0212,"Medium Tree"
016,171,0025,0061,000,0212,"Medium Tree"
016,171,0023,0034,000,0216,"Small Tree"
016,172,0028,0042,000,0216,"Small Tree"
016,152,-082,0034,000,0216,"Small Tree"
016,151,-024,0048,000,0216,"Small Tree"
016,151,-059,0043,000,0216,"Small Tree"
016,129,0067,0064,000,0216,"Small Tree"
016,149,0017,0108,000,0216,"Small Tree"
016,148,0057,0058,000,0216,"Small Tree"
016,149,0008,0020,000,0216,"Small Tree"
016,149,0015,0096,000,0216,"Small Tree"
016,149,0044,0105,000,0216,"Small Tree"
016,129,-091,0072,000,0216,"Small Tree"
016,149,0020,0056,000,0216,"Small Tree"
016,149,0019,0081,000,0216,"Small Tree"
016,150,-041,0026,000,0216,"Small Tree"
016,150,-085,0054,000,0216,"Small Tree"
016,148,0053,0108,000,0216,"Small Tree"
016,129,-011,0019,000,0216,"Small Tree"
016,107,0043,0106,000,0216,"Small Tree"
016,151,0024,0086,000,0216,"Small Tree"
016,131,0009,0049,000,0216,"Small Tree"
016,151,0081,0049,000,0216,"Small Tree"
016,131,-015,0055,000,0216,"Small Tree"
016,131,-022,0040,000,0216,"Small Tree"
016,151,-050,0061,000,0220,"Big Bushy Tree"
016,131,0014,0095,000,0220,"Big Bushy Tree"
016,131,-029,0052,000,0220,"Big Bushy Tree"
016,130,0076,0072,000,0224,"Small Bushy Tree"
016,131,0022,0013,000,0224,"Small Bushy Tree"
016,131,-075,0051,000,0224,"Small Bushy Tree"
016,131,0041,0088,000,0224,"Small Bushy Tree"
016,131,-014,0118,000,0224,"Small Bushy Tree"
016,131,0081,0049,000,0224,"Small Bushy Tree"
016,131,-007,0039,000,0224,"Small Bushy Tree"
016,131,0069,0074,000,0224,"Small Bushy Tree"
016,129,-001,0132,000,0224,"Small Bushy Tree"
016,129,-068,0045,000,0224,"Small Bushy Tree"
016,129,0047,0044,000,0224,"Small Bushy Tree"
016,129,-018,0073,000,0224,"Small Bushy Tree"
016,129,-006,0056,000,0240,"Big Pine Tree"
016,172,0006,0005,000,0240,"Big Pine Tree"
016,152,-105,0046,000,0240,"Big Pine Tree"
016,129,-016,0131,000,0240,"Big Pine Tree"
016,129,-014,0121,000,0240,"Big Pine Tree"
016,129,-025,0034,000,0240,"Big Pine Tree"
016,387,-014,0058,000,0212,"Medium Tree"
016,390,0034,0084,000,0216,"Small Tree"
017,102,-008,0076,000,0228,"Pine Tree"
017,160,0016,0092,000,0228,"Pine Tree"
017,180,0026,0030,000,0232,"Round Top Tree"
017,060,0012,0080,000,0232,"Round Top Tree"
017,122,0012,0052,000,0208,"Big Tree"
017,385,-056,0072,000,0212,"Medium Tree"
017,365,0034,0060,000,0212,"Medium Tree"
017,364,0026,0036,000,0212,"Medium Tree"
017,385,0002,0002,000,0216,"Small Tree"
017,372,0036,0032,000,0220,"Big Bushy Tree"
017,391,0048,0070,000,0216,"Small Tree"
017,332,-104,0042,000,0216,"Small Tree"
017,365,-036,0048,000,0216,"Small Tree"
017,364,0028,0064,000,0216,"Small Tree"
017,385,0012,0050,000,0220,"Big Bushy Tree"
017,365,-020,0092,000,0224,"Small Bushy Tree"
017,344,-024,0084,000,0224,"Small Bushy Tree"
017,365,-046,0028,000,0224,"Small Bushy Tree"
017,365,0012,0008,000,0224,"Small Bushy Tree"
017,305,0098,0058,000,0228,"Pine Tree"
017,266,-050,0072,000,0228,"Pine Tree"
017,266,0052,0072,000,0232,"Round Top Tree"
017,245,0000,0056,000,0232,"Round Top Tree"
017,305,0020,0014,000,0240,"Big Pine Tree"
017,286,-084,0048,000,0240,"Big Pine Tree"
017,266,-002,0042,000,0240,"Big Pine Tree"
017,140,0058,0112,000,0208,"Big Tree"
017,141,-046,0054,000,0208,"Big Tree"
018,159,-066,0084,000,0212,"Medium Tree"
018,198,-088,0056,000,0212,"Medium Tree"
018,218,0014,0120,000,0212,"Medium Tree"
018,197,-032,0014,000,0212,"Medium Tree"
018,198,0002,0064,000,0212,"Medium Tree"
018,198,0008,0104,000,0212,"Medium Tree"
018,279,-060,0068,000,0220,"Big Bushy Tree"
018,259,0028,0080,000,0220,"Big Bushy Tree"
018,238,0002,0158,000,0220,"Big Bushy Tree"
018,159,-004,0088,000,0240,"Big Pine Tree"
018,355,0036,0090,000,0212,"Medium Tree"
018,394,0082,0038,000,0212,"Medium Tree"
018,396,-008,0072,000,0212,"Medium Tree"
018,375,-026,0028,000,0212,"Medium Tree"
018,375,0004,0048,000,0212,"Medium Tree"
018,398,0004,0024,000,0212,"Medium Tree"
018,358,-022,0062,000,0212,"Medium Tree"
018,378,0000,0098,000,0212,"Medium Tree"
018,337,0016,0112,000,0212,"Medium Tree"
018,357,-012,0042,000,0212,"Medium Tree"
018,397,0076,0046,000,0212,"Medium Tree"
018,351,-044,0060,000,0212,"Medium Tree"
018,372,0032,0028,000,0212,"Medium Tree"
018,372,-050,0088,000,0212,"Medium Tree"
018,351,0008,0070,000,0212,"Medium Tree"
018,372,0022,0078,000,0212,"Medium Tree"
018,373,-042,0058,000,0212,"Medium Tree"
018,352,-080,0034,000,0212,"Medium Tree"
018,352,-078,0064,000,0212,"Medium Tree"
018,376,0042,0066,000,0208,"Big Tree"
018,377,-048,0062,000,0208,"Big Tree"
018,377,-040,0050,000,0208,"Big Tree"
018,376,-026,0026,000,0208,"Big Tree"
018,375,0040,0116,000,0208,"Big Tree"
018,373,-018,0014,000,0208,"Big Tree"
018,374,-076,0066,000,0208,"Big Tree"
018,394,-030,0038,000,0208,"Big Tree"
018,394,-052,0062,000,0208,"Big Tree"
018,374,-028,0090,000,0208,"Big Tree"
018,375,-054,0092,000,0208,"Big Tree"
018,370,0020,0114,000,0208,"Big Tree"
018,391,0072,0060,000,0208,"Big Tree"
018,392,0010,0044,000,0208,"Big Tree"
018,393,-016,0024,000,0208,"Big Tree"
018,371,-020,0050,000,0208,"Big Tree"
018,335,-066,0056,000,0208,"Big Tree"
018,356,-068,0072,000,0208,"Big Tree"
018,315,-044,0064,000,0208,"Big Tree"
018,335,0038,0076,000,0208,"Big Tree"
018,315,0044,0042,000,0208,"Big Tree"
018,295,-084,0094,000,0208,"Big Tree"
018,375,0080,0092,000,0208,"Big Tree"
018,397,-038,0088,000,0212,"Medium Tree"
018,399,-080,0060,000,0212,"Medium Tree"
018,374,-064,0064,000,0216,"Small Tree"
018,395,-004,0012,000,0216,"Small Tree"
018,353,0032,0074,000,0216,"Small Tree"
018,393,0016,0082,000,0216,"Small Tree"
018,373,0006,0082,000,0216,"Small Tree"
018,355,0014,0102,000,0216,"Small Tree"
018,375,-086,0050,000,0216,"Small Tree"
018,354,0006,0010,000,0216,"Small Tree"
018,355,-090,0072,000,0216,"Small Tree"
018,333,-060,0084,000,0216,"Small Tree"
018,357,0052,0062,000,0216,"Small Tree"
018,315,0044,0070,000,0216,"Small Tree"
018,295,-032,0124,000,0216,"Small Tree"
018,336,0034,0060,000,0216,"Small Tree"
018,315,0006,0086,000,0216,"Small Tree"
018,315,-052,0092,000,0216,"Small Tree"
018,336,0044,0036,000,0216,"Small Tree"
018,374,0036,0032,000,0240,"Big Pine Tree"
018,395,0004,0012,000,0240,"Big Pine Tree"
018,375,-054,0036,000,0240,"Big Pine Tree"
018,374,-070,0090,000,0240,"Big Pine Tree"
018,375,-086,0062,000,0240,"Big Pine Tree"
018,395,0004,0006,000,0240,"Big Pine Tree"
018,395,-040,0084,000,0240,"Big Pine Tree"
018,379,-028,0026,000,0240,"Big Pine Tree"
018,356,-068,0054,000,0240,"Big Pine Tree"
018,398,0064,0060,000,0240,"Big Pine Tree"
018,337,-062,0044,000,0240,"Big Pine Tree"
018,337,-008,0082,000,0240,"Big Pine Tree"
018,376,0048,0018,000,0240,"Big Pine Tree"
018,337,-010,0122,000,0228,"Pine Tree"
018,357,-038,0090,000,0228,"Pine Tree"
018,378,0024,0042,000,0228,"Pine Tree"
018,357,-044,0082,000,0228,"Pine Tree"
018,398,0016,0064,000,0228,"Pine Tree"
018,376,0028,0066,000,0228,"Pine Tree"
018,337,-010,0116,000,0228,"Pine Tree"
018,357,-038,0084,000,0228,"Pine Tree"
018,378,0024,0036,000,0228,"Pine Tree"
018,357,-044,0076,000,0228,"Pine Tree"
018,398,0016,0058,000,0228,"Pine Tree"
018,376,0028,0060,000,0228,"Pine Tree"
018,371,-020,0036,000,0232,"Round Top Tree"
018,352,-020,0046,000,0232,"Round Top Tree"
018,372,0082,0076,000,0232,"Round Top Tree"
018,394,-044,0038,000,0232,"Round Top Tree"
018,392,0004,0008,000,0232,"Round Top Tree"
018,371,-014,0092,000,0232,"Round Top Tree"
018,372,-028,0026,000,0232,"Round Top Tree"
018,394,0034,0052,000,0232,"Round Top Tree"
019,279,-006,0056,000,0208,"Big Tree"
019,258,0018,0032,000,0208,"Big Tree"
019,219,-030,0102,000,0208,"Big Tree"
019,217,0076,0058,000,0208,"Big Tree"
019,275,-030,0018,000,0208,"Big Tree"
019,294,-032,0072,000,0208,"Big Tree"
019,256,0028,0054,000,0212,"Medium Tree"
019,218,0042,0042,000,0212,"Medium Tree"
019,219,0064,0052,000,0212,"Medium Tree"
019,256,-040,0040,000,0216,"Small Tree"
019,256,0040,0068,000,0216,"Small Tree"
019,218,-020,0034,000,0216,"Small Tree"
019,218,0004,0076,000,0216,"Small Tree"
019,219,0044,0062,000,0216,"Small Tree"
019,337,0018,0032,000,0216,"Small Tree"
019,294,0062,0100,000,0216,"Small Tree"
019,254,0060,0132,000,0216,"Small Tree"
019,255,0042,0038,000,0216,"Small Tree"
019,275,-026,0078,000,0216,"Small Tree"
019,216,0018,0060,000,0216,"Small Tree"
019,235,0030,0024,000,0216,"Small Tree"
019,259,0026,0068,000,0220,"Big Bushy Tree"
019,336,0024,0060,000,0220,"Big Bushy Tree"
019,255,0000,0072,000,0220,"Big Bushy Tree"
019,258,-006,0114,000,0224,"Small Bushy Tree"
019,239,0074,0056,000,0224,"Small Bushy Tree"
019,278,0030,0034,000,0228,"Pine Tree"
019,257,0016,0074,000,0228,"Pine Tree"
019,239,0024,0058,000,0228,"Pine Tree"
019,255,0034,0084,000,0228,"Pine Tree"
019,295,0022,0032,000,0228,"Pine Tree"
019,316,0020,0098,000,0228,"Pine Tree"
019,332,0051,0082,000,0224,"Small Bushy Tree"
019,332,-018,0071,000,0228,"Pine Tree"
019,225,-012,0068,000,0208,"Big Tree"
019,225,0022,0070,000,0208,"Big Tree"
019,267,0004,0012,000,0208,"Big Tree"
019,266,0018,0066,000,0208,"Big Tree"
019,265,0076,0044,000,0208,"Big Tree"
019,286,0024,0038,000,0208,"Big Tree"
019,286,-014,0088,000,0208,"Big Tree"
019,183,0042,0118,000,0208,"Big Tree"
019,142,-002,0004,000,0208,"Big Tree"
019,285,0022,0010,000,0208,"Big Tree"
019,305,0042,0078,000,0208,"Big Tree"
019,305,-036,0072,000,0208,"Big Tree"
019,328,-030,0100,000,0208,"Big Tree"
019,327,0054,0032,000,0208,"Big Tree"
019,306,-028,0084,000,0208,"Big Tree"
019,346,0076,0060,000,0208,"Big Tree"
019,327,-022,0048,000,0208,"Big Tree"
019,328,-002,0072,000,0208,"Big Tree"
019,305,-046,0118,000,0208,"Big Tree"
019,304,0062,0024,000,0208,"Big Tree"
019,284,0006,0012,000,0208,"Big Tree"
019,285,0056,0036,000,0208,"Big Tree"
019,285,0022,0030,000,0208,"Big Tree"
019,284,0030,0076,000,0208,"Big Tree"
019,286,-004,0086,000,0212,"Medium Tree"
019,308,-040,0052,000,0212,"Medium Tree"
019,288,-078,0062,000,0212,"Medium Tree"
019,285,0068,0056,000,0212,"Medium Tree"
019,307,0034,0016,000,0212,"Medium Tree"
019,327,0062,0024,000,0212,"Medium Tree"
019,308,-054,0088,000,0212,"Medium Tree"
019,328,0056,0078,000,0212,"Medium Tree"
019,307,0002,0078,000,0212,"Medium Tree"
019,327,0060,0018,000,0212,"Medium Tree"
019,307,0022,0036,000,0212,"Medium Tree"
019,304,-010,0030,000,0212,"Medium Tree"
019,284,-088,0056,000,0212,"Medium Tree"
019,304,0018,0098,000,0212,"Medium Tree"
019,264,-020,0100,000,0212,"Medium Tree"
019,305,0000,0162,000,0212,"Medium Tree"
019,307,-056,0038,000,0212,"Medium Tree"
019,265,0060,0034,000,0212,"Medium Tree"
019,246,-100,0106,000,0212,"Medium Tree"
019,306,0076,0054,000,0212,"Medium Tree"
019,245,-018,0134,000,0212,"Medium Tree"
019,266,-016,0074,000,0212,"Medium Tree"
019,245,-052,0138,000,0212,"Medium Tree"
019,161,-064,0056,000,0212,"Medium Tree"
019,161,-046,0074,000,0212,"Medium Tree"
019,161,0048,0094,000,0212,"Medium Tree"
019,161,-066,0044,000,0212,"Medium Tree"
019,172,-050,0036,000,0216,"Small Tree"
019,232,0010,0056,000,0216,"Small Tree"
019,171,0042,0056,000,0216,"Small Tree"
019,192,-006,0108,000,0216,"Small Tree"
019,150,-002,0056,000,0216,"Small Tree"
019,168,0054,0036,000,0216,"Small Tree"
019,149,0002,0050,000,0216,"Small Tree"
019,149,-002,0068,000,0216,"Small Tree"
019,212,-028,0030,000,0216,"Small Tree"
019,168,0056,0042,000,0216,"Small Tree"
019,149,0004,0056,000,0216,"Small Tree"
019,211,0032,0070,000,0216,"Small Tree"
019,230,0050,0060,000,0216,"Small Tree"
019,211,-068,0044,000,0216,"Small Tree"
019,190,0062,0086,000,0216,"Small Tree"
019,232,-044,0026,000,0216,"Small Tree"
019,212,0026,0042,000,0220,"Big Bushy Tree"
019,189,0016,0026,000,0220,"Big Bushy Tree"
019,306,0060,0080,000,0220,"Big Bushy Tree"
019,306,0046,0052,000,0220,"Big Bushy Tree"
019,326,-024,0058,000,0220,"Big Bushy Tree"
019,306,-026,0050,000,0220,"Big Bushy Tree"
019,305,0004,0150,000,0220,"Big Bushy Tree"
019,346,0022,0014,000,0220,"Big Bushy Tree"
019,246,0006,0076,000,0220,"Big Bushy Tree"
019,288,-088,0052,000,0220,"Big Bushy Tree"
019,247,-060,0062,000,0220,"Big Bushy Tree"
019,287,0066,0022,000,0220,"Big Bushy Tree"
019,261,-092,0092,000,0220,"Big Bushy Tree"
019,261,-036,0082,000,0220,"Big Bushy Tree"
019,260,0072,0062,000,0220,"Big Bushy Tree"
019,223,0040,0114,000,0220,"Big Bushy Tree"
019,204,-004,0042,000,0220,"Big Bushy Tree"
019,204,-046,0062,000,0220,"Big Bushy Tree"
019,163,0012,0062,000,0212,"Medium Tree"
019,163,0002,0074,000,0212,"Medium Tree"
019,184,-070,0060,000,0212,"Medium Tree"
019,205,0012,0060,000,0212,"Medium Tree"
019,205,-068,0072,000,0212,"Medium Tree"
019,185,0026,0014,000,0212,"Medium Tree"
019,193,0046,0126,000,0212,"Medium Tree"
019,194,0026,0026,000,0212,"Medium Tree"
019,214,-060,0088,000,0212,"Medium Tree"
019,173,0022,0096,000,0212,"Medium Tree"
019,234,0084,0110,000,0212,"Medium Tree"
019,194,0034,0034,000,0212,"Medium Tree"
019,194,-042,0040,000,0212,"Medium Tree"
019,233,-002,0144,000,0212,"Medium Tree"
019,192,-078,0064,000,0212,"Medium Tree"
019,213,-014,0090,000,0212,"Medium Tree"
019,254,-034,0034,000,0212,"Medium Tree"
019,233,0046,0080,000,0212,"Medium Tree"
019,234,0002,0020,000,0212,"Medium Tree"
019,215,0010,0072,000,0240,"Big Pine Tree"
019,214,0012,0156,000,0240,"Big Pine Tree"
019,193,0036,0108,000,0240,"Big Pine Tree"
019,194,0030,0030,000,0240,"Big Pine Tree"
019,213,0050,0066,000,0240,"Big Pine Tree"
019,194,-006,0118,000,0240,"Big Pine Tree"
019,151,-030,0068,000,0240,"Big Pine Tree"
019,193,-064,0060,000,0240,"Big Pine Tree"
019,213,0080,0078,000,0240,"Big Pine Tree"
019,193,0072,0090,000,0240,"Big Pine Tree"
019,172,0034,0026,000,0240,"Big Pine Tree"
019,151,-028,0060,000,0240,"Big Pine Tree"
019,192,-026,0080,000,0240,"Big Pine Tree"
019,169,0056,0060,000,0240,"Big Pine Tree"
019,265,0040,0070,000,0240,"Big Pine Tree"
019,306,-062,0062,000,0240,"Big Pine Tree"
019,305,-010,0082,000,0240,"Big Pine Tree"
019,265,0050,0056,000,0240,"Big Pine Tree"
019,305,-018,0132,000,0240,"Big Pine Tree"
019,305,0030,0038,000,0240,"Big Pine Tree"
019,349,0048,0022,000,0240,"Big Pine Tree"
019,347,0002,0118,000,0240,"Big Pine Tree"
019,348,0024,0068,000,0240,"Big Pine Tree"
019,225,-076,0078,000,0240,"Big Pine Tree"
019,183,-032,0094,000,0240,"Big Pine Tree"
019,183,0012,0102,000,0240,"Big Pine Tree"
019,180,-010,0050,000,0240,"Big Pine Tree"
019,180,-054,0042,000,0240,"Big Pine Tree"
019,140,-030,0058,000,0240,"Big Pine Tree"
019,160,0070,0072,000,0240,"Big Pine Tree"
019,158,0026,0058,000,0240,"Big Pine Tree"
019,139,0002,0064,000,0240,"Big Pine Tree"
019,159,-062,0066,000,0240,"Big Pine Tree"
019,159,0026,0102,000,0240,"Big Pine Tree"
019,158,0004,0132,000,0240,"Big Pine Tree"
019,178,0012,0018,000,0240,"Big Pine Tree"
019,157,0014,0012,000,0240,"Big Pine Tree"
019,137,0062,0036,000,0240,"Big Pine Tree"
019,158,0000,0004,000,0240,"Big Pine Tree"
019,159,-080,0114,000,0240,"Big Pine Tree"
019,178,0028,0030,000,0228,"Pine Tree"
019,137,0036,0082,000,0228,"Pine Tree"
019,137,-008,0018,000,0228,"Pine Tree"
019,158,0050,0074,000,0228,"Pine Tree"
019,199,-092,0062,000,0228,"Pine Tree"
019,117,-042,0092,000,0228,"Pine Tree"
019,178,0018,0052,000,0228,"Pine Tree"
019,213,-058,0070,000,0228,"Pine Tree"
019,212,0040,0032,000,0228,"Pine Tree"
019,233,-020,0090,000,0228,"Pine Tree"
019,213,-022,0020,000,0228,"Pine Tree"
019,213,-014,0014,000,0228,"Pine Tree"
019,233,-018,0062,000,0228,"Pine Tree"
019,191,0066,0040,000,0228,"Pine Tree"
019,233,0000,0038,000,0228,"Pine Tree"
019,232,0074,0098,000,0228,"Pine Tree"
019,211,-052,0032,000,0228,"Pine Tree"
019,213,0018,0106,000,0228,"Pine Tree"
019,192,-002,0044,000,0228,"Pine Tree"
019,239,0053,0039,000,0208,"Big Tree"
020,178,-004,0055,096,0079,"Grain storage SE (w/underlay)"
020,218,-004,0055,096,0079,"Grain storage SE (w/underlay)"
020,258,-004,0055,096,0079,"Grain storage SE (w/underlay)"
020,298,-004,0055,096,0079,"Grain storage SE (w/underlay)"
020,338,-004,0055,096,0079,"Grain storage SE (w/underlay)"
020,220,0040,0046,000,0208,"Big Tree"
020,184,0012,0098,000,0208,"Big Tree"
020,220,0074,0076,000,0216,"Small Tree"
020,241,0018,0014,000,0216,"Small Tree"
020,241,0038,0052,000,0216,"Small Tree"
020,243,-026,0032,000,0216,"Small Tree"
020,368,-016,0078,000,0216,"Small Tree"
020,220,0002,0074,000,0220,"Big Bushy Tree"
020,206,-002,0066,000,0220,"Big Bushy Tree"
020,300,0082,0062,000,0224,"Small Bushy Tree"
020,181,0000,0040,000,0228,"Pine Tree"
020,388,0044,0048,000,0224,"Small Bushy Tree"
020,395,0026,0072,000,0208,"Big Tree"
020,395,0012,0090,000,0208,"Big Tree"
020,395,-052,0094,000,0208,"Big Tree"
020,170,-036,0024,000,0208,"Big Tree"
020,192,-032,0084,000,0208,"Big Tree"
020,168,0038,0102,000,0208,"Big Tree"
020,149,-012,0104,000,0208,"Big Tree"
020,190,-002,0064,000,0208,"Big Tree"
020,149,-074,0044,000,0208,"Big Tree"
020,170,0008,0020,000,0208,"Big Tree"
020,190,-008,0066,000,0208,"Big Tree"
020,168,-004,0116,000,0208,"Big Tree"
020,189,0050,0054,000,0208,"Big Tree"
020,149,-080,0046,000,0208,"Big Tree"
020,127,-050,0038,000,0208,"Big Tree"
020,125,-012,0034,000,0208,"Big Tree"
020,146,0056,0034,000,0208,"Big Tree"
020,125,-046,0024,000,0208,"Big Tree"
020,186,0060,0072,000,0208,"Big Tree"
020,206,-004,0068,000,0208,"Big Tree"
020,185,0004,0102,000,0208,"Big Tree"
020,158,-002,0100,000,0208,"Big Tree"
020,156,0064,0046,000,0208,"Big Tree"
020,177,0030,0122,000,0208,"Big Tree"
020,136,-002,0038,000,0208,"Big Tree"
020,136,0000,0052,000,0208,"Big Tree"
020,136,0044,0082,000,0208,"Big Tree"
020,156,0008,0084,000,0208,"Big Tree"
020,154,0076,0086,000,0208,"Big Tree"
020,155,0074,0102,000,0208,"Big Tree"
020,157,0014,0080,000,0208,"Big Tree"
020,140,-016,0048,000,0240,"Big Pine Tree"
020,160,-044,0008,000,0240,"Big Pine Tree"
020,058,0043,0075,000,0081,"Crew Barracks NW"
020,059,0031,0055,000,0280,"Gas Tank SW"
021,283,-005,0048,000,0070,"Large Barn SSE (w/underlay)"
021,152,0066,0066,000,0208,"Big Tree"
021,114,-078,0046,000,0208,"Big Tree"
021,197,-004,0020,000,0208,"Big Tree"
021,157,0080,0064,000,0208,"Big Tree"
021,214,-048,0034,000,0208,"Big Tree"
021,190,-002,0096,000,0208,"Big Tree"
021,149,-066,0054,000,0208,"Big Tree"
021,253,0034,0032,000,0208,"Big Tree"
021,254,0040,0076,000,0212,"Medium Tree"
021,235,-022,0082,000,0212,"Medium Tree"
021,155,0046,0052,000,0212,"Medium Tree"
021,158,-052,0038,000,0212,"Medium Tree"
021,074,-006,0094,000,0212,"Medium Tree"
021,135,0014,0014,000,0212,"Medium Tree"
021,153,-102,0086,000,0212,"Medium Tree"
021,277,0042,0066,000,0212,"Medium Tree"
021,139,-014,0048,000,0212,"Medium Tree"
021,133,0010,0010,000,0212,"Medium Tree"
021,150,0012,0008,000,0212,"Medium Tree"
021,210,-082,0084,000,0212,"Medium Tree"
021,208,-034,0126,000,0212,"Medium Tree"
021,192,-092,0042,000,0216,"Small Tree"
021,215,-038,0102,000,0216,"Small Tree"
021,175,-002,0084,000,0216,"Small Tree"
021,131,0074,0014,000,0216,"Small Tree"
021,094,-064,0060,000,0216,"Small Tree"
021,134,-020,0040,000,0216,"Small Tree"
021,156,0004,0058,000,0216,"Small Tree"
021,237,-048,0032,000,0216,"Small Tree"
021,194,0034,0036,000,0216,"Small Tree"
021,213,-048,0056,000,0216,"Small Tree"
021,193,-016,0056,000,0220,"Big Bushy Tree"
021,154,-006,0044,000,0220,"Big Bushy Tree"
021,132,0010,0060,000,0220,"Big Bushy Tree"
021,150,0004,0072,000,0220,"Big Bushy Tree"
021,151,0010,0094,000,0220,"Big Bushy Tree"
021,177,-024,0120,000,0220,"Big Bushy Tree"
021,178,0008,0076,000,0220,"Big Bushy Tree"
021,175,0100,0020,000,0220,"Big Bushy Tree"
021,216,-004,0078,000,0220,"Big Bushy Tree"
021,195,-006,0076,000,0220,"Big Bushy Tree"
021,153,-020,0098,000,0220,"Big Bushy Tree"
021,234,0080,0050,000,0220,"Big Bushy Tree"
021,273,0006,0020,000,0220,"Big Bushy Tree"
021,212,-028,0094,000,0220,"Big Bushy Tree"
021,187,0014,0050,000,0220,"Big Bushy Tree"
021,189,0034,0116,000,0224,"Small Bushy Tree"
021,231,0022,0120,000,0224,"Small Bushy Tree"
021,192,0062,0084,000,0224,"Small Bushy Tree"
021,172,0026,0030,000,0224,"Small Bushy Tree"
021,172,-096,0088,000,0224,"Small Bushy Tree"
021,215,0018,0048,000,0224,"Small Bushy Tree"
021,234,0018,0040,000,0224,"Small Bushy Tree"
021,237,0002,0116,000,0224,"Small Bushy Tree"
021,154,-026,0056,000,0224,"Small Bushy Tree"
021,134,0080,0076,000,0224,"Small Bushy Tree"
021,153,0056,0046,000,0224,"Small Bushy Tree"
021,193,0060,0044,000,0224,"Small Bushy Tree"
021,152,-032,0062,000,0224,"Small Bushy Tree"
021,131,0008,0004,000,0224,"Small Bushy Tree"
021,133,-060,0050,000,0224,"Small Bushy Tree"
021,152,0008,0014,000,0224,"Small Bushy Tree"
021,150,-016,0096,000,0224,"Small Bushy Tree"
021,170,-052,0036,000,0224,"Small Bushy Tree"
021,190,0078,0056,000,0224,"Small Bushy Tree"
021,170,-014,0070,000,0224,"Small Bushy Tree"
021,169,-008,0116,000,0224,"Small Bushy Tree"
021,168,0000,0076,000,0224,"Small Bushy Tree"
021,189,-012,0078,000,0224,"Small Bushy Tree"
021,192,0006,0108,000,0224,"Small Bushy Tree"
021,231,0028,0092,000,0224,"Small Bushy Tree"
021,193,0076,0064,000,0224,"Small Bushy Tree"
021,151,-046,0066,000,0224,"Small Bushy Tree"
021,192,0032,0064,000,0224,"Small Bushy Tree"
021,232,0060,0070,000,0224,"Small Bushy Tree"
021,232,-044,0100,000,0224,"Small Bushy Tree"
021,231,0024,0010,000,0224,"Small Bushy Tree"
021,231,0080,0058,000,0224,"Small Bushy Tree"
021,152,0018,0092,000,0224,"Small Bushy Tree"
021,154,0004,0054,000,0224,"Small Bushy Tree"
021,175,-060,0080,000,0224,"Small Bushy Tree"
021,196,0012,0080,000,0224,"Small Bushy Tree"
021,216,0048,0068,000,0224,"Small Bushy Tree"
021,215,0052,0032,000,0224,"Small Bushy Tree"
021,194,-068,0074,000,0224,"Small Bushy Tree"
021,214,0028,0086,000,0224,"Small Bushy Tree"
021,234,0008,0042,000,0224,"Small Bushy Tree"
021,213,-034,0104,000,0224,"Small Bushy Tree"
021,233,-010,0060,000,0224,"Small Bushy Tree"
021,192,-022,0100,000,0224,"Small Bushy Tree"
021,193,-046,0096,000,0224,"Small Bushy Tree"
021,134,0022,0110,000,0224,"Small Bushy Tree"
021,133,0020,0094,000,0224,"Small Bushy Tree"
021,092,0006,0096,000,0224,"Small Bushy Tree"
021,114,0044,0044,000,0224,"Small Bushy Tree"
021,115,-074,0096,000,0224,"Small Bushy Tree"
021,177,0068,0052,000,0224,"Small Bushy Tree"
021,196,0016,0024,000,0224,"Small Bushy Tree"
021,179,0018,0148,000,0224,"Small Bushy Tree"
021,196,0020,0114,000,0224,"Small Bushy Tree"
021,215,0082,0050,000,0224,"Small Bushy Tree"
021,194,-010,0052,000,0224,"Small Bushy Tree"
021,175,0042,0018,000,0228,"Pine Tree"
021,194,0018,0072,000,0228,"Pine Tree"
021,215,-040,0074,000,0228,"Pine Tree"
021,214,0060,0064,000,0228,"Pine Tree"
021,193,-010,0006,000,0228,"Pine Tree"
021,211,0018,0082,000,0228,"Pine Tree"
021,213,-014,0022,000,0228,"Pine Tree"
021,153,-036,0034,000,0228,"Pine Tree"
021,171,-020,0030,000,0228,"Pine Tree"
021,170,0004,0086,000,0228,"Pine Tree"
021,230,-034,0088,000,0228,"Pine Tree"
021,209,-060,0100,000,0228,"Pine Tree"
021,178,-038,0098,000,0228,"Pine Tree"
021,177,0000,0008,000,0228,"Pine Tree"
021,177,0064,0098,000,0228,"Pine Tree"
021,196,-002,0098,000,0228,"Pine Tree"
021,135,-022,0070,000,0228,"Pine Tree"
021,137,0028,0016,000,0228,"Pine Tree"
021,115,0026,0078,000,0228,"Pine Tree"
021,136,-016,0006,000,0228,"Pine Tree"
021,094,-002,0016,000,0228,"Pine Tree"
021,093,0000,0050,000,0228,"Pine Tree"
021,172,0066,0058,000,0228,"Pine Tree"
021,171,0084,0060,000,0228,"Pine Tree"
021,132,-006,0108,000,0228,"Pine Tree"
021,196,-064,0072,000,0228,"Pine Tree"
021,211,0000,0008,000,0240,"Big Pine Tree"
021,249,0002,0024,000,0208,"Big Tree"
021,229,-036,0138,000,0208,"Big Tree"
021,188,0048,0096,000,0208,"Big Tree"
021,230,0064,0068,000,0208,"Big Tree"
021,248,-068,0110,000,0208,"Big Tree"
021,248,0004,0140,000,0208,"Big Tree"
021,228,0086,0064,000,0208,"Big Tree"
021,229,-006,0154,000,0208,"Big Tree"
021,383,0084,0066,000,0208,"Big Tree"
021,363,-024,0080,000,0208,"Big Tree"
021,365,-042,0070,000,0208,"Big Tree"
021,343,-060,0054,000,0208,"Big Tree"
021,386,0006,0006,000,0208,"Big Tree"
021,384,-016,0040,000,0208,"Big Tree"
021,365,-024,0112,000,0212,"Medium Tree"
021,344,-012,0078,000,0212,"Medium Tree"
021,363,0054,0052,000,0212,"Medium Tree"
021,364,-022,0076,000,0212,"Medium Tree"
021,342,0000,0122,000,0212,"Medium Tree"
021,364,0038,0026,000,0212,"Medium Tree"
021,342,0006,0072,000,0212,"Medium Tree"
021,363,0004,0062,000,0212,"Medium Tree"
021,363,0040,0034,000,0212,"Medium Tree"
021,363,-032,0058,000,0212,"Medium Tree"
021,383,0016,0034,000,0212,"Medium Tree"
021,364,-014,0010,000,0212,"Medium Tree"
021,384,-010,0030,000,0212,"Medium Tree"
021,385,0074,0050,000,0212,"Medium Tree"
021,382,0002,0134,000,0212,"Medium Tree"
021,382,-012,0102,000,0216,"Small Tree"
021,364,-054,0072,000,0216,"Small Tree"
021,364,0016,0064,000,0216,"Small Tree"
021,344,0050,0038,000,0216,"Small Tree"
021,186,-002,0026,000,0216,"Small Tree"
021,189,-060,0082,000,0216,"Small Tree"
021,188,0004,0134,000,0216,"Small Tree"
021,080,0000,0064,000,0646,"Southwest Gate"
021,041,0043,0075,000,0081,"Crew Barracks NW"
021,042,0032,0054,000,0280,"Gas Tank SW"
021,063,-001,0070,000,0536,"Container Stack SE"
021,397,0011,0065,000,0344,"Purification Plant NW"
022,172,0004,0064,032,0300,"Stylish Farmhouse SW "
022,211,-019,0060,032,0019,"Long Barn NE (w/underlay)"
022,171,-024,0100,032,0037,"(null)"
022,057,0008,0056,000,0228,"Pine Tree"
022,037,-036,0076,000,0228,"Pine Tree"
022,036,0076,0068,000,0228,"Pine Tree"
022,097,0072,0070,000,0228,"Pine Tree"
022,059,0092,0064,000,0228,"Pine Tree"
022,037,-012,0012,000,0232,"Round Top Tree"
022,057,-018,0094,000,0232,"Round Top Tree"
022,272,0026,0058,000,0240,"Big Pine Tree"
022,293,0046,0042,000,0240,"Big Pine Tree"
022,292,-006,0064,000,0220,"Big Bushy Tree"
022,191,0010,0100,000,0216,"Small Tree"
022,192,-066,0054,000,0216,"Small Tree"
022,192,-034,0070,000,0216,"Small Tree"
022,192,0002,0076,000,0216,"Small Tree"
022,192,0054,0070,000,0216,"Small Tree"
022,172,-020,0110,000,0216,"Small Tree"
022,192,0010,0020,000,0220,"Big Bushy Tree"
022,193,0012,0060,000,0220,"Big Bushy Tree"
022,077,-006,0046,000,0208,"Big Tree"
022,037,0054,0072,000,0220,"Big Bushy Tree"
022,055,0058,0064,000,0240,"Big Pine Tree"
022,071,-008,0038,000,0208,"Big Tree"
022,032,-066,0072,000,0208,"Big Tree"
022,008,0078,0064,000,0208,"Big Tree"
022,050,-044,0028,000,0212,"Medium Tree"
022,009,-028,0082,000,0212,"Medium Tree"
022,073,0026,0058,000,0212,"Medium Tree"
022,013,0002,0042,000,0212,"Medium Tree"
022,028,0006,0078,000,0212,"Medium Tree"
022,093,-014,0026,000,0216,"Small Tree"
022,073,-032,0052,000,0216,"Small Tree"
022,070,-054,0072,000,0216,"Small Tree"
022,049,0026,0022,000,0216,"Small Tree"
022,012,-072,0076,000,0216,"Small Tree"
022,033,-072,0080,000,0216,"Small Tree"
022,206,0001,0055,160,0296,"Command Station"
022,294,-080,0076,000,0208,"Big Tree"
022,274,-084,0074,000,0208,"Big Tree"
022,253,-078,0066,000,0208,"Big Tree"
022,367,0010,0098,000,0303,"Fuel Tank"
022,347,0002,0100,000,0303,"Fuel Tank"
022,162,0010,0072,000,0496,"Component Warehouse SE"
022,163,-002,0064,000,0496,"Component Warehouse SE"
022,164,-004,0064,000,0496,"Component Warehouse SE"
022,265,-012,0106,000,0619,"Resource Warehouse SE"
022,398,0002,0104,000,0654,"Extraction Marker"
022,365,-002,0095,000,0303,"Fuel Tank"
022,345,0003,0102,000,0303,"Fuel Tank"
022,325,0004,0100,000,0303,"Fuel Tank"
022,324,0001,0100,000,0303,"Fuel Tank"
022,344,-004,0096,000,0303,"Fuel Tank"
022,364,0001,0093,000,0303,"Fuel Tank"
022,327,-002,0069,000,0725,"Liquid Storage B R4"
022,287,0022,0046,000,0619,"Resource Warehouse SE"
023,086,-014,0034,000,0220,"Big Bushy Tree"
023,105,0084,0052,000,0216,"Small Tree"
023,102,0068,0062,000,0212,"Medium Tree"
023,104,0016,0028,000,0216,"Small Tree"
023,106,0026,0106,000,0216,"Small Tree"
023,081,0068,0068,000,0216,"Small Tree"
023,020,-016,0038,000,0216,"Small Tree"
023,031,-012,0090,000,0220,"Big Bushy Tree"
023,009,-066,0044,000,0220,"Big Bushy Tree"
023,029,-010,0066,000,0220,"Big Bushy Tree"
023,032,-024,0054,000,0216,"Small Tree"
023,009,-008,0062,000,0216,"Small Tree"
023,009,0062,0060,000,0216,"Small Tree"
023,009,-056,0076,000,0216,"Small Tree"
023,030,-052,0042,000,0216,"Small Tree"
023,049,0004,0020,000,0216,"Small Tree"
023,005,-016,0014,000,0228,"Pine Tree"
023,004,-010,0062,000,0228,"Pine Tree"
023,004,0018,0030,000,0228,"Pine Tree"
024,079,-028,0070,000,0212,"Medium Tree"
024,059,0056,0090,000,0212,"Medium Tree"
024,039,-016,0034,000,0212,"Medium Tree"
024,058,0066,0026,000,0212,"Medium Tree"
024,079,-066,0030,000,0212,"Medium Tree"
024,013,0052,0088,000,0212,"Medium Tree"
024,014,0018,0074,000,0212,"Medium Tree"
024,035,-064,0032,000,0212,"Medium Tree"
024,014,-006,0014,000,0212,"Medium Tree"
024,035,0008,0022,000,0212,"Medium Tree"
024,036,-056,0024,000,0212,"Medium Tree"
024,014,0016,0040,000,0212,"Medium Tree"
024,013,0050,0096,000,0212,"Medium Tree"
024,014,0016,0082,000,0212,"Medium Tree"
024,035,-066,0040,000,0212,"Medium Tree"
024,014,-008,0022,000,0212,"Medium Tree"
024,035,0006,0030,000,0212,"Medium Tree"
024,036,-058,0032,000,0212,"Medium Tree"
024,014,0014,0048,000,0212,"Medium Tree"
024,016,-064,0068,000,0208,"Big Tree"
024,016,0064,0090,000,0208,"Big Tree"
024,056,0020,0078,000,0208,"Big Tree"
024,017,-026,0042,000,0208,"Big Tree"
024,016,-056,0068,000,0208,"Big Tree"
024,016,0038,0074,000,0208,"Big Tree"
024,016,-002,0054,000,0208,"Big Tree"
024,016,0046,0062,000,0208,"Big Tree"
024,012,0008,0014,000,0208,"Big Tree"
024,012,-014,0038,000,0208,"Big Tree"
024,078,-038,0072,000,0208,"Big Tree"
024,078,0004,0042,000,0208,"Big Tree"
024,099,-002,0088,000,0208,"Big Tree"
024,097,0066,0048,000,0208,"Big Tree"
024,078,0038,0052,000,0208,"Big Tree"
024,099,-040,0046,000,0208,"Big Tree"
024,098,0044,0060,000,0208,"Big Tree"
024,078,-024,0092,000,0208,"Big Tree"
024,119,0080,0076,000,0208,"Big Tree"
024,097,0038,0098,000,0208,"Big Tree"
024,078,0010,0102,000,0208,"Big Tree"
024,119,0042,0034,000,0208,"Big Tree"
024,019,-016,0026,000,0212,"Medium Tree"
024,019,-016,0078,000,0212,"Medium Tree"
024,019,0010,0018,000,0212,"Medium Tree"
024,016,-088,0066,000,0216,"Small Tree"
024,056,0096,0090,000,0216,"Small Tree"
024,035,-014,0084,000,0216,"Small Tree"
024,056,-024,0036,000,0216,"Small Tree"
024,035,-018,0030,000,0216,"Small Tree"
024,038,-022,0076,000,0240,"Big Pine Tree"
024,078,-036,0072,000,0240,"Big Pine Tree"
024,058,0018,0108,000,0240,"Big Pine Tree"
024,016,0038,0096,000,0240,"Big Pine Tree"
024,039,-014,0050,000,0240,"Big Pine Tree"
024,038,-072,0062,000,0228,"Pine Tree"
024,078,-018,0036,000,0228,"Pine Tree"
024,077,-018,0086,000,0228,"Pine Tree"
024,057,0028,0108,000,0228,"Pine Tree"
024,098,0010,0058,000,0228,"Pine Tree"
024,058,-076,0056,000,0228,"Pine Tree"
024,077,0024,0082,000,0232,"Round Top Tree"
024,058,0082,0042,000,0232,"Round Top Tree"
024,036,-018,0008,000,0232,"Round Top Tree"
024,036,-002,0112,000,0232,"Round Top Tree"
024,037,-016,0106,000,0232,"Round Top Tree"
024,057,0086,0078,000,0232,"Round Top Tree"
024,035,0092,0068,000,0232,"Round Top Tree"
024,013,0026,0046,000,0232,"Round Top Tree"
025,060,-032,0042,000,0212,"Medium Tree"
025,040,0016,0084,000,0212,"Medium Tree"
025,040,-054,0032,000,0212,"Medium Tree"
025,101,-086,0070,000,0208,"Big Tree"
025,102,-026,0032,000,0208,"Big Tree"
025,060,-030,0054,000,0208,"Big Tree"
025,060,-050,0090,000,0208,"Big Tree"
025,121,0066,0062,000,0208,"Big Tree"
025,081,-032,0026,000,0208,"Big Tree"
025,102,0018,0016,000,0208,"Big Tree"
025,100,0052,0076,000,0208,"Big Tree"
025,101,-086,0064,000,0208,"Big Tree"
025,020,0044,0090,000,0212,"Medium Tree"
025,000,-016,0006,000,0212,"Medium Tree"
025,000,-014,0054,000,0240,"Big Pine Tree"
025,042,-100,0066,000,0240,"Big Pine Tree"
025,041,0004,0074,000,0240,"Big Pine Tree"
025,061,-016,0056,000,0240,"Big Pine Tree"
025,061,-004,0048,000,0240,"Big Pine Tree"
025,021,-028,0082,000,0240,"Big Pine Tree"
025,060,-032,0074,000,0228,"Pine Tree"
025,061,0072,0048,000,0228,"Pine Tree"
025,041,0000,0080,000,0228,"Pine Tree"
025,041,0032,0080,000,0228,"Pine Tree"
025,060,0022,0120,000,0228,"Pine Tree"
025,060,-006,0124,000,0228,"Pine Tree"
026,155,-003,0039,160,0302,"Farmhouse SW "
026,153,0010,0082,000,0271,"Barricade B \"
026,277,-004,0070,128,0072,"Barn NE (w/underlay)"
026,114,0001,0075,096,0140,"Small Water Tower R1 (w/underlay)"
026,113,0003,0053,128,0069,"Small Barn SSW (w/underlay)"
026,255,-006,0064,000,0203,"Junked Cars NE"
026,276,-038,0044,000,0200,"Junked Cars SE"
026,275,-006,0032,000,0201,"Junked Cars SW"
026,275,0082,0058,000,0253,"Small Barrels A \"
026,255,0014,0110,000,0253,"Small Barrels A \"
026,153,-014,0102,000,0269,"Barricade A \"
026,219,-009,0075,160,0354,"House (w/pool) SE"
026,259,0027,0064,160,0286,"Small Barn SW"
026,079,-003,0039,160,0302,"Farmhouse SW "
026,256,-019,0065,000,0038,"Processing Plant SE (w/underlay)"
026,178,0009,0058,096,0297,"Modern Farmhouse SE"
026,295,0006,0085,000,0306,"(null)"
026,316,0006,0085,000,0306,"(null)"
026,296,-006,0095,000,0305,"(null)"
026,198,-048,0056,000,0220,"Big Bushy Tree"
026,218,0008,0058,000,0220,"Big Bushy Tree"
026,198,-018,0076,000,0224,"Small Bushy Tree"
026,218,-044,0042,000,0224,"Small Bushy Tree"
026,135,-020,0108,000,0240,"Big Pine Tree"
026,134,0008,0118,000,0208,"Big Tree"
026,155,0050,0070,000,0208,"Big Tree"
026,174,-080,0064,000,0212,"Medium Tree"
026,194,0048,0036,000,0212,"Medium Tree"
026,178,0072,0054,000,0216,"Small Tree"
026,178,0000,0100,000,0216,"Small Tree"
026,174,0004,0064,000,0078,"Stylish Farmhouse SE (w/underlay)"
026,027,0000,0086,000,0228,"Pine Tree"
026,005,-076,0042,000,0228,"Pine Tree"
026,008,-040,0042,000,0224,"Small Bushy Tree"
026,295,0008,0016,000,0271,"Barricade B \"
026,295,0044,0036,000,0271,"Barricade B \"
026,295,0084,0058,000,0271,"Barricade B \"
026,296,0008,0014,000,0271,"Barricade B \"
026,296,0048,0036,000,0271,"Barricade B \"
026,296,0084,0056,000,0271,"Barricade B \"
026,297,-022,0022,000,0270,"Barricade B /"
026,297,-064,0046,000,0270,"Barricade B /"
026,297,-092,0066,000,0270,"Barricade B /"
026,317,-018,0022,000,0270,"Barricade B /"
026,317,-056,0044,000,0270,"Barricade B /"
026,317,-088,0064,000,0270,"Barricade B /"
026,316,-084,0058,000,0270,"Barricade B /"
026,316,-044,0040,000,0270,"Barricade B /"
026,316,-006,0014,000,0270,"Barricade B /"
026,295,-084,0060,000,0270,"Barricade B /"
026,295,-046,0038,000,0270,"Barricade B /"
026,336,0086,0058,000,0269,"Barricade A \"
026,336,0046,0038,000,0269,"Barricade A \"
026,336,0016,0010,000,0269,"Barricade A \"
026,295,-008,0116,000,0269,"Barricade A \"
026,295,-048,0096,000,0269,"Barricade A \"
026,295,-084,0072,000,0269,"Barricade A \"
026,175,0016,0104,000,0208,"Big Tree"
026,176,-046,0070,000,0208,"Big Tree"
026,176,-006,0100,000,0208,"Big Tree"
026,177,-078,0046,000,0208,"Big Tree"
026,176,0072,0098,000,0208,"Big Tree"
026,175,0070,0068,000,0208,"Big Tree"
026,176,0000,0034,000,0208,"Big Tree"
026,176,0042,0066,000,0208,"Big Tree"
026,090,0016,0026,000,0212,"Medium Tree"
026,109,-004,0006,000,0212,"Medium Tree"
026,069,0072,0066,000,0212,"Medium Tree"
026,088,0004,0088,000,0212,"Medium Tree"
026,109,0022,0088,000,0212,"Medium Tree"
026,130,0078,0050,000,0212,"Medium Tree"
026,090,0054,0074,000,0212,"Medium Tree"
026,129,-068,0074,000,0212,"Medium Tree"
026,149,-016,0024,000,0212,"Medium Tree"
026,149,-050,0076,000,0212,"Medium Tree"
026,127,-004,0046,000,0212,"Medium Tree"
026,127,0012,0036,000,0212,"Medium Tree"
026,091,0010,0028,000,0208,"Big Tree"
026,090,0002,0020,000,0208,"Big Tree"
026,089,-012,0064,000,0208,"Big Tree"
026,091,0008,0020,000,0208,"Big Tree"
026,070,-042,0040,000,0208,"Big Tree"
026,068,0016,0082,000,0208,"Big Tree"
026,028,-004,0070,000,0208,"Big Tree"
026,049,-014,0058,000,0208,"Big Tree"
026,103,0088,0078,000,0208,"Big Tree"
026,015,0056,0032,000,0208,"Big Tree"
026,036,0064,0106,000,0208,"Big Tree"
026,037,0000,0074,000,0208,"Big Tree"
026,038,0008,0038,000,0216,"Small Tree"
026,017,-020,0082,000,0216,"Small Tree"
026,038,0050,0074,000,0216,"Small Tree"
026,037,0048,0082,000,0216,"Small Tree"
026,057,-038,0058,000,0216,"Small Tree"
026,057,0008,0072,000,0216,"Small Tree"
026,037,0042,0032,000,0216,"Small Tree"
026,077,-052,0128,000,0216,"Small Tree"
026,058,0016,0104,000,0216,"Small Tree"
026,016,-002,0086,000,0216,"Small Tree"
027,121,0023,0069,000,0077,"Modern Farmhouse SW (w/underlay)"
027,242,-003,0039,160,0301,"Farmhouse SE "
027,201,0004,0064,160,0300,"Stylish Farmhouse SW "
027,122,0006,0052,000,0212,"Medium Tree"
027,101,-004,0096,000,0212,"Medium Tree"
027,141,0064,0048,000,0220,"Big Bushy Tree"
027,201,0074,0052,000,0216,"Small Tree"
027,391,-032,0052,000,0208,"Big Tree"
027,390,0012,0102,000,0208,"Big Tree"
027,390,-012,0052,000,0208,"Big Tree"
027,391,-044,0046,000,0208,"Big Tree"
027,390,0000,0096,000,0208,"Big Tree"
027,390,-024,0046,000,0208,"Big Tree"
027,389,-042,0084,000,0208,"Big Tree"
027,389,-086,0074,000,0208,"Big Tree"
027,395,-046,0100,000,0208,"Big Tree"
027,394,-044,0074,000,0208,"Big Tree"
027,004,0054,0050,000,0208,"Big Tree"
027,026,-004,0036,000,0208,"Big Tree"
027,005,0018,0032,000,0208,"Big Tree"
027,005,-054,0048,000,0208,"Big Tree"
027,006,-010,0054,000,0212,"Medium Tree"
027,004,0056,0060,000,0212,"Medium Tree"
027,063,-012,0008,000,0212,"Medium Tree"
027,022,-040,0026,000,0212,"Medium Tree"
027,043,-004,0062,000,0212,"Medium Tree"
027,064,-082,0094,000,0212,"Medium Tree"
027,063,-008,0020,000,0212,"Medium Tree"
027,022,-036,0038,000,0212,"Medium Tree"
027,043,0000,0074,000,0212,"Medium Tree"
027,084,0032,0022,000,0212,"Medium Tree"
027,044,-024,0100,000,0212,"Medium Tree"
027,065,0018,0014,000,0212,"Medium Tree"
027,045,-016,0074,000,0212,"Medium Tree"
027,004,-060,0088,000,0212,"Medium Tree"
027,044,-016,0032,000,0212,"Medium Tree"
027,044,0054,0028,000,0212,"Medium Tree"
027,001,0088,0062,000,0212,"Medium Tree"
027,004,0058,0082,000,0212,"Medium Tree"
027,002,-010,0054,000,0212,"Medium Tree"
027,023,0040,0036,000,0212,"Medium Tree"
027,025,0018,0036,000,0212,"Medium Tree"
027,002,-008,0102,000,0216,"Small Tree"
027,003,-008,0108,000,0216,"Small Tree"
027,045,-046,0104,000,0216,"Small Tree"
027,003,-078,0050,000,0216,"Small Tree"
027,024,-042,0042,000,0216,"Small Tree"
027,023,0030,0064,000,0216,"Small Tree"
027,022,-006,0030,000,0216,"Small Tree"
027,002,-046,0106,000,0216,"Small Tree"
027,063,0036,0028,000,0216,"Small Tree"
027,024,-064,0064,000,0216,"Small Tree"
027,044,-022,0022,000,0216,"Small Tree"
027,022,0064,0026,000,0216,"Small Tree"
027,344,0038,0024,000,0216,"Small Tree"
027,345,0042,0018,000,0216,"Small Tree"
027,324,0022,0080,000,0216,"Small Tree"
027,344,-084,0074,000,0216,"Small Tree"
027,366,0072,0052,000,0216,"Small Tree"
027,365,0004,0062,000,0216,"Small Tree"
027,366,-030,0024,000,0216,"Small Tree"
027,345,-050,0066,000,0216,"Small Tree"
027,384,0064,0058,000,0216,"Small Tree"
027,387,0000,0080,000,0216,"Small Tree"
027,386,-068,0068,000,0216,"Small Tree"
027,017,0011,0065,000,0344,"Purification Plant NW"
027,037,0011,0065,000,0344,"Purification Plant NW"
027,057,0011,0065,000,0344,"Purification Plant NW"
028,162,-034,0108,000,0216,"Small Tree"
028,061,0000,0062,000,0533,"Pressure Tank"
028,063,0000,0068,000,0533,"Pressure Tank"
028,021,0006,0064,000,0533,"Pressure Tank"
028,023,-008,0062,000,0533,"Pressure Tank"
028,033,0074,0042,000,0208,"Big Tree"
028,032,-028,0104,000,0208,"Big Tree"
028,053,0076,0080,000,0208,"Big Tree"
028,073,-032,0026,000,0208,"Big Tree"
028,041,0008,0058,000,0722,"Liquid Storage B R1"
028,066,-028,0047,000,0280,"Gas Tank SW"
028,066,0039,0086,000,0280,"Gas Tank SW"
028,067,0004,0059,000,0280,"Gas Tank SW"
028,026,-035,0045,000,0280,"Gas Tank SW"
028,026,0037,0085,000,0280,"Gas Tank SW"
028,027,-006,0062,000,0280,"Gas Tank SW"
032,099,-002,0065,096,0397,"Two-Flat Home NW (centered)"
032,098,0012,0059,032,0146,"Small Office Building SE"
032,119,-012,0067,032,0153,"Modern Office Building SE"
032,118,0004,0056,000,0520,"Water Fountain"
032,138,0000,0060,000,0523,"Meeting Hall SW"
032,076,0070,0048,000,0277,"Streetlamp SW"
032,078,0086,0058,000,0277,"Streetlamp SW"
032,057,-004,0064,000,0525,"Billboard A SW"
032,095,0006,0056,000,0551,"Large Office Building A"
032,115,0004,0066,000,0393,"Two-Flat Home NW"
032,135,0010,0060,000,0393,"Two-Flat Home NW"
032,097,-003,0051,128,0396,"Two-Flat Home NE (centered)"
032,094,0014,0044,000,0563,"Quonset Hut (Mntn) R1"
032,094,-018,0082,000,0563,"Quonset Hut (Mntn) R1"
032,114,-024,0062,000,0228,"Pine Tree"
032,134,0028,0084,000,0228,"Pine Tree"
032,093,0024,0066,000,0232,"Round Top Tree"
032,134,-008,0052,000,0232,"Round Top Tree"
032,117,0040,0082,000,0240,"Big Pine Tree"
032,098,-008,0098,000,0240,"Big Pine Tree"
032,139,0002,0016,000,0208,"Big Tree"
032,159,0002,0062,000,0208,"Big Tree"
032,099,0062,0060,000,0208,"Big Tree"
032,137,-024,0064,000,0212,"Medium Tree"
032,114,0026,0066,000,0212,"Medium Tree"
032,155,-020,0044,000,0212,"Medium Tree"
032,059,0076,0059,000,0565,"Stripmall A SE"
032,058,-051,0072,000,0568,"Stripmall B SW"
032,056,0008,0071,000,0532,"Billboard C SW"
032,039,0041,0053,000,0529,"Billboard B SE"
033,181,-018,0058,000,0532,"Billboard C SW"
033,051,0028,0086,000,0208,"Big Tree"
033,033,-056,0084,000,0208,"Big Tree"
033,072,0012,0026,000,0208,"Big Tree"
033,033,-038,0098,000,0208,"Big Tree"
033,032,-050,0106,000,0208,"Big Tree"
033,033,0038,0098,000,0208,"Big Tree"
033,033,-004,0138,000,0208,"Big Tree"
033,033,0014,0048,000,0208,"Big Tree"
033,074,0014,0056,000,0208,"Big Tree"
033,074,0030,0082,000,0208,"Big Tree"
033,054,0004,0024,000,0208,"Big Tree"
033,033,0022,0080,000,0208,"Big Tree"
033,074,0022,0088,000,0208,"Big Tree"
033,031,-004,0054,000,0208,"Big Tree"
033,012,-064,0106,000,0208,"Big Tree"
033,031,-012,0060,000,0208,"Big Tree"
033,010,0068,0052,000,0208,"Big Tree"
033,012,-076,0100,000,0208,"Big Tree"
033,031,-024,0054,000,0208,"Big Tree"
033,008,-044,0036,000,0208,"Big Tree"
033,029,0030,0086,000,0208,"Big Tree"
033,049,0016,0082,000,0208,"Big Tree"
033,030,0006,0040,000,0208,"Big Tree"
033,008,0060,0116,000,0208,"Big Tree"
033,007,0064,0096,000,0208,"Big Tree"
033,035,-028,0086,000,0208,"Big Tree"
033,035,-010,0056,000,0208,"Big Tree"
033,036,0016,0032,000,0208,"Big Tree"
033,035,-070,0064,000,0208,"Big Tree"
033,016,-054,0114,000,0208,"Big Tree"
033,076,0040,0056,000,0208,"Big Tree"
033,014,-068,0054,000,0208,"Big Tree"
033,034,0008,0074,000,0208,"Big Tree"
033,034,0020,0096,000,0208,"Big Tree"
033,034,0058,0076,000,0208,"Big Tree"
033,015,0034,0030,000,0208,"Big Tree"
033,003,0040,0080,000,0216,"Small Tree"
033,004,-002,0104,000,0216,"Small Tree"
033,085,0056,0044,000,0216,"Small Tree"
033,065,-008,0032,000,0216,"Small Tree"
033,044,-044,0058,000,0216,"Small Tree"
033,065,0024,0042,000,0216,"Small Tree"
033,065,-010,0038,000,0216,"Small Tree"
033,044,-046,0064,000,0216,"Small Tree"
033,065,0022,0048,000,0216,"Small Tree"
033,107,-014,0062,000,0216,"Small Tree"
033,106,0008,0024,000,0216,"Small Tree"
033,086,-064,0078,000,0216,"Small Tree"
033,066,-014,0014,000,0216,"Small Tree"
033,006,-020,0088,000,0216,"Small Tree"
END
