Blk,Vtx,XPOf,YPOf,Dm,ObjN,ObjectName
040,326,-020,0044,000,0486,"Sensor Tower SW"
041,171,-032,0088,000,0593,"Blast Deflector R1"
041,266,-034,0086,000,0593,"Blast Deflector R1"
041,276,-026,0086,000,0593,"Blast Deflector R1"
041,297,0054,0040,000,0594,"Blast Deflector R2"
041,298,-036,0074,000,0595,"Blast Deflector R3 W"
041,193,-031,0065,000,0595,"Blast Deflector R3 W"
041,172,-052,0097,000,0594,"Blast Deflector R2"
041,213,0052,0092,000,0596,"Blast Deflector R4"
041,234,-035,0047,000,0597,"Blast Deflector R5 "
041,254,-048,0034,000,0598,"Blast Deflector R6"
041,291,0037,0040,000,0601,"Blast Deflector R9"
041,272,-052,0095,000,0600,"Blast Deflector R8"
041,270,-063,0089,000,0602,"Blast Deflector R10"
041,248,0046,0097,000,0604,"Blast Deflector R12"
041,228,0035,0082,000,0605,"Blast Deflector R13"
041,208,0050,0093,000,0606,"Blast Deflector R14"
041,189,0000,0079,000,0607,"Blast Deflector R15 S"
041,190,0048,0033,000,0608,"Blast Deflector R16"
041,371,-026,0079,000,0593,"Blast Deflector R1"
041,372,-051,0088,000,0594,"Blast Deflector R2"
041,370,-066,0088,000,0608,"Blast Deflector R16"
041,319,-055,0036,000,0596,"Blast Deflector R4"
041,339,-034,0044,000,0597,"Blast Deflector R5 "
041,359,-054,0035,000,0598,"Blast Deflector R6"
041,378,0006,0048,000,0599,"Blast Deflector R7 N"
041,397,0048,0035,000,0600,"Blast Deflector R8"
041,396,0039,0045,000,0601,"Blast Deflector R9"
041,395,0056,0033,000,0602,"Blast Deflector R10"
041,333,0039,0083,000,0605,"Blast Deflector R13"
041,353,0048,0098,000,0604,"Blast Deflector R12"
041,313,0057,0093,000,0606,"Blast Deflector R14"
041,275,-063,0091,000,0608,"Blast Deflector R16"
041,267,-056,0092,000,0594,"Blast Deflector R2"
041,309,-050,0040,000,0596,"Blast Deflector R4"
041,329,-026,0043,000,0597,"Blast Deflector R5 "
041,348,0065,0088,000,0598,"Blast Deflector R6"
041,387,0058,0035,000,0600,"Blast Deflector R8"
041,386,0040,0045,000,0601,"Blast Deflector R9"
041,385,0055,0033,000,0602,"Blast Deflector R10"
041,364,0024,0063,000,0603,"Blast Deflector R11 E"
041,343,0049,0096,000,0604,"Blast Deflector R12"
041,323,0042,0082,000,0605,"Blast Deflector R13"
041,304,-057,0033,000,0606,"Blast Deflector R14"
041,284,0001,0078,000,0607,"Blast Deflector R15 S"
041,285,0050,0032,000,0608,"Blast Deflector R16"
041,071,-004,0064,000,0533,"Pressure Tank"
041,072,0000,0066,000,0533,"Pressure Tank"
041,070,-002,0070,000,0533,"Pressure Tank"
041,142,-002,0056,000,0497,"Component Warehouse SW"
041,141,0000,0056,000,0550,"Observation Tower"
041,090,-010,0066,000,0533,"Pressure Tank"
041,091,-006,0060,000,0533,"Pressure Tank"
041,092,-006,0068,000,0533,"Pressure Tank"
041,051,-008,0070,000,0533,"Pressure Tank"
042,217,0014,0046,000,0487,"Sensor Tower NE"
042,197,0016,0052,000,0469,"Turret Control"
042,158,-001,0060,000,0514,"Pop-Up Cannon Turret, Dirt"
042,156,-004,0056,000,0522,"Clan Mine Pattern (Five)"
042,136,-002,0066,000,0522,"Clan Mine Pattern (Five)"
042,137,0000,0060,000,0522,"Clan Mine Pattern (Five)"
042,157,-004,0058,000,0522,"Clan Mine Pattern (Five)"
042,138,0000,0062,000,0522,"Clan Mine Pattern (Five)"
042,139,0004,0062,000,0522,"Clan Mine Pattern (Five)"
042,159,0000,0054,000,0522,"Clan Mine Pattern (Five)"
042,155,-001,0060,000,0514,"Pop-Up Cannon Turret, Dirt"
043,237,0050,0070,000,0208,"Big Tree"
043,239,-030,0056,000,0208,"Big Tree"
043,259,-064,0054,000,0208,"Big Tree"
043,218,-006,0078,000,0208,"Big Tree"
043,239,-098,0064,000,0208,"Big Tree"
043,278,0022,0020,000,0208,"Big Tree"
043,211,0028,0078,000,0208,"Big Tree"
043,232,-002,0012,000,0208,"Big Tree"
043,233,-056,0040,000,0208,"Big Tree"
043,191,-012,0058,000,0208,"Big Tree"
043,191,-060,0080,000,0208,"Big Tree"
043,233,0026,0072,000,0208,"Big Tree"
043,212,0068,0046,000,0208,"Big Tree"
043,019,-054,0062,000,0208,"Big Tree"
043,039,0042,0058,000,0208,"Big Tree"
043,069,-020,0036,000,0208,"Big Tree"
043,090,-006,0036,000,0208,"Big Tree"
043,068,-044,0058,000,0208,"Big Tree"
043,090,0036,0088,000,0208,"Big Tree"
043,111,0050,0042,000,0208,"Big Tree"
043,068,0072,0048,000,0208,"Big Tree"
043,068,0054,0068,000,0208,"Big Tree"
043,272,-024,0018,000,0208,"Big Tree"
043,230,0018,0022,000,0208,"Big Tree"
043,251,0014,0068,000,0208,"Big Tree"
043,271,-084,0058,000,0208,"Big Tree"
043,251,-040,0072,000,0208,"Big Tree"
043,252,-098,0060,000,0208,"Big Tree"
043,270,-018,0084,000,0208,"Big Tree"
043,272,-022,0018,000,0208,"Big Tree"
043,230,0020,0022,000,0208,"Big Tree"
043,251,0016,0068,000,0208,"Big Tree"
043,271,-082,0058,000,0208,"Big Tree"
043,251,-038,0072,000,0208,"Big Tree"
043,252,-096,0060,000,0208,"Big Tree"
043,270,-016,0084,000,0208,"Big Tree"
043,272,-004,0036,000,0208,"Big Tree"
043,313,0094,0060,000,0208,"Big Tree"
043,272,-078,0076,000,0208,"Big Tree"
043,293,-036,0058,000,0208,"Big Tree"
043,291,0000,0092,000,0208,"Big Tree"
043,272,0050,0046,000,0208,"Big Tree"
043,272,-042,0052,000,0208,"Big Tree"
043,272,-004,0038,000,0208,"Big Tree"
043,313,0094,0062,000,0208,"Big Tree"
043,272,-078,0078,000,0208,"Big Tree"
043,293,-036,0060,000,0208,"Big Tree"
043,291,0000,0094,000,0208,"Big Tree"
043,272,0050,0048,000,0208,"Big Tree"
043,272,-042,0054,000,0208,"Big Tree"
043,253,-048,0032,000,0212,"Medium Tree"
043,250,0044,0062,000,0212,"Medium Tree"
043,230,-052,0032,000,0212,"Medium Tree"
043,251,-020,0040,000,0212,"Medium Tree"
043,253,-030,0022,000,0212,"Medium Tree"
043,272,-042,0072,000,0212,"Medium Tree"
043,192,-028,0066,000,0212,"Medium Tree"
043,233,0002,0004,000,0212,"Medium Tree"
043,192,-082,0054,000,0212,"Medium Tree"
043,212,-098,0058,000,0212,"Medium Tree"
043,211,-004,0074,000,0212,"Medium Tree"
043,211,0086,0068,000,0212,"Medium Tree"
043,139,0000,0062,000,0522,"Clan Mine Pattern (Five)"
043,159,-008,0066,000,0522,"Clan Mine Pattern (Five)"
043,138,-006,0078,000,0522,"Clan Mine Pattern (Five)"
043,157,0012,0078,000,0522,"Clan Mine Pattern (Five)"
043,153,0008,0074,000,0522,"Clan Mine Pattern (Five)"
043,132,0014,0064,000,0522,"Clan Mine Pattern (Five)"
043,131,0004,0078,000,0522,"Clan Mine Pattern (Five)"
043,130,0002,0070,000,0522,"Clan Mine Pattern (Five)"
043,150,0018,0064,000,0522,"Clan Mine Pattern (Five)"
043,129,-004,0074,000,0522,"Clan Mine Pattern (Five)"
043,149,0006,0066,000,0522,"Clan Mine Pattern (Five)"
043,128,-002,0076,000,0522,"Clan Mine Pattern (Five)"
043,127,0000,0062,000,0522,"Clan Mine Pattern (Five)"
043,147,-024,0044,000,0522,"Clan Mine Pattern (Five)"
043,126,-020,0054,000,0522,"Clan Mine Pattern (Five)"
043,125,0002,0078,000,0522,"Clan Mine Pattern (Five)"
043,144,0022,0070,000,0522,"Clan Mine Pattern (Five)"
043,124,-020,0080,000,0522,"Clan Mine Pattern (Five)"
043,123,0034,0076,000,0522,"Clan Mine Pattern (Five)"
043,143,0030,0078,000,0522,"Clan Mine Pattern (Five)"
043,142,0012,0066,000,0522,"Clan Mine Pattern (Five)"
043,122,0018,0078,000,0522,"Clan Mine Pattern (Five)"
043,121,0024,0048,000,0522,"Clan Mine Pattern (Five)"
043,175,0000,0064,000,0692,"Large Northeast Gate"
043,234,0027,0072,000,0550,"Observation Tower"
043,236,-004,0064,000,0469,"Turret Control"
043,274,0041,0054,000,0082,"Crew Barracks SW"
043,276,-031,0075,000,0080,"Crew Barracks NE"
043,296,0001,0016,000,0498,"Activation Marker"
043,254,-002,0112,000,0498,"Activation Marker"
043,197,-004,0062,000,0726,"Inert Missile Turret"
043,194,0000,0064,000,0726,"Inert Missile Turret"
043,184,-004,0058,000,0726,"Inert Missile Turret"
043,180,-010,0070,000,0726,"Inert Missile Turret"
043,181,0000,0056,000,0726,"Inert Missile Turret"
043,183,0000,0066,000,0726,"Inert Missile Turret"
043,186,-008,0052,000,0726,"Inert Missile Turret"
043,187,0004,0064,000,0726,"Inert Missile Turret"
043,189,0000,0068,000,0726,"Inert Missile Turret"
043,190,-010,0064,000,0726,"Inert Missile Turret"
043,192,0014,0064,000,0726,"Inert Missile Turret"
043,196,-020,0080,000,0707,"Large Gate Control NE"
043,193,0008,0064,000,0726,"Inert Missile Turret"
043,198,-004,0064,000,0726,"Inert Missile Turret"
043,140,-006,0066,000,0522,"Clan Mine Pattern (Five)"
043,120,-002,0054,000,0522,"Clan Mine Pattern (Five)"
043,158,-001,0060,000,0512,"Pop-Up Missile Turret Grass"
043,137,-001,0060,000,0512,"Pop-Up Missile Turret Grass"
043,133,-001,0060,000,0512,"Pop-Up Missile Turret Grass"
043,152,-001,0060,000,0512,"Pop-Up Missile Turret Grass"
043,154,-001,0060,000,0512,"Pop-Up Missile Turret Grass"
043,156,-001,0060,000,0512,"Pop-Up Missile Turret Grass"
043,148,-001,0060,000,0511,"Pop-Up Cannon Turret, Grass"
043,145,-001,0060,000,0511,"Pop-Up Cannon Turret, Grass"
043,141,-001,0060,000,0511,"Pop-Up Cannon Turret, Grass"
044,240,-058,0066,000,0208,"Big Tree"
044,021,-054,0044,000,0208,"Big Tree"
044,020,-038,0068,000,0208,"Big Tree"
044,001,-044,0036,000,0208,"Big Tree"
044,040,0022,0110,000,0208,"Big Tree"
044,041,0056,0072,000,0208,"Big Tree"
044,385,0008,0064,000,0522,"Clan Mine Pattern (Five)"
044,386,0012,0074,000,0522,"Clan Mine Pattern (Five)"
044,366,0008,0060,000,0522,"Clan Mine Pattern (Five)"
044,365,-006,0052,000,0522,"Clan Mine Pattern (Five)"
044,346,-010,0054,000,0522,"Clan Mine Pattern (Five)"
044,325,0012,0068,000,0522,"Clan Mine Pattern (Five)"
044,326,-022,0060,000,0522,"Clan Mine Pattern (Five)"
044,306,0014,0090,000,0522,"Clan Mine Pattern (Five)"
044,305,0014,0076,000,0522,"Clan Mine Pattern (Five)"
044,285,-032,0074,000,0522,"Clan Mine Pattern (Five)"
044,286,0024,0064,000,0522,"Clan Mine Pattern (Five)"
044,266,-032,0072,000,0522,"Clan Mine Pattern (Five)"
044,265,-016,0062,000,0522,"Clan Mine Pattern (Five)"
044,246,-008,0062,000,0522,"Clan Mine Pattern (Five)"
044,226,0000,0058,000,0522,"Clan Mine Pattern (Five)"
044,225,0002,0054,000,0522,"Clan Mine Pattern (Five)"
044,205,-002,0058,000,0522,"Clan Mine Pattern (Five)"
044,206,-006,0056,000,0522,"Clan Mine Pattern (Five)"
044,186,-022,0060,000,0522,"Clan Mine Pattern (Five)"
044,185,0004,0064,000,0522,"Clan Mine Pattern (Five)"
044,165,0000,0066,000,0522,"Clan Mine Pattern (Five)"
044,166,0004,0064,000,0522,"Clan Mine Pattern (Five)"
044,146,0000,0068,000,0522,"Clan Mine Pattern (Five)"
044,126,0008,0064,000,0522,"Clan Mine Pattern (Five)"
044,125,-018,0058,000,0522,"Clan Mine Pattern (Five)"
044,124,0004,0068,000,0522,"Clan Mine Pattern (Five)"
044,144,-028,0064,000,0522,"Clan Mine Pattern (Five)"
044,143,0020,0066,000,0522,"Clan Mine Pattern (Five)"
044,123,0004,0078,000,0522,"Clan Mine Pattern (Five)"
044,122,-016,0070,000,0522,"Clan Mine Pattern (Five)"
044,142,-010,0072,000,0522,"Clan Mine Pattern (Five)"
044,141,0004,0084,000,0522,"Clan Mine Pattern (Five)"
044,121,-018,0066,000,0522,"Clan Mine Pattern (Five)"
044,120,0014,0058,000,0522,"Clan Mine Pattern (Five)"
044,140,0008,0062,000,0522,"Clan Mine Pattern (Five)"
044,220,0010,0041,000,0487,"Sensor Tower NE"
044,383,0004,0056,000,0726,"Inert Missile Turret"
044,183,0006,0060,000,0726,"Inert Missile Turret"
044,180,0006,0060,000,0726,"Inert Missile Turret"
044,181,-012,0050,000,0726,"Inert Missile Turret"
044,203,0004,0066,000,0726,"Inert Missile Turret"
044,243,-010,0066,000,0726,"Inert Missile Turret"
044,263,0004,0066,000,0726,"Inert Missile Turret"
044,303,0002,0064,000,0726,"Inert Missile Turret"
044,323,0000,0060,000,0726,"Inert Missile Turret"
044,363,0004,0058,000,0726,"Inert Missile Turret"
044,345,-001,0060,000,0511,"Pop-Up Cannon Turret, Grass"
044,245,-001,0060,000,0511,"Pop-Up Cannon Turret, Grass"
044,145,-001,0060,000,0511,"Pop-Up Cannon Turret, Grass"
049,398,0040,0068,000,0208,"Big Tree"
049,378,0034,0100,000,0208,"Big Tree"
049,378,-080,0046,000,0208,"Big Tree"
049,377,-004,0118,000,0208,"Big Tree"
049,377,-006,0118,000,0208,"Big Tree"
050,381,-012,0008,000,0208,"Big Tree"
050,361,-080,0092,000,0208,"Big Tree"
050,361,-092,0080,000,0208,"Big Tree"
050,361,-026,0122,000,0208,"Big Tree"
050,362,-068,0058,000,0208,"Big Tree"
050,380,0082,0076,000,0208,"Big Tree"
050,381,-016,0056,000,0208,"Big Tree"
050,352,0024,0062,000,0522,"Clan Mine Pattern (Five)"
050,353,-012,0072,000,0522,"Clan Mine Pattern (Five)"
050,373,0038,0068,000,0522,"Clan Mine Pattern (Five)"
050,374,-012,0066,000,0522,"Clan Mine Pattern (Five)"
050,351,-038,0058,000,0522,"Clan Mine Pattern (Five)"
050,371,0034,0040,000,0522,"Clan Mine Pattern (Five)"
050,370,0020,0060,000,0522,"Clan Mine Pattern (Five)"
050,350,-016,0062,000,0522,"Clan Mine Pattern (Five)"
050,349,0004,0070,000,0522,"Clan Mine Pattern (Five)"
050,369,-004,0056,000,0522,"Clan Mine Pattern (Five)"
050,368,-006,0054,000,0522,"Clan Mine Pattern (Five)"
050,348,-014,0062,000,0522,"Clan Mine Pattern (Five)"
050,347,-024,0062,000,0522,"Clan Mine Pattern (Five)"
050,346,-012,0046,000,0522,"Clan Mine Pattern (Five)"
050,345,-016,0038,000,0522,"Clan Mine Pattern (Five)"
050,344,0018,0052,000,0522,"Clan Mine Pattern (Five)"
050,364,-006,0044,000,0522,"Clan Mine Pattern (Five)"
050,365,-006,0084,000,0522,"Clan Mine Pattern (Five)"
050,384,-028,0066,000,0522,"Clan Mine Pattern (Five)"
050,372,-001,0060,000,0514,"Pop-Up Cannon Turret, Dirt"
050,367,-001,0060,000,0514,"Pop-Up Cannon Turret, Dirt"
050,385,-001,0060,000,0514,"Pop-Up Cannon Turret, Dirt"
051,229,-010,0072,000,0499,"MechWarrior Barracks SW"
051,309,0052,0066,000,0267,"Guardhouse NE"
051,311,0000,0040,000,0267,"Guardhouse NE"
051,231,-010,0062,000,0488,"Support Building"
052,368,0000,0066,000,0499,"MechWarrior Barracks SW"
052,367,-006,0066,000,0488,"Support Building"
053,014,-047,0031,000,0596,"Blast Deflector R4"
053,034,-039,0044,000,0597,"Blast Deflector R5 "
053,053,0053,0094,000,0598,"Blast Deflector R6"
053,073,0003,0051,000,0599,"Blast Deflector R7 N"
053,092,0052,0035,000,0600,"Blast Deflector R8"
053,091,0036,0044,000,0601,"Blast Deflector R9"
053,070,-050,0098,000,0602,"Blast Deflector R10"
053,069,0036,0068,000,0603,"Blast Deflector R11 E"
053,048,0050,0098,000,0604,"Blast Deflector R12"
053,028,0038,0087,000,0605,"Blast Deflector R13"
053,008,0058,0091,000,0606,"Blast Deflector R14"
053,379,0000,0122,000,0485,"HyperPulse Transmitter"
053,338,-014,0075,000,0497,"Component Warehouse SW"
053,339,-013,0077,000,0497,"Component Warehouse SW"
053,378,0000,0066,000,0550,"Observation Tower"
053,392,0010,0106,000,0208,"Big Tree"
053,396,-070,0074,000,0208,"Big Tree"
053,396,0000,0042,000,0208,"Big Tree"
053,375,0012,0058,000,0208,"Big Tree"
053,375,-014,0032,000,0208,"Big Tree"
053,373,0066,0074,000,0208,"Big Tree"
053,373,0006,0016,000,0208,"Big Tree"
053,373,-050,0060,000,0208,"Big Tree"
053,393,0004,0010,000,0208,"Big Tree"
053,356,-078,0072,000,0208,"Big Tree"
053,376,0004,0072,000,0208,"Big Tree"
053,375,0002,0072,000,0212,"Medium Tree"
053,376,-076,0058,000,0212,"Medium Tree"
053,376,-060,0082,000,0212,"Medium Tree"
053,376,-044,0030,000,0212,"Medium Tree"
053,354,-060,0080,000,0212,"Medium Tree"
053,373,0034,0060,000,0212,"Medium Tree"
053,393,-044,0074,000,0212,"Medium Tree"
053,393,0032,0052,000,0220,"Big Bushy Tree"
053,393,-002,0080,000,0220,"Big Bushy Tree"
053,396,-026,0096,000,0220,"Big Bushy Tree"
053,355,-058,0080,000,0220,"Big Bushy Tree"
053,354,-006,0082,000,0220,"Big Bushy Tree"
053,353,-008,0092,000,0220,"Big Bushy Tree"
054,380,0002,0122,000,0485,"HyperPulse Transmitter"
054,361,-106,0062,000,0485,"HyperPulse Transmitter"
054,320,-012,0076,000,0497,"Component Warehouse SW"
054,321,-013,0075,000,0497,"Component Warehouse SW"
054,397,0002,0053,032,0104,"(null)"
054,357,0002,0053,032,0104,"(null)"
054,333,-004,0055,032,0101,"Underground Bunker SSW"
054,373,-004,0055,032,0101,"Underground Bunker SSW"
054,317,0002,0053,032,0104,"(null)"
055,057,0002,0062,000,0469,"Turret Control"
055,358,0002,0056,000,0726,"Inert Missile Turret"
055,258,-002,0058,000,0726,"Inert Missile Turret"
055,178,-006,0062,000,0726,"Inert Missile Turret"
055,118,0000,0060,000,0726,"Inert Missile Turret"
055,138,0012,0060,000,0726,"Inert Missile Turret"
055,198,0006,0062,000,0726,"Inert Missile Turret"
055,238,0006,0056,000,0726,"Inert Missile Turret"
055,298,-004,0062,000,0726,"Inert Missile Turret"
055,318,0004,0060,000,0726,"Inert Missile Turret"
055,378,0004,0062,000,0726,"Inert Missile Turret"
056,399,-020,0076,000,0522,"Clan Mine Pattern (Five)"
056,398,0036,0074,000,0522,"Clan Mine Pattern (Five)"
056,397,-032,0064,000,0522,"Clan Mine Pattern (Five)"
056,396,-028,0066,000,0522,"Clan Mine Pattern (Five)"
056,395,-012,0046,000,0522,"Clan Mine Pattern (Five)"
056,394,-034,0058,000,0522,"Clan Mine Pattern (Five)"
056,393,-002,0056,000,0522,"Clan Mine Pattern (Five)"
056,391,-036,0052,000,0522,"Clan Mine Pattern (Five)"
056,392,-018,0060,000,0522,"Clan Mine Pattern (Five)"
056,390,-030,0066,000,0522,"Clan Mine Pattern (Five)"
056,389,0000,0040,000,0522,"Clan Mine Pattern (Five)"
056,388,-008,0058,000,0522,"Clan Mine Pattern (Five)"
056,387,-026,0072,000,0522,"Clan Mine Pattern (Five)"
056,386,0012,0058,000,0522,"Clan Mine Pattern (Five)"
056,385,-002,0074,000,0522,"Clan Mine Pattern (Five)"
056,382,-030,0078,000,0522,"Clan Mine Pattern (Five)"
056,381,0004,0076,000,0522,"Clan Mine Pattern (Five)"
056,383,0018,0076,000,0522,"Clan Mine Pattern (Five)"
056,384,0006,0084,000,0522,"Clan Mine Pattern (Five)"
056,362,-008,0074,000,0522,"Clan Mine Pattern (Five)"
056,361,-032,0060,000,0522,"Clan Mine Pattern (Five)"
056,360,0022,0064,000,0522,"Clan Mine Pattern (Five)"
056,380,0018,0066,000,0522,"Clan Mine Pattern (Five)"
056,341,0038,0052,000,0522,"Clan Mine Pattern (Five)"
056,340,0058,0060,000,0522,"Clan Mine Pattern (Five)"
056,320,-038,0062,000,0522,"Clan Mine Pattern (Five)"
056,321,0000,0054,000,0522,"Clan Mine Pattern (Five)"
056,301,0000,0072,000,0522,"Clan Mine Pattern (Five)"
056,281,-024,0078,000,0522,"Clan Mine Pattern (Five)"
056,280,-004,0074,000,0522,"Clan Mine Pattern (Five)"
056,260,-008,0080,000,0522,"Clan Mine Pattern (Five)"
056,261,-036,0062,000,0522,"Clan Mine Pattern (Five)"
056,241,0036,0060,000,0522,"Clan Mine Pattern (Five)"
056,221,-010,0046,000,0522,"Clan Mine Pattern (Five)"
056,201,0002,0080,000,0522,"Clan Mine Pattern (Five)"
056,181,-014,0070,000,0522,"Clan Mine Pattern (Five)"
056,160,0020,0060,000,0522,"Clan Mine Pattern (Five)"
056,161,-006,0080,000,0522,"Clan Mine Pattern (Five)"
056,140,0004,0074,000,0522,"Clan Mine Pattern (Five)"
056,141,-014,0066,000,0522,"Clan Mine Pattern (Five)"
056,121,-002,0064,000,0522,"Clan Mine Pattern (Five)"
056,142,-006,0060,000,0522,"Clan Mine Pattern (Five)"
056,122,-002,0078,000,0522,"Clan Mine Pattern (Five)"
056,123,0006,0084,000,0522,"Clan Mine Pattern (Five)"
056,143,0002,0070,000,0522,"Clan Mine Pattern (Five)"
056,144,-028,0048,000,0522,"Clan Mine Pattern (Five)"
056,124,-006,0062,000,0522,"Clan Mine Pattern (Five)"
056,145,-002,0050,000,0522,"Clan Mine Pattern (Five)"
056,146,0010,0064,000,0522,"Clan Mine Pattern (Five)"
056,126,0050,0062,000,0522,"Clan Mine Pattern (Five)"
056,105,0004,0060,000,0522,"Clan Mine Pattern (Five)"
056,106,0000,0038,000,0522,"Clan Mine Pattern (Five)"
056,086,0012,0074,000,0522,"Clan Mine Pattern (Five)"
056,085,0034,0068,000,0522,"Clan Mine Pattern (Five)"
056,065,0002,0080,000,0522,"Clan Mine Pattern (Five)"
056,066,0014,0064,000,0522,"Clan Mine Pattern (Five)"
056,046,-014,0064,000,0522,"Clan Mine Pattern (Five)"
056,025,-006,0072,000,0522,"Clan Mine Pattern (Five)"
056,026,-012,0064,000,0522,"Clan Mine Pattern (Five)"
056,006,0002,0076,000,0522,"Clan Mine Pattern (Five)"
056,005,-002,0056,000,0522,"Clan Mine Pattern (Five)"
056,083,-002,0052,000,0726,"Inert Missile Turret"
056,023,-004,0066,000,0726,"Inert Missile Turret"
056,043,-004,0068,000,0726,"Inert Missile Turret"
056,081,-014,0062,000,0726,"Inert Missile Turret"
056,080,0010,0066,000,0726,"Inert Missile Turret"
056,300,-001,0060,000,0511,"Pop-Up Cannon Turret, Grass"
056,240,-001,0060,000,0511,"Pop-Up Cannon Turret, Grass"
056,180,-001,0060,000,0511,"Pop-Up Cannon Turret, Grass"
056,120,-001,0060,000,0511,"Pop-Up Cannon Turret, Grass"
056,125,-001,0060,000,0511,"Pop-Up Cannon Turret, Grass"
056,045,-001,0060,000,0511,"Pop-Up Cannon Turret, Grass"
057,381,-024,0070,000,0522,"Clan Mine Pattern (Five)"
057,382,-034,0068,000,0522,"Clan Mine Pattern (Five)"
057,383,-026,0062,000,0522,"Clan Mine Pattern (Five)"
057,380,0018,0064,000,0522,"Clan Mine Pattern (Five)"
061,218,-008,0016,000,0208,"Big Tree"
061,198,0038,0054,000,0208,"Big Tree"
061,218,-082,0058,000,0208,"Big Tree"
061,219,0014,0028,000,0208,"Big Tree"
061,177,0022,0062,000,0208,"Big Tree"
061,218,0002,0006,000,0208,"Big Tree"
061,218,-010,0018,000,0208,"Big Tree"
061,198,0036,0056,000,0208,"Big Tree"
061,218,-084,0060,000,0208,"Big Tree"
061,219,0012,0030,000,0208,"Big Tree"
061,177,0020,0064,000,0208,"Big Tree"
061,237,0048,0034,000,0208,"Big Tree"
061,175,0020,0112,000,0208,"Big Tree"
061,176,-018,0074,000,0208,"Big Tree"
061,217,0040,0038,000,0208,"Big Tree"
061,237,0046,0034,000,0208,"Big Tree"
061,175,0018,0112,000,0208,"Big Tree"
061,176,-020,0074,000,0208,"Big Tree"
061,217,0038,0038,000,0208,"Big Tree"
061,153,-022,0082,000,0208,"Big Tree"
061,174,0082,0052,000,0208,"Big Tree"
061,153,0052,0070,000,0208,"Big Tree"
061,153,-044,0066,000,0208,"Big Tree"
061,175,0018,0022,000,0208,"Big Tree"
061,154,-008,0044,000,0208,"Big Tree"
061,153,-024,0082,000,0208,"Big Tree"
061,174,0080,0052,000,0208,"Big Tree"
061,153,0050,0070,000,0208,"Big Tree"
061,153,-046,0066,000,0208,"Big Tree"
061,175,0016,0022,000,0208,"Big Tree"
061,154,-010,0044,000,0208,"Big Tree"
061,173,-018,0042,000,0208,"Big Tree"
061,193,-012,0026,000,0208,"Big Tree"
061,214,-064,0054,000,0208,"Big Tree"
061,214,0078,0070,000,0208,"Big Tree"
061,173,-004,0086,000,0208,"Big Tree"
061,214,-008,0064,000,0208,"Big Tree"
061,174,-006,0072,000,0208,"Big Tree"
061,173,-020,0042,000,0208,"Big Tree"
061,193,-014,0026,000,0208,"Big Tree"
061,214,-066,0054,000,0208,"Big Tree"
061,214,0076,0070,000,0208,"Big Tree"
061,173,-006,0086,000,0208,"Big Tree"
061,214,-010,0064,000,0208,"Big Tree"
061,174,-008,0072,000,0208,"Big Tree"
061,019,0022,0044,000,0208,"Big Tree"
061,039,0000,0048,000,0208,"Big Tree"
061,018,-016,0056,000,0208,"Big Tree"
061,059,0014,0008,000,0208,"Big Tree"
061,017,-002,0092,000,0208,"Big Tree"
061,019,-042,0052,000,0208,"Big Tree"
061,018,-018,0056,000,0208,"Big Tree"
061,059,0012,0008,000,0208,"Big Tree"
061,017,-004,0092,000,0208,"Big Tree"
061,017,0098,0066,000,0208,"Big Tree"
061,019,-044,0052,000,0208,"Big Tree"
061,078,0056,0046,000,0208,"Big Tree"
061,078,0052,0050,000,0208,"Big Tree"
061,059,-106,0062,000,0208,"Big Tree"
061,058,0002,0002,000,0208,"Big Tree"
062,030,0005,0053,000,0308,"Geodesic Dome R2"
062,031,0005,0053,000,0308,"Geodesic Dome R2"
062,032,0005,0053,000,0308,"Geodesic Dome R2"
062,033,0005,0053,000,0308,"Geodesic Dome R2"
062,110,-009,0058,000,0582,"Railroad Tower B SW"
062,111,-012,0058,000,0582,"Railroad Tower B SW"
062,112,-007,0058,000,0582,"Railroad Tower B SW"
062,125,0012,0068,000,0527,"Billboard A NW"
062,124,-001,0060,000,0512,"Pop-Up Missile Turret Grass"
062,274,-006,0095,000,0305,"(null)"
062,293,-006,0095,000,0305,"(null)"
062,272,-006,0095,000,0305,"(null)"
062,273,0006,0085,000,0304,"(null)"
062,292,0006,0085,000,0304,"(null)"
062,254,0006,0085,000,0304,"(null)"
062,252,0006,0085,000,0304,"(null)"
062,294,-006,0095,000,0303,"Fuel Tank"
062,253,-006,0095,000,0303,"Fuel Tank"
062,272,-006,0095,000,0303,"Fuel Tank"
062,312,-038,0034,000,0640,"Natural Gas Tower"
062,313,-046,0036,000,0640,"Natural Gas Tower"
062,314,-054,0034,000,0640,"Natural Gas Tower"
062,315,-050,0034,000,0640,"Natural Gas Tower"
062,235,-019,0075,160,0381,"Field Office SE"
062,216,-019,0075,000,0036,"Field Office SE (w/underlay)"
062,196,0011,0095,032,0125,"Waste Processor NW (w/underlay)"
062,000,0004,0086,000,0208,"Big Tree"
062,020,-050,0036,000,0208,"Big Tree"
062,001,-020,0078,000,0208,"Big Tree"
062,028,0050,0090,000,0649,"Debris B"
062,034,-008,0092,000,0649,"Debris B"
062,054,0076,0066,000,0649,"Debris B"
062,034,-056,0084,000,0648,"Debris A"
062,178,0044,0072,000,0648,"Debris A"
062,178,-034,0086,000,0650,"Debris C"
062,178,-024,0054,000,0650,"Debris C"
062,146,0080,0066,000,0277,"Streetlamp SW"
062,106,0080,0063,000,0277,"Streetlamp SW"
062,149,-001,0028,000,0276,"Streetlamp SE"
062,153,-003,0024,000,0276,"Streetlamp SE"
062,089,0067,0065,000,0277,"Streetlamp SW"
062,131,0002,0056,160,0094,"Resource Bunker (empty) SW"
062,132,0002,0056,160,0094,"Resource Bunker (empty) SW"
062,229,0018,0047,000,0487,"Sensor Tower NE"
062,007,0017,0047,000,0487,"Sensor Tower NE"
062,004,0026,0068,000,0522,"Clan Mine Pattern (Five)"
062,005,-008,0072,000,0522,"Clan Mine Pattern (Five)"
062,024,0002,0066,000,0522,"Clan Mine Pattern (Five)"
062,025,-010,0068,000,0522,"Clan Mine Pattern (Five)"
062,045,-028,0062,000,0522,"Clan Mine Pattern (Five)"
062,044,0006,0060,000,0522,"Clan Mine Pattern (Five)"
062,065,0010,0062,000,0522,"Clan Mine Pattern (Five)"
062,064,0012,0064,000,0522,"Clan Mine Pattern (Five)"
062,184,-036,0066,000,0522,"Clan Mine Pattern (Five)"
062,185,-014,0074,000,0522,"Clan Mine Pattern (Five)"
062,205,-004,0050,000,0522,"Clan Mine Pattern (Five)"
062,204,0020,0066,000,0522,"Clan Mine Pattern (Five)"
062,224,-006,0062,000,0522,"Clan Mine Pattern (Five)"
062,244,-024,0058,000,0522,"Clan Mine Pattern (Five)"
062,245,-036,0064,000,0522,"Clan Mine Pattern (Five)"
062,265,0008,0072,000,0522,"Clan Mine Pattern (Five)"
062,264,0032,0060,000,0522,"Clan Mine Pattern (Five)"
062,284,-022,0072,000,0522,"Clan Mine Pattern (Five)"
062,285,-008,0074,000,0522,"Clan Mine Pattern (Five)"
062,304,0010,0064,000,0522,"Clan Mine Pattern (Five)"
062,324,-030,0068,000,0522,"Clan Mine Pattern (Five)"
062,325,-024,0076,000,0522,"Clan Mine Pattern (Five)"
062,345,0004,0068,000,0522,"Clan Mine Pattern (Five)"
062,344,0002,0068,000,0522,"Clan Mine Pattern (Five)"
062,364,0004,0072,000,0522,"Clan Mine Pattern (Five)"
062,365,-022,0080,000,0522,"Clan Mine Pattern (Five)"
062,385,-006,0058,000,0522,"Clan Mine Pattern (Five)"
062,384,0008,0072,000,0522,"Clan Mine Pattern (Five)"
062,146,0000,0064,000,0690,"Large Northwest Gate"
062,106,0000,0064,000,0690,"Large Northwest Gate"
062,130,-006,0058,000,0550,"Observation Tower"
062,088,0015,0088,000,0488,"Support Building"
062,068,0011,0046,000,0676,"Office - MAST"
062,048,0007,0046,000,0674,"Office - MAST"
062,370,-002,0068,000,0469,"Turret Control"
062,047,-004,0056,000,0726,"Inert Missile Turret"
062,067,0002,0066,000,0726,"Inert Missile Turret"
062,187,-004,0060,000,0726,"Inert Missile Turret"
062,207,-002,0062,000,0726,"Inert Missile Turret"
062,367,-002,0066,000,0726,"Inert Missile Turret"
062,013,0006,0064,000,0726,"Inert Missile Turret"
062,014,0002,0060,000,0726,"Inert Missile Turret"
062,011,-004,0066,000,0726,"Inert Missile Turret"
062,010,0000,0060,000,0726,"Inert Missile Turret"
062,167,0020,0082,000,0706,"Large Gate Control NW"
062,087,0016,0090,000,0706,"Large Gate Control NW"
062,387,0004,0062,000,0726,"Inert Missile Turret"
062,327,-002,0076,000,0726,"Inert Missile Turret"
062,307,-014,0062,000,0726,"Inert Missile Turret"
062,267,0002,0074,000,0726,"Inert Missile Turret"
062,247,0000,0064,000,0726,"Inert Missile Turret"
062,070,0000,0066,000,0633,"Mech Repair Bay"
062,072,0004,0070,000,0633,"Mech Repair Bay"
062,074,0001,0055,000,0296,"Command Station"
062,085,-001,0060,000,0515,"Pop-Up Missile Turret Dirt"
062,165,-001,0060,000,0515,"Pop-Up Missile Turret Dirt"
062,225,-001,0060,000,0514,"Pop-Up Cannon Turret, Dirt"
062,305,-001,0060,000,0511,"Pop-Up Cannon Turret, Grass"
063,157,-004,0107,000,0278,"Streetlamp NW"
063,060,-102,0066,000,0533,"Pressure Tank"
063,040,-096,0068,000,0533,"Pressure Tank"
063,041,-002,0120,000,0533,"Pressure Tank"
063,196,-005,0061,160,0099,"Resource Bunker (full) SE"
063,176,-005,0061,160,0095,"Resource Bunker (empty) SE"
063,216,-005,0061,160,0095,"Resource Bunker (empty) SE"
063,136,0002,0056,160,0094,"Resource Bunker (empty) SW"
063,137,0002,0056,160,0094,"Resource Bunker (empty) SW"
063,138,0002,0056,160,0094,"Resource Bunker (empty) SW"
063,218,0006,0061,160,0093,"Resource Bunker (empty) NW"
063,198,0006,0061,160,0093,"Resource Bunker (empty) NW"
063,178,0006,0061,160,0093,"Resource Bunker (empty) NW"
063,175,0001,0063,160,0092,"Field Storage NE"
063,135,0002,0056,160,0094,"Resource Bunker (empty) SW"
063,139,0002,0056,160,0094,"Resource Bunker (empty) SW"
063,184,0019,0097,000,0563,"Quonset Hut (Mntn) R1"
063,204,0093,0058,000,0563,"Quonset Hut (Mntn) R1"
063,205,-050,0065,000,0571,"Tent (Dirt) R1"
063,205,0016,0103,000,0571,"Tent (Dirt) R1"
063,205,0048,0054,000,0560,"Quonset Hut (Dirt) R2"
063,206,-020,0015,000,0560,"Quonset Hut (Dirt) R2"
063,206,0002,0112,000,0576,"Tent (Mntn) R2"
063,206,0065,0076,000,0576,"Tent (Mntn) R2"
063,204,-044,0057,000,0648,"Debris A"
063,204,-007,0027,000,0648,"Debris A"
063,203,0045,0086,000,0649,"Debris B"
063,166,0044,0044,000,0271,"Barricade B \"
063,381,-001,0060,000,0409,"Missile Turret"
063,362,-001,0060,000,0409,"Missile Turret"
063,344,-001,0060,000,0409,"Missile Turret"
063,326,-001,0060,000,0409,"Missile Turret"
063,329,-001,0060,000,0409,"Missile Turret"
063,332,-001,0060,000,0409,"Missile Turret"
063,335,-001,0060,000,0409,"Missile Turret"
063,336,-001,0060,000,0409,"Missile Turret"
063,338,-001,0060,000,0409,"Missile Turret"
063,339,-001,0060,000,0409,"Missile Turret"
063,333,-001,0060,000,0409,"Missile Turret"
063,330,-001,0060,000,0409,"Missile Turret"
063,353,-004,0042,000,0469,"Turret Control"
063,356,0008,0086,000,0707,"Large Gate Control NE"
063,317,0000,0064,000,0692,"Large Northeast Gate"
063,378,0004,0064,000,0502,"MechWarrior Barracks NW"
063,375,-026,0070,000,0401,"Vehicle Repair Bay"
064,322,-001,0060,000,0409,"Missile Turret"
064,323,-001,0060,000,0409,"Missile Turret"
064,343,-001,0060,000,0409,"Missile Turret"
064,361,0002,0064,000,0469,"Turret Control"
064,360,0000,0071,000,0633,"Mech Repair Bay"
064,046,0062,0062,000,0267,"Guardhouse NE"
064,048,-004,0026,000,0267,"Guardhouse NE"
065,239,0001,0065,032,0338,"Industrial Plant SE"
065,219,0001,0065,032,0338,"Industrial Plant SE"
065,359,0001,0065,064,0142,"Liquid Storage A R1 (w/underlay)"
065,114,-030,0098,000,0592,"Urban Train station NE"
065,113,-048,0089,000,0588,"Residential Train station NE"
065,112,-051,0074,000,0590,"Urban Train station SW"
065,129,0022,0074,000,0496,"Component Warehouse SE"
065,178,-019,0064,064,0118,"Heavy Industrial SW (w/underlay)"
065,136,0051,0075,096,0380,"Field Office NE"
065,135,-019,0075,096,0381,"Field Office SE"
065,279,-019,0075,000,0381,"Field Office SE"
065,069,-014,0080,064,0345,"Purification Plant NE"
065,049,-014,0080,064,0345,"Purification Plant NE"
065,029,-014,0080,064,0345,"Purification Plant NE"
065,071,0020,0065,000,0343,"Purification Plant SW"
065,051,0020,0065,000,0343,"Purification Plant SW"
065,031,0020,0065,000,0343,"Purification Plant SW"
065,306,-008,0058,000,0490,"Headquarters Building SW"
065,326,-006,0064,000,0490,"Headquarters Building SW"
065,309,0012,0056,000,0497,"Component Warehouse SW"
065,372,0000,0062,000,0496,"Component Warehouse SE"
065,331,0000,0070,000,0485,"HyperPulse Transmitter"
065,311,0002,0060,000,0485,"HyperPulse Transmitter"
065,376,0018,0074,000,0536,"Container Stack SE"
065,375,0037,0065,000,0534,"Supply Container SE"
065,394,-045,0087,000,0535,"Supply Container SW"
065,394,-018,0056,000,0535,"Supply Container SW"
065,394,0042,0052,000,0534,"Supply Container SE"
065,374,-082,0074,000,0534,"Supply Container SE"
065,374,-037,0079,000,0535,"Supply Container SW"
065,374,0007,0066,000,0535,"Supply Container SW"
065,374,0041,0042,000,0535,"Supply Container SW"
065,374,0052,0059,000,0535,"Supply Container SW"
065,394,-008,0078,000,0535,"Supply Container SW"
065,375,-006,0028,000,0535,"Supply Container SW"
065,395,-034,0086,000,0537,"Container Stack SW"
065,265,0001,0127,000,0498,"Activation Marker"
065,246,-109,0064,000,0498,"Activation Marker"
065,225,-001,0127,000,0498,"Activation Marker"
065,286,0109,0064,000,0498,"Activation Marker"
065,287,0110,0064,000,0498,"Activation Marker"
065,269,0000,0127,000,0498,"Activation Marker"
065,270,0000,0000,000,0498,"Activation Marker"
065,229,0105,0062,000,0498,"Activation Marker"
065,228,0108,0063,000,0498,"Activation Marker"
065,227,0109,0065,000,0498,"Activation Marker"
065,226,0109,0063,000,0498,"Activation Marker"
065,205,-001,0126,000,0498,"Activation Marker"
065,206,0006,0061,160,0097,"Resource Bunker (full) NW"
065,186,0006,0061,160,0093,"Resource Bunker (empty) NW"
065,166,0006,0061,160,0093,"Resource Bunker (empty) NW"
065,167,-002,0051,160,0096,"Resource Bunker (empty) NE"
065,168,-002,0051,160,0096,"Resource Bunker (empty) NE"
065,169,-002,0051,160,0096,"Resource Bunker (empty) NE"
065,184,0005,0070,000,0088,"Mission Control R4"
065,128,0001,0063,160,0092,"Field Storage NE"
065,131,0001,0063,160,0092,"Field Storage NE"
065,170,0001,0063,160,0092,"Field Storage NE"
065,208,0043,0075,064,0081,"Crew Barracks NW"
065,209,0043,0075,064,0081,"Crew Barracks NW"
065,230,-031,0075,064,0080,"Crew Barracks NE"
065,250,-031,0075,064,0080,"Crew Barracks NE"
065,210,0051,0075,096,0382,"Field Office SW"
065,254,0005,0061,096,0307,"Geodesic Dome R1"
065,274,0005,0061,096,0307,"Geodesic Dome R1"
065,275,0005,0061,096,0307,"Geodesic Dome R1"
065,276,0005,0061,096,0307,"Geodesic Dome R1"
065,256,0005,0061,096,0307,"Geodesic Dome R1"
065,236,0005,0061,096,0307,"Geodesic Dome R1"
065,235,0005,0061,096,0307,"Geodesic Dome R1"
065,234,0005,0061,096,0307,"Geodesic Dome R1"
065,255,0002,0072,000,0640,"Natural Gas Tower"
065,018,-006,0074,000,0551,"Large Office Building A"
065,145,0000,0107,000,0278,"Streetlamp NW"
065,150,0004,0021,000,0276,"Streetlamp SE"
065,110,-010,0029,000,0276,"Streetlamp SE"
065,110,0009,0102,000,0278,"Streetlamp NW"
065,157,0000,0098,000,0278,"Streetlamp NW"
065,157,-001,0020,000,0276,"Streetlamp SE"
065,385,0077,0065,000,0277,"Streetlamp SW"
065,345,0078,0063,000,0277,"Streetlamp SW"
065,353,0000,0109,000,0278,"Streetlamp NW"
065,252,-004,0055,032,0101,"Underground Bunker SSW"
065,362,-001,0060,000,0409,"Missile Turret"
065,363,-001,0060,000,0409,"Missile Turret"
065,343,-001,0060,000,0409,"Missile Turret"
065,078,0000,0064,000,0647,"Northwest Gate"
065,370,0016,0035,000,0487,"Sensor Tower NE"
065,344,0000,0064,000,0644,"Southeast Gate"
065,207,0043,0075,160,0081,"Crew Barracks NW"
065,348,0000,0004,000,0667,"Office 2_a1"
065,365,0085,0067,000,0669,"Office 2_a3"
065,284,0011,0032,000,0664,"Office 1_a2"
065,224,0027,0054,000,0551,"Large Office Building A"
065,171,0046,0045,000,0677,"Office - MAST"
065,091,-033,0053,000,0679,"Office - FIT"
065,089,-037,0072,000,0676,"Office - MAST"
065,270,0015,0069,160,0155,"Modern Office Building SW"
065,038,-001,0028,000,0671,"Office 3_a2"
065,371,0008,0062,000,0488,"Support Building"
065,342,0003,0059,000,0469,"Turret Control"
065,013,-040,0068,000,0208,"Big Tree"
065,013,0016,0114,000,0208,"Big Tree"
065,034,0052,0042,000,0208,"Big Tree"
065,015,-034,0096,000,0208,"Big Tree"
065,015,0048,0078,000,0208,"Big Tree"
065,016,-064,0082,000,0208,"Big Tree"
065,036,0044,0052,000,0208,"Big Tree"
065,013,-014,0016,000,0212,"Medium Tree"
065,012,0038,0088,000,0212,"Medium Tree"
065,033,0042,0036,000,0212,"Medium Tree"
065,016,-022,0060,000,0216,"Small Tree"
065,014,0012,0098,000,0216,"Small Tree"
065,013,0034,0036,000,0220,"Big Bushy Tree"
065,016,0000,0006,000,0220,"Big Bushy Tree"
065,016,0028,0056,000,0220,"Big Bushy Tree"
065,096,0002,0032,000,0667,"Office 2_a1"
065,056,0010,0032,000,0669,"Office 2_a3"
065,076,0006,0044,000,0674,"Office - MAST"
065,138,-004,0026,000,0665,"Office 1_a3"
065,073,0002,0054,000,0497,"Component Warehouse SW"
065,074,0010,0058,000,0497,"Component Warehouse SW"
065,093,0006,0064,000,0537,"Container Stack SW"
065,085,0005,0061,000,0307,"Geodesic Dome R1"
065,065,0005,0061,000,0307,"Geodesic Dome R1"
065,045,0005,0061,000,0307,"Geodesic Dome R1"
065,046,0005,0061,000,0307,"Geodesic Dome R1"
065,066,0005,0061,000,0307,"Geodesic Dome R1"
065,086,0005,0061,000,0307,"Geodesic Dome R1"
065,087,0005,0061,000,0307,"Geodesic Dome R1"
065,067,0005,0061,000,0307,"Geodesic Dome R1"
065,047,0005,0061,000,0307,"Geodesic Dome R1"
065,027,0005,0061,000,0307,"Geodesic Dome R1"
065,026,0005,0061,000,0307,"Geodesic Dome R1"
065,124,0005,0061,000,0307,"Geodesic Dome R1"
065,125,0005,0061,000,0307,"Geodesic Dome R1"
065,126,0005,0061,000,0307,"Geodesic Dome R1"
065,127,0005,0061,000,0307,"Geodesic Dome R1"
065,176,-032,0040,000,0671,"Office 3_a2"
065,349,0008,0044,000,0629,"Sensor Control SW"
065,390,0001,0074,000,0633,"Mech Repair Bay"
065,368,0001,0073,000,0633,"Mech Repair Bay"
065,249,0102,0061,000,0498,"Activation Marker"
065,268,-006,0120,000,0498,"Activation Marker"
065,323,-010,0050,000,0704,"Large Gate Control SE"
065,392,-002,0068,000,0633,"Mech Repair Bay"
065,333,0008,0068,000,0633,"Mech Repair Bay"
065,335,0004,0072,000,0633,"Mech Repair Bay"
066,223,0001,0075,032,0340,"Pumping Station NW"
066,203,0001,0075,032,0340,"Pumping Station NW"
066,183,0001,0075,032,0340,"Pumping Station NW"
066,163,0001,0075,032,0340,"Pumping Station NW"
066,243,0001,0075,032,0340,"Pumping Station NW"
066,263,0001,0075,032,0340,"Pumping Station NW"
066,264,0001,0075,032,0340,"Pumping Station NW"
066,244,0001,0075,032,0340,"Pumping Station NW"
066,224,0001,0075,032,0340,"Pumping Station NW"
066,204,0001,0075,032,0340,"Pumping Station NW"
066,184,0001,0075,032,0340,"Pumping Station NW"
066,164,0001,0075,032,0340,"Pumping Station NW"
066,261,-060,0054,032,0339,"Pumping Station SW"
066,262,-058,0054,032,0339,"Pumping Station SW"
066,162,-023,0054,032,0341,"Pumping Station NE"
066,161,-022,0054,032,0341,"Pumping Station NE"
066,160,-020,0054,032,0341,"Pumping Station NE"
066,320,0001,0065,064,0142,"Liquid Storage A R1 (w/underlay)"
066,360,0001,0065,064,0142,"Liquid Storage A R1 (w/underlay)"
066,341,0001,0065,064,0142,"Liquid Storage A R1 (w/underlay)"
066,322,0001,0065,064,0142,"Liquid Storage A R1 (w/underlay)"
066,362,0001,0065,064,0142,"Liquid Storage A R1 (w/underlay)"
066,343,0001,0065,064,0142,"Liquid Storage A R1 (w/underlay)"
066,324,0001,0065,064,0142,"Liquid Storage A R1 (w/underlay)"
066,364,0001,0065,064,0142,"Liquid Storage A R1 (w/underlay)"
066,345,0001,0065,064,0142,"Liquid Storage A R1 (w/underlay)"
066,326,0001,0065,064,0142,"Liquid Storage A R1 (w/underlay)"
066,366,0001,0065,064,0142,"Liquid Storage A R1 (w/underlay)"
066,347,0001,0065,064,0142,"Liquid Storage A R1 (w/underlay)"
066,000,0000,0000,000,0485,"HyperPulse Transmitter"
066,020,0000,0000,000,0485,"HyperPulse Transmitter"
066,001,-106,0062,000,0485,"HyperPulse Transmitter"
066,132,-019,0075,000,0381,"Field Office SE"
066,236,0001,0075,096,0342,"Pumping Station SE"
066,216,0001,0075,096,0342,"Pumping Station SE"
066,196,0001,0075,096,0342,"Pumping Station SE"
066,176,0001,0075,096,0342,"Pumping Station SE"
066,217,-006,0095,000,0305,"(null)"
066,197,-006,0095,000,0305,"(null)"
066,218,0006,0085,000,0304,"(null)"
066,198,0006,0085,000,0304,"(null)"
066,177,0006,0085,000,0304,"(null)"
066,178,-006,0095,000,0303,"Fuel Tank"
066,199,-006,0095,000,0303,"Fuel Tank"
066,219,0005,0061,128,0307,"Geodesic Dome R1"
066,179,0005,0061,128,0307,"Geodesic Dome R1"
066,037,0002,0053,032,0104,"(null)"
066,013,-004,0055,032,0101,"Underground Bunker SSW"
066,155,-073,0065,000,0275,"Streetlamp NE"
066,115,-007,0029,000,0276,"Streetlamp SE"
066,115,0005,0108,000,0278,"Streetlamp NW"
066,255,-002,0109,000,0275,"Streetlamp NE"
066,295,-074,0066,000,0275,"Streetlamp NE"
066,043,-001,0060,000,0409,"Missile Turret"
066,044,-001,0060,000,0409,"Missile Turret"
066,064,-001,0060,000,0409,"Missile Turret"
066,063,-001,0060,000,0409,"Missile Turret"
066,062,0002,0058,000,0469,"Turret Control"
066,174,-006,0034,000,0672,"Office 3_a3"
066,194,-060,0066,000,0673,"Office 3_a4"
066,254,0022,0028,000,0668,"Office 2_a2"
066,234,0016,0068,000,0551,"Large Office Building A"
066,222,-001,0066,000,0483,"Auxiliary Generator"
066,182,0000,0064,000,0483,"Auxiliary Generator"
066,122,0006,0032,000,0667,"Office 2_a1"
066,120,0004,0076,000,0551,"Large Office Building A"
066,060,-026,0072,000,0706,"Large Gate Control NW"
067,056,0022,0043,000,0487,"Sensor Tower NE"
067,077,0008,0062,000,0469,"Turret Control"
067,038,-002,0054,000,0726,"Inert Missile Turret"
067,018,0000,0064,000,0726,"Inert Missile Turret"
067,059,0002,0064,000,0726,"Inert Missile Turret"
068,177,0014,0049,000,0487,"Sensor Tower NE"
068,019,0028,0078,000,0522,"Clan Mine Pattern (Five)"
068,017,-016,0064,000,0522,"Clan Mine Pattern (Five)"
068,016,0014,0068,000,0522,"Clan Mine Pattern (Five)"
068,015,-014,0052,000,0522,"Clan Mine Pattern (Five)"
068,013,0004,0042,000,0522,"Clan Mine Pattern (Five)"
068,012,-030,0054,000,0522,"Clan Mine Pattern (Five)"
068,011,0002,0070,000,0522,"Clan Mine Pattern (Five)"
068,010,0014,0076,000,0522,"Clan Mine Pattern (Five)"
068,008,0004,0064,000,0522,"Clan Mine Pattern (Five)"
068,007,0000,0036,000,0522,"Clan Mine Pattern (Five)"
068,006,0016,0056,000,0522,"Clan Mine Pattern (Five)"
068,005,0018,0064,000,0522,"Clan Mine Pattern (Five)"
068,003,-024,0076,000,0522,"Clan Mine Pattern (Five)"
068,001,-014,0066,000,0522,"Clan Mine Pattern (Five)"
068,002,0022,0072,000,0522,"Clan Mine Pattern (Five)"
068,199,0011,0073,000,0550,"Observation Tower"
068,179,-001,0071,000,0469,"Turret Control"
068,217,0043,0075,000,0081,"Crew Barracks NW"
068,155,-025,0047,000,0083,"Crew Barracks SE"
068,135,-075,0074,000,0498,"Activation Marker"
068,237,0081,0067,000,0498,"Activation Marker"
068,057,-004,0062,000,0726,"Inert Missile Turret"
068,052,0000,0066,000,0726,"Inert Missile Turret"
068,042,-004,0060,000,0726,"Inert Missile Turret"
068,040,0000,0064,000,0726,"Inert Missile Turret"
068,043,0000,0070,000,0726,"Inert Missile Turret"
068,045,0012,0066,000,0726,"Inert Missile Turret"
068,046,-002,0066,000,0726,"Inert Missile Turret"
068,048,0004,0066,000,0726,"Inert Missile Turret"
068,049,0002,0068,000,0726,"Inert Missile Turret"
068,051,-006,0062,000,0726,"Inert Missile Turret"
068,054,0006,0056,000,0726,"Inert Missile Turret"
068,055,-002,0062,000,0726,"Inert Missile Turret"
068,058,-008,0062,000,0726,"Inert Missile Turret"
068,018,-001,0060,000,0511,"Pop-Up Cannon Turret, Grass"
068,014,-001,0060,000,0511,"Pop-Up Cannon Turret, Grass"
068,009,-001,0060,000,0514,"Pop-Up Cannon Turret, Dirt"
068,000,-001,0060,000,0514,"Pop-Up Cannon Turret, Dirt"
068,004,-001,0060,000,0511,"Pop-Up Cannon Turret, Grass"
069,223,-086,0062,000,0527,"Billboard A NW"
069,382,0008,0076,000,0522,"Clan Mine Pattern (Five)"
069,383,0012,0076,000,0522,"Clan Mine Pattern (Five)"
069,363,0008,0062,000,0522,"Clan Mine Pattern (Five)"
069,343,-006,0080,000,0522,"Clan Mine Pattern (Five)"
069,342,0010,0072,000,0522,"Clan Mine Pattern (Five)"
069,322,-030,0082,000,0522,"Clan Mine Pattern (Five)"
069,302,-022,0074,000,0522,"Clan Mine Pattern (Five)"
069,303,-006,0050,000,0522,"Clan Mine Pattern (Five)"
069,323,-006,0052,000,0522,"Clan Mine Pattern (Five)"
069,283,-002,0058,000,0522,"Clan Mine Pattern (Five)"
069,282,0014,0046,000,0522,"Clan Mine Pattern (Five)"
069,202,0026,0070,000,0522,"Clan Mine Pattern (Five)"
069,203,0028,0052,000,0522,"Clan Mine Pattern (Five)"
069,183,-016,0066,000,0522,"Clan Mine Pattern (Five)"
069,163,0002,0058,000,0522,"Clan Mine Pattern (Five)"
069,142,-012,0070,000,0522,"Clan Mine Pattern (Five)"
069,143,0006,0070,000,0522,"Clan Mine Pattern (Five)"
069,063,-016,0070,000,0522,"Clan Mine Pattern (Five)"
069,062,0012,0090,000,0522,"Clan Mine Pattern (Five)"
069,042,0012,0082,000,0522,"Clan Mine Pattern (Five)"
069,043,-040,0070,000,0522,"Clan Mine Pattern (Five)"
069,022,-054,0048,000,0522,"Clan Mine Pattern (Five)"
069,001,-008,0050,000,0522,"Clan Mine Pattern (Five)"
069,003,0038,0062,000,0522,"Clan Mine Pattern (Five)"
069,023,0008,0048,000,0522,"Clan Mine Pattern (Five)"
069,000,-002,0066,000,0522,"Clan Mine Pattern (Five)"
069,241,0000,0064,000,0691,"Large Southeast Gate"
069,101,0000,0064,000,0691,"Large Southeast Gate"
069,300,-002,0062,000,0726,"Inert Missile Turret"
069,180,-002,0056,000,0726,"Inert Missile Turret"
069,160,0000,0058,000,0726,"Inert Missile Turret"
069,080,0000,0058,000,0726,"Inert Missile Turret"
069,060,0002,0058,000,0726,"Inert Missile Turret"
069,120,-020,0052,000,0704,"Large Gate Control SE"
069,260,-002,0046,000,0704,"Large Gate Control SE"
069,220,-002,0064,000,0726,"Inert Missile Turret"
069,280,0004,0058,000,0726,"Inert Missile Turret"
069,340,0000,0062,000,0726,"Inert Missile Turret"
069,360,0006,0060,000,0726,"Inert Missile Turret"
069,362,-001,0060,000,0511,"Pop-Up Cannon Turret, Grass"
069,222,-001,0060,000,0515,"Pop-Up Missile Turret Dirt"
069,262,-001,0060,000,0515,"Pop-Up Missile Turret Dirt"
069,082,-001,0060,000,0515,"Pop-Up Missile Turret Dirt"
069,122,-001,0060,000,0515,"Pop-Up Missile Turret Dirt"
069,162,-001,0060,000,0515,"Pop-Up Missile Turret Dirt"
069,182,-001,0060,000,0515,"Pop-Up Missile Turret Dirt"
069,002,-001,0060,000,0511,"Pop-Up Cannon Turret, Grass"
074,004,-018,0064,000,0522,"Clan Mine Pattern (Five)"
074,024,-008,0064,000,0522,"Clan Mine Pattern (Five)"
074,044,0018,0044,000,0522,"Clan Mine Pattern (Five)"
074,045,-014,0072,000,0522,"Clan Mine Pattern (Five)"
074,025,-022,0058,000,0522,"Clan Mine Pattern (Five)"
074,064,-010,0060,000,0522,"Clan Mine Pattern (Five)"
074,084,0008,0076,000,0522,"Clan Mine Pattern (Five)"
074,085,0008,0074,000,0522,"Clan Mine Pattern (Five)"
074,065,0008,0058,000,0522,"Clan Mine Pattern (Five)"
074,104,-006,0074,000,0522,"Clan Mine Pattern (Five)"
074,124,-018,0064,000,0522,"Clan Mine Pattern (Five)"
074,144,0026,0050,000,0522,"Clan Mine Pattern (Five)"
074,145,-016,0054,000,0522,"Clan Mine Pattern (Five)"
074,125,-010,0064,000,0522,"Clan Mine Pattern (Five)"
074,165,0002,0072,000,0522,"Clan Mine Pattern (Five)"
074,164,0008,0046,000,0522,"Clan Mine Pattern (Five)"
074,184,-016,0068,000,0522,"Clan Mine Pattern (Five)"
074,185,-010,0070,000,0522,"Clan Mine Pattern (Five)"
074,205,-008,0076,000,0522,"Clan Mine Pattern (Five)"
074,204,0000,0064,000,0522,"Clan Mine Pattern (Five)"
074,224,-008,0066,000,0522,"Clan Mine Pattern (Five)"
074,244,-006,0062,000,0522,"Clan Mine Pattern (Five)"
074,264,0018,0054,000,0522,"Clan Mine Pattern (Five)"
074,265,-022,0064,000,0522,"Clan Mine Pattern (Five)"
074,245,-014,0076,000,0522,"Clan Mine Pattern (Five)"
074,285,0002,0062,000,0522,"Clan Mine Pattern (Five)"
074,284,0000,0076,000,0522,"Clan Mine Pattern (Five)"
074,304,-020,0070,000,0522,"Clan Mine Pattern (Five)"
074,305,0000,0076,000,0522,"Clan Mine Pattern (Five)"
074,324,-014,0052,000,0522,"Clan Mine Pattern (Five)"
074,344,-006,0058,000,0522,"Clan Mine Pattern (Five)"
074,345,0002,0068,000,0522,"Clan Mine Pattern (Five)"
074,365,-010,0060,000,0522,"Clan Mine Pattern (Five)"
074,364,-014,0066,000,0522,"Clan Mine Pattern (Five)"
074,384,-020,0056,000,0522,"Clan Mine Pattern (Five)"
074,385,-014,0076,000,0522,"Clan Mine Pattern (Five)"
074,339,0012,0062,000,0550,"Observation Tower"
074,287,-006,0056,000,0726,"Inert Missile Turret"
074,387,-002,0062,000,0726,"Inert Missile Turret"
074,347,-004,0062,000,0726,"Inert Missile Turret"
074,327,0008,0058,000,0726,"Inert Missile Turret"
074,267,0000,0068,000,0726,"Inert Missile Turret"
074,227,0008,0060,000,0726,"Inert Missile Turret"
074,207,0004,0052,000,0726,"Inert Missile Turret"
074,167,0000,0062,000,0726,"Inert Missile Turret"
074,147,0004,0068,000,0726,"Inert Missile Turret"
074,107,-004,0068,000,0726,"Inert Missile Turret"
074,087,0002,0056,000,0726,"Inert Missile Turret"
074,047,-006,0066,000,0726,"Inert Missile Turret"
074,027,0008,0062,000,0726,"Inert Missile Turret"
074,059,-001,0060,000,0409,"Missile Turret"
074,098,-001,0060,000,0409,"Missile Turret"
074,297,-001,0060,000,0409,"Missile Turret"
074,317,-001,0060,000,0409,"Missile Turret"
074,337,-001,0060,000,0409,"Missile Turret"
074,378,-001,0060,000,0409,"Missile Turret"
074,379,-001,0060,000,0409,"Missile Turret"
074,216,-001,0060,000,0409,"Missile Turret"
074,136,-001,0060,000,0409,"Missile Turret"
074,176,-001,0060,000,0409,"Missile Turret"
074,319,0000,0050,000,0704,"Large Gate Control SE"
074,277,0038,0068,000,0704,"Large Gate Control SE"
074,357,0008,0092,000,0469,"Turret Control"
074,299,0004,0036,000,0469,"Turret Control"
074,259,-001,0060,000,0409,"Missile Turret"
074,238,0000,0064,000,0691,"Large Southeast Gate"
074,199,-004,0070,000,0483,"Auxiliary Generator"
074,158,-002,0068,000,0500,"MechWarrior Barracks NW"
074,105,-001,0060,000,0514,"Pop-Up Cannon Turret, Dirt"
074,325,-001,0060,000,0511,"Pop-Up Cannon Turret, Grass"
074,225,-001,0060,000,0511,"Pop-Up Cannon Turret, Grass"
074,005,-001,0060,000,0511,"Pop-Up Cannon Turret, Grass"
075,231,0056,0044,000,0594,"Blast Deflector R2"
075,232,-030,0062,000,0595,"Blast Deflector R3 W"
075,252,0058,0088,000,0596,"Blast Deflector R4"
075,273,-032,0038,000,0597,"Blast Deflector R5 "
075,293,-048,0030,000,0598,"Blast Deflector R6"
075,312,0000,0046,000,0599,"Blast Deflector R7 N"
075,331,0044,0034,000,0600,"Blast Deflector R8"
075,330,0032,0040,000,0601,"Blast Deflector R9"
075,329,0050,0034,000,0602,"Blast Deflector R10"
075,308,0024,0064,000,0603,"Blast Deflector R11 E"
075,267,0028,0086,000,0605,"Blast Deflector R13"
075,288,-060,0034,000,0604,"Blast Deflector R12"
075,247,0048,0092,000,0606,"Blast Deflector R14"
075,228,-004,0072,000,0607,"Blast Deflector R15 S"
075,209,-058,0090,000,0608,"Blast Deflector R16"
075,115,-030,0084,000,0593,"Blast Deflector R1"
075,136,0052,0032,000,0594,"Blast Deflector R2"
075,137,-036,0058,000,0595,"Blast Deflector R3 W"
075,158,-056,0032,000,0596,"Blast Deflector R4"
075,178,-038,0044,000,0597,"Blast Deflector R5 "
075,198,-052,0036,000,0598,"Blast Deflector R6"
075,217,0000,0058,000,0599,"Blast Deflector R7 N"
075,236,0042,0040,000,0600,"Blast Deflector R8"
075,235,0034,0050,000,0601,"Blast Deflector R9"
075,234,0052,0042,000,0602,"Blast Deflector R10"
075,213,0026,0062,000,0603,"Blast Deflector R11 E"
075,192,0044,0094,000,0604,"Blast Deflector R12"
075,152,0046,0092,000,0606,"Blast Deflector R14"
075,133,-004,0072,000,0607,"Blast Deflector R15 S"
075,134,0044,0030,000,0608,"Blast Deflector R16"
075,105,-038,0084,000,0593,"Blast Deflector R1"
075,126,0046,0040,000,0594,"Blast Deflector R2"
075,127,-048,0060,000,0595,"Blast Deflector R3 W"
075,147,0048,0086,000,0596,"Blast Deflector R4"
075,187,0050,0092,000,0598,"Blast Deflector R6"
075,207,0002,0044,000,0599,"Blast Deflector R7 N"
075,226,0054,0032,000,0600,"Blast Deflector R8"
075,225,0038,0046,000,0601,"Blast Deflector R9"
075,204,-046,0092,000,0602,"Blast Deflector R10"
075,203,0040,0068,000,0603,"Blast Deflector R11 E"
075,183,-048,0032,000,0604,"Blast Deflector R12"
075,162,0034,0080,000,0605,"Blast Deflector R13"
075,142,0044,0088,000,0606,"Blast Deflector R14"
075,123,-004,0062,000,0607,"Blast Deflector R15 S"
075,104,-064,0084,000,0608,"Blast Deflector R16"
075,010,-030,0086,000,0593,"Blast Deflector R1"
075,031,0046,0036,000,0594,"Blast Deflector R2"
075,053,-056,0036,000,0596,"Blast Deflector R4"
075,032,-032,0064,000,0595,"Blast Deflector R3 W"
075,073,-034,0042,000,0597,"Blast Deflector R5 "
075,092,0058,0090,000,0598,"Blast Deflector R6"
075,112,0000,0046,000,0599,"Blast Deflector R7 N"
075,111,-046,0098,000,0600,"Blast Deflector R8"
075,129,0056,0036,000,0602,"Blast Deflector R10"
075,108,0028,0066,000,0603,"Blast Deflector R11 E"
075,087,0042,0088,000,0604,"Blast Deflector R12"
075,067,0026,0080,000,0605,"Blast Deflector R13"
075,047,0042,0086,000,0606,"Blast Deflector R14"
075,028,0000,0070,000,0607,"Blast Deflector R15 S"
075,009,-066,0086,000,0608,"Blast Deflector R16"
075,000,-001,0060,000,0409,"Missile Turret"
075,002,0000,0034,000,0469,"Turret Control"
075,378,-001,0060,000,0409,"Missile Turret"
075,396,-001,0060,000,0409,"Missile Turret"
075,366,-001,0060,000,0409,"Missile Turret"
075,363,-001,0060,000,0409,"Missile Turret"
075,360,-001,0060,000,0409,"Missile Turret"
075,281,0000,0064,000,0691,"Large Southeast Gate"
075,240,-001,0060,000,0409,"Missile Turret"
075,262,-001,0060,000,0409,"Missile Turret"
075,302,-001,0060,000,0409,"Missile Turret"
075,322,-001,0060,000,0409,"Missile Turret"
075,364,-001,0060,000,0409,"Missile Turret"
075,300,-001,0060,000,0409,"Missile Turret"
075,018,-002,0064,000,0502,"MechWarrior Barracks NW"
075,338,0002,0090,000,0469,"Turret Control"
075,368,0052,0064,000,0469,"Turret Control"
075,015,-006,0077,000,0633,"Mech Repair Bay"
076,279,-041,0041,000,0496,"Component Warehouse SE"
076,239,-039,0041,000,0496,"Component Warehouse SE"
076,259,-069,0085,000,0276,"Streetlamp SE"
076,239,-063,0088,000,0276,"Streetlamp SE"
076,219,-063,0086,000,0276,"Streetlamp SE"
076,306,0000,0062,000,0605,"Blast Deflector R13"
076,286,0017,0090,000,0607,"Blast Deflector R15 S"
076,326,0036,0066,000,0604,"Blast Deflector R12"
076,003,-001,0060,000,0409,"Missile Turret"
076,043,-001,0060,000,0409,"Missile Turret"
076,063,-001,0060,000,0409,"Missile Turret"
076,103,-001,0060,000,0409,"Missile Turret"
076,123,-001,0060,000,0409,"Missile Turret"
076,142,-001,0060,000,0409,"Missile Turret"
076,202,-001,0060,000,0409,"Missile Turret"
076,242,-001,0060,000,0409,"Missile Turret"
076,241,-001,0060,000,0409,"Missile Turret"
076,301,-001,0060,000,0409,"Missile Turret"
076,321,-001,0060,000,0409,"Missile Turret"
076,340,-001,0060,000,0409,"Missile Turret"
076,062,-044,0066,000,0704,"Large Gate Control SE"
076,084,0000,0064,000,0691,"Large Southeast Gate"
076,141,-002,0036,000,0469,"Turret Control"
076,000,-014,0075,000,0633,"Mech Repair Bay"
077,315,-037,0042,000,0597,"Blast Deflector R5 "
077,295,-054,0053,000,0597,"Blast Deflector R5 "
077,335,-016,0029,000,0597,"Blast Deflector R5 "
077,220,0010,0068,000,0489,"Hanger"
077,222,-040,0036,000,0489,"Hanger"
077,223,0012,0070,000,0489,"Hanger"
077,225,-026,0048,000,0489,"Hanger"
077,116,-012,0076,000,0551,"Large Office Building A"
077,076,-010,0080,000,0551,"Large Office Building A"
077,236,-012,0084,000,0551,"Large Office Building A"
077,278,0002,0062,000,0551,"Large Office Building A"
077,232,0014,0084,000,0497,"Component Warehouse SW"
077,138,0013,0053,064,0085,"Mission Control R1"
077,073,0013,0053,160,0085,"Mission Control R1"
077,178,0005,0070,160,0088,"Mission Control R4"
077,158,0021,0055,064,0386,"Parking Garage SE"
077,044,0011,0095,160,0125,"Waste Processor NW (w/underlay)"
077,046,0001,0080,064,0032,"Waste Processor SW (w/underlay)"
077,217,0072,0065,000,0277,"Streetlamp SW"
077,257,0078,0066,000,0277,"Streetlamp SW"
077,257,0000,0022,000,0276,"Streetlamp SE"
077,259,-068,0064,000,0275,"Streetlamp NE"
077,257,-072,0066,000,0275,"Streetlamp NE"
077,379,0076,0065,000,0277,"Streetlamp SW"
077,254,-006,0020,000,0277,"Streetlamp SW"
077,254,-074,0065,000,0275,"Streetlamp NE"
077,245,0088,0074,000,0277,"Streetlamp SW"
077,224,-031,0099,000,0277,"Streetlamp SW"
077,222,0005,0117,000,0277,"Streetlamp SW"
077,221,-046,0086,000,0277,"Streetlamp SW"
077,085,0004,0023,000,0276,"Streetlamp SE"
077,013,-001,0021,000,0276,"Streetlamp SE"
077,058,0000,0064,000,0647,"Northwest Gate"
077,099,-001,0060,000,0409,"Missile Turret"
077,079,-001,0060,000,0409,"Missile Turret"
077,007,-002,0051,160,0096,"Resource Bunker (empty) NE"
077,026,0006,0061,160,0093,"Resource Bunker (empty) NW"
077,004,-005,0061,064,0099,"Resource Bunker (full) SE"
077,129,-006,0047,128,0102,"Underground Bunker NNE"
077,132,-006,0047,128,0102,"Underground Bunker NNE"
077,260,0006,0068,000,0714,"Sabutai Omnifighter SE"
077,243,0014,0058,000,0715,"Sabutai Omnifighter SW"
077,261,0006,0072,000,0713,"Sabutai Omnifighter NE"
077,262,0014,0070,000,0713,"Sabutai Omnifighter NE"
077,238,0010,0024,000,0669,"Office 2_a3"
077,198,-028,0018,000,0668,"Office 2_a2"
077,276,0000,0024,000,0671,"Office 3_a2"
077,196,-001,0057,000,0675,"Office - MAST"
077,396,0001,0032,000,0678,"Office - FIT"
077,136,-052,0059,000,0664,"Office 1_a2"
077,074,0074,0059,000,0670,"Office 3_a1"
077,036,-035,0044,000,0671,"Office 3_a2"
077,114,0047,0064,000,0677,"Office - MAST"
077,018,0009,0023,000,0673,"Office 3_a4"
077,064,0008,0072,000,0488,"Support Building"
077,066,-008,0066,000,0488,"Support Building"
077,008,-004,0055,000,0499,"MechWarrior Barracks SW"
077,059,0026,0070,000,0706,"Large Gate Control NW"
078,169,0002,0056,000,0094,"Resource Bunker (empty) SW"
078,170,0002,0056,000,0094,"Resource Bunker (empty) SW"
078,173,0002,0056,000,0098,"Resource Bunker (full) SW"
078,172,0002,0056,000,0094,"Resource Bunker (empty) SW"
078,171,0002,0056,000,0094,"Resource Bunker (empty) SW"
078,174,0002,0056,000,0094,"Resource Bunker (empty) SW"
078,168,-019,0060,000,0089,"Field Storage NW"
078,129,0001,0063,000,0092,"Field Storage NE"
078,130,0001,0063,000,0092,"Field Storage NE"
078,131,0001,0063,000,0092,"Field Storage NE"
078,132,0001,0063,000,0092,"Field Storage NE"
078,133,0001,0063,000,0092,"Field Storage NE"
078,134,0001,0063,000,0092,"Field Storage NE"
078,240,-018,0041,160,0087,"Mission Control R3"
078,181,0006,0072,000,0618,"Resource Warehouse NE"
078,187,-009,0075,064,0124,"Factory SW (w/underlay)"
078,186,0006,0065,064,0347,"Factory SE"
078,196,0016,0045,160,0132,"Relay Station NE (w/underlay)"
078,197,0001,0080,160,0032,"Waste Processor SW (w/underlay)"
078,215,-001,0017,000,0276,"Streetlamp SE"
078,260,-022,0070,000,0551,"Large Office Building A"
078,222,-008,0070,000,0551,"Large Office Building A"
078,182,-008,0080,000,0551,"Large Office Building A"
078,080,-001,0060,000,0409,"Missile Turret"
078,220,0003,0023,000,0666,"Office 1_a4"
078,183,0022,0042,000,0667,"Office 2_a1"
078,223,0002,0011,000,0668,"Office 2_a2"
078,060,0011,0060,000,0469,"Turret Control"
079,337,0038,0088,000,0605,"Blast Deflector R13"
079,399,0060,0034,000,0602,"Blast Deflector R10"
079,358,-050,0036,000,0604,"Blast Deflector R12"
079,317,0046,0094,000,0606,"Blast Deflector R14"
079,299,0032,0034,000,0608,"Blast Deflector R16"
079,375,-046,0096,000,0593,"Blast Deflector R1"
079,396,0038,0044,000,0594,"Blast Deflector R2"
079,394,0038,0048,000,0608,"Blast Deflector R16"
079,327,0052,0090,000,0605,"Blast Deflector R13"
079,348,-042,0040,000,0604,"Blast Deflector R12"
079,368,0034,0066,000,0603,"Blast Deflector R11 E"
079,369,-048,0088,000,0602,"Blast Deflector R10"
079,390,0036,0042,000,0601,"Blast Deflector R9"
079,391,0046,0032,000,0600,"Blast Deflector R8"
079,333,-050,0040,000,0597,"Blast Deflector R5 "
079,352,0032,0094,000,0598,"Blast Deflector R6"
079,312,0040,0088,000,0596,"Blast Deflector R4"
079,291,0040,0034,000,0594,"Blast Deflector R2"
079,270,-042,0088,000,0593,"Blast Deflector R1"
079,308,-040,0040,000,0606,"Blast Deflector R14"
079,288,0004,0084,000,0607,"Blast Deflector R15 S"
079,289,0048,0032,000,0608,"Blast Deflector R16"
079,175,-031,0080,000,0593,"Blast Deflector R1"
079,176,-059,0092,000,0594,"Blast Deflector R2"
079,197,-033,0060,000,0595,"Blast Deflector R3 W"
079,218,-052,0030,000,0596,"Blast Deflector R4"
079,238,-037,0045,000,0597,"Blast Deflector R5 "
079,258,-050,0031,000,0598,"Blast Deflector R6"
079,296,0048,0032,000,0600,"Blast Deflector R8"
079,295,0038,0044,000,0601,"Blast Deflector R9"
079,294,0048,0030,000,0602,"Blast Deflector R10"
079,252,0052,0094,000,0604,"Blast Deflector R12"
079,232,0036,0084,000,0605,"Blast Deflector R13"
079,212,0050,0092,000,0606,"Blast Deflector R14"
079,193,-002,0076,000,0607,"Blast Deflector R15 S"
079,194,0048,0028,000,0608,"Blast Deflector R16"
080,260,-046,0084,000,0593,"Blast Deflector R1"
080,380,0036,0036,000,0601,"Blast Deflector R9"
080,323,-038,0036,000,0597,"Blast Deflector R5 "
080,281,0050,0044,000,0594,"Blast Deflector R2"
080,342,0050,0086,000,0598,"Blast Deflector R6"
080,361,-054,0088,000,0600,"Blast Deflector R8"
080,362,-004,0046,000,0599,"Blast Deflector R7 N"
080,302,0050,0086,000,0596,"Blast Deflector R4"
080,282,-030,0066,000,0595,"Blast Deflector R3 W"
080,328,0004,0070,000,0533,"Pressure Tank"
080,308,0006,0066,000,0533,"Pressure Tank"
080,348,0002,0070,000,0533,"Pressure Tank"
080,237,-012,0032,000,0486,"Sensor Tower SW"
080,197,-002,0064,000,0469,"Turret Control"
081,382,0026,0074,000,0522,"Clan Mine Pattern (Five)"
081,383,-018,0074,000,0522,"Clan Mine Pattern (Five)"
081,362,0016,0052,000,0522,"Clan Mine Pattern (Five)"
081,363,0044,0080,000,0522,"Clan Mine Pattern (Five)"
081,343,-018,0060,000,0522,"Clan Mine Pattern (Five)"
081,342,-004,0074,000,0522,"Clan Mine Pattern (Five)"
081,323,0000,0060,000,0522,"Clan Mine Pattern (Five)"
081,303,0000,0072,000,0522,"Clan Mine Pattern (Five)"
081,302,0022,0074,000,0522,"Clan Mine Pattern (Five)"
081,282,0010,0064,000,0522,"Clan Mine Pattern (Five)"
081,283,-008,0068,000,0522,"Clan Mine Pattern (Five)"
081,263,-004,0064,000,0522,"Clan Mine Pattern (Five)"
081,262,0010,0070,000,0522,"Clan Mine Pattern (Five)"
081,242,-008,0068,000,0522,"Clan Mine Pattern (Five)"
081,243,-012,0068,000,0522,"Clan Mine Pattern (Five)"
081,223,-022,0068,000,0522,"Clan Mine Pattern (Five)"
081,222,-012,0078,000,0522,"Clan Mine Pattern (Five)"
081,203,-010,0080,000,0522,"Clan Mine Pattern (Five)"
081,183,-010,0084,000,0522,"Clan Mine Pattern (Five)"
081,182,0024,0082,000,0522,"Clan Mine Pattern (Five)"
081,162,-012,0062,000,0522,"Clan Mine Pattern (Five)"
081,163,0004,0058,000,0522,"Clan Mine Pattern (Five)"
081,143,-014,0058,000,0522,"Clan Mine Pattern (Five)"
081,142,-012,0078,000,0522,"Clan Mine Pattern (Five)"
081,122,0004,0074,000,0522,"Clan Mine Pattern (Five)"
081,123,0026,0046,000,0522,"Clan Mine Pattern (Five)"
081,103,0012,0078,000,0522,"Clan Mine Pattern (Five)"
081,102,0000,0074,000,0522,"Clan Mine Pattern (Five)"
081,083,0024,0062,000,0522,"Clan Mine Pattern (Five)"
081,063,-004,0070,000,0522,"Clan Mine Pattern (Five)"
081,043,-032,0062,000,0522,"Clan Mine Pattern (Five)"
081,042,0020,0064,000,0522,"Clan Mine Pattern (Five)"
081,062,0020,0066,000,0522,"Clan Mine Pattern (Five)"
081,022,-016,0072,000,0522,"Clan Mine Pattern (Five)"
081,023,0000,0062,000,0522,"Clan Mine Pattern (Five)"
081,003,-008,0058,000,0522,"Clan Mine Pattern (Five)"
081,002,0024,0054,000,0522,"Clan Mine Pattern (Five)"
081,360,0002,0054,000,0726,"Inert Missile Turret"
081,260,0000,0052,000,0726,"Inert Missile Turret"
081,140,0000,0068,000,0726,"Inert Missile Turret"
081,020,-004,0052,000,0726,"Inert Missile Turret"
081,000,0000,0062,000,0726,"Inert Missile Turret"
081,060,-002,0060,000,0726,"Inert Missile Turret"
081,080,-004,0064,000,0726,"Inert Missile Turret"
081,120,0000,0062,000,0726,"Inert Missile Turret"
081,180,-004,0062,000,0726,"Inert Missile Turret"
081,200,-006,0066,000,0726,"Inert Missile Turret"
081,240,-002,0066,000,0726,"Inert Missile Turret"
081,300,-008,0064,000,0726,"Inert Missile Turret"
081,320,-008,0066,000,0726,"Inert Missile Turret"
081,380,0002,0060,000,0726,"Inert Missile Turret"
081,322,-001,0060,000,0514,"Pop-Up Cannon Turret, Dirt"
081,202,-001,0060,000,0514,"Pop-Up Cannon Turret, Dirt"
081,082,-001,0060,000,0514,"Pop-Up Cannon Turret, Dirt"
086,049,0016,0048,000,0487,"Sensor Tower NE"
086,159,0010,0080,000,0522,"Clan Mine Pattern (Five)"
086,139,-034,0076,000,0522,"Clan Mine Pattern (Five)"
086,138,-016,0068,000,0522,"Clan Mine Pattern (Five)"
086,158,-010,0050,000,0522,"Clan Mine Pattern (Five)"
086,137,-006,0068,000,0522,"Clan Mine Pattern (Five)"
086,157,0032,0062,000,0522,"Clan Mine Pattern (Five)"
086,136,0010,0086,000,0522,"Clan Mine Pattern (Five)"
086,156,0016,0052,000,0522,"Clan Mine Pattern (Five)"
086,131,0008,0074,000,0522,"Clan Mine Pattern (Five)"
086,132,-004,0066,000,0522,"Clan Mine Pattern (Five)"
086,133,-012,0068,000,0522,"Clan Mine Pattern (Five)"
086,134,-028,0062,000,0522,"Clan Mine Pattern (Five)"
086,154,0006,0074,000,0522,"Clan Mine Pattern (Five)"
086,155,0008,0070,000,0522,"Clan Mine Pattern (Five)"
086,153,-008,0062,000,0522,"Clan Mine Pattern (Five)"
086,152,0006,0056,000,0522,"Clan Mine Pattern (Five)"
086,151,-002,0070,000,0522,"Clan Mine Pattern (Five)"
086,126,0002,0068,000,0522,"Clan Mine Pattern (Five)"
086,127,-006,0066,000,0522,"Clan Mine Pattern (Five)"
086,128,-008,0072,000,0522,"Clan Mine Pattern (Five)"
086,129,-010,0084,000,0522,"Clan Mine Pattern (Five)"
086,149,0022,0074,000,0522,"Clan Mine Pattern (Five)"
086,150,0006,0074,000,0522,"Clan Mine Pattern (Five)"
086,148,0014,0066,000,0522,"Clan Mine Pattern (Five)"
086,147,-014,0066,000,0522,"Clan Mine Pattern (Five)"
086,146,-028,0064,000,0522,"Clan Mine Pattern (Five)"
086,145,0018,0070,000,0522,"Clan Mine Pattern (Five)"
086,144,-004,0062,000,0522,"Clan Mine Pattern (Five)"
086,124,-014,0078,000,0522,"Clan Mine Pattern (Five)"
086,104,0004,0076,000,0522,"Clan Mine Pattern (Five)"
086,105,0008,0062,000,0522,"Clan Mine Pattern (Five)"
086,005,0016,0074,000,0522,"Clan Mine Pattern (Five)"
086,004,0024,0074,000,0522,"Clan Mine Pattern (Five)"
086,024,0004,0058,000,0522,"Clan Mine Pattern (Five)"
086,044,0020,0060,000,0522,"Clan Mine Pattern (Five)"
086,045,-006,0056,000,0522,"Clan Mine Pattern (Five)"
086,065,-018,0062,000,0522,"Clan Mine Pattern (Five)"
086,064,0026,0058,000,0522,"Clan Mine Pattern (Five)"
086,084,0016,0058,000,0522,"Clan Mine Pattern (Five)"
086,085,0004,0066,000,0522,"Clan Mine Pattern (Five)"
086,029,0002,0066,000,0469,"Turret Control"
086,092,-004,0064,000,0726,"Inert Missile Turret"
086,097,-002,0068,000,0726,"Inert Missile Turret"
086,098,0002,0080,000,0726,"Inert Missile Turret"
086,095,-004,0068,000,0726,"Inert Missile Turret"
086,094,-004,0070,000,0726,"Inert Missile Turret"
086,091,-004,0068,000,0726,"Inert Missile Turret"
086,089,-008,0066,000,0726,"Inert Missile Turret"
086,088,-002,0058,000,0726,"Inert Missile Turret"
086,067,0000,0066,000,0726,"Inert Missile Turret"
086,047,0008,0064,000,0726,"Inert Missile Turret"
086,007,0000,0062,000,0726,"Inert Missile Turret"
086,025,-001,0060,000,0514,"Pop-Up Cannon Turret, Dirt"
086,125,-001,0060,000,0511,"Pop-Up Cannon Turret, Grass"
086,130,-001,0060,000,0514,"Pop-Up Cannon Turret, Dirt"
086,135,-001,0060,000,0514,"Pop-Up Cannon Turret, Dirt"
087,139,-010,0070,000,0522,"Clan Mine Pattern (Five)"
087,159,0008,0062,000,0522,"Clan Mine Pattern (Five)"
087,158,-002,0070,000,0522,"Clan Mine Pattern (Five)"
087,138,-030,0074,000,0522,"Clan Mine Pattern (Five)"
087,137,0016,0056,000,0522,"Clan Mine Pattern (Five)"
087,157,-004,0060,000,0522,"Clan Mine Pattern (Five)"
087,136,-016,0072,000,0522,"Clan Mine Pattern (Five)"
087,156,0008,0062,000,0522,"Clan Mine Pattern (Five)"
087,134,-022,0070,000,0522,"Clan Mine Pattern (Five)"
087,154,-014,0062,000,0522,"Clan Mine Pattern (Five)"
087,131,-014,0064,000,0522,"Clan Mine Pattern (Five)"
087,132,-020,0074,000,0522,"Clan Mine Pattern (Five)"
087,133,-020,0074,000,0522,"Clan Mine Pattern (Five)"
087,153,0002,0056,000,0522,"Clan Mine Pattern (Five)"
087,152,0000,0066,000,0522,"Clan Mine Pattern (Five)"
087,151,0020,0062,000,0522,"Clan Mine Pattern (Five)"
087,150,0006,0078,000,0522,"Clan Mine Pattern (Five)"
087,149,0016,0070,000,0522,"Clan Mine Pattern (Five)"
087,129,-002,0074,000,0522,"Clan Mine Pattern (Five)"
087,126,-006,0068,000,0522,"Clan Mine Pattern (Five)"
087,127,-006,0072,000,0522,"Clan Mine Pattern (Five)"
087,128,-024,0066,000,0522,"Clan Mine Pattern (Five)"
087,148,0010,0060,000,0522,"Clan Mine Pattern (Five)"
087,147,0016,0060,000,0522,"Clan Mine Pattern (Five)"
087,146,0016,0070,000,0522,"Clan Mine Pattern (Five)"
087,145,-002,0054,000,0522,"Clan Mine Pattern (Five)"
087,144,-030,0056,000,0522,"Clan Mine Pattern (Five)"
087,143,0024,0074,000,0522,"Clan Mine Pattern (Five)"
087,123,-006,0088,000,0522,"Clan Mine Pattern (Five)"
087,124,-008,0086,000,0522,"Clan Mine Pattern (Five)"
087,121,-042,0070,000,0522,"Clan Mine Pattern (Five)"
087,122,-036,0072,000,0522,"Clan Mine Pattern (Five)"
087,142,0014,0072,000,0522,"Clan Mine Pattern (Five)"
087,141,0006,0074,000,0522,"Clan Mine Pattern (Five)"
087,140,-024,0046,000,0522,"Clan Mine Pattern (Five)"
087,025,0008,0068,000,0469,"Turret Control"
087,087,0002,0062,000,0726,"Inert Missile Turret"
087,092,0002,0060,000,0726,"Inert Missile Turret"
087,099,0004,0066,000,0726,"Inert Missile Turret"
087,098,-008,0068,000,0726,"Inert Missile Turret"
087,096,0004,0062,000,0726,"Inert Missile Turret"
087,095,-004,0068,000,0726,"Inert Missile Turret"
087,093,0002,0060,000,0726,"Inert Missile Turret"
087,090,-002,0062,000,0726,"Inert Missile Turret"
087,089,-010,0062,000,0726,"Inert Missile Turret"
087,086,0002,0070,000,0726,"Inert Missile Turret"
087,084,-004,0068,000,0726,"Inert Missile Turret"
087,083,-004,0068,000,0726,"Inert Missile Turret"
087,081,-002,0070,000,0726,"Inert Missile Turret"
087,080,-006,0066,000,0726,"Inert Missile Turret"
087,014,-001,0060,000,0409,"Missile Turret"
087,011,-001,0060,000,0409,"Missile Turret"
087,008,-001,0060,000,0409,"Missile Turret"
087,009,-001,0060,000,0409,"Missile Turret"
087,012,-001,0060,000,0409,"Missile Turret"
087,120,-001,0060,000,0514,"Pop-Up Cannon Turret, Dirt"
087,125,-001,0060,000,0514,"Pop-Up Cannon Turret, Dirt"
087,130,-001,0060,000,0514,"Pop-Up Cannon Turret, Dirt"
087,135,-001,0060,000,0514,"Pop-Up Cannon Turret, Dirt"
088,026,0021,0045,000,0487,"Sensor Tower NE"
088,159,-030,0070,000,0522,"Clan Mine Pattern (Five)"
088,138,-020,0086,000,0522,"Clan Mine Pattern (Five)"
088,157,0022,0064,000,0522,"Clan Mine Pattern (Five)"
088,136,-018,0082,000,0522,"Clan Mine Pattern (Five)"
088,155,-024,0072,000,0522,"Clan Mine Pattern (Five)"
088,134,-004,0068,000,0522,"Clan Mine Pattern (Five)"
088,153,0024,0078,000,0522,"Clan Mine Pattern (Five)"
088,132,0006,0094,000,0522,"Clan Mine Pattern (Five)"
088,151,0046,0070,000,0522,"Clan Mine Pattern (Five)"
088,149,0032,0052,000,0522,"Clan Mine Pattern (Five)"
088,139,-008,0054,000,0522,"Clan Mine Pattern (Five)"
088,137,0016,0072,000,0522,"Clan Mine Pattern (Five)"
088,158,0014,0054,000,0522,"Clan Mine Pattern (Five)"
088,156,-008,0054,000,0522,"Clan Mine Pattern (Five)"
088,154,0016,0054,000,0522,"Clan Mine Pattern (Five)"
088,133,0006,0062,000,0522,"Clan Mine Pattern (Five)"
088,131,0024,0066,000,0522,"Clan Mine Pattern (Five)"
088,152,0014,0072,000,0522,"Clan Mine Pattern (Five)"
088,128,0000,0064,000,0522,"Clan Mine Pattern (Five)"
088,148,0012,0070,000,0522,"Clan Mine Pattern (Five)"
088,129,0022,0064,000,0522,"Clan Mine Pattern (Five)"
088,150,0010,0076,000,0522,"Clan Mine Pattern (Five)"
088,127,-002,0066,000,0522,"Clan Mine Pattern (Five)"
088,147,-026,0066,000,0522,"Clan Mine Pattern (Five)"
088,126,0000,0066,000,0522,"Clan Mine Pattern (Five)"
088,146,0012,0052,000,0522,"Clan Mine Pattern (Five)"
088,145,0030,0040,000,0522,"Clan Mine Pattern (Five)"
088,124,0000,0080,000,0522,"Clan Mine Pattern (Five)"
088,144,0024,0064,000,0522,"Clan Mine Pattern (Five)"
088,123,0014,0082,000,0522,"Clan Mine Pattern (Five)"
088,143,-002,0068,000,0522,"Clan Mine Pattern (Five)"
088,142,0020,0064,000,0522,"Clan Mine Pattern (Five)"
088,122,-026,0060,000,0522,"Clan Mine Pattern (Five)"
088,121,-008,0054,000,0522,"Clan Mine Pattern (Five)"
088,141,-006,0072,000,0522,"Clan Mine Pattern (Five)"
088,140,0016,0068,000,0522,"Clan Mine Pattern (Five)"
088,025,0000,0068,000,0469,"Turret Control"
088,082,0002,0068,000,0726,"Inert Missile Turret"
088,087,0000,0064,000,0726,"Inert Missile Turret"
088,097,0006,0072,000,0726,"Inert Missile Turret"
088,099,0006,0070,000,0726,"Inert Missile Turret"
088,096,0002,0064,000,0726,"Inert Missile Turret"
088,094,-002,0064,000,0726,"Inert Missile Turret"
088,093,0000,0072,000,0726,"Inert Missile Turret"
088,091,0006,0064,000,0726,"Inert Missile Turret"
088,090,0000,0064,000,0726,"Inert Missile Turret"
088,088,0008,0070,000,0726,"Inert Missile Turret"
088,085,0000,0064,000,0726,"Inert Missile Turret"
088,084,0004,0066,000,0726,"Inert Missile Turret"
088,081,-006,0064,000,0726,"Inert Missile Turret"
088,120,-001,0060,000,0514,"Pop-Up Cannon Turret, Dirt"
088,125,-001,0060,000,0514,"Pop-Up Cannon Turret, Dirt"
088,130,-001,0060,000,0514,"Pop-Up Cannon Turret, Dirt"
088,135,-001,0060,000,0514,"Pop-Up Cannon Turret, Dirt"
089,178,-028,0086,000,0528,"Billboard A NE"
089,158,0000,0064,000,0520,"Water Fountain"
089,036,0002,0066,000,0550,"Observation Tower"
089,155,0020,0076,000,0208,"Big Tree"
089,134,-006,0102,000,0208,"Big Tree"
089,135,-042,0050,000,0208,"Big Tree"
089,155,-032,0030,000,0208,"Big Tree"
089,115,-066,0080,000,0208,"Big Tree"
089,155,0074,0072,000,0208,"Big Tree"
089,135,0004,0042,000,0208,"Big Tree"
089,156,-024,0073,000,0208,"Big Tree"
089,136,-096,0070,000,0208,"Big Tree"
089,155,-007,0119,000,0208,"Big Tree"
089,176,0059,0055,000,0208,"Big Tree"
089,133,-029,0100,000,0208,"Big Tree"
089,154,-090,0057,000,0208,"Big Tree"
089,154,0002,0042,000,0208,"Big Tree"
089,154,0002,0103,000,0208,"Big Tree"
089,294,-072,0080,000,0212,"Medium Tree"
089,272,0020,0076,000,0212,"Medium Tree"
089,274,-016,0100,000,0212,"Medium Tree"
089,274,-024,0054,000,0212,"Medium Tree"
089,273,-004,0106,000,0212,"Medium Tree"
089,272,0002,0060,000,0212,"Medium Tree"
089,293,-044,0082,000,0212,"Medium Tree"
089,334,-006,0030,000,0212,"Medium Tree"
089,334,0026,0094,000,0212,"Medium Tree"
089,313,0048,0082,000,0212,"Medium Tree"
089,355,0022,0066,000,0212,"Medium Tree"
089,315,-068,0084,000,0212,"Medium Tree"
089,315,-018,0022,000,0212,"Medium Tree"
089,293,-046,0082,000,0212,"Medium Tree"
089,334,-008,0030,000,0212,"Medium Tree"
089,334,0024,0094,000,0212,"Medium Tree"
089,313,0046,0082,000,0212,"Medium Tree"
089,355,0020,0066,000,0212,"Medium Tree"
089,315,-070,0084,000,0212,"Medium Tree"
089,315,-020,0022,000,0212,"Medium Tree"
089,214,-084,0066,000,0212,"Medium Tree"
089,234,0000,0052,000,0212,"Medium Tree"
089,254,0020,0096,000,0212,"Medium Tree"
089,214,-086,0066,000,0212,"Medium Tree"
089,234,-002,0052,000,0212,"Medium Tree"
089,254,0018,0096,000,0212,"Medium Tree"
089,255,-012,0020,000,0212,"Medium Tree"
089,275,0088,0070,000,0212,"Medium Tree"
089,275,0038,0038,000,0212,"Medium Tree"
089,214,0012,0114,000,0212,"Medium Tree"
089,235,0000,0012,000,0212,"Medium Tree"
089,235,-018,0102,000,0212,"Medium Tree"
089,314,0064,0080,000,0216,"Small Tree"
089,294,-048,0060,000,0216,"Small Tree"
089,295,-028,0070,000,0216,"Small Tree"
089,315,0012,0108,000,0216,"Small Tree"
089,334,0080,0048,000,0216,"Small Tree"
089,314,-046,0038,000,0216,"Small Tree"
089,293,0022,0028,000,0216,"Small Tree"
089,295,0050,0072,000,0216,"Small Tree"
089,295,-072,0062,000,0216,"Small Tree"
089,254,-046,0046,000,0216,"Small Tree"
089,254,-034,0032,000,0216,"Small Tree"
089,295,-044,0062,000,0216,"Small Tree"
089,255,-040,0096,000,0216,"Small Tree"
089,295,0006,0038,000,0208,"Big Tree"
089,274,-022,0104,000,0208,"Big Tree"
089,295,-026,0100,000,0208,"Big Tree"
089,315,0056,0068,000,0208,"Big Tree"
089,295,-034,0058,000,0208,"Big Tree"
089,274,-042,0034,000,0208,"Big Tree"
089,335,0006,0030,000,0208,"Big Tree"
089,334,-030,0104,000,0208,"Big Tree"
089,293,0014,0084,000,0208,"Big Tree"
089,294,0004,0062,000,0208,"Big Tree"
089,294,-044,0050,000,0208,"Big Tree"
089,335,-016,0018,000,0208,"Big Tree"
089,294,-040,0100,000,0208,"Big Tree"
089,272,0026,0046,000,0208,"Big Tree"
089,210,0002,0110,000,0208,"Big Tree"
089,210,-036,0086,000,0208,"Big Tree"
089,190,-014,0072,000,0208,"Big Tree"
089,210,-078,0078,000,0208,"Big Tree"
089,191,-058,0090,000,0208,"Big Tree"
089,210,0012,0080,000,0208,"Big Tree"
089,271,0032,0056,000,0208,"Big Tree"
089,251,-036,0102,000,0208,"Big Tree"
089,292,0064,0054,000,0208,"Big Tree"
089,292,-014,0018,000,0208,"Big Tree"
089,272,0006,0042,000,0208,"Big Tree"
089,272,-050,0078,000,0208,"Big Tree"
089,271,0032,0058,000,0208,"Big Tree"
089,271,0074,0042,000,0208,"Big Tree"
089,292,0064,0056,000,0208,"Big Tree"
089,292,-014,0020,000,0208,"Big Tree"
089,272,0006,0044,000,0208,"Big Tree"
089,272,-050,0080,000,0208,"Big Tree"
089,017,-077,0062,000,0275,"Streetlamp NE"
089,059,0077,0067,000,0277,"Streetlamp SW"
089,119,0078,0063,000,0278,"Streetlamp NW"
089,117,0074,0063,000,0278,"Streetlamp NW"
089,117,-066,0059,000,0276,"Streetlamp SE"
089,119,-067,0061,000,0276,"Streetlamp SE"
089,197,0004,0026,000,0276,"Streetlamp SE"
089,197,0074,0068,000,0277,"Streetlamp SW"
089,197,0001,0101,000,0278,"Streetlamp NW"
089,197,-070,0065,000,0275,"Streetlamp NE"
089,199,-066,0069,000,0275,"Streetlamp NE"
089,053,0033,0043,000,0487,"Sensor Tower NE"
089,135,0000,0064,000,0522,"Clan Mine Pattern (Five)"
089,155,-004,0060,000,0522,"Clan Mine Pattern (Five)"
089,154,-016,0056,000,0522,"Clan Mine Pattern (Five)"
089,134,-008,0052,000,0522,"Clan Mine Pattern (Five)"
089,133,0024,0056,000,0522,"Clan Mine Pattern (Five)"
089,153,-006,0060,000,0522,"Clan Mine Pattern (Five)"
089,149,0020,0080,000,0522,"Clan Mine Pattern (Five)"
089,151,0004,0048,000,0522,"Clan Mine Pattern (Five)"
089,128,0006,0070,000,0522,"Clan Mine Pattern (Five)"
089,147,0018,0072,000,0522,"Clan Mine Pattern (Five)"
089,126,-026,0060,000,0522,"Clan Mine Pattern (Five)"
089,145,0016,0060,000,0522,"Clan Mine Pattern (Five)"
089,124,-018,0080,000,0522,"Clan Mine Pattern (Five)"
089,143,0034,0074,000,0522,"Clan Mine Pattern (Five)"
089,122,-008,0074,000,0522,"Clan Mine Pattern (Five)"
089,141,0006,0068,000,0522,"Clan Mine Pattern (Five)"
089,131,0014,0074,000,0522,"Clan Mine Pattern (Five)"
089,152,0010,0066,000,0522,"Clan Mine Pattern (Five)"
089,150,0034,0070,000,0522,"Clan Mine Pattern (Five)"
089,129,0010,0068,000,0522,"Clan Mine Pattern (Five)"
089,132,0020,0064,000,0522,"Clan Mine Pattern (Five)"
089,127,-008,0056,000,0522,"Clan Mine Pattern (Five)"
089,148,-002,0062,000,0522,"Clan Mine Pattern (Five)"
089,146,0016,0058,000,0522,"Clan Mine Pattern (Five)"
089,123,0000,0058,000,0522,"Clan Mine Pattern (Five)"
089,144,-002,0046,000,0522,"Clan Mine Pattern (Five)"
089,142,-004,0070,000,0522,"Clan Mine Pattern (Five)"
089,121,-006,0058,000,0522,"Clan Mine Pattern (Five)"
089,140,0004,0068,000,0522,"Clan Mine Pattern (Five)"
089,117,0000,0064,000,0693,"Large Southwest Gate"
089,119,0000,0064,000,0693,"Large Southwest Gate"
089,096,0006,0104,000,0709,"Gate Control SW"
089,058,0005,0066,000,0469,"Turret Control"
089,156,0078,0065,000,0208,"Big Tree"
089,137,-086,0060,000,0208,"Big Tree"
089,137,-041,0036,000,0208,"Big Tree"
089,139,0026,0107,000,0208,"Big Tree"
089,021,0010,0060,000,0469,"Turret Control"
089,082,0000,0064,000,0726,"Inert Missile Turret"
089,092,-006,0060,000,0726,"Inert Missile Turret"
089,095,-006,0058,000,0726,"Inert Missile Turret"
089,098,-006,0070,000,0726,"Inert Missile Turret"
089,075,-004,0060,000,0726,"Inert Missile Turret"
089,094,-004,0064,000,0726,"Inert Missile Turret"
089,091,-002,0068,000,0726,"Inert Missile Turret"
089,089,-002,0070,000,0726,"Inert Missile Turret"
089,088,0000,0068,000,0726,"Inert Missile Turret"
089,086,0002,0070,000,0726,"Inert Missile Turret"
089,085,-012,0064,000,0726,"Inert Missile Turret"
089,083,0000,0066,000,0726,"Inert Missile Turret"
089,080,0004,0070,000,0726,"Inert Missile Turret"
089,125,-001,0060,000,0511,"Pop-Up Cannon Turret, Grass"
089,130,-001,0060,000,0511,"Pop-Up Cannon Turret, Grass"
089,120,-001,0060,000,0514,"Pop-Up Cannon Turret, Dirt"
089,136,-001,0060,000,0512,"Pop-Up Missile Turret Grass"
089,138,-001,0060,000,0512,"Pop-Up Missile Turret Grass"
090,141,0052,0094,000,0208,"Big Tree"
090,162,0048,0058,000,0208,"Big Tree"
090,162,-004,0016,000,0208,"Big Tree"
090,101,-016,0102,000,0208,"Big Tree"
090,122,-070,0040,000,0208,"Big Tree"
090,142,0012,0022,000,0208,"Big Tree"
090,142,0004,0070,000,0208,"Big Tree"
090,162,0030,0096,000,0208,"Big Tree"
090,160,0060,0064,000,0208,"Big Tree"
090,161,0022,0056,000,0208,"Big Tree"
090,140,-011,0053,000,0208,"Big Tree"
090,163,0027,0072,000,0208,"Big Tree"
090,143,-012,0031,000,0208,"Big Tree"
090,122,0006,0067,000,0208,"Big Tree"
090,121,0013,0026,000,0208,"Big Tree"
090,141,-051,0041,000,0208,"Big Tree"
090,087,-031,0075,000,0080,"Crew Barracks NE"
090,062,0010,0074,000,0208,"Big Tree"
090,022,0016,0086,000,0208,"Big Tree"
090,002,-044,0030,000,0208,"Big Tree"
090,001,-094,0066,000,0208,"Big Tree"
090,000,0006,0028,000,0208,"Big Tree"
090,001,-044,0058,000,0208,"Big Tree"
090,022,0004,0096,000,0208,"Big Tree"
090,045,0063,0061,000,0277,"Streetlamp SW"
090,347,-017,0030,000,0486,"Sensor Tower SW"
090,382,0014,0060,000,0522,"Clan Mine Pattern (Five)"
090,383,0012,0054,000,0522,"Clan Mine Pattern (Five)"
090,363,-020,0072,000,0522,"Clan Mine Pattern (Five)"
090,362,-016,0060,000,0522,"Clan Mine Pattern (Five)"
090,162,-006,0086,000,0522,"Clan Mine Pattern (Five)"
090,142,-008,0078,000,0522,"Clan Mine Pattern (Five)"
090,122,-030,0074,000,0522,"Clan Mine Pattern (Five)"
090,121,0014,0068,000,0522,"Clan Mine Pattern (Five)"
090,141,0010,0056,000,0522,"Clan Mine Pattern (Five)"
090,143,-014,0070,000,0522,"Clan Mine Pattern (Five)"
090,163,-002,0078,000,0522,"Clan Mine Pattern (Five)"
090,342,0018,0070,000,0522,"Clan Mine Pattern (Five)"
090,343,-024,0056,000,0522,"Clan Mine Pattern (Five)"
090,322,0000,0062,000,0522,"Clan Mine Pattern (Five)"
090,302,0000,0078,000,0522,"Clan Mine Pattern (Five)"
090,303,-028,0052,000,0522,"Clan Mine Pattern (Five)"
090,282,0000,0078,000,0522,"Clan Mine Pattern (Five)"
090,283,0000,0048,000,0522,"Clan Mine Pattern (Five)"
090,262,0016,0070,000,0522,"Clan Mine Pattern (Five)"
090,263,0020,0042,000,0522,"Clan Mine Pattern (Five)"
090,243,0012,0082,000,0522,"Clan Mine Pattern (Five)"
090,242,0016,0072,000,0522,"Clan Mine Pattern (Five)"
090,222,-020,0074,000,0522,"Clan Mine Pattern (Five)"
090,202,-022,0082,000,0522,"Clan Mine Pattern (Five)"
090,203,-008,0042,000,0522,"Clan Mine Pattern (Five)"
090,183,0024,0044,000,0522,"Clan Mine Pattern (Five)"
090,182,-006,0044,000,0522,"Clan Mine Pattern (Five)"
090,020,-008,0025,000,0669,"Office 2_a3"
090,080,-067,0063,000,0709,"Gate Control SW"
090,088,0000,0012,000,0498,"Activation Marker"
090,068,-001,0019,000,0498,"Activation Marker"
090,100,-055,0074,000,0208,"Big Tree"
090,328,0020,0060,000,0469,"Turret Control"
090,047,0043,0075,000,0081,"Crew Barracks NW"
090,081,-012,0060,000,0726,"Inert Missile Turret"
090,061,-004,0066,000,0726,"Inert Missile Turret"
090,185,-006,0064,000,0726,"Inert Missile Turret"
090,385,-006,0070,000,0726,"Inert Missile Turret"
090,389,0002,0064,000,0726,"Inert Missile Turret"
090,394,-002,0062,000,0726,"Inert Missile Turret"
090,398,-004,0070,000,0726,"Inert Missile Turret"
090,397,0000,0072,000,0726,"Inert Missile Turret"
090,395,-002,0070,000,0726,"Inert Missile Turret"
090,392,0010,0072,000,0726,"Inert Missile Turret"
090,391,-014,0070,000,0726,"Inert Missile Turret"
090,388,0000,0064,000,0726,"Inert Missile Turret"
090,386,0000,0072,000,0726,"Inert Missile Turret"
090,365,0002,0072,000,0726,"Inert Missile Turret"
090,325,0004,0062,000,0726,"Inert Missile Turret"
090,305,0006,0062,000,0726,"Inert Missile Turret"
090,265,0002,0062,000,0726,"Inert Missile Turret"
090,245,-004,0062,000,0726,"Inert Missile Turret"
090,205,0000,0068,000,0726,"Inert Missile Turret"
090,145,0010,0060,000,0726,"Inert Missile Turret"
090,125,0000,0060,000,0726,"Inert Missile Turret"
090,082,0002,0066,000,0726,"Inert Missile Turret"
090,120,-001,0060,000,0512,"Pop-Up Missile Turret Grass"
090,123,-001,0060,000,0511,"Pop-Up Cannon Turret, Grass"
090,223,-001,0060,000,0511,"Pop-Up Cannon Turret, Grass"
090,323,-001,0060,000,0511,"Pop-Up Cannon Turret, Grass"
091,038,-048,0036,000,0597,"Blast Deflector R5 "
091,095,0052,0034,000,0601,"Blast Deflector R9"
091,032,0056,0092,000,0605,"Blast Deflector R13"
091,053,-022,0050,000,0604,"Blast Deflector R12"
091,073,0054,0076,000,0603,"Blast Deflector R11 E"
091,074,-030,0090,000,0602,"Blast Deflector R10"
091,076,-048,0084,000,0600,"Blast Deflector R8"
091,057,0034,0086,000,0598,"Blast Deflector R6"
091,077,-004,0042,000,0599,"Blast Deflector R7 N"
091,017,0052,0092,000,0596,"Blast Deflector R4"
091,013,-036,0046,000,0606,"Blast Deflector R14"
091,338,-020,0035,000,0486,"Sensor Tower SW"
091,331,0000,0068,000,0469,"Turret Control"
091,384,-002,0062,000,0726,"Inert Missile Turret"
091,389,0002,0060,000,0726,"Inert Missile Turret"
091,395,0000,0072,000,0726,"Inert Missile Turret"
091,399,-004,0066,000,0726,"Inert Missile Turret"
091,398,-006,0070,000,0726,"Inert Missile Turret"
091,396,0000,0068,000,0726,"Inert Missile Turret"
091,393,-002,0066,000,0726,"Inert Missile Turret"
091,392,-002,0070,000,0726,"Inert Missile Turret"
091,390,-002,0066,000,0726,"Inert Missile Turret"
091,387,-002,0068,000,0726,"Inert Missile Turret"
091,386,-002,0064,000,0726,"Inert Missile Turret"
091,383,0004,0064,000,0726,"Inert Missile Turret"
091,381,0002,0068,000,0726,"Inert Missile Turret"
091,380,-008,0062,000,0726,"Inert Missile Turret"
092,337,-023,0029,000,0486,"Sensor Tower SW"
092,137,0002,0070,000,0469,"Turret Control"
092,331,0010,0068,000,0469,"Turret Control"
092,105,0000,0066,000,0550,"Observation Tower"
092,085,-002,0056,000,0496,"Component Warehouse SE"
092,384,0000,0064,000,0726,"Inert Missile Turret"
092,394,-006,0062,000,0726,"Inert Missile Turret"
092,397,0002,0060,000,0726,"Inert Missile Turret"
092,399,0002,0066,000,0726,"Inert Missile Turret"
092,396,0006,0062,000,0726,"Inert Missile Turret"
092,393,-004,0064,000,0726,"Inert Missile Turret"
092,391,-008,0066,000,0726,"Inert Missile Turret"
092,390,0004,0066,000,0726,"Inert Missile Turret"
092,388,0000,0068,000,0726,"Inert Missile Turret"
092,387,0010,0066,000,0726,"Inert Missile Turret"
092,385,0002,0066,000,0726,"Inert Missile Turret"
092,382,0002,0066,000,0726,"Inert Missile Turret"
092,381,0002,0068,000,0726,"Inert Missile Turret"
093,382,0014,0066,000,0522,"Clan Mine Pattern (Five)"
093,383,0038,0066,000,0522,"Clan Mine Pattern (Five)"
093,363,-020,0074,000,0522,"Clan Mine Pattern (Five)"
093,342,0008,0066,000,0522,"Clan Mine Pattern (Five)"
093,343,-002,0064,000,0522,"Clan Mine Pattern (Five)"
093,323,-032,0054,000,0522,"Clan Mine Pattern (Five)"
093,322,0008,0070,000,0522,"Clan Mine Pattern (Five)"
093,302,-002,0088,000,0522,"Clan Mine Pattern (Five)"
093,303,-036,0050,000,0522,"Clan Mine Pattern (Five)"
093,283,0004,0074,000,0522,"Clan Mine Pattern (Five)"
093,263,-012,0068,000,0522,"Clan Mine Pattern (Five)"
093,262,0030,0070,000,0522,"Clan Mine Pattern (Five)"
093,242,0000,0072,000,0522,"Clan Mine Pattern (Five)"
093,243,0000,0082,000,0522,"Clan Mine Pattern (Five)"
093,223,0006,0064,000,0522,"Clan Mine Pattern (Five)"
093,202,-006,0068,000,0522,"Clan Mine Pattern (Five)"
093,203,-006,0078,000,0522,"Clan Mine Pattern (Five)"
093,183,-028,0054,000,0522,"Clan Mine Pattern (Five)"
093,182,0016,0066,000,0522,"Clan Mine Pattern (Five)"
093,163,0004,0058,000,0522,"Clan Mine Pattern (Five)"
093,142,0004,0068,000,0522,"Clan Mine Pattern (Five)"
093,143,0002,0074,000,0522,"Clan Mine Pattern (Five)"
093,122,0018,0060,000,0522,"Clan Mine Pattern (Five)"
093,123,0002,0056,000,0522,"Clan Mine Pattern (Five)"
093,103,0006,0076,000,0522,"Clan Mine Pattern (Five)"
093,082,0000,0064,000,0522,"Clan Mine Pattern (Five)"
093,083,-006,0062,000,0522,"Clan Mine Pattern (Five)"
093,063,-024,0062,000,0522,"Clan Mine Pattern (Five)"
093,062,0008,0074,000,0522,"Clan Mine Pattern (Five)"
093,043,0018,0056,000,0522,"Clan Mine Pattern (Five)"
093,023,-022,0066,000,0522,"Clan Mine Pattern (Five)"
093,002,0000,0078,000,0522,"Clan Mine Pattern (Five)"
093,003,0038,0058,000,0522,"Clan Mine Pattern (Five)"
093,162,-001,0060,000,0513,"Pop-Up Laser Turret, Dirt"
093,380,0000,0064,000,0726,"Inert Missile Turret"
093,320,0000,0060,000,0726,"Inert Missile Turret"
093,220,0002,0054,000,0726,"Inert Missile Turret"
093,080,0002,0056,000,0726,"Inert Missile Turret"
093,020,-004,0062,000,0726,"Inert Missile Turret"
093,040,0002,0058,000,0726,"Inert Missile Turret"
093,100,0002,0060,000,0726,"Inert Missile Turret"
093,140,0002,0068,000,0726,"Inert Missile Turret"
093,160,-004,0064,000,0726,"Inert Missile Turret"
093,200,0000,0058,000,0726,"Inert Missile Turret"
093,260,0000,0060,000,0726,"Inert Missile Turret"
093,280,0006,0056,000,0726,"Inert Missile Turret"
093,360,0002,0062,000,0726,"Inert Missile Turret"
093,282,-001,0060,000,0514,"Pop-Up Cannon Turret, Dirt"
093,362,-001,0060,000,0511,"Pop-Up Cannon Turret, Grass"
093,222,-001,0060,000,0511,"Pop-Up Cannon Turret, Grass"
093,102,-001,0060,000,0514,"Pop-Up Cannon Turret, Dirt"
093,022,-001,0060,000,0514,"Pop-Up Cannon Turret, Dirt"
093,042,0008,0068,000,0522,"Clan Mine Pattern (Five)"
102,022,-006,0072,000,0522,"Clan Mine Pattern (Five)"
102,042,0036,0056,000,0522,"Clan Mine Pattern (Five)"
102,043,-024,0066,000,0522,"Clan Mine Pattern (Five)"
102,044,0012,0048,000,0522,"Clan Mine Pattern (Five)"
102,024,0002,0062,000,0522,"Clan Mine Pattern (Five)"
102,003,0008,0080,000,0522,"Clan Mine Pattern (Five)"
102,002,0026,0058,000,0522,"Clan Mine Pattern (Five)"
102,045,-016,0058,000,0522,"Clan Mine Pattern (Five)"
102,025,-006,0072,000,0522,"Clan Mine Pattern (Five)"
102,026,-008,0074,000,0522,"Clan Mine Pattern (Five)"
102,046,0034,0078,000,0522,"Clan Mine Pattern (Five)"
102,047,0012,0060,000,0522,"Clan Mine Pattern (Five)"
102,048,-022,0042,000,0522,"Clan Mine Pattern (Five)"
102,028,-012,0076,000,0522,"Clan Mine Pattern (Five)"
102,049,0004,0066,000,0522,"Clan Mine Pattern (Five)"
102,029,-004,0086,000,0522,"Clan Mine Pattern (Five)"
102,030,-024,0068,000,0522,"Clan Mine Pattern (Five)"
102,031,-010,0064,000,0522,"Clan Mine Pattern (Five)"
102,051,0016,0066,000,0522,"Clan Mine Pattern (Five)"
102,050,-008,0064,000,0522,"Clan Mine Pattern (Five)"
102,052,0026,0082,000,0522,"Clan Mine Pattern (Five)"
102,053,0000,0066,000,0522,"Clan Mine Pattern (Five)"
102,033,-022,0064,000,0522,"Clan Mine Pattern (Five)"
102,034,-006,0064,000,0522,"Clan Mine Pattern (Five)"
102,054,0030,0066,000,0522,"Clan Mine Pattern (Five)"
102,055,0000,0064,000,0522,"Clan Mine Pattern (Five)"
102,035,0018,0064,000,0522,"Clan Mine Pattern (Five)"
102,036,0002,0068,000,0522,"Clan Mine Pattern (Five)"
102,056,0006,0048,000,0522,"Clan Mine Pattern (Five)"
102,057,-012,0062,000,0522,"Clan Mine Pattern (Five)"
102,058,-010,0068,000,0522,"Clan Mine Pattern (Five)"
102,038,-004,0080,000,0522,"Clan Mine Pattern (Five)"
102,059,0014,0052,000,0522,"Clan Mine Pattern (Five)"
102,039,-020,0058,000,0522,"Clan Mine Pattern (Five)"
102,023,-001,0060,000,0511,"Pop-Up Cannon Turret, Grass"
102,027,-001,0060,000,0511,"Pop-Up Cannon Turret, Grass"
102,032,-001,0060,000,0514,"Pop-Up Cannon Turret, Dirt"
102,037,-001,0060,000,0511,"Pop-Up Cannon Turret, Grass"
103,040,-002,0068,000,0522,"Clan Mine Pattern (Five)"
103,020,-016,0064,000,0522,"Clan Mine Pattern (Five)"
103,021,-024,0074,000,0522,"Clan Mine Pattern (Five)"
103,041,0012,0078,000,0522,"Clan Mine Pattern (Five)"
103,042,0018,0070,000,0522,"Clan Mine Pattern (Five)"
103,043,-008,0064,000,0522,"Clan Mine Pattern (Five)"
103,023,-010,0070,000,0522,"Clan Mine Pattern (Five)"
103,024,-012,0066,000,0522,"Clan Mine Pattern (Five)"
103,044,0034,0058,000,0522,"Clan Mine Pattern (Five)"
103,045,-002,0050,000,0522,"Clan Mine Pattern (Five)"
103,025,-018,0078,000,0522,"Clan Mine Pattern (Five)"
103,026,0004,0076,000,0522,"Clan Mine Pattern (Five)"
103,048,-006,0070,000,0522,"Clan Mine Pattern (Five)"
103,028,-030,0072,000,0522,"Clan Mine Pattern (Five)"
103,046,0008,0068,000,0522,"Clan Mine Pattern (Five)"
103,047,-002,0054,000,0522,"Clan Mine Pattern (Five)"
103,049,0006,0082,000,0522,"Clan Mine Pattern (Five)"
103,029,0000,0074,000,0522,"Clan Mine Pattern (Five)"
103,030,-018,0058,000,0522,"Clan Mine Pattern (Five)"
103,050,-018,0076,000,0522,"Clan Mine Pattern (Five)"
103,051,0030,0066,000,0522,"Clan Mine Pattern (Five)"
103,031,-002,0072,000,0522,"Clan Mine Pattern (Five)"
103,052,0000,0040,000,0522,"Clan Mine Pattern (Five)"
103,053,-010,0066,000,0522,"Clan Mine Pattern (Five)"
103,033,0008,0062,000,0522,"Clan Mine Pattern (Five)"
103,034,-018,0056,000,0522,"Clan Mine Pattern (Five)"
103,054,0012,0056,000,0522,"Clan Mine Pattern (Five)"
103,055,0014,0064,000,0522,"Clan Mine Pattern (Five)"
103,035,0040,0070,000,0522,"Clan Mine Pattern (Five)"
103,036,-018,0070,000,0522,"Clan Mine Pattern (Five)"
103,056,-002,0058,000,0522,"Clan Mine Pattern (Five)"
103,057,-010,0068,000,0522,"Clan Mine Pattern (Five)"
103,058,-010,0054,000,0522,"Clan Mine Pattern (Five)"
103,038,0000,0064,000,0522,"Clan Mine Pattern (Five)"
103,039,-016,0064,000,0522,"Clan Mine Pattern (Five)"
103,059,-024,0078,000,0522,"Clan Mine Pattern (Five)"
103,022,-001,0060,000,0511,"Pop-Up Cannon Turret, Grass"
103,027,-001,0060,000,0514,"Pop-Up Cannon Turret, Dirt"
103,032,-001,0060,000,0514,"Pop-Up Cannon Turret, Dirt"
103,037,-001,0060,000,0511,"Pop-Up Cannon Turret, Grass"
104,040,0004,0068,000,0522,"Clan Mine Pattern (Five)"
104,020,0002,0058,000,0522,"Clan Mine Pattern (Five)"
104,021,-008,0076,000,0522,"Clan Mine Pattern (Five)"
104,041,0018,0060,000,0522,"Clan Mine Pattern (Five)"
104,042,-006,0064,000,0522,"Clan Mine Pattern (Five)"
104,043,-010,0060,000,0522,"Clan Mine Pattern (Five)"
104,023,0008,0068,000,0522,"Clan Mine Pattern (Five)"
104,024,-020,0062,000,0522,"Clan Mine Pattern (Five)"
104,025,-014,0062,000,0522,"Clan Mine Pattern (Five)"
104,026,-002,0068,000,0522,"Clan Mine Pattern (Five)"
104,046,0008,0064,000,0522,"Clan Mine Pattern (Five)"
104,045,0006,0068,000,0522,"Clan Mine Pattern (Five)"
104,044,0010,0062,000,0522,"Clan Mine Pattern (Five)"
104,047,0014,0070,000,0522,"Clan Mine Pattern (Five)"
104,048,0018,0066,000,0522,"Clan Mine Pattern (Five)"
104,049,-002,0066,000,0522,"Clan Mine Pattern (Five)"
104,050,-008,0068,000,0522,"Clan Mine Pattern (Five)"
104,051,-028,0052,000,0522,"Clan Mine Pattern (Five)"
104,031,-008,0080,000,0522,"Clan Mine Pattern (Five)"
104,030,0014,0070,000,0522,"Clan Mine Pattern (Five)"
104,029,0012,0060,000,0522,"Clan Mine Pattern (Five)"
104,028,0016,0082,000,0522,"Clan Mine Pattern (Five)"
104,052,0028,0076,000,0522,"Clan Mine Pattern (Five)"
104,053,0032,0080,000,0522,"Clan Mine Pattern (Five)"
104,033,-004,0084,000,0522,"Clan Mine Pattern (Five)"
104,034,-010,0066,000,0522,"Clan Mine Pattern (Five)"
104,035,-012,0064,000,0522,"Clan Mine Pattern (Five)"
104,036,-024,0066,000,0522,"Clan Mine Pattern (Five)"
104,056,0032,0072,000,0522,"Clan Mine Pattern (Five)"
104,055,0040,0052,000,0522,"Clan Mine Pattern (Five)"
104,054,0006,0072,000,0522,"Clan Mine Pattern (Five)"
104,057,0016,0074,000,0522,"Clan Mine Pattern (Five)"
104,038,0014,0058,000,0522,"Clan Mine Pattern (Five)"
104,058,0026,0066,000,0522,"Clan Mine Pattern (Five)"
104,059,0018,0052,000,0522,"Clan Mine Pattern (Five)"
104,039,-012,0088,000,0522,"Clan Mine Pattern (Five)"
104,022,-001,0060,000,0511,"Pop-Up Cannon Turret, Grass"
104,027,-001,0060,000,0511,"Pop-Up Cannon Turret, Grass"
104,032,-001,0060,000,0511,"Pop-Up Cannon Turret, Grass"
104,037,-001,0060,000,0514,"Pop-Up Cannon Turret, Dirt"
105,020,0014,0068,000,0522,"Clan Mine Pattern (Five)"
105,040,0014,0044,000,0522,"Clan Mine Pattern (Five)"
105,041,-004,0050,000,0522,"Clan Mine Pattern (Five)"
105,021,-002,0078,000,0522,"Clan Mine Pattern (Five)"
105,042,0002,0050,000,0522,"Clan Mine Pattern (Five)"
105,043,-004,0044,000,0522,"Clan Mine Pattern (Five)"
105,023,0016,0066,000,0522,"Clan Mine Pattern (Five)"
105,002,0014,0062,000,0522,"Clan Mine Pattern (Five)"
105,003,0012,0070,000,0522,"Clan Mine Pattern (Five)"
105,022,-001,0060,000,0511,"Pop-Up Cannon Turret, Grass"
END
