Blk,Vtx,XPOf,YPOf,Dm,ObjN,ObjectName
012,179,-008,0048,000,0486,"Sensor Tower SW"
014,355,0080,0066,000,0219,"(null)"
014,376,0030,0102,000,0219,"(null)"
014,376,0072,0060,000,0219,"(null)"
014,394,-010,0032,000,0486,"Sensor Tower SW"
015,385,0084,0060,000,0219,"(null)"
015,387,-076,0080,000,0218,"(null)"
019,378,-024,0010,000,0208,"Big Tree"
019,398,0008,0044,000,0208,"Big Tree"
020,385,0010,0086,000,0208,"Big Tree"
020,385,0010,0138,000,0208,"Big Tree"
020,369,0000,0078,000,0208,"Big Tree"
020,369,-034,0096,000,0208,"Big Tree"
020,328,0060,0086,000,0208,"Big Tree"
020,328,-004,0052,000,0208,"Big Tree"
020,368,0072,0076,000,0208,"Big Tree"
020,331,0050,0080,000,0208,"Big Tree"
020,331,0044,0052,000,0208,"Big Tree"
020,290,-038,0078,000,0208,"Big Tree"
020,331,0090,0078,000,0208,"Big Tree"
020,291,-012,0022,000,0208,"Big Tree"
020,313,0094,0060,000,0208,"Big Tree"
020,272,0082,0070,000,0208,"Big Tree"
020,293,-046,0044,000,0208,"Big Tree"
020,334,0082,0058,000,0208,"Big Tree"
020,296,-034,0086,000,0208,"Big Tree"
020,295,0044,0052,000,0208,"Big Tree"
020,336,0042,0048,000,0208,"Big Tree"
020,337,-046,0090,000,0208,"Big Tree"
020,397,-001,0060,000,0409,"Missile Turret"
020,398,-001,0060,000,0409,"Missile Turret"
020,378,-001,0060,000,0409,"Missile Turret"
020,379,-001,0060,000,0409,"Missile Turret"
020,359,-001,0060,000,0409,"Missile Turret"
020,236,-001,0060,000,0409,"Missile Turret"
020,237,-001,0060,000,0409,"Missile Turret"
020,238,-001,0060,000,0409,"Missile Turret"
020,258,-001,0060,000,0409,"Missile Turret"
020,259,-001,0060,000,0409,"Missile Turret"
020,399,-001,0060,000,0409,"Missile Turret"
020,256,-001,0060,000,0409,"Missile Turret"
020,257,-001,0060,000,0409,"Missile Turret"
020,278,-001,0060,000,0409,"Missile Turret"
020,279,-001,0060,000,0409,"Missile Turret"
021,279,0008,0054,000,0341,"Pumping Station NE"
021,259,0014,0054,000,0341,"Pumping Station NE"
021,239,0014,0054,000,0341,"Pumping Station NE"
021,219,0008,0054,000,0341,"Pumping Station NE"
021,199,-003,0051,160,0150,"Small Business NE"
021,298,0055,0063,000,0277,"Streetlamp SW"
021,175,0000,0067,000,0638,"Main Generator"
021,176,0001,0069,000,0638,"Main Generator"
021,174,-002,0062,000,0638,"Main Generator"
021,217,0050,0030,000,0270,"Barricade B /"
021,197,-002,0056,000,0270,"Barricade B /"
021,177,-060,0090,000,0270,"Barricade B /"
021,197,0088,0054,000,0265,"Guardhouse SW"
021,290,-018,0018,000,0208,"Big Tree"
021,249,-088,0068,000,0208,"Big Tree"
021,310,0026,0016,000,0208,"Big Tree"
021,289,-002,0082,000,0208,"Big Tree"
021,290,-038,0028,000,0208,"Big Tree"
021,290,-080,0078,000,0208,"Big Tree"
021,291,-020,0048,000,0208,"Big Tree"
021,270,-044,0036,000,0208,"Big Tree"
021,270,0024,0056,000,0208,"Big Tree"
021,271,0008,0090,000,0208,"Big Tree"
021,291,0042,0072,000,0208,"Big Tree"
021,229,-020,0032,000,0208,"Big Tree"
021,287,-016,0010,000,0208,"Big Tree"
021,287,-094,0056,000,0208,"Big Tree"
021,267,0016,0048,000,0208,"Big Tree"
021,267,-008,0048,000,0208,"Big Tree"
021,287,0070,0048,000,0208,"Big Tree"
021,288,0058,0062,000,0208,"Big Tree"
021,286,0022,0066,000,0208,"Big Tree"
021,340,-001,0060,000,0409,"Missile Turret"
021,240,-001,0060,000,0409,"Missile Turret"
021,360,-001,0060,000,0409,"Missile Turret"
021,260,-001,0060,000,0409,"Missile Turret"
021,382,0006,0068,000,0469,"Turret Control"
021,262,0006,0064,000,0469,"Turret Control"
021,173,-006,0062,000,0638,"Main Generator"
021,153,0008,0068,000,0720,"Industrial Complex SW"
021,154,0008,0072,000,0720,"Industrial Complex SW"
021,155,0006,0076,000,0720,"Industrial Complex SW"
021,156,-006,0066,000,0720,"Industrial Complex SW"
021,213,0001,0065,000,0338,"Industrial Plant SE"
021,276,0080,0064,000,0498,"Activation Marker"
021,275,0080,0066,000,0498,"Activation Marker"
021,295,0000,0022,000,0498,"Activation Marker"
021,315,0004,0026,000,0498,"Activation Marker"
021,316,-074,0066,000,0498,"Activation Marker"
021,317,-072,0066,000,0498,"Activation Marker"
021,297,-002,0114,000,0498,"Activation Marker"
021,277,0004,0114,000,0498,"Activation Marker"
021,274,0008,0064,000,0499,"MechWarrior Barracks SW"
021,359,0006,0020,000,0498,"Activation Marker"
021,319,0090,0064,000,0498,"Activation Marker"
021,339,0006,0016,000,0498,"Activation Marker"
021,079,-002,0074,000,0488,"Support Building"
021,099,0006,0068,000,0488,"Support Building"
021,098,-006,0074,000,0488,"Support Building"
021,078,-004,0070,000,0488,"Support Building"
021,076,-019,0075,000,0381,"Field Office SE"
021,077,-019,0075,000,0381,"Field Office SE"
021,097,-019,0075,000,0381,"Field Office SE"
021,096,-019,0075,000,0381,"Field Office SE"
021,116,-019,0075,000,0381,"Field Office SE"
021,117,-019,0075,000,0381,"Field Office SE"
022,090,-034,0062,000,0202,"Junked Cars NW"
022,090,0016,0064,000,0203,"Junked Cars NE"
022,089,0064,0082,000,0203,"Junked Cars NE"
022,089,0030,0058,000,0201,"Junked Cars SW"
022,090,0056,0090,000,0200,"Junked Cars SE"
022,213,0020,0045,000,0277,"Streetlamp SW"
022,173,0020,0041,000,0277,"Streetlamp SW"
022,213,-083,0052,000,0275,"Streetlamp NE"
022,172,0025,0112,000,0275,"Streetlamp NE"
022,214,-070,0065,000,0275,"Streetlamp NE"
022,174,-066,0065,000,0275,"Streetlamp NE"
022,276,-092,0064,000,0225,"(null)"
022,296,0096,0064,000,0225,"(null)"
022,297,0010,0014,000,0225,"(null)"
022,133,0044,0042,000,0228,"Pine Tree"
022,134,0040,0030,000,0228,"Pine Tree"
022,315,-034,0032,000,0235,"(null)"
022,334,0030,0056,000,0235,"(null)"
022,294,-024,0018,000,0235,"(null)"
022,152,0020,0022,000,0253,"Small Barrels A \"
022,152,0060,0044,000,0253,"Small Barrels A \"
022,152,-004,0038,000,0253,"Small Barrels A \"
022,152,0036,0062,000,0253,"Small Barrels A \"
022,152,-050,0046,000,0252,"Small Barrels A /"
022,152,-012,0068,000,0255,"Small Barrels B \"
022,232,0006,0057,000,0092,"Field Storage NE"
022,049,-019,0065,000,0038,"Processing Plant SE (w/underlay)"
022,029,-004,0080,000,0139,"(null)"
022,046,0006,0085,000,0129,"Twin Silos NE (w/underlay)"
022,087,-004,0055,000,0079,"Grain storage SE (w/underlay)"
022,045,0006,0085,096,0129,"Twin Silos NE (w/underlay)"
022,069,0041,0025,096,0141,"Small Water Tower R2 (w/underlay)"
022,049,0041,0025,096,0141,"Small Water Tower R2 (w/underlay)"
022,202,0020,0065,000,0343,"Purification Plant SW"
022,182,0020,0065,000,0343,"Purification Plant SW"
022,260,0001,0075,160,0342,"Pumping Station SE"
022,220,0001,0075,160,0342,"Pumping Station SE"
022,200,0001,0075,160,0342,"Pumping Station SE"
022,180,0001,0075,160,0342,"Pumping Station SE"
022,262,0005,0061,160,0309,"Geodesic Dome R3"
022,242,0005,0061,160,0309,"Geodesic Dome R3"
022,222,0005,0061,160,0309,"Geodesic Dome R3"
022,161,0001,0033,000,0276,"Streetlamp SE"
022,161,0000,0096,000,0278,"Streetlamp NW"
022,161,0056,0062,000,0277,"Streetlamp SW"
022,161,-055,0063,000,0276,"Streetlamp SE"
022,169,-001,0095,000,0278,"Streetlamp NW"
022,171,0000,0096,000,0278,"Streetlamp NW"
022,211,0000,0033,000,0276,"Streetlamp SE"
022,153,0082,0058,000,0271,"Barricade B \"
022,153,0065,0070,000,0271,"Barricade B \"
022,153,0046,0083,000,0271,"Barricade B \"
022,153,0025,0093,000,0271,"Barricade B \"
022,153,0007,0062,000,0270,"Barricade B /"
022,153,-015,0043,000,0270,"Barricade B /"
022,213,-008,0109,000,0266,"Guardhouse NW"
022,173,0075,0061,000,0266,"Guardhouse NW"
022,273,0019,0087,000,0208,"Big Tree"
022,273,0002,0030,000,0208,"Big Tree"
022,273,-047,0106,000,0208,"Big Tree"
022,251,-008,0115,000,0208,"Big Tree"
022,252,-096,0068,000,0208,"Big Tree"
022,252,-069,0044,000,0208,"Big Tree"
022,271,0047,0106,000,0208,"Big Tree"
022,251,0021,0069,000,0208,"Big Tree"
022,251,-058,0055,000,0208,"Big Tree"
022,292,0066,0100,000,0208,"Big Tree"
022,272,0050,0084,000,0208,"Big Tree"
022,292,0011,0078,000,0208,"Big Tree"
022,272,-095,0068,000,0208,"Big Tree"
022,272,0018,0104,000,0208,"Big Tree"
022,272,-039,0052,000,0208,"Big Tree"
022,252,-065,0053,000,0208,"Big Tree"
022,271,0054,0103,000,0212,"Medium Tree"
022,292,0005,0069,000,0212,"Medium Tree"
022,272,0023,0144,000,0212,"Medium Tree"
022,292,0023,0029,000,0212,"Medium Tree"
022,272,-041,0087,000,0212,"Medium Tree"
022,272,0014,0076,000,0212,"Medium Tree"
022,252,0040,0102,000,0212,"Medium Tree"
022,272,0030,0080,000,0212,"Medium Tree"
022,273,-012,0018,000,0212,"Medium Tree"
022,252,-024,0033,000,0212,"Medium Tree"
022,253,-060,0111,000,0212,"Medium Tree"
022,272,0017,0105,000,0212,"Medium Tree"
022,252,-046,0029,000,0212,"Medium Tree"
022,252,-013,0077,000,0212,"Medium Tree"
022,252,-020,0112,000,0212,"Medium Tree"
022,271,-061,0036,000,0212,"Medium Tree"
022,271,-025,0095,000,0212,"Medium Tree"
022,250,0001,0085,000,0212,"Medium Tree"
022,271,0002,0100,000,0212,"Medium Tree"
022,271,0011,0029,000,0212,"Medium Tree"
022,271,0037,0104,000,0212,"Medium Tree"
022,271,-004,0056,000,0212,"Medium Tree"
022,190,0051,0075,128,0382,"Field Office SW"
022,192,0021,0055,128,0386,"Parking Garage SE"
022,142,0016,0060,000,0633,"Mech Repair Bay"
022,102,0002,0062,000,0633,"Mech Repair Bay"
022,361,0012,0064,000,0500,"MechWarrior Barracks NW"
022,341,-076,0059,000,0498,"Activation Marker"
022,340,-077,0055,000,0498,"Activation Marker"
022,321,-006,0117,000,0498,"Activation Marker"
022,301,-012,0112,000,0498,"Activation Marker"
022,300,0090,0064,000,0498,"Activation Marker"
022,061,0001,0055,000,0296,"Command Station"
022,060,-004,0068,000,0488,"Support Building"
022,080,0004,0074,000,0488,"Support Building"
023,213,-009,0083,000,0275,"Streetlamp NE"
023,173,-009,0082,000,0275,"Streetlamp NE"
023,213,0059,0042,000,0277,"Streetlamp SW"
023,173,0058,0041,000,0277,"Streetlamp SW"
023,174,0046,0055,000,0277,"Streetlamp SW"
023,214,0039,0055,000,0277,"Streetlamp SW"
023,175,0000,0098,000,0278,"Streetlamp NW"
023,135,0006,0057,000,0092,"Field Storage NE"
023,157,0003,0058,128,0091,"Field Storage SE"
023,134,0003,0053,096,0069,"Small Barn SSW (w/underlay)"
023,059,0080,0064,000,0219,"(null)"
023,059,-014,0020,000,0219,"(null)"
023,037,-068,0070,000,0219,"(null)"
023,292,-038,0082,000,0216,"Small Tree"
023,292,-012,0094,000,0217,"(null)"
023,174,0003,0020,000,0266,"Guardhouse NW"
023,236,0007,0055,128,0117,"Chemical Plant NW (w/underlay)"
023,155,0001,0075,128,0387,"Parking Garage SW"
023,209,-002,0062,000,0469,"Turret Control"
023,207,-001,0060,000,0408,"Cannon Turret"
023,167,-001,0060,000,0408,"Cannon Turret"
024,244,-004,0055,096,0079,"Grain storage SE (w/underlay)"
024,246,-019,0060,032,0019,"Long Barn NE (w/underlay)"
024,203,0023,0069,096,0077,"Modern Farmhouse SW (w/underlay)"
024,227,-006,0095,096,0034,"Twin Silos SW (w/underlay)"
024,205,-001,0051,096,0027,"Grain storage SW (w/underlay)"
024,184,0004,0014,000,0201,"Junked Cars SW"
024,183,0074,0050,000,0202,"Junked Cars NW"
024,163,0018,0088,000,0203,"Junked Cars NE"
024,248,-002,0040,000,0216,"Small Tree"
024,147,-036,0050,000,0217,"(null)"
024,104,-042,0056,000,0219,"(null)"
024,240,-006,0072,000,0217,"(null)"
024,007,0004,0084,000,0219,"(null)"
024,027,0094,0058,000,0218,"(null)"
024,001,0028,0084,000,0216,"Small Tree"
024,003,0042,0044,000,0216,"Small Tree"
024,025,-062,0076,000,0216,"Small Tree"
024,007,-002,0122,000,0218,"(null)"
024,028,0008,0038,000,0219,"(null)"
024,007,0010,0070,000,0219,"(null)"
024,391,-054,0044,000,0216,"Small Tree"
024,391,0026,0064,000,0216,"Small Tree"
024,371,-008,0122,000,0216,"Small Tree"
024,395,-080,0056,000,0218,"(null)"
024,391,0020,0078,000,0218,"(null)"
024,390,0036,0092,000,0218,"(null)"
024,391,0030,0094,000,0218,"(null)"
024,389,-012,0128,000,0219,"(null)"
024,390,-082,0056,000,0219,"(null)"
024,356,-086,0066,000,0219,"(null)"
025,380,0042,0088,000,0216,"Small Tree"
025,380,0070,0078,000,0216,"Small Tree"
028,398,0043,0075,128,0081,"Crew Barracks NW"
028,119,-026,0088,000,0208,"Big Tree"
028,139,0024,0056,000,0208,"Big Tree"
028,139,0066,0044,000,0208,"Big Tree"
028,078,0034,0048,000,0208,"Big Tree"
028,016,-030,0066,000,0208,"Big Tree"
028,057,0004,0030,000,0208,"Big Tree"
028,059,-042,0082,000,0208,"Big Tree"
028,057,0006,0006,000,0208,"Big Tree"
028,078,0052,0086,000,0208,"Big Tree"
028,059,-010,0072,000,0208,"Big Tree"
028,039,0044,0056,000,0208,"Big Tree"
028,019,0004,0060,000,0208,"Big Tree"
029,390,-001,0093,000,0278,"Streetlamp NW"
029,310,0042,0038,000,0255,"Small Barrels B \"
029,310,0019,0051,000,0255,"Small Barrels B \"
029,310,0065,0077,000,0254,"Small Barrels B /"
029,310,0006,0112,000,0254,"Small Barrels B /"
029,186,0011,0078,000,0216,"Small Tree"
029,186,0059,0067,000,0216,"Small Tree"
029,187,-043,0037,000,0216,"Small Tree"
029,387,0001,0095,000,0278,"Streetlamp NW"
029,006,0048,0026,000,0208,"Big Tree"
029,125,0004,0068,000,0208,"Big Tree"
029,106,-068,0058,000,0208,"Big Tree"
029,146,-012,0008,000,0208,"Big Tree"
029,105,-044,0124,000,0208,"Big Tree"
029,125,0064,0062,000,0208,"Big Tree"
029,080,-030,0066,000,0208,"Big Tree"
029,101,-060,0022,000,0208,"Big Tree"
029,100,-022,0034,000,0208,"Big Tree"
029,121,0072,0096,000,0208,"Big Tree"
029,020,-100,0044,000,0208,"Big Tree"
029,020,0002,0054,000,0208,"Big Tree"
029,017,-001,0060,000,0409,"Missile Turret"
029,018,-001,0060,000,0409,"Missile Turret"
029,349,-071,0074,000,0268,"Barricade A /"
029,349,-003,0038,000,0268,"Barricade A /"
029,347,-018,0102,000,0268,"Barricade A /"
029,347,0050,0066,000,0268,"Barricade A /"
029,368,-012,0028,000,0269,"Barricade A \"
029,368,0059,0067,000,0269,"Barricade A \"
029,328,-060,0059,000,0269,"Barricade A \"
029,328,0003,0096,000,0269,"Barricade A \"
029,348,-006,0070,000,0629,"Sensor Control SW"
029,369,-012,0052,000,0265,"Guardhouse SW"
029,367,0016,0062,000,0265,"Guardhouse SW"
029,327,0006,0076,000,0267,"Guardhouse NE"
029,329,-034,0068,000,0267,"Guardhouse NE"
029,279,-006,0074,000,0536,"Container Stack SE"
029,278,0000,0076,000,0536,"Container Stack SE"
029,307,0010,0062,000,0638,"Main Generator"
029,267,0008,0064,000,0638,"Main Generator"
029,309,0006,0062,000,0638,"Main Generator"
029,269,0068,0068,000,0488,"Support Building"
029,270,0060,0068,000,0488,"Support Building"
029,290,0051,0075,000,0380,"Field Office NE"
029,373,-031,0075,000,0080,"Crew Barracks NE"
029,313,-031,0075,000,0080,"Crew Barracks NE"
029,377,-037,0071,000,0281,"Gas Tank NW"
029,377,0020,0045,000,0281,"Gas Tank NW"
029,377,0017,0107,000,0281,"Gas Tank NW"
029,377,0062,0081,000,0281,"Gas Tank NW"
029,379,0004,0072,000,0533,"Pressure Tank"
029,297,0004,0046,000,0280,"Gas Tank SW"
029,297,0052,0072,000,0280,"Gas Tank SW"
029,298,-010,0042,000,0280,"Gas Tank SW"
029,298,0044,0070,000,0280,"Gas Tank SW"
029,299,-012,0076,000,0722,"Liquid Storage B R1"
029,319,-010,0054,000,0303,"Fuel Tank"
029,319,0050,0092,000,0303,"Fuel Tank"
029,319,-070,0084,000,0303,"Fuel Tank"
029,337,0064,0062,000,0723,"Liquid Storage B R2"
029,378,-038,0078,000,0281,"Gas Tank NW"
029,378,0014,0048,000,0281,"Gas Tank NW"
030,253,0080,0066,000,0218,"(null)"
030,398,0000,0031,000,0276,"Streetlamp SE"
030,051,-050,0084,000,0208,"Big Tree"
030,051,-032,0084,000,0208,"Big Tree"
030,050,0056,0090,000,0208,"Big Tree"
030,052,0054,0056,000,0208,"Big Tree"
030,092,-020,0044,000,0208,"Big Tree"
030,051,0022,0050,000,0208,"Big Tree"
030,091,-022,0032,000,0486,"Sensor Tower SW"
030,281,0002,0056,032,0098,"Resource Bunker (full) SW"
030,282,0002,0056,032,0098,"Resource Bunker (full) SW"
030,260,-028,0064,000,0536,"Container Stack SE"
030,015,0008,0060,000,0469,"Turret Control"
030,037,-001,0060,000,0408,"Cannon Turret"
030,039,-001,0060,000,0408,"Cannon Turret"
030,360,0002,0078,000,0533,"Pressure Tank"
030,320,-006,0006,000,0303,"Fuel Tank"
030,320,0060,0048,000,0303,"Fuel Tank"
030,300,0004,0072,000,0303,"Fuel Tank"
030,361,-016,0090,000,0303,"Fuel Tank"
030,361,0068,0052,000,0303,"Fuel Tank"
030,362,-040,0076,000,0303,"Fuel Tank"
030,362,0030,0034,000,0303,"Fuel Tank"
031,325,0066,0076,000,0218,"(null)"
031,285,-014,0038,000,0218,"(null)"
031,305,0066,0058,000,0217,"(null)"
031,325,0074,0066,000,0217,"(null)"
031,305,-040,0030,000,0219,"(null)"
031,343,-050,0102,000,0227,"(null)"
031,251,0058,0045,000,0271,"Barricade B \"
031,252,0046,0039,000,0271,"Barricade B \"
031,252,-001,0003,000,0271,"Barricade B \"
031,253,0002,0017,000,0271,"Barricade B \"
031,253,0038,0026,000,0271,"Barricade B \"
031,249,0006,0103,000,0270,"Barricade B /"
031,269,0061,0066,000,0270,"Barricade B /"
031,269,0021,0100,000,0270,"Barricade B /"
031,289,0051,0081,000,0270,"Barricade B /"
031,254,-072,0057,000,0270,"Barricade B /"
031,254,-031,0032,000,0270,"Barricade B /"
031,289,0098,0064,000,0270,"Barricade B /"
031,249,0052,0086,000,0270,"Barricade B /"
031,249,0090,0061,000,0270,"Barricade B /"
031,250,0014,0011,000,0269,"Barricade A \"
031,230,-052,0098,000,0269,"Barricade A \"
031,251,-014,0006,000,0269,"Barricade A \"
031,231,-082,0063,000,0269,"Barricade A \"
031,271,0010,0059,000,0269,"Barricade A \"
031,291,0073,0067,000,0270,"Barricade B /"
031,291,0038,0086,000,0270,"Barricade B /"
031,291,-045,0055,000,0268,"Barricade A /"
031,291,-003,0027,000,0268,"Barricade A /"
031,271,0036,0042,000,0253,"Small Barrels A \"
031,274,-040,0021,000,0268,"Barricade A /"
031,274,-077,0028,000,0268,"Barricade A /"
031,294,-015,0043,000,0268,"Barricade A /"
031,294,-055,0070,000,0268,"Barricade A /"
031,387,0000,0064,000,0690,"Large Northwest Gate"
031,397,0000,0064,000,0691,"Large Southeast Gate"
031,375,0048,0034,000,0722,"Liquid Storage B R1"
031,328,0016,0090,000,0268,"Barricade A /"
031,328,0062,0068,000,0268,"Barricade A /"
031,308,-004,0098,000,0268,"Barricade A /"
031,336,-048,0052,000,0268,"Barricade A /"
031,336,-008,0026,000,0268,"Barricade A /"
031,316,-076,0064,000,0268,"Barricade A /"
031,327,0008,0098,000,0269,"Barricade A \"
031,328,-034,0080,000,0269,"Barricade A \"
031,336,0022,0102,000,0269,"Barricade A \"
031,336,-028,0076,000,0269,"Barricade A \"
031,349,0002,0068,000,0633,"Mech Repair Bay"
031,351,0000,0068,000,0633,"Mech Repair Bay"
031,353,0000,0068,000,0633,"Mech Repair Bay"
031,335,0020,0054,000,0497,"Component Warehouse SW"
031,333,0026,0056,000,0497,"Component Warehouse SW"
031,331,0024,0056,000,0497,"Component Warehouse SW"
031,329,0028,0052,000,0497,"Component Warehouse SW"
031,391,0008,0066,000,0469,"Turret Control"
031,366,-001,0060,000,0408,"Cannon Turret"
031,346,-001,0060,000,0408,"Cannon Turret"
031,378,-001,0060,000,0408,"Cannon Turret"
031,372,-006,0068,000,0707,"Large Gate Control NE"
032,011,0010,0006,000,0218,"(null)"
032,338,0042,0100,000,0216,"Small Tree"
032,354,-094,0038,000,0216,"Small Tree"
032,354,-062,0030,000,0216,"Small Tree"
032,353,0058,0054,000,0216,"Small Tree"
032,326,-008,0132,000,0216,"Small Tree"
032,397,-102,0066,000,0212,"Medium Tree"
032,212,-024,0036,000,0486,"Sensor Tower SW"
033,382,0001,0032,000,0276,"Streetlamp SE"
033,082,0061,0065,000,0277,"Streetlamp SW"
033,205,-036,0050,000,0216,"Small Tree"
033,247,0080,0080,000,0216,"Small Tree"
033,266,-034,0100,000,0216,"Small Tree"
033,265,0100,0042,000,0216,"Small Tree"
033,169,-038,0046,000,0219,"(null)"
033,044,0014,0108,000,0219,"(null)"
033,064,0078,0070,000,0219,"(null)"
033,064,0026,0048,000,0219,"(null)"
033,032,0000,0078,000,0218,"(null)"
033,014,0058,0060,000,0212,"Medium Tree"
033,054,0086,0092,000,0213,"(null)"
033,032,0026,0084,000,0216,"Small Tree"
033,032,0018,0048,000,0216,"Small Tree"
033,033,0012,0026,000,0216,"Small Tree"
033,032,0028,0030,000,0216,"Small Tree"
033,053,0004,0014,000,0216,"Small Tree"
033,032,0002,0076,000,0216,"Small Tree"
033,037,-034,0048,000,0218,"(null)"
033,033,-002,0012,000,0218,"(null)"
033,012,-052,0078,000,0218,"(null)"
033,033,-044,0058,000,0218,"(null)"
033,053,0030,0024,000,0218,"(null)"
033,196,-040,0030,000,0218,"(null)"
033,196,-010,0004,000,0218,"(null)"
033,218,0070,0048,000,0218,"(null)"
033,291,0060,0082,000,0220,"Big Bushy Tree"
033,311,0042,0078,000,0220,"Big Bushy Tree"
033,292,-050,0086,000,0220,"Big Bushy Tree"
033,290,0092,0070,000,0220,"Big Bushy Tree"
033,250,-082,0076,000,0220,"Big Bushy Tree"
033,312,-014,0038,000,0220,"Big Bushy Tree"
033,330,0056,0054,000,0219,"(null)"
033,289,-002,0136,000,0219,"(null)"
033,295,-034,0096,000,0219,"(null)"
033,350,-010,0096,000,0219,"(null)"
033,350,0050,0036,000,0219,"(null)"
033,348,-066,0038,000,0218,"(null)"
033,307,-060,0074,000,0218,"(null)"
033,266,-100,0080,000,0218,"(null)"
033,357,0015,0055,000,0022,"Barn SE (w/underlay)"
034,000,0034,0048,000,0216,"Small Tree"
034,043,0052,0078,000,0216,"Small Tree"
034,043,-008,0090,000,0216,"Small Tree"
034,043,0036,0068,000,0219,"(null)"
037,075,0034,0104,000,0268,"Barricade A /"
037,075,0078,0080,000,0268,"Barricade A /"
037,038,0008,0056,000,0497,"Component Warehouse SW"
038,111,0003,0058,000,0091,"Field Storage SE"
038,106,0010,0058,000,0089,"Field Storage NW"
038,047,0055,0063,000,0277,"Streetlamp SW"
038,050,-057,0064,000,0275,"Streetlamp NE"
038,150,0080,0055,000,0278,"Streetlamp NW"
038,110,0000,0099,000,0278,"Streetlamp NW"
038,130,-013,0036,000,0276,"Streetlamp SE"
038,127,0062,0059,000,0278,"Streetlamp NW"
038,107,0006,0026,000,0276,"Streetlamp SE"
038,147,0020,0017,000,0276,"Streetlamp SE"
038,127,0012,0106,000,0267,"Guardhouse NE"
038,130,-068,0059,000,0267,"Guardhouse NE"
038,089,0051,0075,128,0382,"Field Office SW"
038,088,0051,0075,128,0382,"Field Office SW"
038,345,0000,0068,000,0630,"Oil Derrick"
038,392,-006,0064,000,0630,"Oil Derrick"
038,308,0108,0062,000,0280,"Gas Tank SW"
038,268,-094,0042,000,0280,"Gas Tank SW"
038,289,-006,0004,000,0280,"Gas Tank SW"
038,289,0088,0054,000,0280,"Gas Tank SW"
038,289,-004,0118,000,0280,"Gas Tank SW"
038,331,-003,0062,096,0115,"Chemical Plant SE (w/underlay)"
038,326,0021,0055,096,0035,"Relay Station SW (w/underlay)"
038,288,-072,0070,000,0280,"Gas Tank SW"
038,369,-034,0100,000,0206,"HazMat Sphere R3"
038,370,-104,0060,000,0206,"HazMat Sphere R3"
038,349,0014,0067,000,0206,"HazMat Sphere R3"
038,349,0051,0095,000,0206,"HazMat Sphere R3"
038,369,0044,0055,000,0206,"HazMat Sphere R3"
038,369,0080,0080,000,0206,"HazMat Sphere R3"
038,329,0004,0062,000,0533,"Pressure Tank"
038,333,0029,0094,000,0625,"Loading Facility SE"
038,368,0008,0062,000,0723,"Liquid Storage B R2"
038,389,0000,0050,000,0303,"Fuel Tank"
038,389,0050,0080,000,0303,"Fuel Tank"
038,348,0024,0108,000,0303,"Fuel Tank"
039,226,0042,0066,000,0208,"Big Tree"
039,228,-070,0102,000,0208,"Big Tree"
039,312,-016,0034,000,0486,"Sensor Tower SW"
040,238,-010,0056,000,0220,"Big Bushy Tree"
040,218,0058,0050,000,0220,"Big Bushy Tree"
040,259,0008,0106,000,0220,"Big Bushy Tree"
040,239,0020,0014,000,0220,"Big Bushy Tree"
040,015,0000,0066,000,0633,"Mech Repair Bay"
040,111,0000,0064,000,0693,"Large Southwest Gate"
040,094,0008,0060,000,0722,"Liquid Storage B R1"
040,010,0000,0064,000,0633,"Mech Repair Bay"
040,050,-002,0064,000,0633,"Mech Repair Bay"
040,053,0005,0061,000,0307,"Geodesic Dome R1"
040,013,0000,0066,000,0633,"Mech Repair Bay"
040,055,0005,0061,000,0307,"Geodesic Dome R1"
040,096,-072,0074,000,0268,"Barricade A /"
040,096,-018,0046,000,0268,"Barricade A /"
040,088,-014,0102,000,0268,"Barricade A /"
040,088,0032,0074,000,0268,"Barricade A /"
040,087,0076,0074,000,0269,"Barricade A \"
040,088,0018,0042,000,0269,"Barricade A \"
040,096,0024,0052,000,0269,"Barricade A \"
040,096,0068,0078,000,0269,"Barricade A \"
040,006,-001,0060,000,0408,"Cannon Turret"
040,026,-001,0060,000,0408,"Cannon Turret"
040,130,-001,0060,000,0408,"Cannon Turret"
040,132,-001,0060,000,0408,"Cannon Turret"
040,018,-001,0060,000,0408,"Cannon Turret"
040,068,0076,0060,000,0303,"Fuel Tank"
040,048,0032,0090,000,0303,"Fuel Tank"
040,048,0094,0056,000,0303,"Fuel Tank"
040,028,0036,0086,000,0303,"Fuel Tank"
040,049,-044,0046,000,0303,"Fuel Tank"
040,049,0014,0014,000,0303,"Fuel Tank"
040,029,-034,0042,000,0303,"Fuel Tank"
040,069,0008,0020,000,0303,"Fuel Tank"
041,240,0004,0100,000,0220,"Big Bushy Tree"
041,240,0046,0120,000,0220,"Big Bushy Tree"
041,203,-040,0058,000,0214,"(null)"
041,127,0010,0104,000,0216,"Small Tree"
041,155,-012,0072,000,0216,"Small Tree"
041,134,0030,0026,000,0216,"Small Tree"
041,112,-084,0050,000,0216,"Small Tree"
041,131,0094,0038,000,0216,"Small Tree"
041,077,0058,0056,000,0208,"Big Tree"
041,078,0008,0048,000,0208,"Big Tree"
041,059,-088,0068,000,0208,"Big Tree"
041,056,0070,0054,000,0208,"Big Tree"
041,035,-004,0140,000,0208,"Big Tree"
041,057,0002,0058,000,0208,"Big Tree"
041,058,0038,0082,000,0208,"Big Tree"
041,018,-080,0076,000,0208,"Big Tree"
041,039,-048,0084,000,0208,"Big Tree"
041,037,-004,0054,000,0208,"Big Tree"
041,036,0058,0050,000,0208,"Big Tree"
041,053,0008,0052,000,0208,"Big Tree"
041,094,0008,0080,000,0208,"Big Tree"
041,095,-066,0066,000,0208,"Big Tree"
041,034,-070,0056,000,0208,"Big Tree"
041,074,-016,0082,000,0208,"Big Tree"
041,074,0018,0026,000,0208,"Big Tree"
041,054,-002,0096,000,0208,"Big Tree"
041,075,0038,0024,000,0208,"Big Tree"
041,095,-024,0034,000,0208,"Big Tree"
041,095,0008,0028,000,0208,"Big Tree"
041,095,0010,0068,000,0208,"Big Tree"
041,034,-006,0084,000,0208,"Big Tree"
041,097,-022,0078,000,0212,"Medium Tree"
041,096,0006,0072,000,0212,"Medium Tree"
041,075,0004,0070,000,0212,"Medium Tree"
041,098,0036,0054,000,0212,"Medium Tree"
041,076,0006,0088,000,0212,"Medium Tree"
041,075,-004,0072,000,0212,"Medium Tree"
041,036,-030,0120,000,0212,"Medium Tree"
041,057,-044,0050,000,0212,"Medium Tree"
041,058,-078,0060,000,0212,"Medium Tree"
041,057,0006,0088,000,0212,"Medium Tree"
041,034,0062,0080,000,0212,"Medium Tree"
041,035,0016,0090,000,0212,"Medium Tree"
041,036,-032,0076,000,0212,"Medium Tree"
041,054,0044,0098,000,0212,"Medium Tree"
041,056,-024,0036,000,0212,"Medium Tree"
041,014,0014,0048,000,0212,"Medium Tree"
041,034,-064,0038,000,0212,"Medium Tree"
041,054,-076,0074,000,0212,"Medium Tree"
041,053,-018,0074,000,0212,"Medium Tree"
041,054,-002,0004,000,0212,"Medium Tree"
041,034,-040,0108,000,0212,"Medium Tree"
041,033,0004,0136,000,0212,"Medium Tree"
041,054,-028,0110,000,0212,"Medium Tree"
041,017,0000,0042,000,0212,"Medium Tree"
041,057,0008,0012,000,0212,"Medium Tree"
041,016,0032,0120,000,0212,"Medium Tree"
041,039,-038,0052,000,0212,"Medium Tree"
041,016,0046,0076,000,0212,"Medium Tree"
041,331,-024,0038,000,0486,"Sensor Tower SW"
042,018,0023,0069,032,0077,"Modern Farmhouse SW (w/underlay)"
042,038,0004,0064,032,0078,"Stylish Farmhouse SE (w/underlay)"
042,014,-001,0051,032,0027,"Grain storage SW (w/underlay)"
042,015,-001,0051,032,0027,"Grain storage SW (w/underlay)"
042,016,-001,0051,032,0027,"Grain storage SW (w/underlay)"
042,035,-006,0095,032,0034,"Twin Silos SW (w/underlay)"
042,034,-006,0095,032,0034,"Twin Silos SW (w/underlay)"
042,036,-006,0095,032,0034,"Twin Silos SW (w/underlay)"
042,058,-002,0008,000,0201,"Junked Cars SW"
042,037,0006,0068,000,0202,"Junked Cars NW"
042,267,0004,0064,064,0300,"Stylish Farmhouse SW "
042,187,-004,0080,096,0139,"(null)"
042,226,-003,0039,096,0026,"Farmhouse SSE (w/underlay)"
042,223,0004,0064,096,0078,"Stylish Farmhouse SE (w/underlay)"
042,265,0009,0058,032,0024,"Modern Farmhouse SE (w/underlay)"
042,203,0003,0053,032,0069,"Small Barn SSW (w/underlay)"
042,213,-061,0064,000,0275,"Streetlamp NE"
042,103,0044,0098,000,0216,"Small Tree"
042,186,0058,0086,000,0216,"Small Tree"
042,206,-070,0058,000,0216,"Small Tree"
042,228,0024,0064,000,0216,"Small Tree"
042,206,0038,0064,000,0216,"Small Tree"
042,186,-080,0078,000,0216,"Small Tree"
042,227,-052,0034,000,0216,"Small Tree"
042,226,-040,0070,000,0216,"Small Tree"
042,224,-060,0078,000,0216,"Small Tree"
042,245,-024,0070,000,0216,"Small Tree"
042,225,-010,0084,000,0216,"Small Tree"
042,225,0014,0052,000,0216,"Small Tree"
042,205,-068,0044,000,0216,"Small Tree"
042,245,-066,0072,000,0216,"Small Tree"
042,245,-032,0098,000,0220,"Big Bushy Tree"
042,204,0068,0062,000,0220,"Big Bushy Tree"
042,264,0000,0124,000,0220,"Big Bushy Tree"
042,245,-026,0028,000,0220,"Big Bushy Tree"
042,223,-046,0040,000,0220,"Big Bushy Tree"
042,266,0006,0034,000,0220,"Big Bushy Tree"
042,264,0030,0098,000,0220,"Big Bushy Tree"
042,185,0034,0060,000,0220,"Big Bushy Tree"
042,205,0046,0044,000,0220,"Big Bushy Tree"
042,186,-034,0090,000,0220,"Big Bushy Tree"
042,185,0082,0074,000,0220,"Big Bushy Tree"
042,165,-020,0118,000,0220,"Big Bushy Tree"
042,208,-008,0018,000,0220,"Big Bushy Tree"
042,187,-072,0046,000,0220,"Big Bushy Tree"
042,187,-006,0058,000,0220,"Big Bushy Tree"
042,207,0000,0022,000,0220,"Big Bushy Tree"
042,166,0008,0098,000,0220,"Big Bushy Tree"
042,185,0026,0082,000,0220,"Big Bushy Tree"
042,186,0044,0058,000,0220,"Big Bushy Tree"
042,166,0008,0058,000,0220,"Big Bushy Tree"
042,164,0064,0092,000,0220,"Big Bushy Tree"
042,187,0032,0090,000,0212,"Medium Tree"
042,185,0016,0068,000,0212,"Medium Tree"
042,187,-010,0016,000,0212,"Medium Tree"
042,165,0026,0092,000,0212,"Medium Tree"
042,165,0006,0130,000,0212,"Medium Tree"
042,206,0014,0098,000,0212,"Medium Tree"
042,186,-044,0080,000,0212,"Medium Tree"
042,186,0004,0056,000,0212,"Medium Tree"
042,207,0016,0034,000,0212,"Medium Tree"
042,186,-066,0068,000,0212,"Medium Tree"
042,185,0000,0090,000,0212,"Medium Tree"
042,186,-062,0078,000,0212,"Medium Tree"
042,207,0070,0058,000,0208,"Big Tree"
042,166,-094,0064,000,0208,"Big Tree"
042,186,-072,0084,000,0208,"Big Tree"
042,372,-002,0062,000,0530,"Billboard B SW"
042,334,-008,0066,000,0532,"Billboard C SW"
043,020,-024,0100,032,0037,"(null)"
043,000,-024,0100,032,0037,"(null)"
047,307,-062,0037,000,0276,"Streetlamp SE"
047,307,0026,0085,000,0278,"Streetlamp NW"
047,168,-075,0088,000,0200,"Junked Cars SE"
047,188,0047,0077,000,0200,"Junked Cars SE"
047,168,0029,0112,000,0200,"Junked Cars SE"
047,149,-074,0047,000,0200,"Junked Cars SE"
047,168,-031,0124,000,0201,"Junked Cars SW"
047,188,-003,0091,000,0201,"Junked Cars SW"
047,169,-001,0017,000,0201,"Junked Cars SW"
047,168,0022,0049,000,0201,"Junked Cars SW"
047,168,-032,0055,000,0201,"Junked Cars SW"
047,168,0065,0064,000,0651,"Debris D"
047,188,-016,0023,000,0651,"Debris D"
047,188,-028,0049,000,0650,"Debris C"
047,168,0058,0105,000,0650,"Debris C"
047,148,-008,0055,000,0650,"Debris C"
047,189,-067,0042,000,0650,"Debris C"
047,171,0039,0069,000,0212,"Medium Tree"
047,191,0046,0041,000,0212,"Medium Tree"
047,172,-041,0054,000,0212,"Medium Tree"
047,172,-036,0067,000,0212,"Medium Tree"
047,171,0044,0086,000,0212,"Medium Tree"
047,192,-020,0018,000,0212,"Medium Tree"
047,171,-056,0076,000,0212,"Medium Tree"
047,208,0028,0062,000,0216,"Small Tree"
047,208,-005,0121,000,0216,"Small Tree"
047,188,-077,0056,000,0216,"Small Tree"
047,208,0039,0089,000,0216,"Small Tree"
047,192,0050,0060,000,0216,"Small Tree"
047,212,0045,0045,000,0216,"Small Tree"
047,213,0078,0046,000,0216,"Small Tree"
047,192,0042,0097,000,0216,"Small Tree"
047,193,-038,0045,000,0216,"Small Tree"
047,213,0026,0030,000,0216,"Small Tree"
047,192,0082,0059,000,0216,"Small Tree"
047,146,-034,0077,000,0216,"Small Tree"
047,186,0046,0054,000,0216,"Small Tree"
047,166,-062,0080,000,0216,"Small Tree"
047,187,-027,0018,000,0216,"Small Tree"
047,165,0073,0074,000,0216,"Small Tree"
047,166,-055,0061,000,0216,"Small Tree"
047,191,0013,0110,000,0208,"Big Tree"
047,192,0030,0067,000,0208,"Big Tree"
047,344,-001,0060,000,0409,"Missile Turret"
047,345,-001,0060,000,0409,"Missile Turret"
047,346,-001,0060,000,0409,"Missile Turret"
047,348,-001,0060,000,0409,"Missile Turret"
047,349,-001,0060,000,0409,"Missile Turret"
047,351,-001,0060,000,0409,"Missile Turret"
047,331,-047,0038,000,0267,"Guardhouse NE"
047,329,0036,0089,000,0267,"Guardhouse NE"
047,326,0032,0089,000,0267,"Guardhouse NE"
047,328,-047,0034,000,0267,"Guardhouse NE"
047,028,0018,0016,000,0280,"Gas Tank SW"
047,029,0080,0064,000,0280,"Gas Tank SW"
047,028,0062,0088,000,0630,"Oil Derrick"
047,009,-005,0065,000,0280,"Gas Tank SW"
048,299,0026,0072,000,0212,"Medium Tree"
049,191,-079,0047,000,0276,"Streetlamp SE"
049,211,0021,0085,000,0278,"Streetlamp NW"
049,231,-032,0046,000,0276,"Streetlamp SE"
049,230,0003,0058,000,0091,"Field Storage SE"
049,308,-024,0030,000,0138,"Valve Station SW (w/underlay)"
049,266,0000,0147,000,0205,"HazMat Sphere R2"
049,267,0000,0123,000,0205,"HazMat Sphere R2"
049,267,-080,0079,000,0205,"HazMat Sphere R2"
049,267,-024,0112,000,0205,"HazMat Sphere R2"
049,280,0032,0048,000,0208,"Big Tree"
049,329,0004,0076,000,0212,"Medium Tree"
049,330,-066,0084,000,0212,"Medium Tree"
049,310,-010,0098,000,0212,"Medium Tree"
049,329,-010,0124,000,0212,"Medium Tree"
049,351,-036,0032,000,0212,"Medium Tree"
049,329,0030,0074,000,0212,"Medium Tree"
049,341,-004,0062,000,0638,"Main Generator"
049,343,0000,0064,000,0638,"Main Generator"
049,383,0000,0064,000,0638,"Main Generator"
049,344,0006,0076,000,0469,"Turret Control"
049,384,0008,0076,000,0708,"Gate Control SE"
049,365,0000,0064,000,0644,"Southeast Gate"
049,386,-001,0060,000,0408,"Cannon Turret"
049,346,-001,0060,000,0408,"Cannon Turret"
049,305,-001,0060,000,0408,"Cannon Turret"
049,301,-001,0060,000,0408,"Cannon Turret"
049,380,-050,0037,000,0278,"Streetlamp NW"
049,360,-050,0033,000,0278,"Streetlamp NW"
049,340,-042,0031,000,0278,"Streetlamp NW"
049,320,-063,0044,000,0278,"Streetlamp NW"
049,385,0055,0086,000,0276,"Streetlamp SE"
049,345,0047,0092,000,0276,"Streetlamp SE"
049,325,0045,0092,000,0276,"Streetlamp SE"
049,324,0054,0035,000,0275,"Streetlamp NE"
049,323,0043,0030,000,0275,"Streetlamp NE"
049,322,0051,0034,000,0275,"Streetlamp NE"
049,320,0056,0036,000,0275,"Streetlamp NE"
049,321,0041,0034,000,0275,"Streetlamp NE"
049,325,0034,0035,000,0275,"Streetlamp NE"
049,232,-004,0064,000,0469,"Turret Control"
049,170,-001,0060,000,0408,"Cannon Turret"
049,172,-001,0060,000,0408,"Cannon Turret"
049,382,0004,0064,000,0721,"Industrial Complex SE"
049,342,0002,0062,000,0721,"Industrial Complex SE"
049,381,-004,0064,000,0638,"Main Generator"
050,397,-008,0084,000,0526,"Billboard A SE"
056,115,-069,0064,000,0275,"Streetlamp NE"
056,010,0033,0086,000,0278,"Streetlamp NW"
056,052,0005,0053,128,0084,"Geodesic Dome R6 (w/underlay)"
056,053,0005,0053,128,0084,"Geodesic Dome R6 (w/underlay)"
056,032,0005,0053,128,0084,"Geodesic Dome R6 (w/underlay)"
056,073,0005,0053,128,0084,"Geodesic Dome R6 (w/underlay)"
056,048,0001,0080,096,0032,"Waste Processor SW (w/underlay)"
056,091,-024,0030,096,0138,"Valve Station SW (w/underlay)"
056,088,0001,0065,160,0142,"Liquid Storage A R1 (w/underlay)"
056,109,0001,0065,160,0142,"Liquid Storage A R1 (w/underlay)"
056,031,0016,0047,128,0148,"Small Business NW"
056,051,0016,0047,128,0148,"Small Business NW"
056,114,0074,0059,000,0266,"Guardhouse NW"
056,028,-011,0065,000,0469,"Turret Control"
056,048,0087,0067,000,0269,"Barricade A \"
056,048,0049,0041,000,0269,"Barricade A \"
056,048,0007,0020,000,0269,"Barricade A \"
056,027,0000,0112,000,0268,"Barricade A /"
056,027,0044,0083,000,0268,"Barricade A /"
056,027,0080,0069,000,0268,"Barricade A /"
056,029,-094,0066,000,0268,"Barricade A /"
056,029,-055,0047,000,0268,"Barricade A /"
056,029,-020,0023,000,0268,"Barricade A /"
056,008,-096,0065,000,0269,"Barricade A \"
056,008,-053,0091,000,0269,"Barricade A \"
056,008,-007,0115,000,0269,"Barricade A \"
057,111,-006,0090,000,0275,"Streetlamp NE"
057,111,0075,0043,000,0277,"Streetlamp SW"
057,112,0087,0077,000,0277,"Streetlamp SW"
057,113,0011,0111,000,0275,"Streetlamp NE"
057,093,0003,0058,000,0091,"Field Storage SE"
057,112,-077,0071,000,0264,"Guardhouse SE"
057,388,-014,0038,000,0486,"Sensor Tower SW"
058,059,0018,0039,000,0277,"Streetlamp SW"
058,089,0022,0026,000,0208,"Big Tree"
058,088,-040,0038,000,0208,"Big Tree"
058,091,-068,0064,000,0208,"Big Tree"
058,048,-046,0098,000,0208,"Big Tree"
058,069,-024,0034,000,0208,"Big Tree"
058,068,-084,0058,000,0208,"Big Tree"
058,020,-001,0060,000,0408,"Cannon Turret"
058,025,-001,0060,000,0408,"Cannon Turret"
058,000,-026,0029,000,0278,"Streetlamp NW"
058,000,-035,0093,000,0277,"Streetlamp SW"
058,001,-041,0092,000,0277,"Streetlamp SW"
058,002,-036,0092,000,0277,"Streetlamp SW"
058,003,-035,0093,000,0277,"Streetlamp SW"
058,004,-042,0089,000,0277,"Streetlamp SW"
058,005,-044,0091,000,0277,"Streetlamp SW"
058,005,0054,0089,000,0276,"Streetlamp SE"
059,042,0006,0035,000,0277,"Streetlamp SW"
059,043,-075,0059,000,0275,"Streetlamp NE"
059,040,0064,0064,000,0278,"Streetlamp NW"
059,041,-040,0079,000,0275,"Streetlamp NE"
059,021,0010,0058,032,0089,"Field Storage NW"
059,051,-006,0090,000,0275,"Streetlamp NE"
059,051,0070,0042,000,0277,"Streetlamp SW"
059,017,-004,0100,000,0278,"Streetlamp NW"
059,122,-036,0032,000,0208,"Big Tree"
059,124,0032,0034,000,0208,"Big Tree"
059,124,-042,0056,000,0208,"Big Tree"
059,124,-024,0058,000,0208,"Big Tree"
059,143,0084,0092,000,0208,"Big Tree"
059,102,-052,0074,000,0208,"Big Tree"
059,123,0000,0130,000,0208,"Big Tree"
059,132,0024,0050,000,0212,"Medium Tree"
059,132,-018,0018,000,0212,"Medium Tree"
059,113,0020,0048,000,0212,"Medium Tree"
059,132,0036,0034,000,0212,"Medium Tree"
059,112,0054,0088,000,0212,"Medium Tree"
059,154,-028,0076,000,0212,"Medium Tree"
059,111,-014,0066,000,0212,"Medium Tree"
059,155,-020,0022,000,0212,"Medium Tree"
059,174,0104,0080,000,0212,"Medium Tree"
059,093,0084,0056,000,0212,"Medium Tree"
059,155,-078,0058,000,0212,"Medium Tree"
059,113,0056,0040,000,0212,"Medium Tree"
059,135,0008,0074,000,0212,"Medium Tree"
059,111,-054,0066,000,0208,"Big Tree"
059,174,-004,0022,000,0208,"Big Tree"
059,111,0014,0092,000,0208,"Big Tree"
059,111,0064,0036,000,0208,"Big Tree"
059,153,0058,0080,000,0208,"Big Tree"
059,154,-062,0026,000,0208,"Big Tree"
059,138,-002,0006,000,0208,"Big Tree"
059,095,-012,0054,000,0208,"Big Tree"
059,097,-014,0004,000,0208,"Big Tree"
059,118,0016,0106,000,0208,"Big Tree"
059,075,-026,0046,000,0208,"Big Tree"
059,077,-074,0020,000,0208,"Big Tree"
059,118,0022,0084,000,0208,"Big Tree"
059,073,-037,0050,000,0564,"Quonset Hut (Mntn) R2"
059,072,0027,0088,000,0564,"Quonset Hut (Mntn) R2"
059,073,0028,0088,000,0564,"Quonset Hut (Mntn) R2"
059,033,0010,0058,000,0089,"Field Storage NW"
059,052,0000,0022,000,0264,"Guardhouse SE"
059,036,0005,0053,000,0084,"Geodesic Dome R6 (w/underlay)"
059,062,0027,0090,000,0564,"Quonset Hut (Mntn) R2"
059,062,-038,0050,000,0564,"Quonset Hut (Mntn) R2"
059,061,-003,0069,000,0564,"Quonset Hut (Mntn) R2"
059,389,-014,0042,000,0486,"Sensor Tower SW"
059,024,-001,0060,000,0408,"Cannon Turret"
059,064,-001,0060,000,0408,"Cannon Turret"
059,022,0004,0068,000,0469,"Turret Control"
060,013,0001,0030,000,0276,"Streetlamp SE"
060,006,-002,0097,000,0278,"Streetlamp NW"
060,221,0003,0053,000,0069,"Small Barn SSW (w/underlay)"
060,282,-004,0070,000,0072,"Barn NE (w/underlay)"
060,281,-004,0070,000,0072,"Barn NE (w/underlay)"
060,223,0023,0069,128,0077,"Modern Farmhouse SW (w/underlay)"
060,222,-003,0039,128,0026,"Farmhouse SSE (w/underlay)"
060,200,-004,0055,128,0079,"Grain storage SE (w/underlay)"
060,180,-004,0055,128,0079,"Grain storage SE (w/underlay)"
060,302,0006,0085,128,0129,"Twin Silos NE (w/underlay)"
END
