Blk,Vtx,XPOf,YPOf,Dm,ObjN,ObjectName
004,286,0005,0053,032,0084,"Geodesic Dome R6 (w/underlay)"
004,266,0005,0053,032,0084,"Geodesic Dome R6 (w/underlay)"
004,246,0005,0053,032,0084,"Geodesic Dome R6 (w/underlay)"
004,308,0005,0061,032,0028,"Geodesic Dome R5 (w/underlay)"
004,309,0005,0061,032,0028,"Geodesic Dome R5 (w/underlay)"
004,307,0005,0061,032,0028,"Geodesic Dome R5 (w/underlay)"
004,250,0036,0087,000,0303,"Fuel Tank"
004,270,0039,0086,000,0303,"Fuel Tank"
004,290,0037,0086,000,0303,"Fuel Tank"
004,230,0039,0085,000,0303,"Fuel Tank"
012,328,-012,0054,000,0550,"Observation Tower"
012,392,-001,0060,000,0513,"Pop-Up Laser Turret, Dirt"
012,324,0010,0066,000,0559,"Quonset Hut (Dirt) R1"
012,324,0052,0038,000,0559,"Quonset Hut (Dirt) R1"
012,308,0019,0046,000,0487,"Sensor Tower NE"
012,304,-001,0060,000,0515,"Pop-Up Missile Turret Dirt"
012,325,0051,0075,032,0133,"Field Office SW (w/underlay)"
012,344,-001,0060,000,0515,"Pop-Up Missile Turret Dirt"
012,306,-001,0060,000,0515,"Pop-Up Missile Turret Dirt"
012,347,-001,0060,000,0515,"Pop-Up Missile Turret Dirt"
012,309,-001,0060,000,0515,"Pop-Up Missile Turret Dirt"
012,329,-001,0060,000,0515,"Pop-Up Missile Turret Dirt"
013,312,-032,0068,000,0550,"Observation Tower"
013,289,-001,0060,000,0515,"Pop-Up Missile Turret Dirt"
013,251,-019,0075,000,0036,"Field Office SE (w/underlay)"
013,250,0051,0075,032,0133,"Field Office SW (w/underlay)"
013,274,-001,0060,000,0515,"Pop-Up Missile Turret Dirt"
013,294,-001,0060,000,0515,"Pop-Up Missile Turret Dirt"
013,314,-001,0060,000,0515,"Pop-Up Missile Turret Dirt"
013,269,-001,0060,000,0515,"Pop-Up Missile Turret Dirt"
013,309,-001,0060,000,0515,"Pop-Up Missile Turret Dirt"
013,291,0074,0082,000,0654,"Extraction Marker"
014,264,-018,0066,000,0550,"Observation Tower"
014,396,-001,0060,000,0513,"Pop-Up Laser Turret, Dirt"
014,226,0002,0062,000,0559,"Quonset Hut (Dirt) R1"
014,225,0001,0070,000,0487,"Sensor Tower NE"
014,265,-001,0060,000,0515,"Pop-Up Missile Turret Dirt"
014,205,-001,0060,000,0515,"Pop-Up Missile Turret Dirt"
014,242,0051,0075,000,0380,"Field Office NE"
014,222,0051,0075,000,0380,"Field Office NE"
014,224,-019,0075,000,0036,"Field Office SE (w/underlay)"
014,263,-001,0060,000,0515,"Pop-Up Missile Turret Dirt"
014,203,-001,0060,000,0515,"Pop-Up Missile Turret Dirt"
014,241,-001,0060,000,0515,"Pop-Up Missile Turret Dirt"
015,340,-001,0060,000,0513,"Pop-Up Laser Turret, Dirt"
015,365,-001,0060,000,0513,"Pop-Up Laser Turret, Dirt"
019,359,0006,0042,000,0208,"Big Tree"
019,358,0040,0058,000,0208,"Big Tree"
019,339,0044,0098,000,0208,"Big Tree"
019,339,-028,0124,000,0208,"Big Tree"
019,359,0008,0050,000,0208,"Big Tree"
020,032,-001,0060,000,0513,"Pop-Up Laser Turret, Dirt"
020,114,-001,0060,000,0513,"Pop-Up Laser Turret, Dirt"
020,069,-001,0060,000,0513,"Pop-Up Laser Turret, Dirt"
020,396,-030,0094,000,0208,"Big Tree"
020,396,-008,0052,000,0208,"Big Tree"
020,399,-050,0048,000,0208,"Big Tree"
020,357,0038,0088,000,0208,"Big Tree"
020,399,0018,0044,000,0208,"Big Tree"
020,358,0016,0038,000,0208,"Big Tree"
020,377,0024,0038,000,0208,"Big Tree"
020,337,-070,0056,000,0208,"Big Tree"
020,356,0066,0070,000,0208,"Big Tree"
020,379,-024,0026,000,0208,"Big Tree"
020,359,-058,0068,000,0208,"Big Tree"
020,378,-062,0060,000,0208,"Big Tree"
020,377,0012,0126,000,0208,"Big Tree"
020,381,0012,0048,000,0208,"Big Tree"
020,381,0014,0056,000,0208,"Big Tree"
020,360,-032,0082,000,0208,"Big Tree"
020,342,0022,0054,000,0208,"Big Tree"
020,362,-010,0094,000,0208,"Big Tree"
020,382,0000,0080,000,0208,"Big Tree"
020,363,0008,0064,000,0208,"Big Tree"
020,362,-058,0062,000,0208,"Big Tree"
020,362,-004,0008,000,0208,"Big Tree"
020,392,-028,0032,000,0212,"Medium Tree"
020,393,-022,0036,000,0212,"Medium Tree"
020,392,-026,0046,000,0212,"Medium Tree"
020,391,0102,0064,000,0212,"Medium Tree"
020,393,-028,0018,000,0212,"Medium Tree"
020,392,-044,0090,000,0212,"Medium Tree"
020,396,0004,0076,000,0212,"Medium Tree"
020,375,-054,0038,000,0212,"Medium Tree"
020,396,-036,0040,000,0212,"Medium Tree"
020,395,-040,0068,000,0212,"Medium Tree"
020,374,0062,0060,000,0212,"Medium Tree"
021,055,-001,0060,000,0513,"Pop-Up Laser Turret, Dirt"
021,140,-001,0060,000,0513,"Pop-Up Laser Turret, Dirt"
021,228,-001,0060,000,0513,"Pop-Up Laser Turret, Dirt"
021,112,-001,0060,000,0513,"Pop-Up Laser Turret, Dirt"
021,312,-070,0028,000,0208,"Big Tree"
021,352,-002,0126,000,0208,"Big Tree"
021,331,0030,0038,000,0208,"Big Tree"
021,333,0028,0076,000,0208,"Big Tree"
021,373,0022,0026,000,0208,"Big Tree"
021,372,0014,0014,000,0208,"Big Tree"
021,331,0012,0086,000,0208,"Big Tree"
021,352,0038,0056,000,0208,"Big Tree"
021,332,0012,0130,000,0208,"Big Tree"
021,353,0026,0062,000,0208,"Big Tree"
021,392,0030,0042,000,0208,"Big Tree"
021,371,-088,0092,000,0208,"Big Tree"
021,350,0020,0080,000,0208,"Big Tree"
021,372,0034,0078,000,0208,"Big Tree"
021,392,-066,0054,000,0208,"Big Tree"
021,390,0036,0082,000,0208,"Big Tree"
021,371,-050,0084,000,0208,"Big Tree"
021,371,0034,0074,000,0208,"Big Tree"
021,372,-062,0090,000,0208,"Big Tree"
021,347,0094,0070,000,0208,"Big Tree"
021,367,0038,0062,000,0208,"Big Tree"
021,347,-006,0072,000,0208,"Big Tree"
021,346,0014,0138,000,0208,"Big Tree"
021,368,0056,0086,000,0208,"Big Tree"
021,369,-038,0086,000,0208,"Big Tree"
021,389,-102,0062,000,0208,"Big Tree"
021,389,-028,0026,000,0208,"Big Tree"
021,388,-008,0070,000,0208,"Big Tree"
021,376,0004,0140,000,0208,"Big Tree"
021,355,-042,0100,000,0208,"Big Tree"
021,395,0034,0088,000,0208,"Big Tree"
021,395,0024,0034,000,0208,"Big Tree"
021,355,0040,0082,000,0208,"Big Tree"
021,377,-042,0046,000,0208,"Big Tree"
021,356,-052,0108,000,0208,"Big Tree"
021,334,0012,0130,000,0208,"Big Tree"
021,376,-004,0064,000,0208,"Big Tree"
021,375,-022,0034,000,0208,"Big Tree"
021,354,-032,0104,000,0208,"Big Tree"
021,393,-014,0090,000,0208,"Big Tree"
021,392,-036,0092,000,0208,"Big Tree"
021,373,-020,0080,000,0208,"Big Tree"
021,394,-002,0094,000,0208,"Big Tree"
021,351,-052,0060,000,0208,"Big Tree"
021,349,-016,0076,000,0208,"Big Tree"
021,370,0032,0052,000,0208,"Big Tree"
021,309,0052,0100,000,0208,"Big Tree"
021,272,0000,0036,000,0208,"Big Tree"
021,312,0022,0016,000,0208,"Big Tree"
021,346,0030,0084,000,0212,"Medium Tree"
021,326,-058,0038,000,0212,"Medium Tree"
021,325,-032,0030,000,0212,"Medium Tree"
021,326,-052,0038,000,0212,"Medium Tree"
021,345,-008,0036,000,0212,"Medium Tree"
021,380,-040,0106,000,0212,"Medium Tree"
021,380,0014,0104,000,0212,"Medium Tree"
021,319,-042,0018,000,0208,"Big Tree"
021,319,0028,0078,000,0208,"Big Tree"
021,299,-070,0052,000,0208,"Big Tree"
021,318,0006,0062,000,0208,"Big Tree"
021,339,0076,0060,000,0208,"Big Tree"
022,069,-001,0060,000,0513,"Pop-Up Laser Turret, Dirt"
022,055,-001,0060,000,0513,"Pop-Up Laser Turret, Dirt"
022,390,0040,0026,000,0208,"Big Tree"
022,391,0012,0054,000,0208,"Big Tree"
022,372,-006,0114,000,0208,"Big Tree"
022,392,-002,0014,000,0208,"Big Tree"
022,351,-032,0080,000,0208,"Big Tree"
022,393,-034,0062,000,0208,"Big Tree"
022,374,-038,0112,000,0208,"Big Tree"
022,394,-034,0034,000,0208,"Big Tree"
022,373,0046,0060,000,0208,"Big Tree"
022,395,-066,0038,000,0208,"Big Tree"
022,383,-058,0064,000,0208,"Big Tree"
022,323,-040,0060,000,0208,"Big Tree"
022,363,-044,0064,000,0208,"Big Tree"
022,343,-066,0072,000,0208,"Big Tree"
022,365,0006,0042,000,0208,"Big Tree"
022,343,0022,0040,000,0208,"Big Tree"
022,364,-038,0024,000,0208,"Big Tree"
022,343,0076,0046,000,0208,"Big Tree"
022,323,0008,0070,000,0208,"Big Tree"
022,383,0048,0088,000,0208,"Big Tree"
022,363,0050,0062,000,0208,"Big Tree"
022,365,-008,0024,000,0208,"Big Tree"
022,344,-064,0056,000,0208,"Big Tree"
022,342,-066,0076,000,0208,"Big Tree"
022,368,-092,0064,000,0208,"Big Tree"
022,367,0060,0088,000,0208,"Big Tree"
022,346,-072,0058,000,0208,"Big Tree"
022,387,-074,0090,000,0208,"Big Tree"
022,346,-076,0064,000,0208,"Big Tree"
022,387,-008,0036,000,0208,"Big Tree"
022,385,-022,0088,000,0208,"Big Tree"
022,386,0000,0112,000,0208,"Big Tree"
022,239,0058,0102,000,0208,"Big Tree"
022,239,-050,0086,000,0208,"Big Tree"
022,379,-074,0066,000,0208,"Big Tree"
022,379,-032,0098,000,0208,"Big Tree"
022,399,-024,0034,000,0208,"Big Tree"
022,357,0006,0108,000,0208,"Big Tree"
022,357,0078,0072,000,0208,"Big Tree"
022,399,0006,0104,000,0208,"Big Tree"
022,385,0048,0074,000,0208,"Big Tree"
022,365,-004,0118,000,0208,"Big Tree"
022,371,0042,0074,000,0208,"Big Tree"
022,371,0046,0068,000,0208,"Big Tree"
022,349,0062,0090,000,0208,"Big Tree"
022,350,0054,0106,000,0208,"Big Tree"
022,371,-042,0028,000,0208,"Big Tree"
022,330,0036,0100,000,0208,"Big Tree"
022,308,-082,0064,000,0208,"Big Tree"
022,349,0042,0056,000,0208,"Big Tree"
022,327,0008,0078,000,0208,"Big Tree"
022,329,-064,0042,000,0208,"Big Tree"
022,327,-032,0116,000,0208,"Big Tree"
022,300,0012,0100,000,0212,"Medium Tree"
022,320,0080,0080,000,0212,"Medium Tree"
022,322,0008,0026,000,0212,"Medium Tree"
022,322,-036,0104,000,0208,"Big Tree"
022,342,0028,0038,000,0208,"Big Tree"
022,347,0004,0082,000,0208,"Big Tree"
022,347,-048,0090,000,0208,"Big Tree"
022,367,-020,0040,000,0208,"Big Tree"
022,350,-016,0106,000,0208,"Big Tree"
022,370,0000,0028,000,0208,"Big Tree"
022,356,-040,0084,000,0208,"Big Tree"
022,375,0092,0058,000,0208,"Big Tree"
022,375,0042,0040,000,0208,"Big Tree"
022,375,-006,0022,000,0208,"Big Tree"
022,375,0020,0098,000,0208,"Big Tree"
022,357,-016,0058,000,0208,"Big Tree"
022,358,-016,0074,000,0208,"Big Tree"
023,029,-001,0060,000,0513,"Pop-Up Laser Turret, Dirt"
023,370,-048,0090,000,0208,"Big Tree"
023,389,-014,0078,000,0208,"Big Tree"
023,369,-044,0108,000,0208,"Big Tree"
023,370,-024,0066,000,0208,"Big Tree"
023,370,0044,0092,000,0208,"Big Tree"
023,241,0016,0110,000,0208,"Big Tree"
023,200,-024,0020,000,0208,"Big Tree"
023,244,-048,0050,000,0208,"Big Tree"
023,264,-012,0112,000,0208,"Big Tree"
023,264,0022,0060,000,0208,"Big Tree"
023,285,0016,0052,000,0208,"Big Tree"
023,304,0050,0090,000,0208,"Big Tree"
023,304,-002,0034,000,0208,"Big Tree"
023,325,-076,0034,000,0208,"Big Tree"
023,324,0068,0066,000,0208,"Big Tree"
023,248,0002,0128,000,0208,"Big Tree"
023,268,0006,0078,000,0208,"Big Tree"
023,228,0022,0014,000,0208,"Big Tree"
023,207,-002,0062,000,0208,"Big Tree"
023,226,0106,0060,000,0208,"Big Tree"
023,268,0038,0048,000,0208,"Big Tree"
023,248,0016,0014,000,0208,"Big Tree"
023,208,-084,0076,000,0208,"Big Tree"
023,206,0000,0122,000,0208,"Big Tree"
023,354,0092,0088,000,0208,"Big Tree"
023,334,-092,0046,000,0208,"Big Tree"
023,314,-076,0064,000,0208,"Big Tree"
023,312,0036,0030,000,0208,"Big Tree"
023,354,-038,0052,000,0208,"Big Tree"
023,306,0030,0020,000,0208,"Big Tree"
023,325,0060,0082,000,0208,"Big Tree"
023,327,0034,0060,000,0208,"Big Tree"
023,320,0022,0056,000,0208,"Big Tree"
023,320,0060,0028,000,0208,"Big Tree"
023,322,-008,0014,000,0208,"Big Tree"
023,301,-056,0078,000,0208,"Big Tree"
023,320,-010,0030,000,0208,"Big Tree"
023,301,0028,0104,000,0208,"Big Tree"
023,322,-036,0080,000,0208,"Big Tree"
023,381,-034,0024,000,0208,"Big Tree"
023,381,-022,0016,000,0208,"Big Tree"
023,380,0016,0112,000,0208,"Big Tree"
023,384,0012,0102,000,0208,"Big Tree"
023,384,-070,0070,000,0208,"Big Tree"
023,323,-028,0044,000,0208,"Big Tree"
023,344,-044,0088,000,0208,"Big Tree"
023,362,0080,0052,000,0208,"Big Tree"
023,323,-064,0048,000,0208,"Big Tree"
023,384,0030,0074,000,0208,"Big Tree"
023,323,0072,0048,000,0208,"Big Tree"
023,344,0056,0092,000,0208,"Big Tree"
023,343,-040,0056,000,0208,"Big Tree"
023,283,-032,0046,000,0208,"Big Tree"
023,242,0060,0104,000,0208,"Big Tree"
023,282,-004,0076,000,0208,"Big Tree"
023,221,0038,0050,000,0208,"Big Tree"
023,242,0022,0094,000,0208,"Big Tree"
023,241,-074,0080,000,0208,"Big Tree"
023,261,0082,0034,000,0208,"Big Tree"
023,221,0012,0078,000,0208,"Big Tree"
023,242,-078,0076,000,0208,"Big Tree"
023,262,-028,0112,000,0208,"Big Tree"
023,221,0082,0058,000,0208,"Big Tree"
023,262,-052,0044,000,0208,"Big Tree"
023,346,-042,0030,000,0208,"Big Tree"
023,345,0044,0046,000,0208,"Big Tree"
023,347,0086,0076,000,0208,"Big Tree"
023,306,-090,0046,000,0208,"Big Tree"
023,346,0014,0006,000,0208,"Big Tree"
023,305,-006,0012,000,0208,"Big Tree"
023,350,-012,0022,000,0208,"Big Tree"
023,307,0006,0042,000,0208,"Big Tree"
023,328,-008,0082,000,0208,"Big Tree"
023,326,0080,0066,000,0208,"Big Tree"
023,208,-042,0098,000,0212,"Medium Tree"
023,250,0014,0122,000,0212,"Medium Tree"
027,398,0022,0018,000,0208,"Big Tree"
027,378,-074,0060,000,0208,"Big Tree"
027,377,0044,0082,000,0208,"Big Tree"
027,357,-036,0090,000,0208,"Big Tree"
027,356,0052,0082,000,0208,"Big Tree"
027,357,0084,0068,000,0212,"Medium Tree"
027,378,0066,0054,000,0212,"Medium Tree"
027,357,0012,0018,000,0212,"Medium Tree"
027,356,0036,0060,000,0212,"Medium Tree"
027,377,0022,0058,000,0212,"Medium Tree"
027,337,-046,0050,000,0212,"Medium Tree"
027,358,-042,0070,000,0212,"Medium Tree"
027,338,-090,0082,000,0212,"Medium Tree"
027,358,0002,0108,000,0212,"Medium Tree"
027,337,-052,0072,000,0212,"Medium Tree"
027,356,0082,0052,000,0212,"Medium Tree"
027,357,0036,0100,000,0212,"Medium Tree"
027,337,0078,0030,000,0212,"Medium Tree"
027,358,0082,0050,000,0212,"Medium Tree"
027,338,0034,0062,000,0212,"Medium Tree"
027,359,0016,0026,000,0212,"Medium Tree"
027,337,0072,0052,000,0212,"Medium Tree"
027,337,-014,0032,000,0212,"Medium Tree"
027,338,0094,0058,000,0212,"Medium Tree"
027,298,0026,0050,000,0212,"Medium Tree"
027,319,0030,0092,000,0212,"Medium Tree"
027,299,-018,0082,000,0212,"Medium Tree"
027,298,0020,0072,000,0212,"Medium Tree"
027,298,-066,0052,000,0212,"Medium Tree"
027,318,-010,0116,000,0212,"Medium Tree"
027,318,-014,0098,000,0212,"Medium Tree"
027,338,-004,0104,000,0212,"Medium Tree"
027,339,-046,0084,000,0212,"Medium Tree"
027,339,-050,0066,000,0212,"Medium Tree"
027,359,-040,0050,000,0212,"Medium Tree"
027,359,0002,0008,000,0212,"Medium Tree"
027,338,-002,0136,000,0212,"Medium Tree"
027,359,-102,0058,000,0212,"Medium Tree"
027,399,0028,0082,000,0212,"Medium Tree"
027,379,0016,0080,000,0212,"Medium Tree"
027,358,-044,0056,000,0212,"Medium Tree"
027,378,-034,0062,000,0212,"Medium Tree"
028,279,0076,0050,000,0208,"Big Tree"
028,279,-098,0060,000,0208,"Big Tree"
028,259,-074,0062,000,0208,"Big Tree"
028,256,0044,0054,000,0208,"Big Tree"
028,257,0006,0072,000,0208,"Big Tree"
028,259,-078,0054,000,0208,"Big Tree"
028,259,-002,0120,000,0208,"Big Tree"
028,173,0064,0084,000,0208,"Big Tree"
028,194,0020,0020,000,0208,"Big Tree"
028,195,0014,0092,000,0208,"Big Tree"
028,196,-040,0068,000,0208,"Big Tree"
028,154,-008,0048,000,0208,"Big Tree"
028,174,0016,0098,000,0208,"Big Tree"
028,266,0014,0014,000,0208,"Big Tree"
028,226,0078,0056,000,0208,"Big Tree"
028,284,0008,0100,000,0208,"Big Tree"
028,306,-038,0030,000,0208,"Big Tree"
028,245,-038,0058,000,0208,"Big Tree"
028,303,-058,0082,000,0208,"Big Tree"
028,324,0068,0098,000,0208,"Big Tree"
028,324,0006,0096,000,0208,"Big Tree"
028,324,0076,0092,000,0208,"Big Tree"
028,264,-104,0062,000,0208,"Big Tree"
028,304,0010,0018,000,0208,"Big Tree"
028,323,0010,0004,000,0208,"Big Tree"
028,324,0026,0104,000,0208,"Big Tree"
028,324,-036,0102,000,0208,"Big Tree"
028,324,0034,0098,000,0208,"Big Tree"
028,283,0074,0068,000,0208,"Big Tree"
028,304,-032,0024,000,0208,"Big Tree"
028,322,-028,0090,000,0208,"Big Tree"
028,344,-012,0044,000,0208,"Big Tree"
028,343,0036,0104,000,0208,"Big Tree"
028,344,-004,0038,000,0208,"Big Tree"
028,283,-074,0092,000,0208,"Big Tree"
028,323,0040,0026,000,0208,"Big Tree"
028,300,-036,0068,000,0212,"Medium Tree"
028,340,-052,0062,000,0212,"Medium Tree"
028,320,-064,0060,000,0212,"Medium Tree"
028,320,0002,0044,000,0212,"Medium Tree"
028,320,0008,0132,000,0212,"Medium Tree"
028,360,0022,0092,000,0212,"Medium Tree"
028,340,0010,0090,000,0212,"Medium Tree"
028,340,0076,0074,000,0212,"Medium Tree"
028,341,-028,0078,000,0212,"Medium Tree"
028,360,-040,0100,000,0212,"Medium Tree"
028,340,-052,0098,000,0212,"Medium Tree"
028,340,0014,0082,000,0212,"Medium Tree"
028,361,0020,0024,000,0212,"Medium Tree"
028,360,-028,0024,000,0212,"Medium Tree"
028,380,0088,0050,000,0212,"Medium Tree"
028,231,0022,0106,000,0212,"Medium Tree"
028,252,-034,0036,000,0212,"Medium Tree"
028,230,0032,0082,000,0212,"Medium Tree"
028,232,0008,0098,000,0212,"Medium Tree"
028,226,0016,0088,000,0212,"Medium Tree"
028,248,0038,0070,000,0212,"Medium Tree"
028,211,0000,0064,000,0212,"Medium Tree"
028,169,-044,0086,000,0212,"Medium Tree"
028,191,0070,0046,000,0212,"Medium Tree"
028,170,0044,0090,000,0212,"Medium Tree"
028,191,-016,0084,000,0212,"Medium Tree"
028,169,0024,0124,000,0212,"Medium Tree"
028,169,-020,0082,000,0212,"Medium Tree"
028,171,-042,0024,000,0212,"Medium Tree"
028,210,0068,0072,000,0212,"Medium Tree"
028,226,-004,0016,000,0212,"Medium Tree"
028,228,0000,0038,000,0212,"Medium Tree"
028,207,-026,0082,000,0212,"Medium Tree"
028,226,0064,0054,000,0212,"Medium Tree"
028,267,0006,0036,000,0212,"Medium Tree"
028,225,-038,0080,000,0212,"Medium Tree"
028,247,0076,0062,000,0212,"Medium Tree"
028,247,-010,0100,000,0212,"Medium Tree"
028,266,0040,0112,000,0212,"Medium Tree"
028,289,0034,0106,000,0212,"Medium Tree"
028,267,0100,0066,000,0212,"Medium Tree"
028,270,-006,0070,000,0212,"Medium Tree"
028,269,0078,0052,000,0212,"Medium Tree"
028,290,0018,0024,000,0212,"Medium Tree"
028,289,-032,0056,000,0212,"Medium Tree"
028,268,0058,0042,000,0212,"Medium Tree"
028,229,-010,0092,000,0212,"Medium Tree"
028,291,0002,0010,000,0212,"Medium Tree"
028,230,-052,0112,000,0212,"Medium Tree"
028,229,-036,0060,000,0212,"Medium Tree"
028,229,-058,0074,000,0212,"Medium Tree"
028,252,-094,0052,000,0212,"Medium Tree"
028,291,0094,0066,000,0212,"Medium Tree"
028,252,0014,0008,000,0212,"Medium Tree"
028,230,-076,0090,000,0212,"Medium Tree"
028,252,-002,0108,000,0212,"Medium Tree"
028,252,0028,0046,000,0212,"Medium Tree"
028,250,0048,0044,000,0212,"Medium Tree"
028,273,0012,0022,000,0212,"Medium Tree"
028,251,-008,0020,000,0212,"Medium Tree"
028,292,0004,0062,000,0212,"Medium Tree"
028,252,0034,0066,000,0212,"Medium Tree"
028,250,0054,0064,000,0212,"Medium Tree"
028,273,0018,0042,000,0212,"Medium Tree"
028,295,0030,0020,000,0212,"Medium Tree"
028,276,-088,0064,000,0212,"Medium Tree"
028,274,-082,0086,000,0212,"Medium Tree"
028,296,0030,0096,000,0212,"Medium Tree"
028,274,-020,0082,000,0212,"Medium Tree"
028,295,-002,0034,000,0212,"Medium Tree"
028,295,0020,0050,000,0212,"Medium Tree"
028,295,0034,0030,000,0212,"Medium Tree"
028,276,-084,0074,000,0212,"Medium Tree"
028,274,-078,0096,000,0212,"Medium Tree"
028,297,-076,0044,000,0212,"Medium Tree"
028,274,-016,0092,000,0212,"Medium Tree"
028,295,0002,0044,000,0212,"Medium Tree"
028,295,0024,0060,000,0212,"Medium Tree"
028,172,-024,0030,000,0212,"Medium Tree"
028,150,0016,0100,000,0212,"Medium Tree"
028,172,-020,0042,000,0212,"Medium Tree"
028,309,-068,0060,000,0212,"Medium Tree"
028,328,-024,0112,000,0212,"Medium Tree"
028,327,0066,0062,000,0212,"Medium Tree"
028,309,0002,0110,000,0212,"Medium Tree"
028,287,-026,0050,000,0212,"Medium Tree"
028,306,0068,0044,000,0212,"Medium Tree"
028,309,-076,0070,000,0212,"Medium Tree"
028,328,-032,0122,000,0212,"Medium Tree"
028,327,0058,0072,000,0212,"Medium Tree"
028,287,-006,0092,000,0212,"Medium Tree"
028,309,-006,0120,000,0212,"Medium Tree"
028,239,-030,0056,000,0212,"Medium Tree"
028,239,0010,0110,000,0212,"Medium Tree"
028,218,-006,0038,000,0212,"Medium Tree"
028,321,-042,0096,000,0572,"Tent (Dirt) R2"
028,321,0024,0124,000,0572,"Tent (Dirt) R2"
028,341,-008,0038,000,0571,"Tent (Dirt) R1"
028,322,0006,0102,000,0252,"Small Barrels A /"
028,323,-084,0062,000,0252,"Small Barrels A /"
028,343,0020,0036,000,0252,"Small Barrels A /"
029,359,-006,0032,000,0208,"Big Tree"
029,358,0000,0076,000,0208,"Big Tree"
029,337,0034,0064,000,0208,"Big Tree"
029,318,0028,0086,000,0208,"Big Tree"
029,379,-018,0090,000,0208,"Big Tree"
029,379,0038,0082,000,0208,"Big Tree"
029,399,-020,0094,000,0208,"Big Tree"
029,398,0044,0046,000,0208,"Big Tree"
029,377,-008,0088,000,0208,"Big Tree"
029,338,0044,0120,000,0208,"Big Tree"
029,175,-066,0048,000,0208,"Big Tree"
029,174,-004,0028,000,0208,"Big Tree"
029,195,-042,0046,000,0208,"Big Tree"
029,154,0032,0062,000,0208,"Big Tree"
029,175,0042,0080,000,0208,"Big Tree"
029,174,0044,0036,000,0208,"Big Tree"
029,174,-078,0050,000,0208,"Big Tree"
029,099,0024,0092,000,0208,"Big Tree"
029,139,-070,0032,000,0208,"Big Tree"
029,139,-024,0048,000,0208,"Big Tree"
029,159,-024,0108,000,0208,"Big Tree"
029,375,-074,0054,000,0208,"Big Tree"
029,354,-090,0068,000,0208,"Big Tree"
029,374,-006,0060,000,0208,"Big Tree"
029,296,-050,0032,000,0208,"Big Tree"
029,208,-056,0034,000,0208,"Big Tree"
029,270,0010,0018,000,0208,"Big Tree"
029,229,0022,0072,000,0208,"Big Tree"
029,208,0030,0088,000,0208,"Big Tree"
029,249,-056,0084,000,0208,"Big Tree"
029,249,-048,0106,000,0208,"Big Tree"
029,208,-048,0038,000,0208,"Big Tree"
029,270,0018,0022,000,0208,"Big Tree"
029,229,0030,0076,000,0208,"Big Tree"
029,209,-072,0030,000,0208,"Big Tree"
029,248,0058,0058,000,0208,"Big Tree"
029,267,0042,0102,000,0208,"Big Tree"
029,270,-010,0070,000,0208,"Big Tree"
029,247,-038,0038,000,0208,"Big Tree"
029,268,0012,0048,000,0208,"Big Tree"
029,247,0002,0026,000,0208,"Big Tree"
029,270,-034,0070,000,0208,"Big Tree"
029,226,-090,0068,000,0208,"Big Tree"
029,245,0010,0018,000,0208,"Big Tree"
029,267,-076,0044,000,0208,"Big Tree"
029,286,0010,0064,000,0208,"Big Tree"
029,266,0016,0026,000,0208,"Big Tree"
029,245,-058,0060,000,0208,"Big Tree"
029,267,-010,0058,000,0208,"Big Tree"
029,245,0092,0040,000,0208,"Big Tree"
029,266,-004,0100,000,0208,"Big Tree"
029,286,-028,0058,000,0208,"Big Tree"
029,266,-022,0020,000,0208,"Big Tree"
029,262,0038,0030,000,0208,"Big Tree"
029,242,0078,0072,000,0208,"Big Tree"
029,242,-042,0044,000,0208,"Big Tree"
029,262,0046,0084,000,0208,"Big Tree"
029,243,-072,0058,000,0208,"Big Tree"
029,283,0016,0056,000,0208,"Big Tree"
029,243,-002,0032,000,0208,"Big Tree"
029,241,-018,0102,000,0208,"Big Tree"
029,222,-028,0090,000,0208,"Big Tree"
029,166,-002,0022,000,0208,"Big Tree"
029,166,-018,0066,000,0208,"Big Tree"
029,105,-044,0056,000,0208,"Big Tree"
029,145,-016,0050,000,0208,"Big Tree"
029,166,-028,0034,000,0208,"Big Tree"
029,144,0062,0048,000,0208,"Big Tree"
029,145,0000,0040,000,0208,"Big Tree"
029,355,-026,0026,000,0208,"Big Tree"
029,333,0014,0030,000,0208,"Big Tree"
029,334,-026,0096,000,0208,"Big Tree"
029,313,0006,0052,000,0208,"Big Tree"
029,334,-054,0044,000,0208,"Big Tree"
029,293,0042,0072,000,0208,"Big Tree"
029,271,-014,0072,000,0208,"Big Tree"
029,293,0008,0112,000,0208,"Big Tree"
029,272,0020,0050,000,0208,"Big Tree"
029,313,-070,0042,000,0208,"Big Tree"
029,292,-044,0036,000,0208,"Big Tree"
029,315,0002,0086,000,0208,"Big Tree"
029,316,-030,0022,000,0208,"Big Tree"
029,294,-034,0092,000,0208,"Big Tree"
029,316,0038,0050,000,0208,"Big Tree"
029,314,0000,0116,000,0208,"Big Tree"
029,294,0008,0126,000,0208,"Big Tree"
029,275,-074,0076,000,0208,"Big Tree"
029,309,-018,0054,000,0208,"Big Tree"
029,308,-002,0020,000,0208,"Big Tree"
029,267,-022,0118,000,0208,"Big Tree"
029,310,-024,0058,000,0208,"Big Tree"
029,288,0048,0080,000,0208,"Big Tree"
029,309,0026,0010,000,0208,"Big Tree"
029,287,-054,0046,000,0208,"Big Tree"
029,375,-024,0042,000,0208,"Big Tree"
029,395,0008,0010,000,0208,"Big Tree"
029,395,-008,0022,000,0208,"Big Tree"
029,396,0032,0040,000,0208,"Big Tree"
029,280,0046,0028,000,0208,"Big Tree"
029,280,-016,0088,000,0208,"Big Tree"
029,260,0046,0032,000,0208,"Big Tree"
029,240,-076,0046,000,0208,"Big Tree"
029,121,-066,0054,000,0208,"Big Tree"
029,162,0000,0050,000,0208,"Big Tree"
029,142,0034,0082,000,0208,"Big Tree"
029,102,-086,0094,000,0208,"Big Tree"
029,101,-004,0088,000,0208,"Big Tree"
029,101,-010,0088,000,0208,"Big Tree"
029,080,-004,0132,000,0208,"Big Tree"
029,283,-064,0074,000,0208,"Big Tree"
029,324,-002,0070,000,0208,"Big Tree"
029,283,-058,0072,000,0208,"Big Tree"
029,324,0004,0068,000,0208,"Big Tree"
029,283,0092,0064,000,0208,"Big Tree"
029,281,0060,0090,000,0208,"Big Tree"
029,281,-064,0108,000,0208,"Big Tree"
029,282,-070,0080,000,0208,"Big Tree"
029,302,0054,0058,000,0208,"Big Tree"
029,260,0066,0054,000,0208,"Big Tree"
029,281,-008,0112,000,0208,"Big Tree"
029,261,-026,0104,000,0208,"Big Tree"
029,037,-024,0034,000,0208,"Big Tree"
029,016,0034,0036,000,0208,"Big Tree"
029,037,0024,0076,000,0208,"Big Tree"
029,034,-080,0054,000,0208,"Big Tree"
029,033,-014,0128,000,0208,"Big Tree"
029,075,-024,0022,000,0208,"Big Tree"
029,074,0038,0062,000,0208,"Big Tree"
029,056,-042,0106,000,0208,"Big Tree"
029,033,0052,0096,000,0208,"Big Tree"
029,053,0028,0060,000,0208,"Big Tree"
029,053,-016,0050,000,0208,"Big Tree"
029,074,-026,0090,000,0208,"Big Tree"
029,076,-044,0028,000,0208,"Big Tree"
029,033,-060,0102,000,0208,"Big Tree"
029,094,-038,0052,000,0208,"Big Tree"
029,115,-048,0070,000,0208,"Big Tree"
029,117,-066,0030,000,0208,"Big Tree"
029,074,-082,0060,000,0208,"Big Tree"
029,177,-052,0030,000,0208,"Big Tree"
029,177,-068,0072,000,0208,"Big Tree"
029,136,0024,0062,000,0208,"Big Tree"
029,135,0004,0060,000,0208,"Big Tree"
029,116,-004,0070,000,0208,"Big Tree"
029,003,0018,0012,000,0208,"Big Tree"
029,397,-018,0064,000,0208,"Big Tree"
029,398,0076,0082,000,0208,"Big Tree"
029,357,0004,0066,000,0208,"Big Tree"
029,378,-024,0050,000,0208,"Big Tree"
029,376,0040,0032,000,0208,"Big Tree"
029,335,-016,0112,000,0208,"Big Tree"
029,338,-080,0072,000,0212,"Medium Tree"
029,377,0058,0036,000,0212,"Medium Tree"
029,337,-038,0050,000,0212,"Medium Tree"
029,377,0056,0062,000,0212,"Medium Tree"
029,357,-054,0048,000,0212,"Medium Tree"
029,336,0028,0062,000,0212,"Medium Tree"
029,356,0046,0052,000,0212,"Medium Tree"
029,337,-018,0086,000,0212,"Medium Tree"
029,336,-030,0034,000,0212,"Medium Tree"
029,338,-034,0028,000,0212,"Medium Tree"
029,112,-014,0018,000,0212,"Medium Tree"
029,091,-044,0112,000,0212,"Medium Tree"
029,090,0010,0078,000,0212,"Medium Tree"
029,112,-032,0078,000,0212,"Medium Tree"
029,090,-060,0070,000,0212,"Medium Tree"
029,050,-048,0080,000,0212,"Medium Tree"
029,091,-060,0072,000,0212,"Medium Tree"
029,070,-008,0066,000,0212,"Medium Tree"
029,090,-048,0046,000,0212,"Medium Tree"
029,112,0046,0044,000,0212,"Medium Tree"
029,111,-036,0068,000,0212,"Medium Tree"
029,132,0000,0006,000,0212,"Medium Tree"
029,071,-026,0044,000,0212,"Medium Tree"
029,113,0010,0018,000,0212,"Medium Tree"
029,088,-008,0032,000,0212,"Medium Tree"
029,107,0062,0052,000,0212,"Medium Tree"
029,110,-064,0094,000,0212,"Medium Tree"
029,129,-036,0034,000,0212,"Medium Tree"
029,129,0000,0096,000,0212,"Medium Tree"
029,089,-026,0032,000,0212,"Medium Tree"
029,110,0010,0108,000,0212,"Medium Tree"
029,108,0010,0052,000,0212,"Medium Tree"
029,127,0080,0072,000,0212,"Medium Tree"
029,130,-046,0070,000,0212,"Medium Tree"
029,149,-018,0032,000,0212,"Medium Tree"
029,149,0018,0094,000,0212,"Medium Tree"
029,109,-008,0008,000,0212,"Medium Tree"
029,130,0028,0084,000,0212,"Medium Tree"
029,012,0024,0032,000,0212,"Medium Tree"
029,257,0054,0060,000,0212,"Medium Tree"
029,236,0052,0064,000,0212,"Medium Tree"
029,235,-016,0064,000,0212,"Medium Tree"
029,298,-034,0064,000,0212,"Medium Tree"
029,277,-074,0068,000,0212,"Medium Tree"
029,276,-046,0068,000,0212,"Medium Tree"
029,275,0012,0038,000,0212,"Medium Tree"
029,077,-024,0064,000,0212,"Medium Tree"
029,096,0040,0056,000,0212,"Medium Tree"
029,054,0018,0034,000,0212,"Medium Tree"
029,096,-036,0020,000,0212,"Medium Tree"
029,076,-090,0036,000,0212,"Medium Tree"
029,077,-020,0058,000,0212,"Medium Tree"
029,096,0044,0050,000,0212,"Medium Tree"
029,054,0022,0028,000,0212,"Medium Tree"
029,056,-058,0102,000,0212,"Medium Tree"
029,096,-032,0014,000,0212,"Medium Tree"
029,259,0082,0062,000,0212,"Medium Tree"
029,126,-022,0014,000,0212,"Medium Tree"
029,167,-092,0036,000,0212,"Medium Tree"
029,125,0026,0044,000,0212,"Medium Tree"
029,145,0000,0032,000,0212,"Medium Tree"
029,125,0044,0052,000,0212,"Medium Tree"
029,145,0040,0094,000,0212,"Medium Tree"
029,187,-010,0014,000,0212,"Medium Tree"
029,144,-004,0072,000,0212,"Medium Tree"
029,144,0018,0072,000,0212,"Medium Tree"
029,186,0002,0032,000,0212,"Medium Tree"
029,164,0010,0058,000,0212,"Medium Tree"
029,014,0070,0080,000,0212,"Medium Tree"
029,036,-022,0036,000,0212,"Medium Tree"
029,275,-054,0098,000,0212,"Medium Tree"
029,256,-038,0022,000,0212,"Medium Tree"
029,235,0016,0026,000,0212,"Medium Tree"
029,254,-036,0080,000,0212,"Medium Tree"
029,296,0018,0084,000,0212,"Medium Tree"
029,255,0070,0084,000,0212,"Medium Tree"
029,221,0010,0056,000,0208,"Big Tree"
029,241,0048,0068,000,0212,"Medium Tree"
029,220,-064,0078,000,0212,"Medium Tree"
029,242,-084,0070,000,0212,"Medium Tree"
029,240,0042,0044,000,0212,"Medium Tree"
029,221,-030,0060,000,0212,"Medium Tree"
029,241,-002,0022,000,0212,"Medium Tree"
029,240,-058,0040,000,0212,"Medium Tree"
029,221,-062,0036,000,0212,"Medium Tree"
029,265,-050,0096,000,0212,"Medium Tree"
029,306,0042,0070,000,0212,"Medium Tree"
029,325,0098,0076,000,0212,"Medium Tree"
029,264,-078,0084,000,0212,"Medium Tree"
029,264,-002,0124,000,0212,"Medium Tree"
029,141,0030,0074,000,0208,"Big Tree"
029,140,-056,0082,000,0208,"Big Tree"
029,120,-004,0070,000,0208,"Big Tree"
029,142,-010,0052,000,0208,"Big Tree"
029,190,-024,0094,000,0208,"Big Tree"
029,209,-030,0060,000,0208,"Big Tree"
029,188,-040,0030,000,0208,"Big Tree"
029,188,0008,0112,000,0208,"Big Tree"
029,210,-056,0068,000,0208,"Big Tree"
029,168,0020,0082,000,0208,"Big Tree"
029,188,0002,0098,000,0208,"Big Tree"
029,109,-086,0048,000,0208,"Big Tree"
029,088,0038,0092,000,0208,"Big Tree"
029,131,0062,0024,000,0208,"Big Tree"
029,111,0004,0120,000,0208,"Big Tree"
029,111,-036,0054,000,0208,"Big Tree"
029,089,-038,0098,000,0208,"Big Tree"
029,088,0022,0026,000,0208,"Big Tree"
029,109,0070,0052,000,0208,"Big Tree"
029,130,0034,0026,000,0208,"Big Tree"
029,055,-082,0058,000,0208,"Big Tree"
029,075,0072,0094,000,0208,"Big Tree"
029,055,-008,0036,000,0208,"Big Tree"
029,034,-006,0064,000,0208,"Big Tree"
029,034,-026,0092,000,0208,"Big Tree"
029,133,0068,0068,000,0208,"Big Tree"
029,094,-068,0090,000,0208,"Big Tree"
029,113,0064,0092,000,0208,"Big Tree"
029,134,-018,0068,000,0208,"Big Tree"
029,134,-064,0048,000,0208,"Big Tree"
029,135,-014,0012,000,0208,"Big Tree"
029,156,0024,0022,000,0208,"Big Tree"
029,114,0006,0060,000,0208,"Big Tree"
029,136,0078,0046,000,0208,"Big Tree"
029,116,-016,0096,000,0208,"Big Tree"
029,298,-064,0066,000,0208,"Big Tree"
029,339,0004,0066,000,0208,"Big Tree"
029,319,-044,0030,000,0208,"Big Tree"
029,339,0068,0050,000,0208,"Big Tree"
029,256,-030,0054,000,0212,"Medium Tree"
029,255,0050,0070,000,0212,"Medium Tree"
029,236,-018,0084,000,0212,"Medium Tree"
029,256,0002,0008,000,0212,"Medium Tree"
029,219,-010,0090,000,0212,"Medium Tree"
030,380,0022,0042,000,0208,"Big Tree"
030,381,0034,0038,000,0208,"Big Tree"
030,360,-034,0116,000,0208,"Big Tree"
030,360,0026,0072,000,0208,"Big Tree"
030,360,-044,0068,000,0208,"Big Tree"
030,142,-008,0012,000,0208,"Big Tree"
030,102,0004,0056,000,0208,"Big Tree"
030,142,0094,0064,000,0208,"Big Tree"
030,144,-002,0034,000,0208,"Big Tree"
030,102,0042,0054,000,0208,"Big Tree"
030,142,0020,0078,000,0208,"Big Tree"
030,122,-008,0036,000,0208,"Big Tree"
030,060,-074,0050,000,0208,"Big Tree"
030,100,0016,0036,000,0208,"Big Tree"
030,101,0030,0112,000,0208,"Big Tree"
030,060,-036,0048,000,0208,"Big Tree"
030,160,0090,0080,000,0208,"Big Tree"
030,162,0000,0006,000,0208,"Big Tree"
030,140,-088,0040,000,0208,"Big Tree"
030,160,0022,0080,000,0208,"Big Tree"
030,141,-022,0108,000,0208,"Big Tree"
030,181,-014,0042,000,0208,"Big Tree"
030,183,0010,0086,000,0208,"Big Tree"
030,181,0032,0058,000,0208,"Big Tree"
030,182,-078,0076,000,0208,"Big Tree"
030,183,-012,0042,000,0208,"Big Tree"
030,182,0010,0084,000,0208,"Big Tree"
030,184,-034,0068,000,0208,"Big Tree"
030,183,-022,0098,000,0208,"Big Tree"
030,206,0002,0018,000,0208,"Big Tree"
030,184,-086,0052,000,0208,"Big Tree"
030,204,0024,0070,000,0208,"Big Tree"
030,207,-048,0024,000,0208,"Big Tree"
030,205,-026,0076,000,0208,"Big Tree"
030,206,0040,0042,000,0208,"Big Tree"
030,206,0002,0090,000,0208,"Big Tree"
030,185,0060,0060,000,0208,"Big Tree"
030,166,-036,0014,000,0208,"Big Tree"
030,164,0064,0104,000,0208,"Big Tree"
030,207,0002,0018,000,0208,"Big Tree"
030,166,-050,0050,000,0208,"Big Tree"
030,167,-088,0044,000,0208,"Big Tree"
030,146,-036,0066,000,0208,"Big Tree"
030,166,0018,0036,000,0208,"Big Tree"
030,186,0040,0096,000,0208,"Big Tree"
030,166,0060,0038,000,0208,"Big Tree"
030,125,0002,0100,000,0208,"Big Tree"
030,145,0056,0092,000,0208,"Big Tree"
030,144,0102,0066,000,0208,"Big Tree"
030,124,0010,0038,000,0208,"Big Tree"
030,083,-042,0026,000,0208,"Big Tree"
030,083,0030,0082,000,0208,"Big Tree"
030,063,-028,0064,000,0208,"Big Tree"
030,083,0026,0012,000,0208,"Big Tree"
030,062,-038,0048,000,0208,"Big Tree"
030,082,0084,0080,000,0208,"Big Tree"
030,009,0016,0016,000,0208,"Big Tree"
030,010,0034,0062,000,0208,"Big Tree"
030,054,0056,0028,000,0208,"Big Tree"
030,095,0040,0048,000,0208,"Big Tree"
030,074,0000,0020,000,0208,"Big Tree"
030,054,-044,0030,000,0208,"Big Tree"
030,053,-024,0052,000,0208,"Big Tree"
030,075,0018,0044,000,0208,"Big Tree"
030,056,0006,0090,000,0208,"Big Tree"
030,097,-010,0088,000,0208,"Big Tree"
030,076,-050,0060,000,0208,"Big Tree"
030,056,-094,0092,000,0208,"Big Tree"
030,077,-032,0084,000,0208,"Big Tree"
030,014,0012,0108,000,0208,"Big Tree"
030,015,0014,0054,000,0208,"Big Tree"
030,034,-032,0028,000,0208,"Big Tree"
030,014,-060,0080,000,0208,"Big Tree"
030,036,-080,0038,000,0208,"Big Tree"
030,014,0004,0082,000,0208,"Big Tree"
030,013,-018,0084,000,0208,"Big Tree"
030,036,0032,0046,000,0208,"Big Tree"
030,055,-014,0042,000,0208,"Big Tree"
030,035,-042,0072,000,0208,"Big Tree"
030,180,0062,0084,000,0212,"Medium Tree"
030,181,-082,0034,000,0212,"Medium Tree"
030,006,-016,0064,000,0212,"Medium Tree"
030,026,0070,0050,000,0212,"Medium Tree"
030,069,-036,0114,000,0212,"Medium Tree"
030,067,0096,0056,000,0212,"Medium Tree"
030,027,0022,0056,000,0212,"Medium Tree"
030,108,-022,0116,000,0212,"Medium Tree"
030,107,-048,0028,000,0212,"Medium Tree"
030,106,-014,0008,000,0212,"Medium Tree"
030,086,0000,0120,000,0212,"Medium Tree"
030,128,0010,0092,000,0212,"Medium Tree"
030,106,-092,0046,000,0212,"Medium Tree"
030,086,-022,0026,000,0212,"Medium Tree"
030,049,0032,0080,000,0212,"Medium Tree"
030,073,-010,0046,000,0212,"Medium Tree"
030,073,0050,0080,000,0212,"Medium Tree"
030,072,0054,0068,000,0212,"Medium Tree"
030,070,0074,0042,000,0212,"Medium Tree"
030,113,0022,0018,000,0212,"Medium Tree"
030,071,-016,0088,000,0212,"Medium Tree"
030,112,0012,0044,000,0212,"Medium Tree"
030,113,-010,0020,000,0212,"Medium Tree"
030,091,-004,0010,000,0212,"Medium Tree"
030,090,0060,0090,000,0212,"Medium Tree"
030,112,0048,0086,000,0212,"Medium Tree"
030,091,0068,0056,000,0212,"Medium Tree"
030,112,-020,0046,000,0212,"Medium Tree"
030,021,-090,0072,000,0212,"Medium Tree"
030,041,-038,0052,000,0212,"Medium Tree"
030,042,0058,0066,000,0212,"Medium Tree"
030,000,0072,0070,000,0212,"Medium Tree"
030,021,0054,0080,000,0212,"Medium Tree"
030,285,-042,0046,000,0212,"Medium Tree"
030,326,0032,0068,000,0212,"Medium Tree"
030,304,-014,0024,000,0212,"Medium Tree"
030,346,0036,0034,000,0212,"Medium Tree"
030,304,0074,0086,000,0212,"Medium Tree"
030,304,-052,0030,000,0212,"Medium Tree"
030,284,0086,0070,000,0212,"Medium Tree"
030,306,-034,0044,000,0212,"Medium Tree"
030,305,-080,0044,000,0212,"Medium Tree"
030,306,-086,0052,000,0212,"Medium Tree"
030,306,-038,0022,000,0212,"Medium Tree"
030,264,-020,0054,000,0212,"Medium Tree"
030,324,0082,0058,000,0212,"Medium Tree"
030,326,-052,0020,000,0212,"Medium Tree"
030,365,0040,0048,000,0212,"Medium Tree"
030,384,0050,0078,000,0212,"Medium Tree"
030,343,-078,0062,000,0212,"Medium Tree"
030,343,-036,0082,000,0212,"Medium Tree"
030,363,0010,0084,000,0212,"Medium Tree"
030,364,-044,0094,000,0212,"Medium Tree"
030,323,0024,0092,000,0212,"Medium Tree"
030,123,-014,0034,000,0216,"Small Tree"
030,102,-074,0028,000,0216,"Small Tree"
030,142,0008,0032,000,0216,"Small Tree"
030,163,0042,0032,000,0216,"Small Tree"
030,123,-084,0050,000,0216,"Small Tree"
030,122,-062,0056,000,0216,"Small Tree"
030,141,0012,0042,000,0216,"Small Tree"
030,361,0078,0088,000,0212,"Medium Tree"
030,037,-058,0056,000,0212,"Medium Tree"
030,037,-074,0074,000,0212,"Medium Tree"
030,058,-032,0102,000,0212,"Medium Tree"
030,058,-080,0064,000,0212,"Medium Tree"
030,058,-022,0044,000,0212,"Medium Tree"
030,385,0008,0104,000,0212,"Medium Tree"
030,385,0048,0032,000,0212,"Medium Tree"
030,388,0008,0120,000,0212,"Medium Tree"
030,367,0052,0064,000,0212,"Medium Tree"
030,367,0022,0060,000,0212,"Medium Tree"
030,366,-044,0084,000,0212,"Medium Tree"
030,387,0010,0046,000,0212,"Medium Tree"
030,301,-100,0060,000,0208,"Big Tree"
030,321,0048,0062,000,0208,"Big Tree"
030,321,0046,0098,000,0208,"Big Tree"
030,320,-058,0078,000,0208,"Big Tree"
030,320,0054,0042,000,0208,"Big Tree"
030,321,0044,0076,000,0208,"Big Tree"
030,362,-070,0032,000,0208,"Big Tree"
030,321,-052,0062,000,0208,"Big Tree"
030,340,-046,0080,000,0208,"Big Tree"
030,361,0026,0058,000,0208,"Big Tree"
030,283,-062,0040,000,0212,"Medium Tree"
030,283,-050,0038,000,0212,"Medium Tree"
030,282,0018,0076,000,0212,"Medium Tree"
030,304,-014,0014,000,0212,"Medium Tree"
030,364,0010,0056,000,0212,"Medium Tree"
030,364,0020,0042,000,0212,"Medium Tree"
030,363,0070,0080,000,0212,"Medium Tree"
030,364,-066,0068,000,0212,"Medium Tree"
030,363,-016,0104,000,0212,"Medium Tree"
030,341,-044,0070,000,0212,"Medium Tree"
030,341,0068,0062,000,0212,"Medium Tree"
030,321,0012,0072,000,0212,"Medium Tree"
030,321,0046,0090,000,0212,"Medium Tree"
030,200,-032,0046,000,0212,"Medium Tree"
030,200,0018,0052,000,0212,"Medium Tree"
030,200,0052,0034,000,0212,"Medium Tree"
030,200,0044,0064,000,0212,"Medium Tree"
030,144,-006,0046,000,0212,"Medium Tree"
030,082,-010,0046,000,0212,"Medium Tree"
030,061,0010,0052,000,0212,"Medium Tree"
030,061,-018,0042,000,0212,"Medium Tree"
030,042,0010,0106,000,0212,"Medium Tree"
030,042,0022,0116,000,0212,"Medium Tree"
030,043,-056,0056,000,0212,"Medium Tree"
030,127,-068,0048,000,0212,"Medium Tree"
030,147,0026,0100,000,0212,"Medium Tree"
030,148,-060,0038,000,0212,"Medium Tree"
030,028,0018,0100,000,0216,"Small Tree"
031,032,0000,0096,000,0208,"Big Tree"
031,072,-024,0050,000,0208,"Big Tree"
031,032,-030,0082,000,0208,"Big Tree"
031,030,0044,0026,000,0208,"Big Tree"
031,011,-036,0018,000,0208,"Big Tree"
031,050,0050,0056,000,0208,"Big Tree"
031,010,0044,0088,000,0208,"Big Tree"
031,032,0040,0074,000,0208,"Big Tree"
031,034,0008,0094,000,0208,"Big Tree"
031,112,-002,0006,000,0208,"Big Tree"
031,114,0034,0056,000,0208,"Big Tree"
031,091,-010,0092,000,0208,"Big Tree"
031,072,0012,0030,000,0208,"Big Tree"
031,112,-004,0012,000,0208,"Big Tree"
031,114,0032,0062,000,0208,"Big Tree"
031,091,-012,0098,000,0208,"Big Tree"
031,072,0010,0036,000,0208,"Big Tree"
031,073,-058,0078,000,0208,"Big Tree"
031,133,0038,0022,000,0208,"Big Tree"
031,136,-036,0054,000,0208,"Big Tree"
031,093,-076,0072,000,0208,"Big Tree"
031,112,0030,0108,000,0208,"Big Tree"
031,093,0052,0068,000,0208,"Big Tree"
031,094,-016,0110,000,0208,"Big Tree"
031,059,0014,0044,000,0208,"Big Tree"
031,079,0022,0022,000,0208,"Big Tree"
031,058,-012,0116,000,0208,"Big Tree"
031,025,0006,0062,000,0208,"Big Tree"
031,044,0076,0058,000,0208,"Big Tree"
031,003,-102,0066,000,0208,"Big Tree"
031,026,-096,0060,000,0208,"Big Tree"
031,003,0020,0046,000,0208,"Big Tree"
031,026,-054,0080,000,0208,"Big Tree"
031,004,-078,0050,000,0208,"Big Tree"
031,045,-026,0056,000,0208,"Big Tree"
031,023,0016,0064,000,0208,"Big Tree"
031,047,-002,0142,000,0208,"Big Tree"
031,088,-028,0030,000,0208,"Big Tree"
031,090,-066,0062,000,0208,"Big Tree"
031,068,-050,0038,000,0208,"Big Tree"
031,068,0050,0030,000,0208,"Big Tree"
031,108,0046,0056,000,0208,"Big Tree"
031,088,0024,0064,000,0208,"Big Tree"
031,090,-014,0096,000,0208,"Big Tree"
031,068,0020,0090,000,0208,"Big Tree"
031,089,-058,0078,000,0208,"Big Tree"
031,088,0020,0054,000,0208,"Big Tree"
031,067,0022,0040,000,0208,"Big Tree"
031,109,0008,0034,000,0208,"Big Tree"
031,108,0052,0036,000,0208,"Big Tree"
031,088,-042,0066,000,0208,"Big Tree"
031,108,-038,0032,000,0208,"Big Tree"
031,067,-040,0052,000,0208,"Big Tree"
031,107,0006,0038,000,0208,"Big Tree"
031,108,-010,0048,000,0208,"Big Tree"
031,087,-078,0062,000,0208,"Big Tree"
031,106,-036,0028,000,0208,"Big Tree"
031,045,-072,0060,000,0208,"Big Tree"
031,065,0066,0070,000,0208,"Big Tree"
031,006,0006,0114,000,0208,"Big Tree"
031,025,0054,0084,000,0208,"Big Tree"
031,005,-026,0034,000,0208,"Big Tree"
031,006,0080,0088,000,0208,"Big Tree"
031,004,0042,0058,000,0208,"Big Tree"
031,167,-020,0046,000,0208,"Big Tree"
031,187,0034,0044,000,0208,"Big Tree"
031,189,0016,0068,000,0208,"Big Tree"
031,188,0046,0086,000,0208,"Big Tree"
031,208,0046,0056,000,0208,"Big Tree"
031,209,0002,0068,000,0208,"Big Tree"
031,229,0002,0072,000,0208,"Big Tree"
031,188,-030,0090,000,0208,"Big Tree"
031,208,-004,0058,000,0208,"Big Tree"
031,189,-032,0070,000,0208,"Big Tree"
031,209,-044,0050,000,0208,"Big Tree"
031,129,-022,0062,000,0208,"Big Tree"
031,149,-022,0044,000,0208,"Big Tree"
031,108,-054,0084,000,0208,"Big Tree"
031,128,-028,0052,000,0208,"Big Tree"
031,109,-056,0064,000,0208,"Big Tree"
031,130,-058,0080,000,0208,"Big Tree"
031,128,0042,0106,000,0208,"Big Tree"
031,059,0040,0058,000,0212,"Medium Tree"
031,059,0040,0064,000,0212,"Medium Tree"
031,019,0056,0046,000,0208,"Big Tree"
031,030,0002,0044,000,0208,"Big Tree"
031,030,0008,0048,000,0208,"Big Tree"
031,008,-010,0058,000,0208,"Big Tree"
031,030,0002,0050,000,0208,"Big Tree"
031,006,-002,0036,000,0208,"Big Tree"
031,005,0048,0062,000,0208,"Big Tree"
031,007,-058,0040,000,0208,"Big Tree"
031,031,-008,0020,000,0208,"Big Tree"
031,033,-096,0064,000,0208,"Big Tree"
031,033,0008,0090,000,0208,"Big Tree"
031,011,0042,0066,000,0208,"Big Tree"
031,011,0012,0026,000,0208,"Big Tree"
031,031,0004,0102,000,0208,"Big Tree"
031,110,-066,0070,000,0208,"Big Tree"
031,131,-022,0046,000,0208,"Big Tree"
031,129,0088,0054,000,0208,"Big Tree"
031,131,-038,0046,000,0208,"Big Tree"
031,131,0024,0032,000,0208,"Big Tree"
031,131,0068,0088,000,0208,"Big Tree"
031,089,0038,0074,000,0208,"Big Tree"
031,029,0020,0042,000,0212,"Medium Tree"
031,008,0052,0062,000,0212,"Medium Tree"
031,028,0058,0070,000,0212,"Medium Tree"
031,049,-078,0034,000,0212,"Medium Tree"
031,049,0034,0082,000,0212,"Medium Tree"
031,070,-024,0050,000,0212,"Medium Tree"
031,029,0048,0034,000,0212,"Medium Tree"
031,048,0028,0048,000,0212,"Medium Tree"
031,029,-038,0070,000,0212,"Medium Tree"
031,050,-056,0076,000,0212,"Medium Tree"
031,029,-036,0046,000,0212,"Medium Tree"
031,091,-016,0020,000,0212,"Medium Tree"
031,070,-004,0084,000,0212,"Medium Tree"
031,029,0068,0068,000,0212,"Medium Tree"
031,048,0048,0082,000,0212,"Medium Tree"
031,049,0092,0042,000,0212,"Medium Tree"
031,032,0032,0048,000,0212,"Medium Tree"
031,012,0002,0030,000,0212,"Medium Tree"
031,031,0004,0086,000,0212,"Medium Tree"
031,031,0044,0046,000,0212,"Medium Tree"
031,032,-074,0052,000,0212,"Medium Tree"
031,071,-010,0076,000,0220,"Big Bushy Tree"
031,042,0002,0058,000,0212,"Medium Tree"
031,062,0040,0106,000,0212,"Medium Tree"
031,021,-038,0064,000,0212,"Medium Tree"
031,021,0034,0058,000,0212,"Medium Tree"
031,043,-056,0098,000,0212,"Medium Tree"
031,042,-056,0060,000,0212,"Medium Tree"
031,146,0086,0064,000,0212,"Medium Tree"
032,120,-018,0070,000,0208,"Big Tree"
032,121,-092,0036,000,0208,"Big Tree"
032,102,-052,0044,000,0208,"Big Tree"
032,120,-010,0070,000,0208,"Big Tree"
032,121,0018,0018,000,0208,"Big Tree"
032,142,0012,0016,000,0208,"Big Tree"
032,121,-084,0036,000,0208,"Big Tree"
032,122,0058,0044,000,0208,"Big Tree"
032,040,0016,0016,000,0208,"Big Tree"
032,060,0008,0042,000,0208,"Big Tree"
032,040,0054,0070,000,0208,"Big Tree"
032,193,0050,0080,000,0208,"Big Tree"
032,214,0010,0072,000,0208,"Big Tree"
032,254,0074,0082,000,0208,"Big Tree"
032,234,0056,0052,000,0208,"Big Tree"
032,195,-098,0062,000,0208,"Big Tree"
032,214,-002,0140,000,0208,"Big Tree"
032,193,0012,0068,000,0208,"Big Tree"
032,191,0018,0014,000,0208,"Big Tree"
032,191,-062,0098,000,0208,"Big Tree"
032,231,0058,0052,000,0208,"Big Tree"
032,212,0008,0040,000,0208,"Big Tree"
032,211,-066,0062,000,0208,"Big Tree"
032,171,0004,0008,000,0208,"Big Tree"
032,052,0024,0044,000,0208,"Big Tree"
032,072,0054,0044,000,0208,"Big Tree"
032,093,-046,0042,000,0208,"Big Tree"
032,092,0050,0030,000,0208,"Big Tree"
032,032,0010,0060,000,0208,"Big Tree"
032,052,0036,0102,000,0208,"Big Tree"
032,030,0012,0098,000,0208,"Big Tree"
032,052,0000,0082,000,0208,"Big Tree"
032,030,-056,0100,000,0208,"Big Tree"
032,033,-074,0058,000,0208,"Big Tree"
032,030,-030,0086,000,0208,"Big Tree"
032,073,-014,0008,000,0208,"Big Tree"
032,135,0028,0020,000,0208,"Big Tree"
032,113,0004,0038,000,0208,"Big Tree"
032,113,-064,0040,000,0208,"Big Tree"
032,115,0028,0060,000,0208,"Big Tree"
032,135,-022,0050,000,0208,"Big Tree"
032,176,0000,0044,000,0208,"Big Tree"
032,156,-042,0094,000,0208,"Big Tree"
032,176,-062,0048,000,0208,"Big Tree"
032,154,-042,0016,000,0208,"Big Tree"
032,174,0026,0040,000,0208,"Big Tree"
032,131,0014,0106,000,0208,"Big Tree"
032,173,-006,0056,000,0208,"Big Tree"
032,152,0076,0052,000,0208,"Big Tree"
032,131,0000,0066,000,0208,"Big Tree"
032,011,-060,0056,000,0208,"Big Tree"
032,274,-096,0084,000,0208,"Big Tree"
032,292,0074,0044,000,0208,"Big Tree"
032,295,-064,0064,000,0208,"Big Tree"
032,293,-050,0102,000,0208,"Big Tree"
032,272,0020,0070,000,0208,"Big Tree"
032,294,-038,0078,000,0208,"Big Tree"
032,296,-072,0052,000,0208,"Big Tree"
032,295,-028,0052,000,0208,"Big Tree"
032,336,0022,0024,000,0208,"Big Tree"
032,357,0018,0032,000,0208,"Big Tree"
032,296,-012,0088,000,0208,"Big Tree"
032,337,-014,0102,000,0208,"Big Tree"
032,335,0028,0042,000,0208,"Big Tree"
032,398,0020,0044,000,0208,"Big Tree"
032,397,-054,0050,000,0208,"Big Tree"
032,357,-074,0034,000,0208,"Big Tree"
032,398,0030,0076,000,0208,"Big Tree"
032,377,-014,0048,000,0208,"Big Tree"
032,144,-010,0080,000,0208,"Big Tree"
032,143,-066,0038,000,0208,"Big Tree"
032,185,0062,0044,000,0208,"Big Tree"
032,144,-082,0066,000,0208,"Big Tree"
032,163,0000,0114,000,0208,"Big Tree"
032,164,0082,0060,000,0208,"Big Tree"
032,144,-004,0012,000,0208,"Big Tree"
032,229,0018,0104,000,0208,"Big Tree"
032,229,0050,0046,000,0208,"Big Tree"
032,228,-038,0092,000,0208,"Big Tree"
032,230,-052,0084,000,0208,"Big Tree"
032,249,-010,0014,000,0208,"Big Tree"
032,020,-002,0008,000,0212,"Medium Tree"
032,040,-026,0094,000,0212,"Medium Tree"
032,060,0072,0072,000,0212,"Medium Tree"
032,020,-002,0014,000,0212,"Medium Tree"
032,041,-036,0052,000,0212,"Medium Tree"
032,040,-026,0100,000,0212,"Medium Tree"
032,041,-046,0074,000,0212,"Medium Tree"
032,060,0072,0078,000,0212,"Medium Tree"
032,125,0044,0056,000,0212,"Medium Tree"
032,146,-042,0096,000,0212,"Medium Tree"
032,146,0008,0034,000,0212,"Medium Tree"
032,104,0050,0112,000,0212,"Medium Tree"
032,105,-054,0042,000,0212,"Medium Tree"
032,145,0026,0126,000,0212,"Medium Tree"
032,123,0026,0074,000,0212,"Medium Tree"
032,146,-082,0064,000,0212,"Medium Tree"
032,193,-062,0074,000,0212,"Medium Tree"
032,212,-046,0030,000,0212,"Medium Tree"
032,191,0010,0096,000,0212,"Medium Tree"
032,191,0048,0042,000,0212,"Medium Tree"
032,212,0096,0066,000,0212,"Medium Tree"
032,167,-016,0084,000,0212,"Medium Tree"
032,100,0024,0096,000,0212,"Medium Tree"
032,123,0058,0070,000,0212,"Medium Tree"
032,101,0042,0036,000,0212,"Medium Tree"
032,102,-030,0032,000,0212,"Medium Tree"
032,100,0076,0072,000,0212,"Medium Tree"
032,102,0010,0084,000,0212,"Medium Tree"
032,122,-006,0058,000,0212,"Medium Tree"
032,101,0022,0082,000,0212,"Medium Tree"
032,123,0058,0042,000,0212,"Medium Tree"
032,123,-008,0026,000,0212,"Medium Tree"
032,123,-028,0028,000,0212,"Medium Tree"
032,174,0042,0052,000,0212,"Medium Tree"
032,173,0040,0046,000,0212,"Medium Tree"
032,154,-044,0020,000,0212,"Medium Tree"
032,153,0026,0058,000,0212,"Medium Tree"
032,216,-016,0020,000,0212,"Medium Tree"
032,193,0008,0068,000,0212,"Medium Tree"
032,213,-036,0028,000,0212,"Medium Tree"
032,172,-032,0074,000,0212,"Medium Tree"
032,213,0054,0044,000,0212,"Medium Tree"
032,020,0086,0066,000,0208,"Big Tree"
032,021,0018,0036,000,0208,"Big Tree"
032,021,-084,0056,000,0208,"Big Tree"
032,002,-064,0048,000,0208,"Big Tree"
032,002,-022,0080,000,0208,"Big Tree"
032,022,-014,0038,000,0208,"Big Tree"
032,273,0032,0024,000,0212,"Medium Tree"
032,272,0020,0008,000,0212,"Medium Tree"
032,275,-032,0032,000,0212,"Medium Tree"
032,254,-018,0126,000,0212,"Medium Tree"
032,274,0024,0024,000,0212,"Medium Tree"
032,275,-058,0102,000,0212,"Medium Tree"
032,255,-106,0082,000,0212,"Medium Tree"
032,231,0024,0088,000,0212,"Medium Tree"
032,230,0012,0094,000,0212,"Medium Tree"
032,253,0070,0034,000,0212,"Medium Tree"
032,233,-026,0066,000,0212,"Medium Tree"
032,232,0016,0110,000,0212,"Medium Tree"
032,335,-070,0100,000,0212,"Medium Tree"
032,335,0074,0048,000,0212,"Medium Tree"
032,335,-026,0028,000,0212,"Medium Tree"
032,314,-080,0066,000,0212,"Medium Tree"
032,375,0054,0076,000,0212,"Medium Tree"
032,314,0078,0050,000,0212,"Medium Tree"
032,314,-024,0054,000,0212,"Medium Tree"
032,376,-016,0054,000,0212,"Medium Tree"
032,334,0012,0066,000,0212,"Medium Tree"
032,396,-040,0060,000,0212,"Medium Tree"
032,377,0002,0048,000,0212,"Medium Tree"
032,336,-070,0080,000,0212,"Medium Tree"
032,375,-004,0044,000,0212,"Medium Tree"
032,395,0044,0066,000,0212,"Medium Tree"
032,376,0030,0058,000,0212,"Medium Tree"
032,032,0042,0102,000,0212,"Medium Tree"
032,075,0018,0052,000,0212,"Medium Tree"
032,053,0048,0060,000,0212,"Medium Tree"
032,055,-066,0032,000,0212,"Medium Tree"
032,055,-066,0064,000,0212,"Medium Tree"
032,206,-094,0064,000,0212,"Medium Tree"
032,205,0018,0102,000,0212,"Medium Tree"
032,186,-046,0080,000,0212,"Medium Tree"
032,227,-044,0090,000,0212,"Medium Tree"
032,186,0028,0128,000,0212,"Medium Tree"
032,205,0014,0016,000,0212,"Medium Tree"
032,297,-022,0026,000,0572,"Tent (Dirt) R2"
032,297,0024,0050,000,0572,"Tent (Dirt) R2"
032,297,0064,0078,000,0572,"Tent (Dirt) R2"
032,298,-020,0022,000,0252,"Small Barrels A /"
032,296,0034,0040,000,0252,"Small Barrels A /"
032,296,0012,0006,000,0252,"Small Barrels A /"
036,016,0048,0070,000,0208,"Big Tree"
036,016,0062,0072,000,0208,"Big Tree"
036,214,0001,0055,000,0296,"Command Station"
036,175,0018,0044,000,0487,"Sensor Tower NE"
036,194,0032,0044,000,0255,"Small Barrels B \"
036,194,0016,0088,000,0255,"Small Barrels B \"
036,194,-042,0050,000,0254,"Small Barrels B /"
036,215,0010,0064,000,0469,"Turret Control"
036,213,-001,0060,000,0409,"Missile Turret"
036,234,-001,0060,000,0409,"Missile Turret"
036,255,-001,0060,000,0409,"Missile Turret"
036,257,-001,0060,000,0409,"Missile Turret"
036,258,-001,0060,000,0409,"Missile Turret"
036,178,-001,0060,000,0409,"Missile Turret"
036,157,-001,0060,000,0409,"Missile Turret"
036,155,-001,0060,000,0409,"Missile Turret"
036,174,-001,0060,000,0409,"Missile Turret"
036,237,-006,0066,000,0704,"Large Gate Control SE"
036,239,-006,0066,000,0687,"Red Flag"
036,199,0000,0062,000,0687,"Red Flag"
036,256,-046,0060,000,0560,"Quonset Hut (Dirt) R2"
036,256,0000,0092,000,0560,"Quonset Hut (Dirt) R2"
036,156,0056,0074,000,0562,"Quonset Hut (Grass) R2"
036,156,0019,0053,000,0562,"Quonset Hut (Grass) R2"
036,156,-016,0032,000,0562,"Quonset Hut (Grass) R2"
037,319,0066,0062,000,0228,"Pine Tree"
037,278,-078,0068,000,0228,"Pine Tree"
037,257,-052,0094,000,0228,"Pine Tree"
037,277,-034,0136,000,0228,"Pine Tree"
037,298,0000,0056,000,0240,"Big Pine Tree"
037,298,0026,0010,000,0240,"Big Pine Tree"
037,277,0006,0128,000,0240,"Big Pine Tree"
037,277,-004,0080,000,0240,"Big Pine Tree"
037,276,0008,0126,000,0240,"Big Pine Tree"
037,200,0000,0064,000,0691,"Large Southeast Gate"
037,260,-001,0060,000,0514,"Pop-Up Cannon Turret, Dirt"
037,261,-001,0060,000,0514,"Pop-Up Cannon Turret, Dirt"
037,241,-001,0060,000,0514,"Pop-Up Cannon Turret, Dirt"
037,221,-001,0060,000,0514,"Pop-Up Cannon Turret, Dirt"
037,181,-001,0060,000,0514,"Pop-Up Cannon Turret, Dirt"
037,161,-001,0060,000,0514,"Pop-Up Cannon Turret, Dirt"
037,141,-001,0060,000,0514,"Pop-Up Cannon Turret, Dirt"
037,140,-001,0060,000,0514,"Pop-Up Cannon Turret, Dirt"
038,197,0020,0096,000,0212,"Medium Tree"
038,198,0058,0050,000,0212,"Medium Tree"
038,219,0022,0050,000,0212,"Medium Tree"
038,179,-024,0050,000,0208,"Big Tree"
038,138,0086,0066,000,0208,"Big Tree"
038,257,-006,0080,000,0208,"Big Tree"
038,279,-074,0064,000,0208,"Big Tree"
038,318,0022,0072,000,0208,"Big Tree"
038,319,-078,0056,000,0208,"Big Tree"
038,318,0040,0038,000,0208,"Big Tree"
038,236,0034,0080,000,0208,"Big Tree"
038,217,0040,0060,000,0208,"Big Tree"
038,216,0042,0094,000,0208,"Big Tree"
038,238,0064,0062,000,0208,"Big Tree"
038,218,0026,0104,000,0208,"Big Tree"
038,219,-082,0064,000,0208,"Big Tree"
038,159,0066,0042,000,0208,"Big Tree"
038,159,0022,0016,000,0208,"Big Tree"
038,138,-002,0086,000,0208,"Big Tree"
038,099,-062,0058,000,0208,"Big Tree"
038,078,0002,0092,000,0208,"Big Tree"
038,119,0020,0086,000,0208,"Big Tree"
038,259,-006,0134,000,0212,"Medium Tree"
038,339,-002,0060,000,0212,"Medium Tree"
038,339,-010,0070,000,0212,"Medium Tree"
038,319,0072,0048,000,0212,"Medium Tree"
038,218,-030,0076,000,0216,"Small Tree"
038,217,0030,0106,000,0216,"Small Tree"
038,239,0046,0022,000,0216,"Small Tree"
038,238,-042,0104,000,0216,"Small Tree"
038,259,-048,0092,000,0216,"Small Tree"
038,258,0014,0012,000,0216,"Small Tree"
038,257,0074,0064,000,0216,"Small Tree"
038,259,-020,0042,000,0216,"Small Tree"
038,299,-004,0050,000,0216,"Small Tree"
038,278,-046,0058,000,0216,"Small Tree"
038,277,0054,0068,000,0216,"Small Tree"
038,299,-028,0060,000,0216,"Small Tree"
038,298,0096,0062,000,0216,"Small Tree"
038,299,0002,0098,000,0216,"Small Tree"
038,319,0038,0068,000,0216,"Small Tree"
038,177,0030,0110,000,0216,"Small Tree"
038,178,-028,0042,000,0216,"Small Tree"
038,098,0012,0110,000,0216,"Small Tree"
038,117,0016,0072,000,0216,"Small Tree"
038,138,0066,0094,000,0216,"Small Tree"
038,139,-014,0074,000,0216,"Small Tree"
038,098,0020,0104,000,0216,"Small Tree"
038,117,0024,0066,000,0216,"Small Tree"
038,138,0074,0088,000,0216,"Small Tree"
038,119,0068,0054,000,0216,"Small Tree"
038,139,-006,0068,000,0216,"Small Tree"
038,239,-022,0032,000,0216,"Small Tree"
038,137,-016,0116,000,0220,"Big Bushy Tree"
038,178,0002,0122,000,0220,"Big Bushy Tree"
038,219,0004,0102,000,0220,"Big Bushy Tree"
038,239,0070,0026,000,0220,"Big Bushy Tree"
038,319,0038,0024,000,0220,"Big Bushy Tree"
038,059,0078,0092,000,0220,"Big Bushy Tree"
038,059,-004,0092,000,0220,"Big Bushy Tree"
038,039,-008,0052,000,0220,"Big Bushy Tree"
038,017,-032,0098,000,0220,"Big Bushy Tree"
038,157,-018,0094,000,0220,"Big Bushy Tree"
038,254,0062,0120,000,0228,"Pine Tree"
038,256,-002,0066,000,0228,"Pine Tree"
038,255,-050,0060,000,0228,"Pine Tree"
038,276,-018,0088,000,0228,"Pine Tree"
038,235,0006,0004,000,0228,"Pine Tree"
038,235,0042,0052,000,0228,"Pine Tree"
038,235,0012,0040,000,0228,"Pine Tree"
038,255,-046,0036,000,0228,"Pine Tree"
038,215,-102,0066,000,0228,"Pine Tree"
038,019,0050,0058,000,0208,"Big Tree"
038,018,0046,0030,000,0208,"Big Tree"
038,039,0060,0076,000,0208,"Big Tree"
038,079,0084,0070,000,0208,"Big Tree"
038,039,-054,0062,000,0208,"Big Tree"
038,039,-024,0090,000,0208,"Big Tree"
038,018,-026,0074,000,0208,"Big Tree"
038,017,0062,0056,000,0208,"Big Tree"
038,396,-096,0058,000,0212,"Medium Tree"
038,397,-036,0052,000,0212,"Medium Tree"
038,398,-038,0116,000,0212,"Medium Tree"
038,399,0052,0056,000,0212,"Medium Tree"
038,317,-044,0066,000,0212,"Medium Tree"
038,336,0052,0088,000,0212,"Medium Tree"
038,357,0068,0062,000,0212,"Medium Tree"
038,316,0014,0096,000,0212,"Medium Tree"
038,357,-008,0026,000,0212,"Medium Tree"
038,359,-046,0026,000,0212,"Medium Tree"
038,317,-048,0036,000,0212,"Medium Tree"
038,379,-002,0040,000,0212,"Medium Tree"
038,378,-016,0102,000,0212,"Medium Tree"
038,378,0056,0070,000,0212,"Medium Tree"
038,398,0034,0124,000,0212,"Medium Tree"
038,379,0002,0100,000,0212,"Medium Tree"
038,359,-074,0056,000,0212,"Medium Tree"
038,353,-040,0042,000,0212,"Medium Tree"
038,373,-014,0048,000,0212,"Medium Tree"
038,393,0032,0020,000,0212,"Medium Tree"
038,353,-046,0060,000,0212,"Medium Tree"
038,242,0042,0058,000,0228,"Pine Tree"
038,262,0010,0056,000,0228,"Pine Tree"
038,263,-030,0078,000,0228,"Pine Tree"
038,263,-002,0010,000,0228,"Pine Tree"
038,283,-052,0028,000,0228,"Pine Tree"
038,282,0006,0116,000,0228,"Pine Tree"
038,301,0030,0034,000,0228,"Pine Tree"
038,302,0008,0048,000,0228,"Pine Tree"
038,282,-008,0026,000,0228,"Pine Tree"
038,302,0088,0076,000,0228,"Pine Tree"
038,322,0026,0068,000,0228,"Pine Tree"
038,301,0010,0026,000,0228,"Pine Tree"
038,262,-010,0100,000,0228,"Pine Tree"
038,303,0002,0038,000,0228,"Pine Tree"
038,282,0010,0026,000,0228,"Pine Tree"
038,323,0040,0040,000,0228,"Pine Tree"
038,262,0038,0046,000,0240,"Big Pine Tree"
038,241,0076,0100,000,0240,"Big Pine Tree"
038,283,0024,0048,000,0240,"Big Pine Tree"
038,262,0018,0050,000,0240,"Big Pine Tree"
038,222,0010,0120,000,0240,"Big Pine Tree"
038,263,0004,0012,000,0240,"Big Pine Tree"
038,302,0060,0058,000,0240,"Big Pine Tree"
038,302,-054,0048,000,0240,"Big Pine Tree"
038,280,0046,0078,000,0240,"Big Pine Tree"
038,322,0022,0080,000,0240,"Big Pine Tree"
038,300,0038,0096,000,0240,"Big Pine Tree"
039,141,0018,0104,000,0208,"Big Tree"
039,260,-098,0042,000,0208,"Big Tree"
039,322,-090,0034,000,0208,"Big Tree"
039,220,-008,0040,000,0208,"Big Tree"
039,221,-034,0094,000,0208,"Big Tree"
039,181,-034,0084,000,0208,"Big Tree"
039,180,-006,0088,000,0208,"Big Tree"
039,180,0050,0052,000,0208,"Big Tree"
039,181,0106,0062,000,0208,"Big Tree"
039,202,0038,0056,000,0208,"Big Tree"
039,160,0020,0116,000,0208,"Big Tree"
039,183,-004,0028,000,0208,"Big Tree"
039,182,0002,0050,000,0208,"Big Tree"
039,203,-086,0066,000,0208,"Big Tree"
039,222,0000,0024,000,0208,"Big Tree"
039,220,0068,0092,000,0208,"Big Tree"
039,241,-064,0060,000,0208,"Big Tree"
039,162,-050,0090,000,0212,"Medium Tree"
039,183,0000,0040,000,0212,"Medium Tree"
039,161,0002,0040,000,0212,"Medium Tree"
039,162,-072,0042,000,0212,"Medium Tree"
039,162,-008,0118,000,0212,"Medium Tree"
039,160,0024,0050,000,0212,"Medium Tree"
039,223,0006,0022,000,0212,"Medium Tree"
039,182,-012,0106,000,0212,"Medium Tree"
039,202,-056,0080,000,0212,"Medium Tree"
039,181,0088,0050,000,0212,"Medium Tree"
039,222,0082,0060,000,0212,"Medium Tree"
039,261,-060,0066,000,0212,"Medium Tree"
039,240,-070,0072,000,0212,"Medium Tree"
039,340,0068,0058,000,0212,"Medium Tree"
039,300,0084,0070,000,0212,"Medium Tree"
039,301,-042,0038,000,0212,"Medium Tree"
039,181,0072,0074,000,0216,"Small Tree"
039,161,-036,0034,000,0216,"Small Tree"
039,320,-072,0036,000,0216,"Small Tree"
039,320,0010,0094,000,0216,"Small Tree"
039,320,0006,0060,000,0216,"Small Tree"
039,320,-042,0074,000,0216,"Small Tree"
039,341,0040,0030,000,0216,"Small Tree"
039,160,0016,0060,000,0216,"Small Tree"
039,240,0000,0064,000,0216,"Small Tree"
039,241,-018,0048,000,0216,"Small Tree"
039,220,-024,0078,000,0216,"Small Tree"
039,201,-052,0060,000,0220,"Big Bushy Tree"
039,181,0000,0032,000,0220,"Big Bushy Tree"
039,241,0000,0010,000,0220,"Big Bushy Tree"
039,221,0004,0030,000,0220,"Big Bushy Tree"
039,060,-058,0058,000,0220,"Big Bushy Tree"
039,140,0016,0016,000,0220,"Big Bushy Tree"
039,143,0004,0016,000,0220,"Big Bushy Tree"
039,100,-092,0066,000,0220,"Big Bushy Tree"
039,101,0050,0082,000,0220,"Big Bushy Tree"
039,100,-020,0124,000,0220,"Big Bushy Tree"
039,143,-006,0012,000,0220,"Big Bushy Tree"
039,121,-020,0040,000,0220,"Big Bushy Tree"
039,280,0038,0060,000,0228,"Pine Tree"
039,141,-058,0074,000,0208,"Big Tree"
039,101,-078,0096,000,0208,"Big Tree"
039,120,-042,0052,000,0208,"Big Tree"
039,142,-020,0056,000,0208,"Big Tree"
039,161,-026,0020,000,0208,"Big Tree"
039,000,0076,0048,000,0208,"Big Tree"
039,041,-072,0032,000,0208,"Big Tree"
039,021,0066,0044,000,0208,"Big Tree"
039,000,0014,0108,000,0208,"Big Tree"
039,002,-086,0078,000,0208,"Big Tree"
039,001,-018,0076,000,0208,"Big Tree"
039,000,-058,0068,000,0208,"Big Tree"
039,080,0006,0124,000,0212,"Medium Tree"
039,082,-034,0048,000,0212,"Medium Tree"
039,080,0008,0042,000,0212,"Medium Tree"
039,040,-008,0058,000,0212,"Medium Tree"
039,080,0090,0072,000,0212,"Medium Tree"
039,082,0034,0052,000,0212,"Medium Tree"
039,102,0018,0028,000,0212,"Medium Tree"
039,023,-078,0058,000,0212,"Medium Tree"
039,001,0094,0064,000,0212,"Medium Tree"
039,023,0066,0028,000,0212,"Medium Tree"
039,022,0058,0100,000,0212,"Medium Tree"
039,003,-046,0064,000,0212,"Medium Tree"
039,001,0010,0068,000,0212,"Medium Tree"
039,165,-002,0072,000,0212,"Medium Tree"
039,165,0016,0032,000,0212,"Medium Tree"
039,164,0022,0084,000,0212,"Medium Tree"
039,143,0040,0074,000,0212,"Medium Tree"
039,166,-048,0058,000,0212,"Medium Tree"
039,165,0056,0072,000,0212,"Medium Tree"
039,184,0048,0056,000,0212,"Medium Tree"
039,165,0044,0094,000,0212,"Medium Tree"
039,165,0062,0054,000,0212,"Medium Tree"
039,165,-042,0066,000,0212,"Medium Tree"
039,144,-024,0034,000,0212,"Medium Tree"
039,166,-002,0080,000,0212,"Medium Tree"
039,166,-008,0032,000,0212,"Medium Tree"
039,185,-016,0016,000,0212,"Medium Tree"
039,026,0016,0058,000,0212,"Medium Tree"
039,027,0006,0066,000,0212,"Medium Tree"
039,046,0000,0078,000,0212,"Medium Tree"
039,046,0018,0068,000,0212,"Medium Tree"
039,047,0054,0042,000,0212,"Medium Tree"
039,066,-008,0018,000,0212,"Medium Tree"
039,024,0036,0086,000,0212,"Medium Tree"
039,024,0006,0082,000,0212,"Medium Tree"
039,065,0020,0090,000,0212,"Medium Tree"
039,043,0050,0044,000,0212,"Medium Tree"
039,044,-006,0068,000,0212,"Medium Tree"
039,008,0036,0024,000,0212,"Medium Tree"
039,380,-004,0102,000,0212,"Medium Tree"
039,341,0010,0006,000,0212,"Medium Tree"
039,361,-056,0080,000,0212,"Medium Tree"
039,361,0058,0070,000,0212,"Medium Tree"
039,300,-084,0046,000,0212,"Medium Tree"
039,397,-092,0094,000,0208,"Big Tree"
039,397,0010,0068,000,0212,"Medium Tree"
039,163,-062,0032,000,0252,"Small Barrels A /"
039,163,-042,0050,000,0252,"Small Barrels A /"
039,163,0000,0012,000,0252,"Small Barrels A /"
039,163,0030,0060,000,0574,"Tent (Grass) R2"
039,164,-016,0014,000,0574,"Tent (Grass) R2"
039,164,-076,0064,000,0574,"Tent (Grass) R2"
041,018,-010,0102,000,0208,"Big Tree"
041,018,0010,0064,000,0208,"Big Tree"
041,059,-032,0068,000,0208,"Big Tree"
041,036,-050,0052,000,0208,"Big Tree"
041,078,0028,0032,000,0208,"Big Tree"
041,057,0016,0072,000,0208,"Big Tree"
041,058,0062,0042,000,0208,"Big Tree"
041,038,0024,0052,000,0208,"Big Tree"
041,097,-064,0050,000,0208,"Big Tree"
041,118,0002,0048,000,0208,"Big Tree"
041,119,-018,0034,000,0208,"Big Tree"
041,099,0010,0072,000,0208,"Big Tree"
041,179,0020,0096,000,0208,"Big Tree"
041,158,0024,0036,000,0208,"Big Tree"
041,199,0078,0100,000,0208,"Big Tree"
041,219,0008,0114,000,0208,"Big Tree"
041,198,0012,0054,000,0208,"Big Tree"
041,219,0052,0040,000,0208,"Big Tree"
041,219,0074,0072,000,0208,"Big Tree"
041,339,-002,0082,000,0208,"Big Tree"
041,318,0070,0090,000,0208,"Big Tree"
041,318,0012,0066,000,0208,"Big Tree"
041,318,-024,0114,000,0208,"Big Tree"
041,277,0026,0040,000,0208,"Big Tree"
041,317,-034,0058,000,0208,"Big Tree"
041,296,-002,0092,000,0208,"Big Tree"
041,398,0028,0100,000,0208,"Big Tree"
041,017,-026,0014,000,0212,"Medium Tree"
041,037,-050,0020,000,0212,"Medium Tree"
041,018,-008,0008,000,0212,"Medium Tree"
041,016,-014,0026,000,0212,"Medium Tree"
041,317,-028,0090,000,0212,"Medium Tree"
041,336,0052,0070,000,0212,"Medium Tree"
041,338,0012,0034,000,0212,"Medium Tree"
041,338,-034,0084,000,0212,"Medium Tree"
041,337,-004,0118,000,0212,"Medium Tree"
041,339,0016,0008,000,0212,"Medium Tree"
041,399,0012,0112,000,0212,"Medium Tree"
041,299,0006,0054,000,0212,"Medium Tree"
041,278,0010,0102,000,0212,"Medium Tree"
041,279,0074,0066,000,0212,"Medium Tree"
041,298,0052,0092,000,0212,"Medium Tree"
041,298,0084,0048,000,0212,"Medium Tree"
041,239,-074,0072,000,0212,"Medium Tree"
041,219,-036,0030,000,0212,"Medium Tree"
041,218,0066,0050,000,0212,"Medium Tree"
041,219,-042,0084,000,0212,"Medium Tree"
041,239,0034,0084,000,0212,"Medium Tree"
041,258,0040,0072,000,0212,"Medium Tree"
042,100,-046,0066,000,0208,"Big Tree"
042,220,0046,0100,000,0208,"Big Tree"
042,220,0082,0068,000,0208,"Big Tree"
042,220,0046,0042,000,0208,"Big Tree"
042,220,-044,0056,000,0208,"Big Tree"
042,240,0072,0072,000,0208,"Big Tree"
042,240,0030,0030,000,0208,"Big Tree"
042,360,-012,0108,000,0208,"Big Tree"
042,380,0042,0040,000,0212,"Medium Tree"
042,382,-024,0042,000,0212,"Medium Tree"
042,381,-068,0052,000,0212,"Medium Tree"
042,382,-024,0116,000,0212,"Medium Tree"
042,300,-016,0024,000,0212,"Medium Tree"
042,300,-016,0100,000,0212,"Medium Tree"
042,280,0048,0090,000,0212,"Medium Tree"
042,300,-084,0076,000,0212,"Medium Tree"
042,300,-052,0104,000,0212,"Medium Tree"
042,300,-052,0032,000,0212,"Medium Tree"
042,281,0080,0056,000,0212,"Medium Tree"
042,302,-022,0084,000,0212,"Medium Tree"
042,302,0004,0068,000,0212,"Medium Tree"
042,304,-014,0090,000,0212,"Medium Tree"
042,323,0002,0066,000,0212,"Medium Tree"
042,282,-034,0032,000,0212,"Medium Tree"
042,282,-022,0018,000,0212,"Medium Tree"
042,302,-014,0108,000,0212,"Medium Tree"
042,141,-012,0012,000,0212,"Medium Tree"
042,141,-046,0074,000,0212,"Medium Tree"
042,160,0072,0084,000,0212,"Medium Tree"
042,120,0000,0104,000,0212,"Medium Tree"
042,120,-008,0062,000,0212,"Medium Tree"
042,160,-038,0088,000,0212,"Medium Tree"
042,141,-006,0012,000,0212,"Medium Tree"
042,160,0072,0090,000,0212,"Medium Tree"
042,141,-040,0074,000,0212,"Medium Tree"
046,197,-070,0062,000,0252,"Small Barrels A /"
046,196,0008,0102,000,0252,"Small Barrels A /"
046,237,0006,0044,000,0252,"Small Barrels A /"
046,217,-050,0070,000,0252,"Small Barrels A /"
046,215,0078,0072,000,0574,"Tent (Grass) R2"
046,196,-076,0072,000,0574,"Tent (Grass) R2"
046,216,-004,0094,000,0573,"Tent (Grass) R1"
047,016,0024,0090,000,0212,"Medium Tree"
047,018,0016,0090,000,0212,"Medium Tree"
047,039,0028,0038,000,0212,"Medium Tree"
047,019,-010,0114,000,0212,"Medium Tree"
047,016,-022,0086,000,0212,"Medium Tree"
047,036,0004,0092,000,0212,"Medium Tree"
047,057,-026,0102,000,0212,"Medium Tree"
047,077,0060,0054,000,0212,"Medium Tree"
047,056,0050,0064,000,0212,"Medium Tree"
047,077,-054,0042,000,0212,"Medium Tree"
047,016,-028,0104,000,0212,"Medium Tree"
047,079,-018,0066,000,0212,"Medium Tree"
047,079,0012,0106,000,0212,"Medium Tree"
047,078,0064,0036,000,0212,"Medium Tree"
047,098,-032,0024,000,0212,"Medium Tree"
047,059,0016,0092,000,0212,"Medium Tree"
047,079,-080,0036,000,0212,"Medium Tree"
048,000,-020,0096,000,0212,"Medium Tree"
048,001,-056,0084,000,0212,"Medium Tree"
048,001,-044,0038,000,0212,"Medium Tree"
048,001,-060,0056,000,0212,"Medium Tree"
048,000,0050,0040,000,0212,"Medium Tree"
048,080,-016,0050,000,0212,"Medium Tree"
048,060,0044,0038,000,0212,"Medium Tree"
048,060,0074,0078,000,0212,"Medium Tree"
048,061,-064,0084,000,0212,"Medium Tree"
048,101,0004,0010,000,0212,"Medium Tree"
048,038,0024,0026,000,0208,"Big Tree"
048,036,0060,0086,000,0208,"Big Tree"
048,037,0004,0092,000,0208,"Big Tree"
048,016,-002,0076,000,0208,"Big Tree"
048,036,0018,0140,000,0208,"Big Tree"
048,056,0050,0084,000,0208,"Big Tree"
048,057,-004,0088,000,0208,"Big Tree"
048,036,-026,0038,000,0208,"Big Tree"
048,077,-022,0066,000,0208,"Big Tree"
048,055,0066,0056,000,0208,"Big Tree"
048,075,0010,0022,000,0208,"Big Tree"
048,054,0044,0034,000,0208,"Big Tree"
048,056,-100,0102,000,0208,"Big Tree"
048,096,0000,0050,000,0208,"Big Tree"
048,034,-012,0114,000,0208,"Big Tree"
048,098,0008,0008,000,0208,"Big Tree"
048,097,0016,0014,000,0208,"Big Tree"
048,078,0012,0062,000,0208,"Big Tree"
048,098,0020,0100,000,0208,"Big Tree"
048,059,-040,0030,000,0208,"Big Tree"
048,037,0034,0088,000,0208,"Big Tree"
048,097,-050,0044,000,0212,"Medium Tree"
048,056,0008,0064,000,0212,"Medium Tree"
048,076,-058,0032,000,0212,"Medium Tree"
048,036,-062,0084,000,0212,"Medium Tree"
048,016,-068,0032,000,0212,"Medium Tree"
048,036,-054,0074,000,0212,"Medium Tree"
048,057,-050,0070,000,0212,"Medium Tree"
048,056,-014,0068,000,0212,"Medium Tree"
048,078,0044,0040,000,0212,"Medium Tree"
048,056,-066,0094,000,0212,"Medium Tree"
048,055,0016,0110,000,0212,"Medium Tree"
048,075,0014,0066,000,0212,"Medium Tree"
048,054,0052,0086,000,0212,"Medium Tree"
048,016,0016,0098,000,0212,"Medium Tree"
048,058,-008,0048,000,0212,"Medium Tree"
050,059,0020,0066,000,0208,"Big Tree"
050,039,-086,0070,000,0208,"Big Tree"
050,119,0072,0074,000,0208,"Big Tree"
050,059,-002,0100,000,0212,"Medium Tree"
050,059,0056,0058,000,0212,"Medium Tree"
050,019,0000,0118,000,0208,"Big Tree"
050,137,-022,0032,000,0212,"Medium Tree"
050,158,0044,0088,000,0212,"Medium Tree"
050,157,-056,0036,000,0212,"Medium Tree"
050,117,-018,0062,000,0212,"Medium Tree"
050,137,-012,0084,000,0212,"Medium Tree"
050,159,-028,0036,000,0208,"Big Tree"
050,137,0002,0032,000,0208,"Big Tree"
050,158,0016,0066,000,0208,"Big Tree"
050,136,0056,0080,000,0208,"Big Tree"
050,059,-034,0020,000,0208,"Big Tree"
050,038,-004,0104,000,0208,"Big Tree"
050,039,-030,0052,000,0208,"Big Tree"
050,019,-036,0048,000,0208,"Big Tree"
050,352,0046,0026,000,0240,"Big Pine Tree"
050,352,0030,0108,000,0240,"Big Pine Tree"
050,353,-010,0032,000,0240,"Big Pine Tree"
050,353,-010,0046,000,0240,"Big Pine Tree"
050,353,0034,0048,000,0240,"Big Pine Tree"
050,332,0032,0022,000,0240,"Big Pine Tree"
050,311,-018,0052,000,0240,"Big Pine Tree"
050,311,-034,0022,000,0240,"Big Pine Tree"
050,310,0034,0076,000,0240,"Big Pine Tree"
050,331,0028,0052,000,0240,"Big Pine Tree"
050,373,0056,0046,000,0240,"Big Pine Tree"
050,274,0040,0110,000,0240,"Big Pine Tree"
050,275,-040,0122,000,0240,"Big Pine Tree"
050,316,0012,0018,000,0240,"Big Pine Tree"
051,041,0062,0098,000,0208,"Big Tree"
051,041,0014,0064,000,0208,"Big Tree"
051,060,0018,0048,000,0208,"Big Tree"
051,040,-094,0066,000,0208,"Big Tree"
051,081,-052,0030,000,0208,"Big Tree"
051,101,-012,0078,000,0208,"Big Tree"
051,062,-052,0034,000,0208,"Big Tree"
051,061,-080,0056,000,0208,"Big Tree"
051,102,-024,0046,000,0208,"Big Tree"
051,101,-022,0074,000,0208,"Big Tree"
051,101,-048,0020,000,0208,"Big Tree"
051,141,-062,0036,000,0208,"Big Tree"
051,140,0032,0058,000,0208,"Big Tree"
051,120,-040,0044,000,0208,"Big Tree"
051,141,0046,0074,000,0208,"Big Tree"
051,062,-030,0076,000,0212,"Medium Tree"
051,124,-046,0046,000,0212,"Medium Tree"
051,101,0058,0038,000,0212,"Medium Tree"
051,143,0004,0048,000,0212,"Medium Tree"
051,104,-036,0094,000,0212,"Medium Tree"
051,124,-020,0044,000,0212,"Medium Tree"
051,020,0080,0068,000,0212,"Medium Tree"
051,040,0054,0026,000,0212,"Medium Tree"
051,061,0088,0076,000,0212,"Medium Tree"
051,040,-048,0052,000,0212,"Medium Tree"
051,000,-018,0066,000,0212,"Medium Tree"
051,102,-038,0088,000,0208,"Big Tree"
051,061,-048,0062,000,0208,"Big Tree"
051,061,-002,0070,000,0208,"Big Tree"
051,080,0070,0076,000,0208,"Big Tree"
051,020,0028,0026,000,0208,"Big Tree"
051,001,0040,0044,000,0212,"Medium Tree"
051,000,0066,0046,000,0212,"Medium Tree"
051,001,0082,0058,000,0212,"Medium Tree"
051,002,-074,0068,000,0212,"Medium Tree"
051,040,-018,0082,000,0212,"Medium Tree"
051,082,0048,0036,000,0212,"Medium Tree"
051,060,-050,0064,000,0212,"Medium Tree"
051,041,-014,0032,000,0212,"Medium Tree"
051,102,0024,0044,000,0212,"Medium Tree"
051,061,-008,0032,000,0212,"Medium Tree"
051,060,0020,0014,000,0212,"Medium Tree"
051,080,-012,0018,000,0212,"Medium Tree"
051,040,0024,0066,000,0212,"Medium Tree"
051,060,0030,0066,000,0212,"Medium Tree"
051,043,-030,0116,000,0212,"Medium Tree"
051,104,0086,0050,000,0212,"Medium Tree"
051,064,0080,0030,000,0212,"Medium Tree"
051,043,0002,0140,000,0212,"Medium Tree"
051,105,0008,0012,000,0212,"Medium Tree"
051,065,0002,0014,000,0212,"Medium Tree"
051,046,-108,0084,000,0212,"Medium Tree"
051,064,-004,0050,000,0212,"Medium Tree"
051,085,-010,0082,000,0212,"Medium Tree"
051,045,-018,0076,000,0212,"Medium Tree"
051,045,0010,0050,000,0212,"Medium Tree"
051,065,-050,0042,000,0212,"Medium Tree"
051,003,-042,0056,000,0212,"Medium Tree"
051,043,-040,0096,000,0212,"Medium Tree"
051,387,-004,0060,000,0228,"Pine Tree"
051,386,-040,0046,000,0228,"Pine Tree"
057,117,-016,0046,000,0253,"Small Barrels A \"
057,117,0016,0026,000,0253,"Small Barrels A \"
057,117,0044,0058,000,0253,"Small Barrels A \"
057,097,-036,0066,000,0572,"Tent (Dirt) R2"
057,097,0008,0088,000,0572,"Tent (Dirt) R2"
057,097,0036,0116,000,0572,"Tent (Dirt) R2"
058,389,-030,0082,000,0240,"Big Pine Tree"
058,389,0022,0094,000,0240,"Big Pine Tree"
059,015,-064,0062,000,0240,"Big Pine Tree"
059,034,0048,0052,000,0240,"Big Pine Tree"
059,034,-022,0054,000,0240,"Big Pine Tree"
059,199,-016,0062,000,0240,"Big Pine Tree"
059,219,0088,0054,000,0240,"Big Pine Tree"
060,085,-070,0060,000,0573,"Tent (Grass) R1"
060,085,-014,0018,000,0573,"Tent (Grass) R1"
060,086,-028,0028,000,0571,"Tent (Dirt) R1"
060,106,0020,0022,000,0253,"Small Barrels A \"
060,106,-022,0044,000,0253,"Small Barrels A \"
060,106,0036,0056,000,0253,"Small Barrels A \"
060,028,0014,0082,000,0228,"Pine Tree"
060,049,-038,0024,000,0228,"Pine Tree"
060,048,-046,0060,000,0228,"Pine Tree"
060,008,-030,0044,000,0228,"Pine Tree"
060,029,-030,0032,000,0228,"Pine Tree"
060,008,0026,0068,000,0228,"Pine Tree"
060,007,-034,0034,000,0228,"Pine Tree"
060,028,-060,0034,000,0228,"Pine Tree"
060,027,0012,0090,000,0228,"Pine Tree"
060,029,-028,0026,000,0228,"Pine Tree"
060,027,0052,0070,000,0228,"Pine Tree"
060,071,0056,0068,000,0228,"Pine Tree"
060,048,0052,0056,000,0228,"Pine Tree"
060,071,0086,0044,000,0228,"Pine Tree"
060,029,-020,0110,000,0228,"Pine Tree"
060,048,0060,0096,000,0228,"Pine Tree"
060,051,0004,0054,000,0228,"Pine Tree"
060,110,-014,0016,000,0228,"Pine Tree"
060,132,0086,0054,000,0228,"Pine Tree"
060,112,0006,0092,000,0228,"Pine Tree"
060,109,0094,0064,000,0228,"Pine Tree"
060,090,0010,0074,000,0228,"Pine Tree"
060,110,-020,0020,000,0228,"Pine Tree"
060,112,0034,0018,000,0228,"Pine Tree"
060,030,-036,0052,000,0228,"Pine Tree"
060,050,0052,0074,000,0228,"Pine Tree"
060,071,0000,0008,000,0228,"Pine Tree"
060,051,-056,0082,000,0228,"Pine Tree"
060,049,-016,0074,000,0228,"Pine Tree"
060,071,-042,0090,000,0240,"Big Pine Tree"
060,090,-004,0030,000,0240,"Big Pine Tree"
060,069,0062,0074,000,0240,"Big Pine Tree"
060,111,0014,0094,000,0240,"Big Pine Tree"
060,069,0058,0022,000,0240,"Big Pine Tree"
060,031,-072,0078,000,0240,"Big Pine Tree"
060,072,0014,0050,000,0224,"Small Bushy Tree"
060,071,0022,0034,000,0224,"Small Bushy Tree"
060,051,0002,0082,000,0224,"Small Bushy Tree"
060,091,-044,0032,000,0224,"Small Bushy Tree"
060,091,0050,0070,000,0224,"Small Bushy Tree"
060,093,0034,0026,000,0224,"Small Bushy Tree"
060,050,-068,0026,000,0224,"Small Bushy Tree"
060,028,0026,0042,000,0224,"Small Bushy Tree"
060,028,0072,0058,000,0224,"Small Bushy Tree"
060,028,0042,0066,000,0224,"Small Bushy Tree"
060,071,0010,0098,000,0224,"Small Bushy Tree"
060,091,-034,0072,000,0224,"Small Bushy Tree"
060,049,-020,0052,000,0224,"Small Bushy Tree"
060,049,0026,0068,000,0224,"Small Bushy Tree"
060,029,0060,0060,000,0224,"Small Bushy Tree"
060,006,0008,0114,000,0224,"Small Bushy Tree"
060,008,0060,0056,000,0224,"Small Bushy Tree"
060,008,0054,0074,000,0224,"Small Bushy Tree"
060,052,-036,0054,000,0240,"Big Pine Tree"
060,073,-052,0036,000,0240,"Big Pine Tree"
060,113,-026,0024,000,0240,"Big Pine Tree"
060,113,-066,0094,000,0240,"Big Pine Tree"
060,094,-090,0054,000,0240,"Big Pine Tree"
060,094,-018,0048,000,0240,"Big Pine Tree"
060,109,0024,0066,000,0240,"Big Pine Tree"
060,110,-082,0064,000,0240,"Big Pine Tree"
060,131,0030,0020,000,0240,"Big Pine Tree"
060,110,-016,0114,000,0240,"Big Pine Tree"
060,100,0080,0080,000,0240,"Big Pine Tree"
060,101,-030,0072,000,0240,"Big Pine Tree"
060,101,-048,0058,000,0240,"Big Pine Tree"
060,141,-008,0054,000,0240,"Big Pine Tree"
060,161,0078,0046,000,0240,"Big Pine Tree"
060,181,0004,0008,000,0240,"Big Pine Tree"
060,181,-002,0052,000,0240,"Big Pine Tree"
060,181,-060,0070,000,0240,"Big Pine Tree"
060,200,-022,0050,000,0240,"Big Pine Tree"
067,299,0032,0086,000,0216,"Small Tree"
067,319,-086,0044,000,0216,"Small Tree"
067,338,-008,0140,000,0216,"Small Tree"
067,339,0002,0072,000,0216,"Small Tree"
067,338,0038,0084,000,0216,"Small Tree"
067,339,-058,0086,000,0216,"Small Tree"
067,279,0002,0036,000,0216,"Small Tree"
067,319,0042,0034,000,0216,"Small Tree"
067,239,0036,0032,000,0224,"Small Bushy Tree"
067,219,-004,0124,000,0224,"Small Bushy Tree"
067,117,-006,0084,000,0224,"Small Bushy Tree"
067,158,-016,0056,000,0224,"Small Bushy Tree"
067,138,0004,0076,000,0224,"Small Bushy Tree"
067,178,0080,0070,000,0224,"Small Bushy Tree"
067,139,0018,0076,000,0224,"Small Bushy Tree"
067,137,0024,0074,000,0224,"Small Bushy Tree"
067,158,-050,0050,000,0224,"Small Bushy Tree"
067,137,-010,0086,000,0224,"Small Bushy Tree"
067,117,-032,0028,000,0224,"Small Bushy Tree"
067,156,0070,0074,000,0224,"Small Bushy Tree"
067,138,-080,0054,000,0224,"Small Bushy Tree"
067,137,-042,0086,000,0224,"Small Bushy Tree"
067,117,-064,0028,000,0224,"Small Bushy Tree"
067,158,-016,0040,000,0224,"Small Bushy Tree"
067,156,0030,0074,000,0224,"Small Bushy Tree"
067,157,-010,0016,000,0224,"Small Bushy Tree"
067,158,-010,0014,000,0224,"Small Bushy Tree"
067,157,0028,0024,000,0224,"Small Bushy Tree"
067,158,-078,0038,000,0224,"Small Bushy Tree"
067,116,0006,0090,000,0224,"Small Bushy Tree"
067,177,0004,0058,000,0224,"Small Bushy Tree"
067,175,0050,0070,000,0224,"Small Bushy Tree"
067,176,0010,0034,000,0224,"Small Bushy Tree"
067,177,0010,0032,000,0224,"Small Bushy Tree"
067,176,0048,0042,000,0224,"Small Bushy Tree"
067,177,-058,0056,000,0224,"Small Bushy Tree"
067,194,0078,0048,000,0224,"Small Bushy Tree"
067,195,0038,0034,000,0224,"Small Bushy Tree"
067,175,-034,0104,000,0224,"Small Bushy Tree"
067,196,-030,0034,000,0224,"Small Bushy Tree"
067,155,-056,0046,000,0224,"Small Bushy Tree"
067,196,0004,0040,000,0224,"Small Bushy Tree"
067,194,0050,0052,000,0224,"Small Bushy Tree"
067,195,0010,0038,000,0224,"Small Bushy Tree"
067,195,0048,0046,000,0224,"Small Bushy Tree"
067,196,-058,0038,000,0224,"Small Bushy Tree"
067,155,-084,0050,000,0224,"Small Bushy Tree"
067,059,0008,0050,000,0224,"Small Bushy Tree"
067,038,0076,0054,000,0224,"Small Bushy Tree"
067,058,-034,0052,000,0224,"Small Bushy Tree"
067,099,0070,0042,000,0224,"Small Bushy Tree"
067,039,-048,0042,000,0224,"Small Bushy Tree"
067,058,-048,0080,000,0224,"Small Bushy Tree"
067,059,-016,0106,000,0224,"Small Bushy Tree"
067,099,0056,0070,000,0224,"Small Bushy Tree"
067,078,0008,0108,000,0224,"Small Bushy Tree"
067,195,0056,0074,000,0240,"Big Pine Tree"
067,195,-002,0068,000,0240,"Big Pine Tree"
067,175,-046,0090,000,0240,"Big Pine Tree"
067,155,-032,0080,000,0240,"Big Pine Tree"
067,159,-012,0076,000,0240,"Big Pine Tree"
067,139,0074,0050,000,0240,"Big Pine Tree"
067,098,-022,0036,000,0240,"Big Pine Tree"
067,119,-016,0066,000,0240,"Big Pine Tree"
067,119,0016,0090,000,0240,"Big Pine Tree"
067,038,0020,0030,000,0240,"Big Pine Tree"
067,079,0036,0106,000,0240,"Big Pine Tree"
067,058,-024,0066,000,0240,"Big Pine Tree"
067,196,0038,0076,000,0240,"Big Pine Tree"
067,177,-038,0108,000,0240,"Big Pine Tree"
067,177,0082,0078,000,0240,"Big Pine Tree"
067,137,0008,0110,000,0240,"Big Pine Tree"
067,198,0044,0054,000,0240,"Big Pine Tree"
067,138,-044,0048,000,0240,"Big Pine Tree"
067,177,0042,0110,000,0240,"Big Pine Tree"
067,029,-040,0052,000,0240,"Big Pine Tree"
067,027,0032,0082,000,0240,"Big Pine Tree"
067,050,0000,0014,000,0240,"Big Pine Tree"
067,028,0086,0066,000,0240,"Big Pine Tree"
067,089,0066,0074,000,0240,"Big Pine Tree"
067,068,-058,0022,000,0240,"Big Pine Tree"
067,088,0032,0072,000,0240,"Big Pine Tree"
067,109,-008,0070,000,0240,"Big Pine Tree"
067,068,-042,0066,000,0240,"Big Pine Tree"
067,129,0000,0056,000,0240,"Big Pine Tree"
067,107,-014,0110,000,0240,"Big Pine Tree"
067,129,-008,0080,000,0240,"Big Pine Tree"
067,128,-034,0054,000,0240,"Big Pine Tree"
067,128,0002,0008,000,0240,"Big Pine Tree"
067,030,0024,0040,000,0240,"Big Pine Tree"
067,031,-062,0048,000,0240,"Big Pine Tree"
067,052,-064,0048,000,0240,"Big Pine Tree"
067,071,-052,0062,000,0240,"Big Pine Tree"
067,072,0018,0018,000,0240,"Big Pine Tree"
067,051,-104,0062,000,0240,"Big Pine Tree"
067,030,0052,0080,000,0240,"Big Pine Tree"
067,008,0036,0094,000,0240,"Big Pine Tree"
067,030,-030,0074,000,0240,"Big Pine Tree"
067,031,0006,0038,000,0240,"Big Pine Tree"
067,070,-054,0046,000,0224,"Small Bushy Tree"
067,049,-018,0048,000,0224,"Small Bushy Tree"
067,067,0044,0100,000,0224,"Small Bushy Tree"
067,070,-018,0090,000,0224,"Small Bushy Tree"
067,049,0000,0032,000,0224,"Small Bushy Tree"
067,010,-094,0074,000,0224,"Small Bushy Tree"
067,028,-046,0120,000,0224,"Small Bushy Tree"
067,051,0002,0048,000,0224,"Small Bushy Tree"
067,049,0064,0042,000,0224,"Small Bushy Tree"
067,031,-044,0120,000,0224,"Small Bushy Tree"
067,009,0058,0098,000,0224,"Small Bushy Tree"
067,031,-076,0072,000,0224,"Small Bushy Tree"
067,010,-040,0074,000,0224,"Small Bushy Tree"
067,028,0022,0104,000,0224,"Small Bushy Tree"
067,029,0022,0110,000,0224,"Small Bushy Tree"
067,089,-004,0018,000,0224,"Small Bushy Tree"
067,088,0026,0052,000,0224,"Small Bushy Tree"
067,109,0004,0088,000,0224,"Small Bushy Tree"
067,088,0008,0064,000,0224,"Small Bushy Tree"
067,129,0040,0074,000,0224,"Small Bushy Tree"
067,129,-002,0016,000,0224,"Small Bushy Tree"
067,068,0008,0046,000,0224,"Small Bushy Tree"
067,069,0050,0034,000,0224,"Small Bushy Tree"
067,069,-050,0062,000,0224,"Small Bushy Tree"
067,070,0034,0032,000,0224,"Small Bushy Tree"
067,089,0056,0098,000,0224,"Small Bushy Tree"
067,070,0016,0072,000,0224,"Small Bushy Tree"
067,029,0032,0078,000,0224,"Small Bushy Tree"
067,027,-002,0110,000,0224,"Small Bushy Tree"
067,028,-020,0068,000,0224,"Small Bushy Tree"
067,049,0030,0082,000,0224,"Small Bushy Tree"
067,048,0022,0054,000,0224,"Small Bushy Tree"
067,050,0050,0082,000,0224,"Small Bushy Tree"
067,068,-004,0072,000,0228,"Pine Tree"
067,068,0050,0076,000,0228,"Pine Tree"
067,091,-036,0034,000,0228,"Pine Tree"
067,049,-054,0046,000,0228,"Pine Tree"
067,029,-056,0078,000,0228,"Pine Tree"
067,049,-030,0092,000,0228,"Pine Tree"
067,071,0050,0066,000,0228,"Pine Tree"
067,071,0008,0030,000,0228,"Pine Tree"
067,009,-004,0096,000,0228,"Pine Tree"
067,049,0014,0094,000,0228,"Pine Tree"
067,030,-008,0104,000,0228,"Pine Tree"
067,050,0048,0058,000,0228,"Pine Tree"
067,119,0006,0026,000,0228,"Pine Tree"
067,099,0026,0066,000,0228,"Pine Tree"
067,118,-086,0054,000,0228,"Pine Tree"
067,118,-024,0086,000,0228,"Pine Tree"
067,139,-008,0038,000,0228,"Pine Tree"
067,117,0022,0072,000,0228,"Pine Tree"
067,139,0008,0106,000,0228,"Pine Tree"
067,139,-004,0054,000,0228,"Pine Tree"
067,138,0084,0070,000,0228,"Pine Tree"
067,063,0010,0042,000,0240,"Big Pine Tree"
067,043,-002,0128,000,0240,"Big Pine Tree"
067,044,0064,0058,000,0240,"Big Pine Tree"
067,045,0044,0112,000,0240,"Big Pine Tree"
067,062,0050,0078,000,0240,"Big Pine Tree"
067,062,0020,0130,000,0240,"Big Pine Tree"
067,062,0000,0136,000,0240,"Big Pine Tree"
067,043,0042,0062,000,0228,"Pine Tree"
067,043,0048,0092,000,0228,"Pine Tree"
067,044,0004,0090,000,0228,"Pine Tree"
067,045,0022,0106,000,0228,"Pine Tree"
067,062,0086,0086,000,0232,"Round Top Tree"
067,044,-010,0098,000,0232,"Round Top Tree"
067,044,0046,0098,000,0232,"Round Top Tree"
067,045,0008,0016,000,0232,"Round Top Tree"
067,043,-024,0064,000,0224,"Small Bushy Tree"
067,043,0038,0100,000,0224,"Small Bushy Tree"
067,045,-076,0052,000,0224,"Small Bushy Tree"
067,024,-006,0106,000,0224,"Small Bushy Tree"
067,045,0008,0086,000,0224,"Small Bushy Tree"
068,280,0004,0020,000,0216,"Small Tree"
068,280,0040,0024,000,0216,"Small Tree"
068,280,0036,0058,000,0216,"Small Tree"
068,320,-062,0068,000,0216,"Small Tree"
068,300,0044,0066,000,0216,"Small Tree"
068,280,0012,0064,000,0216,"Small Tree"
068,280,-022,0072,000,0216,"Small Tree"
068,300,0034,0094,000,0216,"Small Tree"
068,282,-024,0040,000,0216,"Small Tree"
068,282,-048,0032,000,0216,"Small Tree"
068,283,-070,0034,000,0216,"Small Tree"
068,282,-014,0072,000,0216,"Small Tree"
068,302,0026,0086,000,0216,"Small Tree"
068,302,-006,0114,000,0216,"Small Tree"
068,323,0050,0052,000,0216,"Small Tree"
068,221,-062,0056,000,0224,"Small Bushy Tree"
068,200,-010,0114,000,0224,"Small Bushy Tree"
068,200,-020,0064,000,0224,"Small Bushy Tree"
068,220,-042,0034,000,0224,"Small Bushy Tree"
068,240,0042,0024,000,0224,"Small Bushy Tree"
068,201,-050,0082,000,0224,"Small Bushy Tree"
068,200,0050,0072,000,0224,"Small Bushy Tree"
068,220,0028,0042,000,0224,"Small Bushy Tree"
068,222,-014,0080,000,0224,"Small Bushy Tree"
068,202,-072,0076,000,0224,"Small Bushy Tree"
068,201,0028,0088,000,0224,"Small Bushy Tree"
068,222,-060,0068,000,0224,"Small Bushy Tree"
068,221,-020,0088,000,0224,"Small Bushy Tree"
068,200,-026,0096,000,0224,"Small Bushy Tree"
068,181,-080,0058,000,0224,"Small Bushy Tree"
068,181,-030,0076,000,0224,"Small Bushy Tree"
068,181,-002,0106,000,0224,"Small Bushy Tree"
068,080,-026,0024,000,0224,"Small Bushy Tree"
068,080,-040,0052,000,0224,"Small Bushy Tree"
068,060,-060,0066,000,0224,"Small Bushy Tree"
068,080,0040,0032,000,0224,"Small Bushy Tree"
068,120,0060,0062,000,0224,"Small Bushy Tree"
068,080,-008,0060,000,0224,"Small Bushy Tree"
068,122,0034,0086,000,0224,"Small Bushy Tree"
068,122,0004,0066,000,0224,"Small Bushy Tree"
068,143,0042,0042,000,0224,"Small Bushy Tree"
068,164,-026,0046,000,0224,"Small Bushy Tree"
068,163,-026,0104,000,0224,"Small Bushy Tree"
068,163,0004,0052,000,0224,"Small Bushy Tree"
068,163,0054,0088,000,0224,"Small Bushy Tree"
068,142,0038,0080,000,0224,"Small Bushy Tree"
068,203,0026,0044,000,0224,"Small Bushy Tree"
068,183,0004,0128,000,0224,"Small Bushy Tree"
068,183,0034,0076,000,0224,"Small Bushy Tree"
068,184,-026,0028,000,0224,"Small Bushy Tree"
068,184,0012,0106,000,0224,"Small Bushy Tree"
068,163,-042,0042,000,0224,"Small Bushy Tree"
068,204,0014,0032,000,0224,"Small Bushy Tree"
068,203,-074,0090,000,0224,"Small Bushy Tree"
068,203,0014,0112,000,0224,"Small Bushy Tree"
068,203,0044,0060,000,0224,"Small Bushy Tree"
068,204,-016,0012,000,0224,"Small Bushy Tree"
068,204,0022,0090,000,0224,"Small Bushy Tree"
068,183,-032,0048,000,0224,"Small Bushy Tree"
068,223,0076,0042,000,0224,"Small Bushy Tree"
068,222,-012,0100,000,0224,"Small Bushy Tree"
068,223,-034,0038,000,0224,"Small Bushy Tree"
068,202,-004,0132,000,0224,"Small Bushy Tree"
068,223,0046,0022,000,0224,"Small Bushy Tree"
068,224,-026,0060,000,0224,"Small Bushy Tree"
068,202,0030,0058,000,0224,"Small Bushy Tree"
068,141,0020,0082,000,0240,"Big Pine Tree"
068,161,0074,0052,000,0240,"Big Pine Tree"
068,120,-010,0096,000,0240,"Big Pine Tree"
068,164,0004,0032,000,0240,"Big Pine Tree"
068,164,-076,0062,000,0240,"Big Pine Tree"
068,183,-006,0102,000,0240,"Big Pine Tree"
068,162,0020,0084,000,0240,"Big Pine Tree"
068,143,-034,0074,000,0240,"Big Pine Tree"
068,184,0000,0072,000,0240,"Big Pine Tree"
068,204,-040,0028,000,0240,"Big Pine Tree"
068,040,-066,0070,000,0240,"Big Pine Tree"
068,223,-016,0052,000,0240,"Big Pine Tree"
068,242,-002,0016,000,0240,"Big Pine Tree"
068,224,-060,0036,000,0240,"Big Pine Tree"
068,201,0000,0010,000,0240,"Big Pine Tree"
068,182,0030,0028,000,0228,"Pine Tree"
068,202,0072,0070,000,0228,"Pine Tree"
068,203,0002,0076,000,0228,"Pine Tree"
068,182,0006,0112,000,0228,"Pine Tree"
068,182,-060,0086,000,0228,"Pine Tree"
068,182,0022,0050,000,0228,"Pine Tree"
068,202,0060,0088,000,0228,"Pine Tree"
068,081,0098,0078,000,0228,"Pine Tree"
068,081,-008,0040,000,0228,"Pine Tree"
068,122,0014,0066,000,0228,"Pine Tree"
068,100,0014,0008,000,0228,"Pine Tree"
068,121,-018,0012,000,0228,"Pine Tree"
068,101,-018,0036,000,0228,"Pine Tree"
068,121,0022,0016,000,0228,"Pine Tree"
068,120,0008,0084,000,0228,"Pine Tree"
END
