Blk,Vtx,XPOf,YPOf,Dm,ObjN,ObjectName
002,388,0000,0064,000,0692,"Large Northeast Gate"
002,359,-036,0038,000,0208,"Big Tree"
002,337,0010,0070,000,0208,"Big Tree"
002,359,0000,0020,000,0208,"Big Tree"
002,338,-100,0064,000,0208,"Big Tree"
002,338,-020,0072,000,0208,"Big Tree"
002,336,0010,0062,000,0527,"Billboard A NW"
002,293,-002,0076,000,0526,"Billboard A SE"
003,384,0009,0058,000,0297,"Modern Farmhouse SE"
003,341,0023,0069,000,0298,"Modern Farmhouse SW"
003,386,-003,0039,000,0302,"Farmhouse SW "
003,343,-032,0052,000,0208,"Big Tree"
003,363,0002,0018,000,0208,"Big Tree"
003,344,-020,0028,000,0208,"Big Tree"
003,344,0002,0050,000,0208,"Big Tree"
003,342,0070,0044,000,0208,"Big Tree"
003,343,-074,0016,000,0208,"Big Tree"
003,366,0056,0082,000,0208,"Big Tree"
003,368,0002,0078,000,0208,"Big Tree"
003,346,-050,0060,000,0208,"Big Tree"
003,344,0042,0084,000,0208,"Big Tree"
003,368,-016,0056,000,0208,"Big Tree"
003,367,-008,0014,000,0208,"Big Tree"
003,368,-052,0076,000,0208,"Big Tree"
003,361,-046,0030,000,0208,"Big Tree"
003,360,-046,0042,000,0208,"Big Tree"
003,382,0026,0018,000,0208,"Big Tree"
003,382,0042,0092,000,0208,"Big Tree"
003,382,-028,0088,000,0208,"Big Tree"
003,362,-030,0024,000,0208,"Big Tree"
003,388,0000,0046,000,0208,"Big Tree"
003,389,-002,0022,000,0208,"Big Tree"
003,368,-034,0060,000,0208,"Big Tree"
007,398,-001,0060,000,0409,"Missile Turret"
007,379,-001,0060,000,0409,"Missile Turret"
007,317,-001,0060,000,0409,"Missile Turret"
007,275,-001,0060,000,0409,"Missile Turret"
007,273,-001,0060,000,0409,"Missile Turret"
007,399,-001,0060,000,0409,"Missile Turret"
007,319,-001,0060,000,0409,"Missile Turret"
007,271,-001,0060,000,0409,"Missile Turret"
007,351,0000,0067,000,0722,"Liquid Storage B R1"
007,353,0005,0068,000,0723,"Liquid Storage B R2"
007,391,-001,0063,000,0724,"Liquid Storage B R3"
007,393,-006,0066,000,0725,"Liquid Storage B R4"
007,326,0001,0065,000,0338,"Industrial Plant SE"
007,327,0001,0065,000,0338,"Industrial Plant SE"
007,328,0005,0069,000,0332,"Heavy Industrial SW"
007,308,0006,0065,000,0347,"Factory SE"
007,309,0001,0065,000,0336,"Industrial Plant NW"
007,324,0000,0061,000,0725,"Liquid Storage B R4"
007,344,0000,0068,000,0725,"Liquid Storage B R4"
007,343,-004,0063,000,0725,"Liquid Storage B R4"
007,366,-004,0059,000,0326,"Heavy Factory NW"
007,384,0018,0063,000,0324,"Heavy Factory SW"
007,367,0000,0028,000,0534,"Supply Container SE"
007,367,0001,0100,000,0534,"Supply Container SE"
007,368,0001,0025,000,0535,"Supply Container SW"
007,368,-002,0062,000,0535,"Supply Container SW"
007,388,-002,0023,000,0648,"Debris A"
007,387,-007,0063,000,0649,"Debris B"
007,347,0003,0066,000,0649,"Debris B"
007,395,0006,0065,000,0347,"Factory SE"
007,375,0006,0065,000,0347,"Factory SE"
007,355,-019,0064,000,0331,"Heavy Industrial SE"
007,357,0000,0034,000,0669,"Office 2_a3"
007,315,0000,0066,000,0581,"Railroad Tower B NW"
007,295,-038,0068,000,0582,"Railroad Tower B SW"
007,314,0019,0072,000,0583,"Railroad Tower B SE"
007,349,0012,0074,000,0583,"Railroad Tower B SE"
007,338,-002,0069,000,0643,"Windmill"
007,359,0000,0065,000,0643,"Windmill"
007,339,0000,0066,000,0643,"Windmill"
007,372,0002,0091,000,0469,"Turret Control"
007,382,0011,0095,000,0366,"Waste Processor NW"
007,362,0011,0095,000,0366,"Waste Processor NW"
007,115,-037,0052,000,0203,"Junked Cars NE"
007,135,0016,0090,000,0203,"Junked Cars NE"
007,136,-062,0075,000,0202,"Junked Cars NW"
007,177,-027,0075,000,0200,"Junked Cars SE"
007,177,0004,0029,000,0648,"Debris A"
007,156,0072,0066,000,0648,"Debris A"
007,136,-002,0055,000,0649,"Debris B"
007,115,-003,0109,000,0649,"Debris B"
007,116,-077,0069,000,0649,"Debris B"
007,156,0031,0042,000,0650,"Debris C"
007,135,0025,0040,000,0650,"Debris C"
007,177,0002,0059,000,0651,"Debris D"
007,134,0072,0061,000,0651,"Debris D"
007,116,0003,0101,000,0534,"Supply Container SE"
007,116,0044,0062,000,0200,"Junked Cars SE"
007,389,0001,0065,000,0338,"Industrial Plant SE"
007,311,0000,0061,000,0724,"Liquid Storage B R3"
007,313,0006,0059,000,0725,"Liquid Storage B R4"
007,267,0000,0060,000,0720,"Industrial Complex SW"
007,268,-001,0062,000,0720,"Industrial Complex SW"
007,286,0005,0068,000,0721,"Industrial Complex SE"
008,043,-001,0060,000,0409,"Missile Turret"
008,064,-001,0060,000,0409,"Missile Turret"
008,063,-001,0060,000,0409,"Missile Turret"
008,044,-001,0060,000,0409,"Missile Turret"
008,026,-001,0060,000,0409,"Missile Turret"
008,006,-001,0060,000,0409,"Missile Turret"
008,007,-001,0060,000,0409,"Missile Turret"
008,027,-001,0060,000,0409,"Missile Turret"
008,090,-001,0060,000,0409,"Missile Turret"
008,091,-001,0060,000,0409,"Missile Turret"
008,111,-001,0060,000,0409,"Missile Turret"
008,110,-001,0060,000,0409,"Missile Turret"
008,086,0000,0072,000,0491,"Headquarters Building SE"
008,067,0005,0061,000,0704,"Large Gate Control SE"
008,300,-001,0060,000,0409,"Missile Turret"
008,320,-001,0060,000,0409,"Missile Turret"
008,345,0021,0055,000,0035,"Relay Station SW (w/underlay)"
008,365,0021,0055,000,0035,"Relay Station SW (w/underlay)"
008,385,0021,0055,000,0035,"Relay Station SW (w/underlay)"
008,367,0000,0066,000,0643,"Windmill"
008,388,0000,0066,000,0643,"Windmill"
008,347,-002,0066,000,0643,"Windmill"
008,368,-002,0064,000,0643,"Windmill"
008,389,0000,0058,000,0643,"Windmill"
008,369,-004,0060,000,0643,"Windmill"
008,348,-004,0066,000,0643,"Windmill"
008,390,-004,0066,000,0643,"Windmill"
008,391,-004,0066,000,0643,"Windmill"
008,370,-004,0064,000,0643,"Windmill"
008,349,-004,0062,000,0643,"Windmill"
008,185,-064,0071,000,0264,"Guardhouse SE"
008,354,0001,0103,000,0267,"Guardhouse NE"
008,265,-022,0087,000,0563,"Quonset Hut (Mntn) R1"
008,265,0030,0047,000,0563,"Quonset Hut (Mntn) R1"
008,245,-031,0083,000,0563,"Quonset Hut (Mntn) R1"
008,245,0039,0057,000,0563,"Quonset Hut (Mntn) R1"
008,286,-019,0083,000,0563,"Quonset Hut (Mntn) R1"
008,286,0029,0049,000,0563,"Quonset Hut (Mntn) R1"
008,266,-029,0080,000,0563,"Quonset Hut (Mntn) R1"
008,266,0017,0057,000,0563,"Quonset Hut (Mntn) R1"
008,246,-028,0090,000,0563,"Quonset Hut (Mntn) R1"
008,246,0024,0064,000,0563,"Quonset Hut (Mntn) R1"
008,287,-020,0084,000,0563,"Quonset Hut (Mntn) R1"
008,287,0018,0053,000,0563,"Quonset Hut (Mntn) R1"
008,267,-004,0067,000,0563,"Quonset Hut (Mntn) R1"
008,331,-028,0052,000,0576,"Tent (Mntn) R2"
008,331,0044,0067,000,0576,"Tent (Mntn) R2"
008,332,-015,0066,000,0576,"Tent (Mntn) R2"
008,332,0055,0086,000,0576,"Tent (Mntn) R2"
008,310,0010,0092,000,0576,"Tent (Mntn) R2"
008,311,-054,0060,000,0576,"Tent (Mntn) R2"
008,311,-017,0086,000,0576,"Tent (Mntn) R2"
008,312,-067,0057,000,0576,"Tent (Mntn) R2"
008,312,-007,0089,000,0576,"Tent (Mntn) R2"
008,205,-066,0070,000,0268,"Barricade A /"
008,205,-025,0044,000,0268,"Barricade A /"
008,355,-056,0064,000,0269,"Barricade A \"
008,355,-004,0100,000,0269,"Barricade A \"
008,212,0000,0026,000,0648,"Debris A"
008,231,0041,0081,000,0648,"Debris A"
008,212,-071,0062,000,0650,"Debris C"
008,212,-006,0060,000,0650,"Debris C"
008,309,0000,0063,000,0651,"Debris D"
008,125,-001,0061,000,0638,"Main Generator"
008,123,0004,0055,000,0469,"Turret Control"
009,368,0004,0068,000,0633,"Mech Repair Bay"
009,369,0008,0091,000,0564,"Quonset Hut (Mntn) R2"
009,369,0017,0042,000,0564,"Quonset Hut (Mntn) R2"
009,106,0009,0058,000,0297,"Modern Farmhouse SE"
009,166,0009,0058,000,0297,"Modern Farmhouse SE"
009,229,0023,0069,000,0298,"Modern Farmhouse SW"
009,046,0004,0064,000,0300,"Stylish Farmhouse SW "
009,107,0004,0064,000,0300,"Stylish Farmhouse SW "
009,231,0004,0064,000,0300,"Stylish Farmhouse SW "
009,226,-003,0039,000,0302,"Farmhouse SW "
009,228,-003,0039,000,0302,"Farmhouse SW "
009,167,-003,0039,000,0302,"Farmhouse SW "
009,104,0004,0064,000,0078,"Stylish Farmhouse SE (w/underlay)"
009,164,-003,0039,000,0026,"Farmhouse SSE (w/underlay)"
009,064,-026,0092,000,0212,"Medium Tree"
009,043,0044,0094,000,0212,"Medium Tree"
009,064,-036,0052,000,0212,"Medium Tree"
009,044,0000,0048,000,0212,"Medium Tree"
009,063,0016,0062,000,0212,"Medium Tree"
009,023,0006,0104,000,0212,"Medium Tree"
009,063,-006,0096,000,0212,"Medium Tree"
009,168,0054,0062,000,0212,"Medium Tree"
009,128,-004,0060,000,0212,"Medium Tree"
009,128,-004,0114,000,0212,"Medium Tree"
009,168,0030,0056,000,0212,"Medium Tree"
009,128,0000,0092,000,0212,"Medium Tree"
009,209,0038,0032,000,0212,"Medium Tree"
009,148,-004,0038,000,0212,"Medium Tree"
009,226,0064,0052,000,0212,"Medium Tree"
009,227,0016,0098,000,0212,"Medium Tree"
009,186,-004,0112,000,0212,"Medium Tree"
009,206,-008,0108,000,0212,"Medium Tree"
009,163,-058,0074,000,0212,"Medium Tree"
009,182,0048,0052,000,0212,"Medium Tree"
009,204,0054,0052,000,0212,"Medium Tree"
009,183,-054,0056,000,0212,"Medium Tree"
009,205,0010,0110,000,0212,"Medium Tree"
009,224,0030,0040,000,0212,"Medium Tree"
009,083,-090,0064,000,0212,"Medium Tree"
009,123,-062,0056,000,0212,"Medium Tree"
009,102,0014,0086,000,0212,"Medium Tree"
009,083,-076,0068,000,0212,"Medium Tree"
009,124,0006,0024,000,0212,"Medium Tree"
009,102,-034,0100,000,0212,"Medium Tree"
009,103,-004,0040,000,0212,"Medium Tree"
009,269,-030,0052,000,0212,"Medium Tree"
009,287,0028,0090,000,0212,"Medium Tree"
009,287,0064,0038,000,0212,"Medium Tree"
009,309,-002,0072,000,0212,"Medium Tree"
009,288,0010,0046,000,0212,"Medium Tree"
009,289,0004,0078,000,0212,"Medium Tree"
009,309,-048,0092,000,0212,"Medium Tree"
009,306,-014,0070,000,0212,"Medium Tree"
009,286,0056,0092,000,0212,"Medium Tree"
009,287,-088,0066,000,0212,"Medium Tree"
009,306,-038,0066,000,0212,"Medium Tree"
009,266,-014,0018,000,0212,"Medium Tree"
009,265,0024,0076,000,0212,"Medium Tree"
009,244,0002,0128,000,0212,"Medium Tree"
009,264,0050,0082,000,0212,"Medium Tree"
009,284,0050,0084,000,0212,"Medium Tree"
009,264,-028,0086,000,0212,"Medium Tree"
009,263,0080,0052,000,0212,"Medium Tree"
009,285,-012,0060,000,0212,"Medium Tree"
009,001,0018,0062,000,0208,"Big Tree"
009,001,0036,0086,000,0208,"Big Tree"
009,021,0096,0016,000,0208,"Big Tree"
009,002,-016,0034,000,0208,"Big Tree"
009,003,0040,0050,000,0208,"Big Tree"
009,002,-014,0066,000,0208,"Big Tree"
009,024,-022,0038,000,0208,"Big Tree"
009,022,-016,0046,000,0208,"Big Tree"
009,063,0052,0084,000,0208,"Big Tree"
009,043,-006,0082,000,0208,"Big Tree"
009,062,0028,0066,000,0208,"Big Tree"
009,043,0028,0096,000,0208,"Big Tree"
009,022,-014,0078,000,0208,"Big Tree"
009,062,0044,0112,000,0208,"Big Tree"
009,103,-060,0034,000,0208,"Big Tree"
009,083,-066,0082,000,0208,"Big Tree"
009,083,0044,0064,000,0208,"Big Tree"
009,061,-088,0068,000,0208,"Big Tree"
009,042,-034,0102,000,0208,"Big Tree"
009,111,0004,0076,000,0208,"Big Tree"
009,069,-086,0062,000,0208,"Big Tree"
009,087,0076,0048,000,0208,"Big Tree"
009,110,-060,0070,000,0208,"Big Tree"
009,110,0008,0060,000,0208,"Big Tree"
009,110,-020,0070,000,0208,"Big Tree"
009,069,0000,0086,000,0208,"Big Tree"
009,089,0008,0052,000,0208,"Big Tree"
009,109,-026,0052,000,0208,"Big Tree"
009,109,0004,0068,000,0208,"Big Tree"
009,109,0084,0026,000,0208,"Big Tree"
009,089,-042,0080,000,0208,"Big Tree"
009,088,0002,0012,000,0208,"Big Tree"
009,130,-030,0068,000,0208,"Big Tree"
009,030,-034,0074,000,0208,"Big Tree"
009,069,-022,0022,000,0208,"Big Tree"
009,050,-010,0046,000,0208,"Big Tree"
009,050,-004,0110,000,0208,"Big Tree"
009,028,-008,0072,000,0208,"Big Tree"
009,050,-006,0016,000,0208,"Big Tree"
009,070,0004,0046,000,0208,"Big Tree"
009,009,-046,0064,000,0208,"Big Tree"
009,030,0002,0060,000,0208,"Big Tree"
009,029,0016,0058,000,0208,"Big Tree"
009,259,-072,0074,000,0208,"Big Tree"
009,354,-058,0098,000,0208,"Big Tree"
009,333,-002,0048,000,0208,"Big Tree"
009,332,0074,0080,000,0208,"Big Tree"
009,331,0094,0068,000,0208,"Big Tree"
009,354,-082,0088,000,0208,"Big Tree"
009,332,0000,0006,000,0208,"Big Tree"
009,353,0000,0004,000,0208,"Big Tree"
009,332,-022,0060,000,0208,"Big Tree"
009,373,0026,0090,000,0208,"Big Tree"
009,373,-066,0106,000,0208,"Big Tree"
009,372,0012,0146,000,0208,"Big Tree"
009,372,-026,0052,000,0208,"Big Tree"
009,352,0056,0070,000,0208,"Big Tree"
009,374,0038,0050,000,0208,"Big Tree"
009,393,0012,0008,000,0208,"Big Tree"
009,394,-060,0080,000,0208,"Big Tree"
009,293,0028,0080,000,0565,"Stripmall A SE"
009,273,0029,0081,000,0569,"Stripmall C SE"
009,256,-008,0052,000,0532,"Billboard C SW"
009,224,-016,0080,000,0528,"Billboard A NE"
009,272,0001,0075,000,0140,"Small Water Tower R1 (w/underlay)"
009,314,-080,0059,000,0275,"Streetlamp NE"
009,274,0097,0063,000,0278,"Streetlamp NW"
009,294,0007,0118,000,0278,"Streetlamp NW"
010,346,0004,0064,000,0078,"Stylish Farmhouse SE (w/underlay)"
010,241,0023,0069,000,0077,"Modern Farmhouse SW (w/underlay)"
010,261,0088,0058,000,0208,"Big Tree"
010,220,-092,0106,000,0208,"Big Tree"
010,240,0016,0050,000,0208,"Big Tree"
010,240,-014,0104,000,0208,"Big Tree"
010,240,0092,0072,000,0208,"Big Tree"
010,241,-016,0010,000,0208,"Big Tree"
012,099,0000,0064,000,0693,"Large Southwest Gate"
012,137,0000,0064,000,0692,"Large Northeast Gate"
012,097,0003,0063,000,0705,"Large Gate Control SW"
012,139,-007,0063,000,0707,"Large Gate Control NE"
012,379,-001,0060,000,0409,"Missile Turret"
012,399,-001,0060,000,0409,"Missile Turret"
012,377,-001,0060,000,0409,"Missile Turret"
012,334,-001,0060,000,0409,"Missile Turret"
012,299,-003,0062,000,0328,"Chemical Plant NE"
012,274,-001,0063,000,0205,"HazMat Sphere R2"
012,254,0004,0060,000,0205,"HazMat Sphere R2"
012,234,-005,0064,000,0205,"HazMat Sphere R2"
012,233,-006,0060,000,0205,"HazMat Sphere R2"
012,253,-005,0064,000,0205,"HazMat Sphere R2"
012,273,-002,0057,000,0205,"HazMat Sphere R2"
012,272,-004,0060,000,0205,"HazMat Sphere R2"
012,252,0002,0059,000,0205,"HazMat Sphere R2"
012,232,-004,0064,000,0205,"HazMat Sphere R2"
012,236,0001,0065,000,0336,"Industrial Plant NW"
012,216,0001,0065,000,0336,"Industrial Plant NW"
012,237,0001,0065,000,0338,"Industrial Plant SE"
012,239,0018,0063,000,0324,"Heavy Factory SW"
012,196,-009,0075,000,0348,"Factory SW"
012,177,-072,0065,000,0648,"Debris A"
012,197,-001,0029,000,0649,"Debris B"
012,176,-004,0106,000,0649,"Debris B"
012,179,-003,0063,000,0534,"Supply Container SE"
012,278,0000,0062,000,0584,"Railroad Tower B NE"
012,279,0000,0066,000,0584,"Railroad Tower B NE"
012,318,0001,0058,000,0534,"Supply Container SE"
012,319,-065,0064,000,0534,"Supply Container SE"
012,174,0021,0055,000,0386,"Parking Garage SE"
012,134,-016,0066,000,0127,"Transformer Station NW (w/underlay)"
012,213,0001,0080,000,0365,"Waste Processor SW"
012,277,0000,0074,000,0281,"Gas Tank NW"
012,249,0029,0082,000,0203,"Junked Cars NE"
012,250,-062,0065,000,0648,"Debris A"
012,230,0001,0061,000,0648,"Debris A"
012,229,0001,0095,000,0649,"Debris B"
012,230,-004,0101,000,0649,"Debris B"
012,269,0003,0061,000,0650,"Debris C"
012,248,0002,0062,000,0201,"Junked Cars SW"
012,268,0006,0070,000,0200,"Junked Cars SE"
012,268,0042,0084,000,0201,"Junked Cars SW"
012,211,0001,0075,000,0140,"Small Water Tower R1 (w/underlay)"
012,212,-001,0068,000,0643,"Windmill"
012,192,0000,0074,000,0643,"Windmill"
012,172,-001,0070,000,0643,"Windmill"
012,335,0002,0072,000,0720,"Industrial Complex SW"
012,194,0001,0059,000,0724,"Liquid Storage B R3"
012,198,-001,0057,000,0725,"Liquid Storage B R4"
012,199,-001,0056,000,0725,"Liquid Storage B R4"
012,157,0000,0061,000,0720,"Industrial Complex SW"
012,079,0005,0062,000,0720,"Industrial Complex SW"
013,170,0000,0064,000,0693,"Large Southwest Gate"
013,372,0006,0065,000,0347,"Factory SE"
013,352,0006,0065,000,0347,"Factory SE"
013,312,-019,0064,000,0118,"Heavy Industrial SW (w/underlay)"
013,353,0004,0076,000,0648,"Debris A"
013,373,0054,0064,000,0649,"Debris B"
013,333,-034,0083,000,0535,"Supply Container SW"
013,333,0033,0086,000,0535,"Supply Container SW"
013,333,-003,0030,000,0534,"Supply Container SE"
013,332,-029,0051,000,0580,"Railroad Tower A SW"
013,235,0000,0075,000,0533,"Pressure Tank"
013,215,0001,0077,000,0533,"Pressure Tank"
013,237,-001,0075,000,0533,"Pressure Tank"
013,217,-001,0074,000,0533,"Pressure Tank"
013,199,0006,0057,000,0092,"Field Storage NE"
013,317,-031,0078,000,0303,"Fuel Tank"
013,337,-031,0076,000,0303,"Fuel Tank"
013,297,-030,0078,000,0303,"Fuel Tank"
013,277,-031,0077,000,0303,"Fuel Tank"
013,339,-002,0095,000,0303,"Fuel Tank"
013,319,-001,0094,000,0303,"Fuel Tank"
013,299,-004,0089,000,0303,"Fuel Tank"
013,279,0003,0095,000,0303,"Fuel Tank"
013,159,-005,0074,000,0282,"Gas Tank NE"
013,179,-001,0074,000,0282,"Gas Tank NE"
013,129,0006,0065,000,0704,"Large Gate Control SE"
013,128,-001,0060,000,0409,"Missile Turret"
013,148,-001,0060,000,0409,"Missile Turret"
013,149,-001,0060,000,0409,"Missile Turret"
013,111,-001,0060,000,0409,"Missile Turret"
013,091,-001,0060,000,0409,"Missile Turret"
013,090,-001,0060,000,0409,"Missile Turret"
013,167,-001,0060,000,0409,"Missile Turret"
013,186,-001,0060,000,0409,"Missile Turret"
013,226,-001,0060,000,0409,"Missile Turret"
013,224,-001,0060,000,0409,"Missile Turret"
013,264,-001,0060,000,0409,"Missile Turret"
013,304,-001,0060,000,0409,"Missile Turret"
013,344,-001,0060,000,0409,"Missile Turret"
013,072,-001,0060,000,0409,"Missile Turret"
013,074,-001,0060,000,0409,"Missile Turret"
013,055,-001,0060,000,0409,"Missile Turret"
013,057,-001,0060,000,0409,"Missile Turret"
013,017,-001,0060,000,0409,"Missile Turret"
013,384,-001,0060,000,0409,"Missile Turret"
013,006,-004,0059,000,0326,"Heavy Factory NW"
013,086,0000,0036,000,0667,"Office 2_a1"
013,067,0002,0032,000,0670,"Office 3_a1"
013,053,0003,0040,000,0674,"Office 1b_a1"
013,015,-012,0062,000,0323,"Heavy Factory SE"
013,068,-023,0082,000,0145,"Small Office Building SW"
013,064,-012,0067,000,0153,"Modern Office Building SE"
013,126,0012,0059,000,0146,"Small Office Building SE"
013,044,-003,0071,000,0149,"Small Business SE"
013,027,-004,0060,000,0580,"Railroad Tower A SW"
013,048,0010,0060,000,0578,"Railroad Tower A NE"
013,121,0000,0064,000,0692,"Large Northeast Gate"
013,125,-002,0058,000,0469,"Turret Control"
013,081,0000,0056,000,0705,"Large Gate Control SW"
013,281,-003,0062,000,0328,"Chemical Plant NE"
013,221,-009,0075,000,0348,"Factory SW"
013,222,0005,0069,000,0332,"Heavy Industrial SW"
013,181,-002,0064,000,0649,"Debris B"
013,181,0001,0095,000,0650,"Debris C"
013,220,-002,0104,000,0535,"Supply Container SW"
013,220,0001,0063,000,0535,"Supply Container SW"
013,260,0000,0066,000,0584,"Railroad Tower B NE"
013,261,-002,0062,000,0584,"Railroad Tower B NE"
013,262,-002,0062,000,0584,"Railroad Tower B NE"
013,282,0001,0072,000,0534,"Supply Container SE"
013,164,0018,0047,000,0144,"Small Office Building NE"
013,124,0017,0053,000,0152,"Modern Office Building NW"
013,083,0015,0069,000,0155,"Modern Office Building SW"
013,084,-023,0082,000,0145,"Small Office Building SW"
013,049,0021,0055,000,0386,"Parking Garage SE"
013,002,0011,0095,000,0366,"Waste Processor NW"
013,000,0031,0140,000,0137,"Valve Station SE (w/underlay)"
013,180,-001,0057,000,0725,"Liquid Storage B R4"
013,141,0005,0063,000,0721,"Industrial Complex SE"
013,029,0006,0065,000,0347,"Factory SE"
013,009,-019,0064,000,0331,"Heavy Industrial SE"
013,184,-012,0062,000,0323,"Heavy Factory SE"
013,042,-012,0062,000,0323,"Heavy Factory SE"
014,342,-003,0071,000,0395,"Two-Flat Home SE (centered)"
014,322,-003,0071,000,0395,"Two-Flat Home SE (centered)"
014,302,-003,0051,000,0396,"Two-Flat Home NE (centered)"
014,303,-003,0051,000,0396,"Two-Flat Home NE (centered)"
014,304,-003,0051,000,0396,"Two-Flat Home NE (centered)"
014,305,-003,0051,000,0396,"Two-Flat Home NE (centered)"
014,306,-003,0051,000,0396,"Two-Flat Home NE (centered)"
014,102,-001,0094,000,0303,"Fuel Tank"
014,103,0000,0095,000,0303,"Fuel Tank"
014,082,-001,0092,000,0303,"Fuel Tank"
014,083,-002,0094,000,0303,"Fuel Tank"
014,084,-003,0090,000,0303,"Fuel Tank"
014,104,-004,0091,000,0303,"Fuel Tank"
014,105,-003,0093,000,0303,"Fuel Tank"
014,085,-002,0094,000,0303,"Fuel Tank"
014,122,-003,0096,000,0303,"Fuel Tank"
014,123,-002,0093,000,0303,"Fuel Tank"
014,124,-002,0096,000,0303,"Fuel Tank"
014,125,-004,0090,000,0303,"Fuel Tank"
014,185,0006,0057,000,0092,"Field Storage NE"
014,183,0006,0057,000,0092,"Field Storage NE"
014,181,0006,0057,000,0092,"Field Storage NE"
014,240,0000,0075,000,0280,"Gas Tank SW"
014,220,0000,0075,000,0280,"Gas Tank SW"
014,241,0001,0074,000,0280,"Gas Tank SW"
014,221,0000,0075,000,0280,"Gas Tank SW"
014,222,0000,0074,000,0280,"Gas Tank SW"
014,242,0000,0076,000,0280,"Gas Tank SW"
014,224,-001,0077,000,0533,"Pressure Tank"
014,140,-002,0076,000,0282,"Gas Tank NE"
014,141,-001,0076,000,0282,"Gas Tank NE"
014,160,-001,0074,000,0282,"Gas Tank NE"
014,161,0000,0074,000,0282,"Gas Tank NE"
014,165,0051,0075,000,0380,"Field Office NE"
014,163,0004,0064,000,0488,"Support Building"
014,128,-004,0063,000,0327,"Chemical Plant NW"
014,130,-014,0063,000,0327,"Chemical Plant NW"
014,188,-003,0062,000,0328,"Chemical Plant NE"
014,190,-003,0062,000,0328,"Chemical Plant NE"
014,172,-003,0062,000,0328,"Chemical Plant NE"
014,132,-003,0062,000,0328,"Chemical Plant NE"
014,254,-004,0030,000,0335,"Industrial Plant SW"
014,252,-004,0030,000,0335,"Industrial Plant SW"
014,229,-019,0065,000,0383,"Processing Plant NW"
014,269,-019,0065,000,0383,"Processing Plant NW"
014,230,0000,0055,000,0649,"Debris B"
014,147,-067,0065,000,0649,"Debris B"
014,147,-007,0066,000,0650,"Debris C"
014,152,0006,0066,000,0650,"Debris C"
014,093,0029,0042,000,0651,"Debris D"
014,093,-006,0063,000,0651,"Debris D"
014,092,-024,0030,000,0138,"Valve Station SW (w/underlay)"
014,134,-016,0066,000,0127,"Transformer Station NW (w/underlay)"
014,087,0001,0080,000,0363,"Waste Processor NE"
014,088,0001,0080,000,0363,"Waste Processor NE"
014,089,0011,0095,000,0364,"Waste Processor SE"
014,149,-004,0069,000,0534,"Supply Container SE"
014,171,-066,0063,000,0534,"Supply Container SE"
014,112,0006,0062,000,0535,"Supply Container SW"
014,112,0065,0066,000,0535,"Supply Container SW"
014,114,0064,0069,000,0535,"Supply Container SW"
014,174,0005,0053,000,0310,"Geodesic Dome R4"
014,194,0005,0053,000,0310,"Geodesic Dome R4"
014,005,-019,0075,000,0381,"Field Office SE"
014,007,0051,0075,000,0382,"Field Office SW"
014,009,0004,0058,000,0643,"Windmill"
014,010,0000,0066,000,0643,"Windmill"
014,011,-004,0066,000,0643,"Windmill"
015,314,-020,0068,000,0634,"House (w/animating pool) SW"
015,354,0009,0058,000,0297,"Modern Farmhouse SE"
015,396,0006,0056,000,0025,"Stylish Farmhouse SSW (w/underlay)"
015,272,0004,0064,000,0300,"Stylish Farmhouse SW "
015,277,-003,0039,000,0026,"Farmhouse SSE (w/underlay)"
015,257,0006,0056,000,0299,"Stylish Farmhouse SE"
015,237,0009,0058,000,0024,"Modern Farmhouse SE (w/underlay)"
015,256,-016,0056,000,0636,"House (w/animating pool) NE"
015,276,0000,0062,000,0549,"Kurita-style Home D (w/low wall) SW"
015,236,-003,0071,000,0395,"Two-Flat Home SE (centered)"
015,252,-003,0071,000,0395,"Two-Flat Home SE (centered)"
015,232,-003,0051,000,0396,"Two-Flat Home NE (centered)"
015,233,0006,0065,000,0353,"House (w/pool) NE"
015,274,0009,0058,000,0297,"Modern Farmhouse SE"
015,234,0009,0058,000,0024,"Modern Farmhouse SE (w/underlay)"
015,254,0004,0064,000,0078,"Stylish Farmhouse SE (w/underlay)"
015,273,-003,0039,000,0302,"Farmhouse SW "
015,399,-003,0039,000,0302,"Farmhouse SW "
015,379,0009,0058,000,0297,"Modern Farmhouse SE"
015,359,0009,0058,000,0297,"Modern Farmhouse SE"
015,339,0009,0058,000,0297,"Modern Farmhouse SE"
015,319,0009,0058,000,0297,"Modern Farmhouse SE"
015,377,-009,0075,000,0354,"House (w/pool) SE"
015,336,-005,0060,000,0208,"Big Tree"
015,357,0084,0056,000,0208,"Big Tree"
015,336,0044,0076,000,0208,"Big Tree"
015,336,-036,0085,000,0208,"Big Tree"
015,357,-051,0053,000,0208,"Big Tree"
015,356,0063,0037,000,0208,"Big Tree"
015,337,-022,0063,000,0208,"Big Tree"
015,353,0048,0057,000,0208,"Big Tree"
015,332,0051,0091,000,0208,"Big Tree"
015,333,0001,0062,000,0208,"Big Tree"
015,353,-004,0060,000,0208,"Big Tree"
015,354,-019,0018,000,0208,"Big Tree"
015,353,0023,0098,000,0208,"Big Tree"
015,333,0015,0104,000,0208,"Big Tree"
015,394,-012,0119,000,0208,"Big Tree"
015,394,-036,0092,000,0208,"Big Tree"
015,394,0005,0045,000,0208,"Big Tree"
015,279,0040,0096,000,0208,"Big Tree"
015,279,0018,0057,000,0208,"Big Tree"
015,259,-016,0068,000,0208,"Big Tree"
015,278,0069,0085,000,0208,"Big Tree"
015,279,-045,0094,000,0208,"Big Tree"
015,172,0012,0104,000,0208,"Big Tree"
015,174,-068,0092,000,0208,"Big Tree"
015,194,0032,0110,000,0208,"Big Tree"
015,173,0080,0050,000,0208,"Big Tree"
015,194,-018,0128,000,0208,"Big Tree"
015,248,0026,0108,000,0208,"Big Tree"
015,269,-034,0022,000,0208,"Big Tree"
015,269,0082,0062,000,0208,"Big Tree"
015,249,0024,0100,000,0208,"Big Tree"
015,290,0082,0066,000,0208,"Big Tree"
015,270,-086,0072,000,0208,"Big Tree"
015,270,-008,0094,000,0208,"Big Tree"
015,114,0004,0065,000,0542,"Kurita-style Home A SE"
015,074,0003,0063,000,0544,"Kurita-style Home B SE"
015,192,-001,0068,000,0547,"Kurita-style Home C (w/low wall) SW"
015,372,0000,0062,000,0524,"Meeting Hall SE"
015,068,0046,0064,000,0208,"Big Tree"
015,089,0034,0046,000,0208,"Big Tree"
015,069,0048,0070,000,0208,"Big Tree"
015,068,-032,0078,000,0208,"Big Tree"
015,068,0074,0062,000,0208,"Big Tree"
015,088,-018,0018,000,0208,"Big Tree"
015,109,-034,0066,000,0208,"Big Tree"
015,091,-006,0076,000,0208,"Big Tree"
015,089,0084,0078,000,0208,"Big Tree"
015,112,-006,0050,000,0208,"Big Tree"
015,112,0056,0048,000,0208,"Big Tree"
015,092,-032,0074,000,0208,"Big Tree"
015,110,0058,0058,000,0208,"Big Tree"
015,091,-020,0040,000,0208,"Big Tree"
015,134,-094,0064,000,0208,"Big Tree"
015,153,-060,0076,000,0208,"Big Tree"
015,153,0004,0054,000,0208,"Big Tree"
015,153,-014,0100,000,0208,"Big Tree"
015,134,0002,0104,000,0208,"Big Tree"
015,133,-028,0070,000,0208,"Big Tree"
015,092,-058,0058,000,0208,"Big Tree"
015,153,0046,0040,000,0208,"Big Tree"
015,091,-010,0132,000,0208,"Big Tree"
015,132,0024,0062,000,0208,"Big Tree"
015,112,-078,0032,000,0208,"Big Tree"
015,052,0020,0096,000,0208,"Big Tree"
015,051,0036,0080,000,0208,"Big Tree"
015,052,0012,0044,000,0208,"Big Tree"
015,073,-006,0062,000,0208,"Big Tree"
015,092,0038,0092,000,0208,"Big Tree"
015,072,0042,0078,000,0208,"Big Tree"
015,072,0046,0046,000,0208,"Big Tree"
015,035,-074,0064,000,0208,"Big Tree"
015,054,0072,0076,000,0208,"Big Tree"
015,033,-040,0046,000,0208,"Big Tree"
015,033,0044,0106,000,0208,"Big Tree"
015,054,-032,0046,000,0208,"Big Tree"
015,170,0002,0108,000,0208,"Big Tree"
015,189,0002,0062,000,0208,"Big Tree"
015,190,-026,0014,000,0208,"Big Tree"
015,190,0030,0064,000,0208,"Big Tree"
015,230,0034,0030,000,0208,"Big Tree"
015,169,-064,0042,000,0208,"Big Tree"
015,230,0032,0086,000,0208,"Big Tree"
015,268,0016,0047,000,0394,"Two-Flat Home SW (centered)"
015,309,-003,0051,000,0396,"Two-Flat Home NE (centered)"
015,310,0002,0064,000,0544,"Kurita-style Home B SE"
015,267,0000,0062,000,0547,"Kurita-style Home C (w/low wall) SW"
015,265,0006,0065,000,0351,"House (w/pool) SW"
015,312,-009,0075,000,0352,"House (w/pool) NW"
015,374,-009,0075,000,0354,"House (w/pool) SE"
015,307,0023,0069,000,0298,"Modern Farmhouse SW"
015,397,0023,0069,000,0077,"Modern Farmhouse SW (w/underlay)"
015,136,0016,0064,000,0530,"Billboard B SW"
015,191,0001,0075,000,0140,"Small Water Tower R1 (w/underlay)"
016,320,-003,0039,000,0301,"Farmhouse SE "
016,340,-003,0039,000,0301,"Farmhouse SE "
016,360,-003,0039,000,0301,"Farmhouse SE "
016,300,-003,0039,000,0301,"Farmhouse SE "
016,380,0004,0064,000,0300,"Stylish Farmhouse SW "
016,260,-012,0055,000,0208,"Big Tree"
016,110,-003,0039,000,0026,"Farmhouse SSE (w/underlay)"
016,397,-074,0114,000,0208,"Big Tree"
016,396,0022,0028,000,0208,"Big Tree"
016,398,-064,0116,000,0208,"Big Tree"
016,396,0004,0114,000,0208,"Big Tree"
016,398,0016,0020,000,0208,"Big Tree"
016,382,0016,0047,000,0394,"Two-Flat Home SW (centered)"
016,383,0016,0047,000,0394,"Two-Flat Home SW (centered)"
016,384,0016,0047,000,0394,"Two-Flat Home SW (centered)"
016,385,0016,0047,000,0394,"Two-Flat Home SW (centered)"
016,343,-044,0058,000,0208,"Big Tree"
016,323,0030,0042,000,0208,"Big Tree"
016,323,-018,0012,000,0208,"Big Tree"
016,342,0066,0078,000,0208,"Big Tree"
016,342,-018,0046,000,0208,"Big Tree"
016,345,-048,0088,000,0208,"Big Tree"
016,323,-086,0070,000,0208,"Big Tree"
016,304,0026,0060,000,0208,"Big Tree"
016,345,0030,0070,000,0208,"Big Tree"
016,325,0012,0114,000,0208,"Big Tree"
016,305,0076,0078,000,0208,"Big Tree"
016,306,-044,0094,000,0208,"Big Tree"
016,325,-024,0098,000,0208,"Big Tree"
016,303,0026,0022,000,0208,"Big Tree"
016,242,0028,0039,000,0200,"Junked Cars SE"
016,242,-007,0103,000,0201,"Junked Cars SW"
016,263,-001,0061,000,0202,"Junked Cars NW"
016,263,-045,0050,000,0203,"Junked Cars NE"
016,243,-071,0070,000,0648,"Debris A"
016,262,0069,0068,000,0649,"Debris B"
016,262,0023,0038,000,0649,"Debris B"
016,243,-001,0023,000,0650,"Debris C"
016,261,0065,0071,000,0268,"Barricade A /"
016,243,-006,0110,000,0253,"Small Barrels A \"
016,388,0023,0069,000,0077,"Modern Farmhouse SW (w/underlay)"
016,390,0006,0056,000,0025,"Stylish Farmhouse SSW (w/underlay)"
016,386,0006,0070,000,0526,"Billboard A SE"
016,326,0001,0075,000,0140,"Small Water Tower R1 (w/underlay)"
017,386,0006,0056,000,0025,"Stylish Farmhouse SSW (w/underlay)"
017,380,-006,0112,000,0208,"Big Tree"
018,014,0002,0097,000,0469,"Turret Control"
018,074,0006,0066,000,0488,"Support Building"
018,059,-001,0060,000,0409,"Missile Turret"
018,016,0003,0052,000,0293,"Command Station (no underlay) SE"
018,076,0005,0053,000,0308,"Geodesic Dome R2"
018,056,0005,0053,000,0308,"Geodesic Dome R2"
018,057,0005,0053,000,0308,"Geodesic Dome R2"
018,017,-005,0058,000,0725,"Liquid Storage B R4"
018,033,0008,0060,000,0721,"Industrial Complex SE"
018,079,0009,0064,000,0721,"Industrial Complex SE"
019,272,0002,0075,000,0633,"Mech Repair Bay"
019,393,0007,0060,000,0287,"Large Barn SE"
019,373,0007,0060,000,0287,"Large Barn SE"
019,271,-041,0063,000,0252,"Small Barrels A /"
019,271,-014,0086,000,0252,"Small Barrels A /"
019,271,0009,0050,000,0252,"Small Barrels A /"
019,291,0066,0062,000,0253,"Small Barrels A \"
019,291,0021,0058,000,0253,"Small Barrels A \"
019,387,-049,0060,000,0255,"Small Barrels B \"
019,387,0035,0081,000,0255,"Small Barrels B \"
019,344,0019,0059,000,0254,"Small Barrels B /"
019,344,0008,0108,000,0254,"Small Barrels B /"
019,344,-062,0067,000,0254,"Small Barrels B /"
019,209,0003,0073,000,0502,"MechWarrior Barracks NW"
019,229,0002,0074,000,0502,"MechWarrior Barracks NW"
019,273,-019,0075,000,0381,"Field Office SE"
019,211,-016,0077,000,0566,"Stripmall A SW"
019,212,-020,0075,000,0568,"Stripmall B SW"
019,214,-012,0062,000,0323,"Heavy Factory SE"
019,133,0018,0063,000,0324,"Heavy Factory SW"
019,152,0020,0088,000,0534,"Supply Container SE"
019,153,-034,0042,000,0534,"Supply Container SE"
019,194,0004,0046,000,0535,"Supply Container SW"
019,053,-004,0030,000,0337,"Industrial Plant NE "
019,093,0020,0076,000,0648,"Debris A"
019,052,-040,0066,000,0648,"Debris A"
019,073,0004,0104,000,0649,"Debris B"
019,192,0078,0060,000,0649,"Debris B"
019,032,-065,0064,000,0578,"Railroad Tower A NE"
019,032,0001,0075,000,0140,"Small Water Tower R1 (w/underlay)"
019,025,-001,0060,000,0409,"Missile Turret"
019,027,-001,0060,000,0409,"Missile Turret"
019,067,-001,0060,000,0409,"Missile Turret"
019,107,-001,0060,000,0409,"Missile Turret"
019,105,-001,0060,000,0409,"Missile Turret"
019,143,-001,0060,000,0409,"Missile Turret"
019,144,-001,0060,000,0409,"Missile Turret"
019,062,0008,0085,000,0469,"Turret Control"
019,065,0000,0075,000,0551,"Large Office Building A"
019,277,0002,0029,000,0535,"Supply Container SW"
019,277,0001,0064,000,0535,"Supply Container SW"
019,237,0001,0070,000,0535,"Supply Container SW"
019,237,0035,0045,000,0535,"Supply Container SW"
019,237,-037,0089,000,0535,"Supply Container SW"
019,218,-068,0069,000,0535,"Supply Container SW"
019,218,0062,0068,000,0535,"Supply Container SW"
019,197,0002,0031,000,0535,"Supply Container SW"
019,197,-001,0106,000,0535,"Supply Container SW"
019,198,0003,0028,000,0535,"Supply Container SW"
019,198,-031,0047,000,0535,"Supply Container SW"
019,198,0005,0066,000,0535,"Supply Container SW"
019,198,0035,0089,000,0535,"Supply Container SW"
019,199,-038,0085,000,0535,"Supply Container SW"
019,257,-032,0048,000,0534,"Supply Container SE"
019,277,0067,0067,000,0534,"Supply Container SE"
019,237,0001,0109,000,0534,"Supply Container SE"
019,238,-033,0049,000,0534,"Supply Container SE"
019,217,-034,0048,000,0534,"Supply Container SE"
019,217,-002,0073,000,0534,"Supply Container SE"
019,219,-060,0067,000,0534,"Supply Container SE"
019,197,0033,0051,000,0534,"Supply Container SE"
019,177,0000,0068,000,0534,"Supply Container SE"
019,178,-035,0049,000,0534,"Supply Container SE"
019,178,0001,0108,000,0534,"Supply Container SE"
019,017,0005,0053,000,0310,"Geodesic Dome R4"
019,019,0005,0053,000,0310,"Geodesic Dome R4"
020,181,0020,0065,000,0343,"Purification Plant SW"
020,063,0011,0065,000,0344,"Purification Plant NW"
020,122,0020,0081,000,0625,"Loading Facility SE"
020,102,0013,0085,000,0625,"Loading Facility SE"
020,000,0005,0053,000,0310,"Geodesic Dome R4"
020,022,0001,0075,000,0340,"Pumping Station NW"
020,042,0001,0075,000,0340,"Pumping Station NW"
020,384,0000,0033,000,0668,"Office 2_a2"
020,385,0001,0038,000,0674,"Office 1b_a1"
020,386,-001,0038,000,0675,"Office 1b_a4"
020,378,-059,0079,000,0269,"Barricade A \"
020,378,-016,0102,000,0269,"Barricade A \"
021,376,0000,0066,000,0663,"Office 1_a1"
021,378,0003,0059,000,0665,"Office 1_a3"
021,358,0034,0049,000,0671,"Office 3_a2"
021,316,-002,0039,000,0675,"Office 1b_a4"
021,317,-001,0059,000,0520,"Water Fountain"
021,374,-023,0082,000,0145,"Small Office Building SW"
021,394,-012,0067,000,0153,"Modern Office Building SE"
021,336,-046,0062,000,0673,"Office 3_a4"
021,034,0008,0062,000,0542,"Kurita-style Home A SE"
021,074,0009,0058,000,0024,"Modern Farmhouse SE (w/underlay)"
021,078,0044,0090,000,0208,"Big Tree"
021,078,-056,0048,000,0208,"Big Tree"
021,056,-072,0050,000,0208,"Big Tree"
021,078,0006,0038,000,0208,"Big Tree"
021,097,0042,0076,000,0208,"Big Tree"
021,078,-022,0042,000,0208,"Big Tree"
021,056,-022,0056,000,0208,"Big Tree"
021,079,-018,0008,000,0208,"Big Tree"
021,118,0040,0088,000,0208,"Big Tree"
021,098,0006,0038,000,0208,"Big Tree"
021,078,0062,0064,000,0208,"Big Tree"
021,078,-052,0090,000,0208,"Big Tree"
021,136,-004,0064,000,0532,"Billboard C SW"
021,399,-094,0067,000,0275,"Streetlamp NE"
021,395,0014,0008,000,0276,"Streetlamp SE"
021,315,0020,0106,000,0278,"Streetlamp NW"
022,069,0004,0066,000,0536,"Container Stack SE"
022,051,0000,0027,000,0265,"Guardhouse SW"
022,071,-008,0082,000,0575,"Tent (Mntn) R1"
022,049,0005,0030,000,0575,"Tent (Mntn) R1"
022,362,0015,0043,000,0674,"Office 1b_a1"
022,361,0001,0035,000,0675,"Office 1b_a4"
022,342,0006,0036,000,0675,"Office 1b_a4"
022,341,0000,0033,000,0676,"Office 1b_a3"
022,374,0018,0047,000,0144,"Small Office Building NE"
022,367,-023,0082,000,0145,"Small Office Building SW"
022,351,0012,0059,000,0146,"Small Office Building SE"
022,369,0017,0053,000,0152,"Modern Office Building NW"
022,354,0017,0053,000,0152,"Modern Office Building NW"
022,349,0016,0047,000,0148,"Small Business NW"
022,372,-003,0071,000,0149,"Small Business SE"
022,350,-003,0051,000,0150,"Small Business NE"
022,352,-003,0051,000,0150,"Small Business NE"
022,370,-002,0065,000,0151,"Small Business SW"
022,371,-002,0065,000,0151,"Small Business SW"
022,366,-002,0065,000,0151,"Small Business SW"
022,307,0003,0032,000,0668,"Office 2_a2"
022,308,0001,0024,000,0669,"Office 2_a3"
022,309,0000,0015,000,0668,"Office 2_a2"
022,364,0016,0047,000,0394,"Two-Flat Home SW (centered)"
022,365,0016,0047,000,0394,"Two-Flat Home SW (centered)"
022,344,-003,0051,000,0396,"Two-Flat Home NE (centered)"
022,345,-003,0051,000,0396,"Two-Flat Home NE (centered)"
022,346,-003,0051,000,0396,"Two-Flat Home NE (centered)"
022,347,-003,0051,000,0396,"Two-Flat Home NE (centered)"
022,376,-001,0059,000,0303,"Fuel Tank"
022,377,-005,0062,000,0303,"Fuel Tank"
022,378,-004,0057,000,0303,"Fuel Tank"
022,358,0001,0054,000,0303,"Fuel Tank"
022,118,-002,0066,000,0543,"Kurita-style Home A SW"
022,076,0006,0066,000,0544,"Kurita-style Home B SE"
022,138,0002,0066,000,0544,"Kurita-style Home B SE"
022,036,0012,0058,000,0545,"Kurita-style Home B SW"
022,038,0004,0062,000,0545,"Kurita-style Home B SW"
022,079,-010,0066,000,0545,"Kurita-style Home B SW"
022,158,-002,0066,000,0546,"Kurita-style Home C (w/low wall) SE"
022,077,-008,0062,000,0547,"Kurita-style Home C (w/low wall) SW"
022,037,0002,0064,000,0549,"Kurita-style Home D (w/low wall) SW"
022,039,0008,0070,000,0549,"Kurita-style Home D (w/low wall) SW"
022,056,0002,0062,000,0542,"Kurita-style Home A SE"
022,074,0009,0058,000,0297,"Modern Farmhouse SE"
022,078,0023,0069,000,0298,"Modern Farmhouse SW"
022,117,0023,0069,000,0298,"Modern Farmhouse SW"
022,057,-020,0072,000,0208,"Big Tree"
022,058,-028,0070,000,0208,"Big Tree"
022,058,0020,0022,000,0208,"Big Tree"
022,058,0042,0078,000,0208,"Big Tree"
022,059,-020,0102,000,0208,"Big Tree"
022,119,0036,0100,000,0208,"Big Tree"
022,157,0068,0062,000,0208,"Big Tree"
022,137,0020,0028,000,0208,"Big Tree"
022,135,0108,0062,000,0208,"Big Tree"
022,094,0016,0102,000,0208,"Big Tree"
022,094,-042,0082,000,0208,"Big Tree"
022,134,0050,0074,000,0208,"Big Tree"
022,134,0050,0042,000,0208,"Big Tree"
022,155,-012,0074,000,0208,"Big Tree"
022,135,-036,0022,000,0208,"Big Tree"
022,155,-020,0074,000,0208,"Big Tree"
022,135,0012,0106,000,0208,"Big Tree"
022,157,-052,0032,000,0208,"Big Tree"
022,136,0012,0058,000,0208,"Big Tree"
022,017,0076,0044,000,0208,"Big Tree"
022,014,0012,0032,000,0208,"Big Tree"
022,054,0078,0056,000,0208,"Big Tree"
022,012,0008,0106,000,0208,"Big Tree"
022,054,0008,0062,000,0548,"Kurita-style Home D (w/low wall) SE"
022,116,0018,0064,000,0547,"Kurita-style Home C (w/low wall) SW"
022,022,-003,0051,000,0396,"Two-Flat Home NE (centered)"
022,023,-003,0051,000,0396,"Two-Flat Home NE (centered)"
022,024,-003,0051,000,0396,"Two-Flat Home NE (centered)"
022,026,-003,0051,000,0396,"Two-Flat Home NE (centered)"
022,020,-002,0065,000,0397,"Two-Flat Home NW (centered)"
022,060,-002,0065,000,0397,"Two-Flat Home NW (centered)"
022,042,0020,0060,000,0390,"Two-Flat Home SW"
022,044,0010,0050,000,0390,"Two-Flat Home SW"
022,100,0048,0040,000,0208,"Big Tree"
022,040,0004,0064,000,0078,"Stylish Farmhouse SE (w/underlay)"
022,043,0004,0064,000,0300,"Stylish Farmhouse SW "
022,082,-003,0051,000,0396,"Two-Flat Home NE (centered)"
022,083,-003,0051,000,0396,"Two-Flat Home NE (centered)"
022,084,-003,0051,000,0396,"Two-Flat Home NE (centered)"
022,199,0001,0075,000,0140,"Small Water Tower R1 (w/underlay)"
022,219,0001,0075,000,0140,"Small Water Tower R1 (w/underlay)"
022,388,-070,0068,000,0275,"Streetlamp NE"
022,384,-003,0104,000,0275,"Streetlamp NE"
022,385,0079,0063,000,0277,"Streetlamp SW"
022,390,-003,0020,000,0277,"Streetlamp SW"
022,326,0079,0061,000,0277,"Streetlamp SW"
022,348,0078,0057,000,0278,"Streetlamp NW"
022,382,-084,0072,000,0275,"Streetlamp NE"
022,360,-094,0066,000,0277,"Streetlamp SW"
023,101,0000,0064,000,0542,"Kurita-style Home A SE"
023,060,-005,0059,000,0543,"Kurita-style Home A SW"
023,121,-002,0066,000,0544,"Kurita-style Home B SE"
023,141,0002,0066,000,0544,"Kurita-style Home B SE"
023,061,0006,0058,000,0546,"Kurita-style Home C (w/low wall) SE"
023,021,-004,0064,000,0546,"Kurita-style Home C (w/low wall) SE"
023,041,-002,0060,000,0548,"Kurita-style Home D (w/low wall) SE"
023,140,0002,0068,000,0549,"Kurita-style Home D (w/low wall) SW"
023,120,0000,0064,000,0544,"Kurita-style Home B SE"
023,020,0002,0066,000,0543,"Kurita-style Home A SW"
023,100,0000,0066,000,0543,"Kurita-style Home A SW"
023,083,-002,0066,000,0544,"Kurita-style Home B SE"
023,143,-006,0068,000,0542,"Kurita-style Home A SE"
023,123,0009,0058,000,0297,"Modern Farmhouse SE"
023,103,-018,0038,000,0208,"Big Tree"
023,102,-010,0010,000,0208,"Big Tree"
023,043,0002,0064,000,0208,"Big Tree"
023,001,-014,0112,000,0208,"Big Tree"
023,040,0000,0062,000,0208,"Big Tree"
023,105,-068,0054,000,0208,"Big Tree"
023,085,-020,0020,000,0208,"Big Tree"
023,126,-058,0074,000,0208,"Big Tree"
023,106,-014,0080,000,0208,"Big Tree"
023,127,0018,0014,000,0208,"Big Tree"
023,146,0038,0040,000,0208,"Big Tree"
023,106,-010,0040,000,0208,"Big Tree"
023,045,-094,0054,000,0208,"Big Tree"
023,065,0056,0030,000,0208,"Big Tree"
023,025,-052,0036,000,0208,"Big Tree"
023,044,-002,0012,000,0208,"Big Tree"
023,024,-096,0068,000,0208,"Big Tree"
023,024,-070,0068,000,0208,"Big Tree"
023,181,-005,0068,000,0568,"Stripmall B SW"
023,200,-092,0063,000,0275,"Streetlamp NE"
023,180,0006,0007,000,0276,"Streetlamp SE"
023,182,0081,0068,000,0278,"Streetlamp NW"
025,024,-012,0058,000,0202,"Junked Cars NW"
025,008,-006,0062,000,0203,"Junked Cars NE"
025,217,0020,0065,000,0343,"Purification Plant SW"
025,237,0011,0065,000,0344,"Purification Plant NW"
025,257,0006,0054,000,0339,"Pumping Station SW"
025,277,-008,0054,000,0339,"Pumping Station SW"
025,337,0022,0054,000,0339,"Pumping Station SW"
025,297,0020,0065,000,0343,"Purification Plant SW"
025,317,0005,0053,000,0308,"Geodesic Dome R2"
025,179,-064,0068,000,0535,"Supply Container SW"
025,179,0003,0067,000,0535,"Supply Container SW"
025,159,-002,0026,000,0534,"Supply Container SE"
025,259,-069,0064,000,0534,"Supply Container SE"
025,198,-001,0027,000,0648,"Debris A"
025,139,0001,0024,000,0649,"Debris B"
025,139,0043,0044,000,0650,"Debris C"
026,023,0018,0047,000,0144,"Small Office Building NE"
026,087,-023,0082,000,0145,"Small Office Building SW"
026,123,0012,0059,000,0146,"Small Office Building SE"
026,063,0017,0053,000,0152,"Modern Office Building NW"
026,046,0017,0053,000,0152,"Modern Office Building NW"
026,044,-012,0067,000,0153,"Modern Office Building SE"
026,067,-012,0067,000,0153,"Modern Office Building SE"
026,086,0015,0069,000,0155,"Modern Office Building SW"
026,083,0016,0047,000,0148,"Small Business NW"
026,026,0016,0047,000,0148,"Small Business NW"
026,084,-003,0071,000,0149,"Small Business SE"
026,064,-003,0071,000,0149,"Small Business SE"
026,024,-003,0051,000,0150,"Small Business NE"
026,027,-003,0051,000,0150,"Small Business NE"
026,124,-003,0051,000,0150,"Small Business NE"
026,047,0027,0076,000,0565,"Stripmall A SE"
026,041,-003,0032,000,0669,"Office 2_a3"
026,021,0001,0040,000,0676,"Office 1b_a3"
026,043,0018,0047,000,0144,"Small Office Building NE"
026,066,0018,0047,000,0144,"Small Office Building NE"
026,126,0012,0059,000,0146,"Small Office Building SE"
026,321,-031,0041,000,0589,"Urban Train station SE"
026,301,-028,0041,000,0589,"Urban Train station SE"
026,281,-023,0038,000,0589,"Urban Train station SE"
026,262,0032,0041,000,0590,"Urban Train station SW"
026,263,0041,0046,000,0590,"Urban Train station SW"
026,264,0048,0051,000,0590,"Urban Train station SW"
026,325,0039,0090,000,0591,"Urban Train station NW"
026,305,0043,0089,000,0591,"Urban Train station NW"
026,285,0048,0085,000,0591,"Urban Train station NW"
026,184,0021,0055,000,0386,"Parking Garage SE"
026,204,0021,0055,000,0386,"Parking Garage SE"
026,224,0001,0075,000,0387,"Parking Garage SW"
026,222,0001,0075,000,0387,"Parking Garage SW"
026,221,0001,0075,000,0387,"Parking Garage SW"
026,181,-002,0089,000,0666,"Office 1_a4"
026,223,0002,0021,000,0669,"Office 2_a3"
026,183,-030,0038,000,0671,"Office 3_a2"
026,141,-009,0073,000,0566,"Stripmall A SW"
026,121,-003,0071,000,0149,"Small Business SE"
026,144,-003,0071,000,0149,"Small Business SE"
026,143,0015,0069,000,0155,"Modern Office Building SW"
026,120,0028,0085,000,0535,"Supply Container SW"
026,089,-001,0041,000,0676,"Office 1b_a3"
026,090,-013,0077,000,0551,"Large Office Building A"
026,129,-009,0077,000,0665,"Office 1_a3"
026,169,0057,0071,000,0666,"Office 1_a4"
026,130,0007,0029,000,0667,"Office 2_a1"
026,131,0000,0030,000,0669,"Office 2_a3"
026,132,0006,0060,000,0672,"Office 3_a3"
026,134,-063,0046,000,0663,"Office 1_a1"
026,135,0000,0031,000,0675,"Office 1b_a4"
026,189,-001,0103,000,0663,"Office 1_a1"
026,233,0001,0013,000,0670,"Office 3_a1"
026,230,-005,0067,000,0551,"Large Office Building A"
026,191,0003,0060,000,0520,"Water Fountain"
026,171,0000,0068,000,0520,"Water Fountain"
026,194,0002,0057,000,0520,"Water Fountain"
026,174,0002,0059,000,0520,"Water Fountain"
026,171,0015,0112,000,0212,"Medium Tree"
026,172,-013,0089,000,0212,"Medium Tree"
026,192,0010,0079,000,0212,"Medium Tree"
026,192,-013,0019,000,0212,"Medium Tree"
026,193,-006,0041,000,0212,"Medium Tree"
026,172,-010,0062,000,0212,"Medium Tree"
026,193,-061,0058,000,0212,"Medium Tree"
026,174,-066,0071,000,0212,"Medium Tree"
026,193,0064,0041,000,0212,"Medium Tree"
026,193,0032,0059,000,0212,"Medium Tree"
026,173,0034,0055,000,0212,"Medium Tree"
026,173,-028,0042,000,0212,"Medium Tree"
026,173,0031,0033,000,0212,"Medium Tree"
026,173,0057,0069,000,0212,"Medium Tree"
026,172,-066,0048,000,0212,"Medium Tree"
026,172,-036,0084,000,0212,"Medium Tree"
026,193,0027,0028,000,0212,"Medium Tree"
026,192,0031,0043,000,0212,"Medium Tree"
026,193,0021,0016,000,0212,"Medium Tree"
026,171,-071,0080,000,0212,"Medium Tree"
026,192,-031,0073,000,0212,"Medium Tree"
026,172,0044,0070,000,0212,"Medium Tree"
026,171,0071,0059,000,0212,"Medium Tree"
026,193,-005,0100,000,0212,"Medium Tree"
026,194,-059,0061,000,0212,"Medium Tree"
026,194,0072,0063,000,0212,"Medium Tree"
026,231,0033,0052,000,0672,"Office 3_a3"
026,234,0036,0051,000,0678,"Office 2b_a1"
026,155,-002,0023,000,0669,"Office 2_a3"
026,187,-003,0071,128,0149,"Small Business SE"
026,146,0016,0047,128,0148,"Small Business NW"
026,227,0015,0069,128,0155,"Modern Office Building SW"
026,147,-012,0067,128,0153,"Modern Office Building SE"
026,226,0000,0067,000,0632,"Fast Food SW"
026,186,-011,0092,000,0551,"Large Office Building A"
026,207,0030,0087,000,0567,"Stripmall B SE"
026,294,0011,0095,128,0366,"Waste Processor NW"
026,293,0011,0095,128,0366,"Waste Processor NW"
026,288,0006,0065,128,0347,"Factory SE"
026,328,0006,0065,128,0347,"Factory SE"
026,292,-009,0075,128,0348,"Factory SW"
026,308,0001,0065,128,0338,"Industrial Plant SE"
026,388,0001,0065,128,0338,"Industrial Plant SE"
026,348,-019,0060,128,0283,"Long Barn SE"
026,368,-019,0060,128,0283,"Long Barn SE"
026,290,0027,0064,128,0286,"Small Barn SW"
026,291,0027,0064,128,0286,"Small Barn SW"
026,390,0007,0060,128,0288,"Large Barn SW"
026,391,0007,0060,128,0288,"Large Barn SW"
026,334,0007,0060,128,0287,"Large Barn SE"
026,350,0006,0085,160,0129,"Twin Silos NE (w/underlay)"
026,330,0006,0085,160,0129,"Twin Silos NE (w/underlay)"
026,310,0006,0085,160,0129,"Twin Silos NE (w/underlay)"
026,096,0015,0069,000,0155,"Modern Office Building SW"
026,097,-002,0065,000,0151,"Small Business SW"
026,279,0004,0067,000,0623,"City Hall"
026,258,0003,0052,000,0520,"Water Fountain"
026,298,0003,0055,000,0520,"Water Fountain"
026,257,0018,0047,000,0144,"Small Office Building NE"
026,297,0016,0047,000,0148,"Small Business NW"
026,337,-014,0074,000,0566,"Stripmall A SW"
026,338,-016,0073,000,0568,"Stripmall B SW"
026,339,-017,0071,000,0570,"Stripmall C SW"
026,157,0010,0065,000,0665,"Office 1_a3"
026,137,0003,0024,000,0667,"Office 2_a1"
026,139,-004,0021,000,0668,"Office 2_a2"
026,159,0001,0018,000,0669,"Office 2_a3"
026,217,0033,0060,000,0673,"Office 3_a4"
026,138,0007,0040,000,0674,"Office 1b_a1"
026,198,0004,0040,000,0675,"Office 1b_a4"
026,197,0005,0031,000,0675,"Office 1b_a4"
026,219,-001,0035,000,0676,"Office 1b_a3"
026,199,0000,0032,000,0677,"Office 1b_a2"
026,099,0000,0077,000,0635,"House (w/animating pool) NW"
026,377,0007,0023,000,0275,"Streetlamp NE"
026,378,0009,0020,000,0275,"Streetlamp NE"
026,379,0007,0020,000,0275,"Streetlamp NE"
026,217,-102,0060,000,0278,"Streetlamp NW"
026,277,-002,0004,000,0278,"Streetlamp NW"
026,317,-002,0008,000,0278,"Streetlamp NW"
026,115,0002,0006,000,0277,"Streetlamp SW"
026,113,0002,0004,000,0277,"Streetlamp SW"
026,111,0008,0008,000,0277,"Streetlamp SW"
026,118,-004,0006,000,0277,"Streetlamp SW"
026,179,-002,0006,000,0277,"Streetlamp SW"
026,176,0006,0008,000,0276,"Streetlamp SE"
026,255,-094,0070,000,0275,"Streetlamp NE"
026,252,-096,0066,000,0275,"Streetlamp NE"
026,250,-092,0064,000,0275,"Streetlamp NE"
026,248,-092,0066,000,0275,"Streetlamp NE"
026,165,-096,0068,000,0275,"Streetlamp NE"
026,125,0018,0012,000,0275,"Streetlamp NE"
026,008,-088,0058,000,0275,"Streetlamp NE"
026,187,0102,0064,000,0276,"Streetlamp SE"
026,127,0100,0064,000,0276,"Streetlamp SE"
026,265,0096,0062,000,0276,"Streetlamp SE"
026,225,0012,0008,000,0276,"Streetlamp SE"
026,200,-094,0068,000,0276,"Streetlamp SE"
026,122,0006,0010,000,0276,"Streetlamp SE"
026,142,-092,0066,000,0276,"Streetlamp SE"
026,082,0006,0012,000,0276,"Streetlamp SE"
026,022,-094,0070,000,0276,"Streetlamp SE"
026,065,-092,0068,000,0276,"Streetlamp SE"
026,045,0014,0010,000,0276,"Streetlamp SE"
026,166,0076,0054,000,0277,"Streetlamp SW"
026,105,0098,0060,000,0277,"Streetlamp SW"
026,103,0106,0062,000,0277,"Streetlamp SW"
026,003,0004,0008,000,0277,"Streetlamp SW"
026,006,0000,0008,000,0277,"Streetlamp SW"
026,048,0004,0120,000,0278,"Streetlamp NW"
026,108,0104,0062,000,0278,"Streetlamp NW"
026,229,-002,0002,000,0278,"Streetlamp NW"
026,320,0014,0008,000,0276,"Streetlamp SE"
026,260,0006,0008,000,0276,"Streetlamp SE"
026,261,0008,0018,000,0275,"Streetlamp NE"
026,267,-108,0062,000,0278,"Streetlamp NW"
026,307,-102,0060,000,0278,"Streetlamp NW"
026,367,-106,0060,000,0278,"Streetlamp NW"
026,336,0008,0008,000,0276,"Streetlamp SE"
026,058,0012,0031,000,0269,"Barricade A \"
026,058,0058,0056,000,0269,"Barricade A \"
026,396,0000,0064,000,0692,"Large Northeast Gate"
026,080,0003,0074,000,0536,"Container Stack SE"
026,061,-023,0082,000,0145,"Small Office Building SW"
026,100,0045,0047,000,0269,"Barricade A \"
026,081,-073,0064,000,0270,"Barricade B /"
026,081,-022,0034,000,0270,"Barricade B /"
027,014,-023,0082,000,0145,"Small Office Building SW"
027,054,0015,0069,000,0155,"Modern Office Building SW"
027,034,-003,0071,000,0149,"Small Business SE"
027,016,0000,0036,000,0675,"Office 1b_a4"
027,036,-001,0077,000,0551,"Large Office Building A"
027,017,0000,0027,000,0668,"Office 2_a2"
027,018,0006,0030,000,0669,"Office 2_a3"
027,056,-002,0062,000,0670,"Office 3_a1"
027,038,-034,0042,000,0673,"Office 3_a4"
027,078,0002,0012,000,0666,"Office 1_a4"
027,187,-006,0058,000,0634,"House (w/animating pool) SW"
027,147,0022,0066,000,0637,"House (w/animating pool) SE"
027,091,0004,0062,000,0637,"House (w/animating pool) SE"
027,190,0000,0076,000,0635,"House (w/animating pool) NW"
027,229,-002,0066,000,0637,"House (w/animating pool) SE"
027,190,-014,0009,000,0208,"Big Tree"
027,169,0039,0043,000,0208,"Big Tree"
027,149,-047,0093,000,0208,"Big Tree"
027,169,0048,0068,000,0208,"Big Tree"
027,169,-079,0075,000,0208,"Big Tree"
027,168,0074,0069,000,0208,"Big Tree"
027,169,-042,0025,000,0208,"Big Tree"
027,110,0017,0054,000,0208,"Big Tree"
027,111,-053,0070,000,0208,"Big Tree"
027,111,-019,0055,000,0208,"Big Tree"
027,110,-044,0095,000,0208,"Big Tree"
027,130,-068,0050,000,0208,"Big Tree"
027,130,0040,0069,000,0208,"Big Tree"
027,109,-003,0057,000,0637,"House (w/animating pool) SE"
027,231,-023,0033,000,0208,"Big Tree"
027,230,0031,0086,000,0208,"Big Tree"
027,230,0004,0065,000,0208,"Big Tree"
027,191,-001,0025,000,0208,"Big Tree"
027,170,0045,0060,000,0208,"Big Tree"
027,208,0075,0064,000,0208,"Big Tree"
027,209,0024,0044,000,0208,"Big Tree"
027,209,-015,0017,000,0208,"Big Tree"
027,189,-055,0054,000,0208,"Big Tree"
027,189,-027,0062,000,0208,"Big Tree"
027,188,0032,0107,000,0208,"Big Tree"
027,207,-002,0113,000,0208,"Big Tree"
027,228,0078,0072,000,0208,"Big Tree"
027,228,0016,0043,000,0208,"Big Tree"
027,207,0047,0088,000,0208,"Big Tree"
027,207,0077,0081,000,0208,"Big Tree"
027,208,-046,0051,000,0208,"Big Tree"
027,128,0024,0085,000,0208,"Big Tree"
027,129,-044,0076,000,0208,"Big Tree"
027,148,0085,0050,000,0208,"Big Tree"
027,129,-061,0051,000,0208,"Big Tree"
027,129,-056,0064,000,0208,"Big Tree"
027,128,0006,0012,000,0208,"Big Tree"
027,131,-005,0056,000,0208,"Big Tree"
027,167,0012,0093,000,0208,"Big Tree"
027,168,-044,0030,000,0208,"Big Tree"
027,094,0030,0086,000,0565,"Stripmall A SE"
027,114,0031,0084,000,0567,"Stripmall B SE"
027,134,0034,0082,000,0569,"Stripmall C SE"
027,154,-023,0082,000,0145,"Small Office Building SW"
027,356,-002,0065,000,0151,"Small Business SW"
027,118,-003,0071,000,0149,"Small Business SE"
027,218,-003,0071,000,0149,"Small Business SE"
027,316,0018,0047,000,0144,"Small Office Building NE"
027,116,0018,0047,000,0144,"Small Office Building NE"
027,298,-023,0082,000,0145,"Small Office Building SW"
027,138,-023,0082,000,0145,"Small Office Building SW"
027,176,0017,0053,000,0152,"Modern Office Building NW"
027,136,0017,0053,000,0152,"Modern Office Building NW"
027,278,-012,0067,000,0153,"Modern Office Building SE"
027,178,-012,0067,000,0153,"Modern Office Building SE"
027,214,-012,0067,000,0153,"Modern Office Building SE"
027,294,-012,0067,000,0153,"Modern Office Building SE"
027,156,0016,0047,000,0148,"Small Business NW"
027,318,-003,0071,000,0149,"Small Business SE"
027,158,-002,0023,000,0667,"Office 2_a1"
027,216,-001,0022,000,0668,"Office 2_a2"
027,196,-001,0020,000,0669,"Office 2_a3"
027,338,0000,0019,000,0669,"Office 2_a3"
027,357,0009,0023,000,0670,"Office 3_a1"
027,358,-023,0082,000,0145,"Small Office Building SW"
027,336,0017,0053,000,0152,"Modern Office Building NW"
027,236,0003,0028,000,0675,"Office 1b_a4"
027,256,0000,0079,000,0551,"Large Office Building A"
027,276,0017,0053,000,0152,"Modern Office Building NW"
027,258,-001,0031,000,0676,"Office 1b_a3"
027,198,0004,0041,000,0676,"Office 1b_a3"
027,296,0007,0047,000,0674,"Office 1b_a1"
027,238,0012,0047,000,0674,"Office 1b_a1"
027,334,0006,0066,000,0631,"Fast Food SE"
027,314,-023,0082,000,0145,"Small Office Building SW"
027,354,0015,0069,000,0155,"Modern Office Building SW"
027,274,0034,0075,000,0565,"Stripmall A SE"
027,254,0031,0078,000,0569,"Stripmall C SE"
027,194,0006,0025,000,0667,"Office 2_a1"
027,320,-017,0070,000,0570,"Stripmall C SW"
027,120,-054,0071,000,0663,"Office 1_a1"
027,180,-006,0046,000,0672,"Office 3_a3"
027,200,0015,0069,000,0155,"Modern Office Building SW"
027,080,-001,0070,000,0635,"House (w/animating pool) NW"
027,081,0002,0071,000,0635,"House (w/animating pool) NW"
027,142,0018,0047,000,0144,"Small Office Building NE"
027,143,-023,0082,000,0145,"Small Office Building SW"
027,123,-023,0082,000,0145,"Small Office Building SW"
027,122,0012,0059,000,0146,"Small Office Building SE"
027,145,0017,0053,000,0152,"Modern Office Building NW"
027,165,0002,0017,000,0667,"Office 2_a1"
027,202,0002,0029,000,0667,"Office 2_a1"
027,203,0002,0020,000,0668,"Office 2_a2"
027,245,0000,0021,000,0668,"Office 2_a2"
027,182,0000,0023,000,0669,"Office 2_a3"
027,205,0000,0020,000,0669,"Office 2_a3"
027,242,-011,0075,000,0671,"Office 3_a2"
027,283,-006,0033,000,0673,"Office 3_a4"
027,225,0016,0047,160,0148,"Small Business NW"
027,185,0017,0053,160,0152,"Modern Office Building NW"
027,265,0012,0059,160,0146,"Small Office Building SE"
027,285,0015,0069,160,0155,"Modern Office Building SW"
027,323,-012,0067,000,0153,"Modern Office Building SE"
027,183,0017,0044,000,0674,"Office 1b_a1"
027,305,0001,0027,000,0675,"Office 1b_a4"
027,325,-001,0028,000,0676,"Office 1b_a3"
027,342,0007,0061,000,0632,"Fast Food SW"
027,360,0003,0013,000,0275,"Streetlamp NE"
027,301,0010,0006,000,0276,"Streetlamp SE"
027,241,0008,0010,000,0276,"Streetlamp SE"
027,141,-096,0068,000,0276,"Streetlamp SE"
027,184,0014,0008,000,0276,"Streetlamp SE"
027,224,0008,0008,000,0276,"Streetlamp SE"
027,124,0000,0006,000,0276,"Streetlamp SE"
027,264,0008,0008,000,0276,"Streetlamp SE"
027,324,0008,0006,000,0276,"Streetlamp SE"
027,302,-100,0062,000,0278,"Streetlamp NW"
027,222,0000,0000,000,0278,"Streetlamp NW"
027,101,-002,0004,000,0277,"Streetlamp SW"
027,162,0104,0062,000,0277,"Streetlamp SW"
027,102,0104,0064,000,0277,"Streetlamp SW"
027,315,0012,0008,000,0276,"Streetlamp SE"
027,255,0014,0008,000,0276,"Streetlamp SE"
027,195,0008,0008,000,0276,"Streetlamp SE"
027,135,0008,0008,000,0276,"Streetlamp SE"
027,075,0010,0012,000,0276,"Streetlamp SE"
027,099,0006,0010,000,0276,"Streetlamp SE"
027,139,0012,0012,000,0276,"Streetlamp SE"
027,159,-094,0070,000,0276,"Streetlamp SE"
027,219,0012,0010,000,0276,"Streetlamp SE"
027,259,0008,0008,000,0276,"Streetlamp SE"
027,299,0010,0008,000,0276,"Streetlamp SE"
027,359,0006,0008,000,0276,"Streetlamp SE"
027,298,-002,0004,000,0278,"Streetlamp NW"
027,218,-084,0052,000,0278,"Streetlamp NW"
027,118,-106,0064,000,0278,"Streetlamp NW"
027,039,0004,0118,000,0278,"Streetlamp NW"
027,280,0034,0076,000,0520,"Water Fountain"
027,240,0033,0078,000,0520,"Water Fountain"
028,160,-003,0071,000,0395,"Two-Flat Home SE (centered)"
028,180,-003,0071,000,0395,"Two-Flat Home SE (centered)"
028,200,-003,0071,000,0395,"Two-Flat Home SE (centered)"
028,220,-003,0071,000,0395,"Two-Flat Home SE (centered)"
028,240,-003,0071,000,0395,"Two-Flat Home SE (centered)"
028,260,-003,0071,000,0395,"Two-Flat Home SE (centered)"
028,280,-003,0071,000,0395,"Two-Flat Home SE (centered)"
028,300,-003,0071,000,0395,"Two-Flat Home SE (centered)"
028,140,-003,0071,000,0395,"Two-Flat Home SE (centered)"
028,360,-003,0071,000,0395,"Two-Flat Home SE (centered)"
028,340,-003,0071,000,0395,"Two-Flat Home SE (centered)"
028,120,-003,0071,000,0395,"Two-Flat Home SE (centered)"
028,100,-003,0071,000,0395,"Two-Flat Home SE (centered)"
028,101,-003,0051,000,0396,"Two-Flat Home NE (centered)"
028,001,-008,0084,000,0551,"Large Office Building A"
028,041,0005,0054,000,0663,"Office 1_a1"
028,060,0000,0062,000,0664,"Office 1_a2"
028,020,0000,0019,000,0668,"Office 2_a2"
028,000,0000,0025,000,0669,"Office 2_a3"
028,035,0000,0022,000,0649,"Debris B"
028,056,0001,0024,000,0650,"Debris C"
028,036,0075,0066,000,0650,"Debris C"
028,036,0003,0026,000,0650,"Debris C"
028,035,0000,0067,000,0651,"Debris D"
028,036,0009,0067,000,0651,"Debris D"
028,017,-070,0061,000,0651,"Debris D"
028,011,0018,0047,000,0144,"Small Office Building NE"
028,032,-012,0067,000,0153,"Modern Office Building SE"
028,028,0015,0069,000,0155,"Modern Office Building SW"
028,007,0016,0047,000,0148,"Small Business NW"
028,031,0016,0047,000,0148,"Small Business NW"
028,012,-003,0071,000,0149,"Small Business SE"
028,027,-002,0065,000,0151,"Small Business SW"
028,009,0022,0076,000,0565,"Stripmall A SE"
028,025,-002,0065,000,0397,"Two-Flat Home NW (centered)"
028,005,-002,0065,000,0397,"Two-Flat Home NW (centered)"
028,023,-003,0071,000,0395,"Two-Flat Home SE (centered)"
028,003,-003,0071,000,0395,"Two-Flat Home SE (centered)"
028,004,-003,0051,000,0396,"Two-Flat Home NE (centered)"
028,024,0016,0047,000,0394,"Two-Flat Home SW (centered)"
028,051,0002,0014,000,0277,"Streetlamp SW"
028,049,0001,0017,000,0277,"Streetlamp SW"
028,046,0087,0066,000,0277,"Streetlamp SW"
028,052,-001,0113,000,0275,"Streetlamp NE"
028,050,-070,0068,000,0275,"Streetlamp NE"
028,120,-090,0060,000,0278,"Streetlamp NW"
028,280,-076,0062,000,0278,"Streetlamp NW"
032,135,0001,0066,000,0638,"Main Generator"
032,195,0012,0050,000,0638,"Main Generator"
032,199,0000,0065,000,0638,"Main Generator"
032,015,-001,0060,000,0409,"Missile Turret"
032,095,-001,0060,000,0409,"Missile Turret"
032,017,-001,0060,000,0409,"Missile Turret"
032,018,-001,0060,000,0409,"Missile Turret"
032,019,-001,0060,000,0409,"Missile Turret"
032,055,-002,0060,000,0707,"Large Gate Control NE"
032,057,0005,0061,000,0309,"Geodesic Dome R3"
032,056,0005,0061,000,0309,"Geodesic Dome R3"
032,058,0003,0052,000,0293,"Command Station (no underlay) SE"
032,059,0004,0069,000,0488,"Support Building"
032,179,-001,0076,000,0537,"Container Stack SW"
033,124,0001,0068,000,0638,"Main Generator"
033,184,0002,0056,000,0638,"Main Generator"
033,180,0001,0053,000,0469,"Turret Control"
033,000,-001,0060,000,0409,"Missile Turret"
033,001,-001,0060,000,0409,"Missile Turret"
033,002,-001,0060,000,0409,"Missile Turret"
033,003,-001,0060,000,0409,"Missile Turret"
033,004,-001,0060,000,0409,"Missile Turret"
033,084,-001,0060,000,0409,"Missile Turret"
033,063,0000,0064,000,0692,"Large Northeast Gate"
033,040,0001,0075,000,0340,"Pumping Station NW"
033,041,0001,0075,000,0340,"Pumping Station NW"
033,042,-014,0080,000,0345,"Purification Plant NE"
033,044,0005,0061,000,0307,"Geodesic Dome R1"
033,102,0023,0080,000,0707,"Large Gate Control NE"
END
