Blk,Vtx,XPOf,YPOf,Dm,ObjN,ObjectName
013,014,-001,0060,000,0409,"Missile Turret"
013,054,-001,0060,000,0409,"Missile Turret"
013,074,-001,0060,000,0409,"Missile Turret"
013,114,-001,0060,000,0409,"Missile Turret"
013,118,-001,0060,000,0409,"Missile Turret"
013,078,-001,0060,000,0409,"Missile Turret"
013,058,-001,0060,000,0409,"Missile Turret"
013,018,-001,0060,000,0409,"Missile Turret"
013,016,-001,0060,000,0409,"Missile Turret"
013,115,-001,0060,000,0409,"Missile Turret"
013,117,-001,0060,000,0409,"Missile Turret"
013,136,0000,0064,000,0693,"Large Southwest Gate"
013,036,0003,0063,000,0469,"Turret Control"
013,096,0001,0060,000,0705,"Large Gate Control SW"
013,056,0002,0069,000,0633,"Mech Repair Bay"
013,038,0001,0055,000,0296,"Command Station"
013,034,0005,0068,000,0488,"Support Building"
013,094,-032,0066,000,0575,"Tent (Mntn) R1"
013,094,0021,0044,000,0575,"Tent (Mntn) R1"
013,098,-035,0069,000,0575,"Tent (Mntn) R1"
013,098,0028,0053,000,0575,"Tent (Mntn) R1"
020,397,0012,0106,000,0212,"Medium Tree"
020,397,0013,0081,000,0212,"Medium Tree"
020,397,0023,0021,000,0212,"Medium Tree"
020,397,-059,0029,000,0212,"Medium Tree"
020,397,-040,0096,000,0212,"Medium Tree"
020,359,-037,0073,000,0212,"Medium Tree"
020,358,0002,0030,000,0212,"Medium Tree"
020,359,-044,0035,000,0212,"Medium Tree"
020,358,0038,0068,000,0212,"Medium Tree"
020,378,0081,0094,000,0212,"Medium Tree"
020,358,0047,0075,000,0212,"Medium Tree"
020,357,0059,0105,000,0212,"Medium Tree"
020,336,-001,0048,000,0212,"Medium Tree"
020,356,-015,0033,000,0212,"Medium Tree"
020,357,0007,0074,000,0212,"Medium Tree"
020,356,0053,0073,000,0212,"Medium Tree"
020,357,-016,0068,000,0212,"Medium Tree"
020,336,-010,0017,000,0212,"Medium Tree"
020,336,0016,0016,000,0212,"Medium Tree"
020,319,-045,0036,000,0212,"Medium Tree"
020,338,0067,0084,000,0212,"Medium Tree"
020,339,0000,0088,000,0212,"Medium Tree"
020,359,0040,0036,000,0212,"Medium Tree"
020,339,0041,0096,000,0212,"Medium Tree"
020,339,-005,0108,000,0212,"Medium Tree"
020,396,0014,0045,000,0216,"Small Tree"
020,397,-043,0021,000,0216,"Small Tree"
020,397,-062,0039,000,0216,"Small Tree"
020,397,-062,0061,000,0216,"Small Tree"
020,395,0061,0045,000,0216,"Small Tree"
020,377,0057,0072,000,0216,"Small Tree"
020,398,0025,0032,000,0216,"Small Tree"
020,377,0107,0065,000,0216,"Small Tree"
020,398,0070,0053,000,0216,"Small Tree"
020,377,0021,0064,000,0216,"Small Tree"
020,379,-083,0039,000,0216,"Small Tree"
020,398,-002,0005,000,0216,"Small Tree"
020,338,-030,0049,000,0216,"Small Tree"
020,337,0022,0063,000,0216,"Small Tree"
020,338,-068,0100,000,0216,"Small Tree"
020,337,0004,0070,000,0216,"Small Tree"
020,338,-005,0104,000,0216,"Small Tree"
020,337,0012,0041,000,0216,"Small Tree"
020,337,0078,0039,000,0216,"Small Tree"
020,299,-007,0160,000,0216,"Small Tree"
020,319,0031,0112,000,0216,"Small Tree"
020,319,0013,0061,000,0216,"Small Tree"
020,319,0068,0077,000,0216,"Small Tree"
020,355,0092,0024,000,0216,"Small Tree"
020,356,-050,0034,000,0216,"Small Tree"
020,377,0014,0010,000,0216,"Small Tree"
020,354,0034,0058,000,0216,"Small Tree"
020,356,0054,0070,000,0216,"Small Tree"
020,355,0012,0042,000,0216,"Small Tree"
020,339,0032,0151,000,0220,"Big Bushy Tree"
020,338,0007,0095,000,0220,"Big Bushy Tree"
020,339,-022,0091,000,0220,"Big Bushy Tree"
020,339,-035,0033,000,0220,"Big Bushy Tree"
020,379,0013,0115,000,0220,"Big Bushy Tree"
020,399,0056,0069,000,0220,"Big Bushy Tree"
020,378,0053,0104,000,0220,"Big Bushy Tree"
020,316,-023,0050,000,0220,"Big Bushy Tree"
020,316,0032,0056,000,0220,"Big Bushy Tree"
020,337,0053,0059,000,0220,"Big Bushy Tree"
020,336,0068,0054,000,0220,"Big Bushy Tree"
020,337,-026,0028,000,0220,"Big Bushy Tree"
020,337,-074,0042,000,0220,"Big Bushy Tree"
020,337,-011,0083,000,0220,"Big Bushy Tree"
020,318,-013,0003,000,0220,"Big Bushy Tree"
020,318,-018,0012,000,0220,"Big Bushy Tree"
020,297,0006,0064,000,0220,"Big Bushy Tree"
020,297,0036,0021,000,0220,"Big Bushy Tree"
020,297,0011,0038,000,0220,"Big Bushy Tree"
020,338,0054,0063,000,0220,"Big Bushy Tree"
020,298,-056,0059,000,0220,"Big Bushy Tree"
020,376,0007,0065,000,0220,"Big Bushy Tree"
020,376,0076,0047,000,0220,"Big Bushy Tree"
020,376,0009,0032,000,0220,"Big Bushy Tree"
020,356,-043,0073,000,0220,"Big Bushy Tree"
020,376,-018,0015,000,0220,"Big Bushy Tree"
020,376,-070,0027,000,0220,"Big Bushy Tree"
020,397,-069,0064,000,0220,"Big Bushy Tree"
020,377,0000,0080,000,0220,"Big Bushy Tree"
020,377,-044,0039,000,0220,"Big Bushy Tree"
020,377,-073,0030,000,0220,"Big Bushy Tree"
020,398,-007,0030,000,0220,"Big Bushy Tree"
020,373,0010,0066,000,0220,"Big Bushy Tree"
020,355,-104,0020,000,0220,"Big Bushy Tree"
020,394,0052,0052,000,0220,"Big Bushy Tree"
020,294,-046,0034,000,0220,"Big Bushy Tree"
020,294,0016,0040,000,0220,"Big Bushy Tree"
020,314,0044,0032,000,0220,"Big Bushy Tree"
020,313,-010,0034,000,0220,"Big Bushy Tree"
020,315,-066,0068,000,0220,"Big Bushy Tree"
020,314,-046,0062,000,0220,"Big Bushy Tree"
020,335,0076,0038,000,0220,"Big Bushy Tree"
020,256,-060,0026,000,0220,"Big Bushy Tree"
020,277,-052,0064,000,0220,"Big Bushy Tree"
020,317,0028,0020,000,0220,"Big Bushy Tree"
020,234,0006,0060,000,0220,"Big Bushy Tree"
020,235,-024,0048,000,0220,"Big Bushy Tree"
020,296,0068,0066,000,0220,"Big Bushy Tree"
020,255,-082,0052,000,0220,"Big Bushy Tree"
020,279,-054,0062,000,0220,"Big Bushy Tree"
020,279,0066,0082,000,0220,"Big Bushy Tree"
020,299,0004,0138,000,0220,"Big Bushy Tree"
020,258,-018,0020,000,0220,"Big Bushy Tree"
020,216,0020,0042,000,0220,"Big Bushy Tree"
020,174,0004,0068,000,0220,"Big Bushy Tree"
020,194,-008,0060,000,0220,"Big Bushy Tree"
020,236,0000,0100,000,0220,"Big Bushy Tree"
020,175,-018,0078,000,0220,"Big Bushy Tree"
020,237,-002,0014,000,0220,"Big Bushy Tree"
020,214,0042,0070,000,0220,"Big Bushy Tree"
020,334,-094,0018,000,0216,"Small Tree"
020,354,-074,0042,000,0216,"Small Tree"
020,312,-074,0028,000,0216,"Small Tree"
020,312,0010,0062,000,0216,"Small Tree"
020,374,0046,0036,000,0216,"Small Tree"
020,332,-004,0058,000,0216,"Small Tree"
020,352,-036,0062,000,0216,"Small Tree"
020,371,0014,0064,000,0216,"Small Tree"
020,392,-008,0038,000,0216,"Small Tree"
020,389,0060,0060,000,0216,"Small Tree"
020,369,0016,0106,000,0216,"Small Tree"
020,259,0106,0062,000,0216,"Small Tree"
020,259,0052,0048,000,0216,"Small Tree"
021,361,-017,0006,000,0212,"Medium Tree"
021,361,-029,0024,000,0212,"Medium Tree"
021,360,0016,0049,000,0212,"Medium Tree"
021,381,-011,0024,000,0212,"Medium Tree"
021,340,0012,0111,000,0212,"Medium Tree"
021,360,0058,0067,000,0212,"Medium Tree"
021,361,-070,0020,000,0212,"Medium Tree"
021,320,-027,0030,000,0212,"Medium Tree"
021,383,0028,0070,000,0212,"Medium Tree"
021,383,0000,0042,000,0212,"Medium Tree"
021,383,-005,0007,000,0212,"Medium Tree"
021,382,-008,0088,000,0212,"Medium Tree"
021,382,0064,0123,000,0212,"Medium Tree"
021,382,0007,0087,000,0212,"Medium Tree"
021,382,0008,0023,000,0212,"Medium Tree"
021,362,0008,0067,000,0212,"Medium Tree"
021,362,0006,0052,000,0212,"Medium Tree"
021,382,-036,0095,000,0216,"Small Tree"
021,320,0086,0088,000,0216,"Small Tree"
021,341,0042,0091,000,0216,"Small Tree"
021,321,0023,0014,000,0216,"Small Tree"
021,321,-022,0042,000,0216,"Small Tree"
021,320,0068,0110,000,0216,"Small Tree"
021,341,0043,0107,000,0216,"Small Tree"
021,321,0044,0064,000,0216,"Small Tree"
021,300,-049,0080,000,0216,"Small Tree"
021,300,0034,0074,000,0216,"Small Tree"
021,365,-048,0040,000,0216,"Small Tree"
021,364,-062,0032,000,0216,"Small Tree"
021,363,-014,0052,000,0216,"Small Tree"
021,383,0002,0048,000,0216,"Small Tree"
021,384,-048,0050,000,0216,"Small Tree"
021,363,0048,0066,000,0216,"Small Tree"
021,362,0020,0034,000,0216,"Small Tree"
021,302,0010,0052,000,0216,"Small Tree"
021,321,-012,0008,000,0216,"Small Tree"
021,344,-032,0020,000,0216,"Small Tree"
021,322,-020,0018,000,0216,"Small Tree"
021,322,0022,0062,000,0216,"Small Tree"
021,343,0014,0032,000,0216,"Small Tree"
021,322,0034,0084,000,0216,"Small Tree"
021,340,0000,0039,000,0220,"Big Bushy Tree"
021,340,-005,0054,000,0220,"Big Bushy Tree"
021,340,-013,0084,000,0220,"Big Bushy Tree"
021,340,0011,0058,000,0220,"Big Bushy Tree"
021,320,-007,0078,000,0220,"Big Bushy Tree"
021,361,0028,0072,000,0220,"Big Bushy Tree"
021,361,0001,0049,000,0220,"Big Bushy Tree"
021,341,-016,0048,000,0220,"Big Bushy Tree"
021,341,-026,0104,000,0220,"Big Bushy Tree"
021,341,-049,0062,000,0220,"Big Bushy Tree"
021,362,-051,0023,000,0220,"Big Bushy Tree"
021,362,0047,0084,000,0220,"Big Bushy Tree"
021,362,0066,0069,000,0220,"Big Bushy Tree"
021,363,-071,0055,000,0220,"Big Bushy Tree"
021,362,0023,0114,000,0220,"Big Bushy Tree"
021,363,-073,0084,000,0220,"Big Bushy Tree"
021,363,-017,0049,000,0220,"Big Bushy Tree"
021,343,-071,0039,000,0220,"Big Bushy Tree"
021,342,0015,0025,000,0220,"Big Bushy Tree"
021,342,-024,0045,000,0220,"Big Bushy Tree"
021,322,-050,0042,000,0220,"Big Bushy Tree"
021,343,-040,0028,000,0220,"Big Bushy Tree"
021,342,0013,0062,000,0220,"Big Bushy Tree"
021,380,-007,0021,000,0220,"Big Bushy Tree"
021,380,0015,0024,000,0220,"Big Bushy Tree"
021,380,0009,0018,000,0220,"Big Bushy Tree"
021,260,-054,0110,000,0220,"Big Bushy Tree"
021,260,0040,0106,000,0220,"Big Bushy Tree"
021,260,-074,0088,000,0220,"Big Bushy Tree"
021,282,0014,0104,000,0220,"Big Bushy Tree"
021,260,-042,0080,000,0220,"Big Bushy Tree"
021,281,0036,0054,000,0220,"Big Bushy Tree"
021,261,-094,0062,000,0220,"Big Bushy Tree"
021,261,-044,0070,000,0220,"Big Bushy Tree"
021,280,0068,0112,000,0220,"Big Bushy Tree"
021,387,0036,0100,000,0216,"Small Tree"
021,385,-040,0036,000,0216,"Small Tree"
021,365,-082,0026,000,0216,"Small Tree"
021,261,-024,0098,000,0216,"Small Tree"
021,240,-024,0082,000,0216,"Small Tree"
021,200,-056,0034,000,0216,"Small Tree"
021,261,0024,0092,000,0216,"Small Tree"
021,240,-028,0094,000,0216,"Small Tree"
021,220,-060,0024,000,0216,"Small Tree"
021,241,0008,0090,000,0216,"Small Tree"
021,261,-028,0106,000,0216,"Small Tree"
021,220,0004,0052,000,0216,"Small Tree"
021,200,0000,0054,000,0216,"Small Tree"
024,193,0025,0056,000,0208,"Big Tree"
024,193,0064,0076,000,0208,"Big Tree"
024,172,0007,0112,000,0208,"Big Tree"
024,194,-101,0044,000,0208,"Big Tree"
024,193,0053,0031,000,0208,"Big Tree"
024,173,-021,0096,000,0208,"Big Tree"
024,173,-001,0157,000,0208,"Big Tree"
024,174,0020,0009,000,0208,"Big Tree"
024,153,0000,0062,000,0208,"Big Tree"
024,154,-037,0082,000,0208,"Big Tree"
024,154,-036,0038,000,0208,"Big Tree"
024,174,0076,0016,000,0208,"Big Tree"
024,154,-017,0043,000,0208,"Big Tree"
024,153,0032,0040,000,0208,"Big Tree"
024,173,-020,0040,000,0208,"Big Tree"
024,172,0043,0021,000,0208,"Big Tree"
024,151,0053,0054,000,0208,"Big Tree"
024,151,0047,0096,000,0208,"Big Tree"
024,153,-048,0024,000,0208,"Big Tree"
024,152,0080,0065,000,0208,"Big Tree"
024,112,0025,0088,000,0208,"Big Tree"
024,113,0001,0022,000,0208,"Big Tree"
024,113,-018,0098,000,0208,"Big Tree"
024,113,-021,0105,000,0208,"Big Tree"
024,112,0010,0030,000,0208,"Big Tree"
024,092,0005,0099,000,0208,"Big Tree"
024,112,0052,0068,000,0208,"Big Tree"
024,132,0052,0109,000,0208,"Big Tree"
024,133,-031,0088,000,0208,"Big Tree"
024,132,0025,0114,000,0208,"Big Tree"
024,133,0025,0043,000,0208,"Big Tree"
024,155,-007,0044,000,0208,"Big Tree"
024,134,0007,0117,000,0208,"Big Tree"
024,155,-031,0088,000,0208,"Big Tree"
024,135,-027,0097,000,0208,"Big Tree"
024,155,0055,0079,000,0208,"Big Tree"
024,155,-032,0039,000,0208,"Big Tree"
024,156,-036,0023,000,0208,"Big Tree"
024,154,0030,0068,000,0208,"Big Tree"
024,154,0018,0018,000,0208,"Big Tree"
024,134,-032,0020,000,0208,"Big Tree"
024,133,0029,0077,000,0208,"Big Tree"
024,133,-039,0101,000,0208,"Big Tree"
024,173,0022,0124,000,0208,"Big Tree"
024,194,0013,0083,000,0208,"Big Tree"
024,195,-095,0089,000,0208,"Big Tree"
024,195,-023,0053,000,0208,"Big Tree"
024,192,0013,0077,000,0208,"Big Tree"
024,212,0052,0031,000,0208,"Big Tree"
024,234,0004,0020,000,0208,"Big Tree"
024,214,-028,0037,000,0208,"Big Tree"
024,234,0006,0045,000,0208,"Big Tree"
024,214,-032,0028,000,0208,"Big Tree"
024,111,-008,0097,000,0208,"Big Tree"
024,111,-006,0055,000,0208,"Big Tree"
024,132,-035,0046,000,0208,"Big Tree"
024,091,-071,0049,000,0208,"Big Tree"
024,131,0022,0067,000,0208,"Big Tree"
024,111,0002,0090,000,0208,"Big Tree"
024,111,-085,0064,000,0208,"Big Tree"
024,110,0000,0143,000,0208,"Big Tree"
024,110,-058,0101,000,0208,"Big Tree"
024,130,0091,0038,000,0208,"Big Tree"
024,110,-027,0086,000,0208,"Big Tree"
024,111,-066,0073,000,0208,"Big Tree"
024,110,0001,0092,000,0208,"Big Tree"
024,068,-006,0056,000,0208,"Big Tree"
024,090,-018,0038,000,0208,"Big Tree"
024,069,0002,0152,000,0208,"Big Tree"
024,067,0036,0062,000,0208,"Big Tree"
024,069,-042,0080,000,0208,"Big Tree"
024,068,0066,0072,000,0208,"Big Tree"
024,068,-026,0094,000,0208,"Big Tree"
024,089,-088,0078,000,0208,"Big Tree"
024,089,-044,0084,000,0208,"Big Tree"
024,088,0028,0052,000,0208,"Big Tree"
024,110,-016,0090,000,0208,"Big Tree"
024,110,0002,0024,000,0208,"Big Tree"
024,109,-042,0094,000,0208,"Big Tree"
024,129,-006,0106,000,0208,"Big Tree"
024,128,0068,0056,000,0208,"Big Tree"
024,108,0000,0090,000,0208,"Big Tree"
024,130,0068,0048,000,0208,"Big Tree"
024,108,0016,0090,000,0208,"Big Tree"
024,215,0074,0104,000,0208,"Big Tree"
024,216,-016,0112,000,0208,"Big Tree"
024,216,-036,0036,000,0208,"Big Tree"
024,236,0058,0042,000,0208,"Big Tree"
024,215,-016,0036,000,0208,"Big Tree"
024,256,0026,0026,000,0208,"Big Tree"
024,195,0054,0094,000,0208,"Big Tree"
024,218,0028,0068,000,0208,"Big Tree"
024,217,-016,0064,000,0208,"Big Tree"
024,197,-008,0058,000,0208,"Big Tree"
024,176,-032,0032,000,0208,"Big Tree"
024,156,0004,0114,000,0208,"Big Tree"
024,196,0014,0040,000,0208,"Big Tree"
024,176,0084,0052,000,0208,"Big Tree"
024,050,-028,0020,000,0208,"Big Tree"
024,050,0020,0066,000,0208,"Big Tree"
024,069,0044,0110,000,0208,"Big Tree"
024,071,0052,0038,000,0208,"Big Tree"
024,090,0014,0080,000,0208,"Big Tree"
024,070,-024,0096,000,0208,"Big Tree"
024,070,-008,0092,000,0208,"Big Tree"
028,395,0004,0117,000,0208,"Big Tree"
028,397,-018,0034,000,0208,"Big Tree"
028,397,-035,0048,000,0208,"Big Tree"
028,397,0016,0100,000,0208,"Big Tree"
028,397,0001,0069,000,0208,"Big Tree"
028,397,-033,0104,000,0208,"Big Tree"
028,376,0003,0121,000,0208,"Big Tree"
028,398,0025,0097,000,0208,"Big Tree"
028,399,-041,0085,000,0208,"Big Tree"
028,398,0013,0052,000,0208,"Big Tree"
028,398,-041,0039,000,0208,"Big Tree"
028,399,-037,0094,000,0208,"Big Tree"
028,397,0080,0049,000,0208,"Big Tree"
028,377,0059,0068,000,0208,"Big Tree"
028,376,0082,0056,000,0208,"Big Tree"
028,376,0092,0058,000,0208,"Big Tree"
028,378,-032,0051,000,0208,"Big Tree"
028,377,-028,0053,000,0208,"Big Tree"
028,377,0005,0021,000,0208,"Big Tree"
028,375,-032,0087,000,0208,"Big Tree"
028,375,0002,0095,000,0208,"Big Tree"
028,395,0096,0067,000,0208,"Big Tree"
028,375,-016,0015,000,0208,"Big Tree"
028,355,-034,0100,000,0208,"Big Tree"
028,335,-041,0096,000,0208,"Big Tree"
028,376,0054,0031,000,0208,"Big Tree"
028,355,0025,0044,000,0208,"Big Tree"
028,355,0030,0069,000,0208,"Big Tree"
028,355,-005,0056,000,0208,"Big Tree"
028,356,-038,0060,000,0208,"Big Tree"
028,353,-011,0116,000,0208,"Big Tree"
028,374,0007,0024,000,0208,"Big Tree"
028,374,-018,0054,000,0208,"Big Tree"
028,354,0032,0025,000,0208,"Big Tree"
028,313,0007,0119,000,0208,"Big Tree"
028,355,-030,0019,000,0208,"Big Tree"
028,334,-006,0102,000,0208,"Big Tree"
028,334,0014,0032,000,0208,"Big Tree"
028,334,-013,0043,000,0208,"Big Tree"
028,355,-049,0033,000,0208,"Big Tree"
028,354,-006,0049,000,0208,"Big Tree"
028,354,-045,0066,000,0208,"Big Tree"
028,354,0070,0056,000,0208,"Big Tree"
028,335,0055,0084,000,0208,"Big Tree"
028,336,0009,0032,000,0208,"Big Tree"
028,335,0052,0048,000,0208,"Big Tree"
028,335,0013,0065,000,0208,"Big Tree"
028,336,-073,0052,000,0208,"Big Tree"
028,315,-055,0072,000,0208,"Big Tree"
028,314,-060,0039,000,0208,"Big Tree"
028,335,-026,0041,000,0208,"Big Tree"
028,313,0008,0106,000,0208,"Big Tree"
028,376,0009,0041,000,0208,"Big Tree"
028,395,0028,0020,000,0208,"Big Tree"
028,353,0014,0035,000,0208,"Big Tree"
028,373,0020,0069,000,0208,"Big Tree"
028,373,0014,0106,000,0208,"Big Tree"
028,355,0101,0068,000,0208,"Big Tree"
028,375,0046,0040,000,0208,"Big Tree"
028,333,-010,0084,000,0208,"Big Tree"
028,333,-032,0107,000,0208,"Big Tree"
028,333,0027,0095,000,0208,"Big Tree"
028,131,-001,0074,000,0537,"Container Stack SW"
028,192,0000,0076,000,0279,"Gas Tank SE"
028,191,-001,0075,000,0279,"Gas Tank SE"
028,171,0000,0076,000,0279,"Gas Tank SE"
028,172,0000,0075,000,0279,"Gas Tank SE"
028,135,0001,0075,000,0280,"Gas Tank SW"
028,136,0000,0074,000,0280,"Gas Tank SW"
028,156,0000,0074,000,0280,"Gas Tank SW"
028,155,0000,0076,000,0280,"Gas Tank SW"
028,130,0001,0061,000,0562,"Quonset Hut (Grass) R2"
028,110,0003,0061,000,0562,"Quonset Hut (Grass) R2"
028,133,-002,0072,000,0562,"Quonset Hut (Grass) R2"
028,134,-046,0065,000,0562,"Quonset Hut (Grass) R2"
028,150,0005,0062,000,0561,"Quonset Hut (Grass) R1"
028,129,0018,0067,000,0561,"Quonset Hut (Grass) R1"
028,216,-001,0060,000,0409,"Missile Turret"
028,237,-001,0060,000,0409,"Missile Turret"
028,277,-001,0060,000,0409,"Missile Turret"
028,317,-001,0060,000,0409,"Missile Turret"
028,231,-001,0060,000,0409,"Missile Turret"
028,271,-001,0060,000,0409,"Missile Turret"
028,311,-001,0060,000,0409,"Missile Turret"
028,351,-001,0060,000,0409,"Missile Turret"
028,111,0005,0057,000,0469,"Turret Control"
029,019,-001,0067,000,0536,"Container Stack SE"
029,017,0048,0118,000,0212,"Medium Tree"
029,017,0062,0117,000,0212,"Medium Tree"
029,038,-045,0082,000,0212,"Medium Tree"
029,037,0008,0049,000,0212,"Medium Tree"
029,038,-049,0034,000,0212,"Medium Tree"
029,038,-037,0059,000,0212,"Medium Tree"
029,038,-005,0060,000,0212,"Medium Tree"
029,037,0004,0106,000,0212,"Medium Tree"
029,038,-009,0110,000,0212,"Medium Tree"
029,059,-046,0031,000,0212,"Medium Tree"
029,079,-020,0043,000,0212,"Medium Tree"
029,058,-027,0074,000,0212,"Medium Tree"
029,078,0092,0083,000,0212,"Medium Tree"
029,058,0005,0105,000,0212,"Medium Tree"
029,079,0012,0049,000,0212,"Medium Tree"
029,079,0029,0033,000,0212,"Medium Tree"
029,059,0106,0107,000,0212,"Medium Tree"
029,037,0030,0034,000,0212,"Medium Tree"
029,016,-021,0076,000,0212,"Medium Tree"
029,016,0021,0015,000,0212,"Medium Tree"
029,015,0062,0044,000,0212,"Medium Tree"
029,015,0055,0038,000,0212,"Medium Tree"
029,017,-072,0088,000,0212,"Medium Tree"
029,016,0031,0023,000,0212,"Medium Tree"
029,078,-001,0026,000,0212,"Medium Tree"
029,057,-037,0045,000,0212,"Medium Tree"
029,077,0026,0086,000,0212,"Medium Tree"
029,057,0000,0077,000,0212,"Medium Tree"
029,077,0013,0073,000,0212,"Medium Tree"
029,077,-015,0051,000,0212,"Medium Tree"
029,077,0022,0097,000,0212,"Medium Tree"
029,099,0013,0088,000,0212,"Medium Tree"
029,099,0028,0028,000,0216,"Small Tree"
029,078,-005,0115,000,0216,"Small Tree"
029,099,0037,0091,000,0216,"Small Tree"
029,079,-093,0056,000,0216,"Small Tree"
029,078,0060,0102,000,0216,"Small Tree"
029,098,-021,0088,000,0216,"Small Tree"
029,098,0045,0062,000,0216,"Small Tree"
029,098,0016,0082,000,0216,"Small Tree"
029,098,0056,0075,000,0216,"Small Tree"
029,098,-003,0115,000,0216,"Small Tree"
029,078,-072,0101,000,0216,"Small Tree"
029,036,-007,0054,000,0216,"Small Tree"
029,036,-026,0098,000,0216,"Small Tree"
029,037,-065,0091,000,0216,"Small Tree"
029,016,-062,0082,000,0216,"Small Tree"
029,035,0051,0036,000,0216,"Small Tree"
029,037,-040,0098,000,0216,"Small Tree"
029,036,-064,0091,000,0216,"Small Tree"
029,098,0038,0088,000,0216,"Small Tree"
029,097,-070,0082,000,0216,"Small Tree"
029,119,0002,0118,000,0216,"Small Tree"
029,119,-016,0020,000,0216,"Small Tree"
029,118,0014,0014,000,0216,"Small Tree"
029,118,0064,0050,000,0216,"Small Tree"
029,017,0000,0005,000,0220,"Big Bushy Tree"
029,016,0079,0022,000,0220,"Big Bushy Tree"
029,017,0013,0117,000,0220,"Big Bushy Tree"
029,017,-017,0099,000,0220,"Big Bushy Tree"
029,037,-054,0084,000,0220,"Big Bushy Tree"
029,016,-037,0087,000,0220,"Big Bushy Tree"
029,036,0027,0044,000,0220,"Big Bushy Tree"
029,036,0066,0074,000,0220,"Big Bushy Tree"
029,037,-005,0039,000,0220,"Big Bushy Tree"
029,036,-073,0062,000,0220,"Big Bushy Tree"
029,056,0066,0038,000,0220,"Big Bushy Tree"
029,055,0089,0053,000,0220,"Big Bushy Tree"
029,057,-043,0078,000,0220,"Big Bushy Tree"
029,035,0013,0073,000,0220,"Big Bushy Tree"
029,037,0013,0134,000,0220,"Big Bushy Tree"
029,058,0015,0082,000,0220,"Big Bushy Tree"
029,058,0026,0079,000,0220,"Big Bushy Tree"
029,058,0008,0053,000,0220,"Big Bushy Tree"
029,057,0022,0095,000,0220,"Big Bushy Tree"
029,037,0040,0114,000,0220,"Big Bushy Tree"
029,058,-083,0048,000,0220,"Big Bushy Tree"
029,077,-012,0094,000,0220,"Big Bushy Tree"
029,056,-096,0076,000,0220,"Big Bushy Tree"
029,056,0016,0088,000,0220,"Big Bushy Tree"
029,077,-038,0106,000,0220,"Big Bushy Tree"
029,077,-024,0043,000,0220,"Big Bushy Tree"
029,076,-016,0093,000,0220,"Big Bushy Tree"
029,099,-026,0042,000,0220,"Big Bushy Tree"
029,119,0088,0073,000,0220,"Big Bushy Tree"
029,098,-011,0115,000,0220,"Big Bushy Tree"
029,098,0013,0099,000,0220,"Big Bushy Tree"
029,098,0025,0112,000,0220,"Big Bushy Tree"
029,079,0092,0057,000,0220,"Big Bushy Tree"
029,139,0100,0040,000,0220,"Big Bushy Tree"
029,139,0038,0110,000,0220,"Big Bushy Tree"
029,119,-061,0103,000,0220,"Big Bushy Tree"
029,119,-043,0127,000,0220,"Big Bushy Tree"
029,138,0061,0079,000,0220,"Big Bushy Tree"
029,139,0083,0064,000,0220,"Big Bushy Tree"
029,119,-087,0094,000,0220,"Big Bushy Tree"
029,016,0016,0056,000,0220,"Big Bushy Tree"
029,017,0008,0034,000,0220,"Big Bushy Tree"
029,036,-056,0068,000,0216,"Small Tree"
029,054,0004,0024,000,0216,"Small Tree"
029,055,-026,0094,000,0216,"Small Tree"
029,015,-082,0052,000,0216,"Small Tree"
029,014,-044,0034,000,0216,"Small Tree"
029,035,0012,0068,000,0216,"Small Tree"
029,014,-038,0090,000,0216,"Small Tree"
029,054,0008,0054,000,0216,"Small Tree"
029,034,-038,0064,000,0216,"Small Tree"
029,093,0008,0040,000,0216,"Small Tree"
029,096,-054,0070,000,0216,"Small Tree"
029,074,0012,0034,000,0216,"Small Tree"
029,116,0080,0072,000,0216,"Small Tree"
029,116,0062,0036,000,0216,"Small Tree"
029,094,-056,0074,000,0216,"Small Tree"
029,155,0032,0026,000,0216,"Small Tree"
029,135,0072,0052,000,0216,"Small Tree"
029,156,-032,0052,000,0216,"Small Tree"
029,156,0030,0028,000,0216,"Small Tree"
029,135,-068,0074,000,0216,"Small Tree"
029,136,0026,0058,000,0216,"Small Tree"
029,115,0032,0066,000,0216,"Small Tree"
029,173,0090,0020,000,0216,"Small Tree"
029,154,0034,0052,000,0216,"Small Tree"
029,133,-032,0054,000,0216,"Small Tree"
029,175,-052,0068,000,0216,"Small Tree"
029,174,0014,0068,000,0216,"Small Tree"
029,133,0020,0068,000,0216,"Small Tree"
029,134,-088,0050,000,0216,"Small Tree"
029,217,0068,0082,000,0216,"Small Tree"
029,196,0090,0074,000,0216,"Small Tree"
029,196,-016,0040,000,0216,"Small Tree"
029,197,0010,0052,000,0216,"Small Tree"
029,196,-018,0136,000,0216,"Small Tree"
029,177,-028,0068,000,0216,"Small Tree"
029,217,0070,0064,000,0216,"Small Tree"
029,158,-008,0102,000,0216,"Small Tree"
029,159,0072,0096,000,0216,"Small Tree"
029,136,0048,0078,000,0216,"Small Tree"
029,138,-004,0070,000,0216,"Small Tree"
029,136,-008,0102,000,0216,"Small Tree"
029,158,-054,0074,000,0216,"Small Tree"
029,137,0028,0094,000,0216,"Small Tree"
029,138,-014,0134,000,0216,"Small Tree"
029,158,-094,0070,000,0216,"Small Tree"
029,012,-022,0018,000,0216,"Small Tree"
029,012,0054,0022,000,0216,"Small Tree"
030,040,-024,0056,000,0212,"Medium Tree"
030,040,-009,0039,000,0212,"Medium Tree"
030,060,0065,0072,000,0212,"Medium Tree"
030,040,-038,0009,000,0212,"Medium Tree"
030,061,-056,0045,000,0212,"Medium Tree"
030,061,-069,0069,000,0212,"Medium Tree"
030,021,0074,0062,000,0212,"Medium Tree"
030,001,-022,0109,000,0212,"Medium Tree"
030,021,0052,0098,000,0212,"Medium Tree"
030,001,-051,0079,000,0212,"Medium Tree"
030,022,-069,0071,000,0212,"Medium Tree"
030,042,0029,0031,000,0212,"Medium Tree"
030,001,-018,0069,000,0212,"Medium Tree"
030,022,-058,0034,000,0212,"Medium Tree"
030,100,0015,0017,000,0212,"Medium Tree"
030,080,-011,0117,000,0212,"Medium Tree"
030,080,-078,0083,000,0212,"Medium Tree"
030,080,-068,0107,000,0212,"Medium Tree"
030,080,0014,0032,000,0212,"Medium Tree"
030,082,0015,0120,000,0212,"Medium Tree"
030,082,0099,0112,000,0212,"Medium Tree"
030,082,0032,0078,000,0212,"Medium Tree"
030,082,0042,0102,000,0212,"Medium Tree"
030,062,0013,0047,000,0212,"Medium Tree"
030,082,0013,0019,000,0212,"Medium Tree"
030,043,-014,0019,000,0212,"Medium Tree"
030,043,-016,0113,000,0212,"Medium Tree"
030,043,-015,0093,000,0212,"Medium Tree"
030,043,-009,0138,000,0212,"Medium Tree"
030,043,0024,0053,000,0212,"Medium Tree"
030,023,-027,0111,000,0212,"Medium Tree"
030,023,0017,0089,000,0212,"Medium Tree"
030,003,0008,0060,000,0212,"Medium Tree"
030,004,0004,0007,000,0212,"Medium Tree"
030,004,-034,0040,000,0212,"Medium Tree"
030,001,0080,0073,000,0216,"Small Tree"
030,001,0053,0062,000,0216,"Small Tree"
030,002,-005,0006,000,0216,"Small Tree"
030,002,0080,0067,000,0216,"Small Tree"
030,002,0041,0071,000,0216,"Small Tree"
030,002,-023,0067,000,0216,"Small Tree"
030,063,-054,0114,000,0216,"Small Tree"
030,063,0025,0045,000,0216,"Small Tree"
030,063,-014,0035,000,0216,"Small Tree"
030,063,0035,0116,000,0216,"Small Tree"
030,062,0082,0075,000,0216,"Small Tree"
030,062,0018,0116,000,0216,"Small Tree"
030,080,0011,0032,000,0216,"Small Tree"
030,080,-031,0036,000,0216,"Small Tree"
030,042,0036,0044,000,0216,"Small Tree"
030,042,-008,0052,000,0216,"Small Tree"
030,083,0002,0094,000,0216,"Small Tree"
030,083,0050,0054,000,0216,"Small Tree"
030,082,-102,0108,000,0216,"Small Tree"
030,081,-014,0078,000,0216,"Small Tree"
030,103,0036,0126,000,0216,"Small Tree"
030,103,-048,0124,000,0216,"Small Tree"
030,081,-006,0040,000,0216,"Small Tree"
030,045,0094,0058,000,0216,"Small Tree"
030,003,0024,0102,000,0216,"Small Tree"
030,046,-022,0022,000,0216,"Small Tree"
030,045,-002,0088,000,0216,"Small Tree"
030,044,-070,0066,000,0216,"Small Tree"
030,023,0062,0114,000,0216,"Small Tree"
030,024,-022,0102,000,0216,"Small Tree"
030,000,0010,0097,000,0560,"Quonset Hut (Dirt) R2"
030,000,0006,0051,000,0560,"Quonset Hut (Dirt) R2"
030,020,-019,0083,000,0571,"Tent (Dirt) R1"
030,021,-035,0068,000,0571,"Tent (Dirt) R1"
030,002,-012,0081,000,0220,"Big Bushy Tree"
030,023,0035,0056,000,0220,"Big Bushy Tree"
030,002,0069,0079,000,0220,"Big Bushy Tree"
030,022,0060,0040,000,0220,"Big Bushy Tree"
030,003,-084,0031,000,0220,"Big Bushy Tree"
030,023,0003,0067,000,0220,"Big Bushy Tree"
030,040,-069,0039,000,0220,"Big Bushy Tree"
030,060,0019,0012,000,0220,"Big Bushy Tree"
030,060,-025,0094,000,0220,"Big Bushy Tree"
030,060,-021,0030,000,0220,"Big Bushy Tree"
030,080,0020,0035,000,0220,"Big Bushy Tree"
030,081,-018,0096,000,0220,"Big Bushy Tree"
030,101,0043,0091,000,0220,"Big Bushy Tree"
030,101,0043,0107,000,0220,"Big Bushy Tree"
030,102,-008,0028,000,0220,"Big Bushy Tree"
030,081,-024,0073,000,0220,"Big Bushy Tree"
030,101,0039,0058,000,0220,"Big Bushy Tree"
030,081,-061,0051,000,0220,"Big Bushy Tree"
030,062,0030,0105,000,0220,"Big Bushy Tree"
030,082,0002,0059,000,0220,"Big Bushy Tree"
030,082,0002,0095,000,0220,"Big Bushy Tree"
030,082,0095,0095,000,0220,"Big Bushy Tree"
030,062,0042,0098,000,0220,"Big Bushy Tree"
030,100,0070,0045,000,0220,"Big Bushy Tree"
030,100,0035,0080,000,0220,"Big Bushy Tree"
030,120,0057,0071,000,0220,"Big Bushy Tree"
030,120,0077,0069,000,0220,"Big Bushy Tree"
030,121,0021,0023,000,0220,"Big Bushy Tree"
030,101,-066,0066,000,0220,"Big Bushy Tree"
030,120,0047,0083,000,0220,"Big Bushy Tree"
030,063,-079,0088,000,0220,"Big Bushy Tree"
030,063,0034,0134,000,0220,"Big Bushy Tree"
030,063,-033,0128,000,0220,"Big Bushy Tree"
030,063,0049,0062,000,0220,"Big Bushy Tree"
030,083,0040,0063,000,0220,"Big Bushy Tree"
030,064,-035,0073,000,0220,"Big Bushy Tree"
030,102,0070,0053,000,0220,"Big Bushy Tree"
030,082,0046,0113,000,0220,"Big Bushy Tree"
030,083,-012,0050,000,0220,"Big Bushy Tree"
030,102,0099,0059,000,0220,"Big Bushy Tree"
030,082,0042,0131,000,0220,"Big Bushy Tree"
030,102,-030,0116,000,0220,"Big Bushy Tree"
030,102,-004,0137,000,0220,"Big Bushy Tree"
030,103,-092,0108,000,0220,"Big Bushy Tree"
030,102,-006,0165,000,0220,"Big Bushy Tree"
030,102,0027,0026,000,0220,"Big Bushy Tree"
030,102,-021,0157,000,0220,"Big Bushy Tree"
030,122,0089,0051,000,0220,"Big Bushy Tree"
030,064,-010,0078,000,0220,"Big Bushy Tree"
030,065,-028,0036,000,0220,"Big Bushy Tree"
030,043,0082,0096,000,0220,"Big Bushy Tree"
030,064,-048,0082,000,0220,"Big Bushy Tree"
030,023,0028,0100,000,0220,"Big Bushy Tree"
030,023,0002,0102,000,0220,"Big Bushy Tree"
030,046,-070,0036,000,0220,"Big Bushy Tree"
030,180,-040,0068,000,0216,"Small Tree"
030,160,0006,0120,000,0216,"Small Tree"
030,180,-036,0058,000,0216,"Small Tree"
030,160,0024,0020,000,0216,"Small Tree"
030,160,-004,0018,000,0216,"Small Tree"
030,164,-056,0084,000,0216,"Small Tree"
030,121,-002,0164,000,0216,"Small Tree"
030,123,-048,0046,000,0216,"Small Tree"
030,164,0048,0088,000,0216,"Small Tree"
030,142,0060,0024,000,0216,"Small Tree"
030,162,0056,0074,000,0216,"Small Tree"
030,143,0054,0102,000,0216,"Small Tree"
030,184,-080,0040,000,0216,"Small Tree"
030,203,-070,0058,000,0216,"Small Tree"
030,225,0012,0014,000,0216,"Small Tree"
030,204,0054,0120,000,0216,"Small Tree"
030,203,0084,0036,000,0216,"Small Tree"
030,203,0012,0056,000,0216,"Small Tree"
030,203,-036,0028,000,0216,"Small Tree"
030,225,0020,0070,000,0216,"Small Tree"
030,225,-044,0036,000,0216,"Small Tree"
030,226,-080,0058,000,0216,"Small Tree"
030,246,0000,0040,000,0216,"Small Tree"
030,224,-070,0106,000,0216,"Small Tree"
030,245,0036,0086,000,0216,"Small Tree"
030,224,-016,0060,000,0216,"Small Tree"
030,148,-030,0108,000,0216,"Small Tree"
030,167,0072,0122,000,0216,"Small Tree"
030,146,0022,0146,000,0216,"Small Tree"
030,167,-012,0072,000,0216,"Small Tree"
030,168,-062,0038,000,0216,"Small Tree"
030,126,0004,0106,000,0216,"Small Tree"
030,148,0000,0066,000,0216,"Small Tree"
030,084,-082,0082,000,0216,"Small Tree"
030,123,0012,0124,000,0216,"Small Tree"
030,126,-042,0076,000,0216,"Small Tree"
030,124,0076,0070,000,0216,"Small Tree"
030,125,0008,0038,000,0216,"Small Tree"
030,124,0080,0056,000,0216,"Small Tree"
030,123,0070,0056,000,0216,"Small Tree"
030,067,-018,0092,000,0216,"Small Tree"
030,067,-042,0080,000,0216,"Small Tree"
030,088,-014,0036,000,0216,"Small Tree"
030,087,0050,0074,000,0216,"Small Tree"
030,086,0038,0060,000,0216,"Small Tree"
030,087,0070,0104,000,0216,"Small Tree"
030,066,-058,0064,000,0216,"Small Tree"
030,107,0098,0110,000,0216,"Small Tree"
030,127,0066,0106,000,0216,"Small Tree"
030,107,-010,0020,000,0216,"Small Tree"
030,106,-016,0108,000,0216,"Small Tree"
030,127,0100,0100,000,0216,"Small Tree"
030,066,-016,0126,000,0216,"Small Tree"
030,107,0060,0118,000,0216,"Small Tree"
030,008,0038,0038,000,0216,"Small Tree"
030,008,-012,0112,000,0216,"Small Tree"
030,007,0018,0156,000,0216,"Small Tree"
030,028,0018,0024,000,0216,"Small Tree"
030,048,-014,0050,000,0216,"Small Tree"
030,007,-068,0058,000,0216,"Small Tree"
030,004,-044,0090,000,0216,"Small Tree"
030,026,-054,0120,000,0216,"Small Tree"
030,025,-014,0054,000,0216,"Small Tree"
030,026,-006,0128,000,0216,"Small Tree"
030,025,0004,0120,000,0216,"Small Tree"
030,025,0040,0080,000,0216,"Small Tree"
030,005,-018,0050,000,0216,"Small Tree"
030,186,-058,0054,000,0216,"Small Tree"
030,165,0070,0070,000,0216,"Small Tree"
030,145,0032,0082,000,0216,"Small Tree"
030,167,-034,0122,000,0216,"Small Tree"
030,146,0004,0118,000,0216,"Small Tree"
030,167,-002,0134,000,0216,"Small Tree"
030,026,0020,0146,000,0216,"Small Tree"
030,027,-008,0056,000,0216,"Small Tree"
030,005,0060,0070,000,0216,"Small Tree"
030,007,0026,0038,000,0216,"Small Tree"
030,006,-024,0004,000,0216,"Small Tree"
030,390,0015,0055,000,0022,"Barn SE (w/underlay)"
030,371,0006,0085,000,0129,"Twin Silos NE (w/underlay)"
030,391,0006,0085,000,0129,"Twin Silos NE (w/underlay)"
030,384,-058,0032,000,0212,"Medium Tree"
030,384,-042,0062,000,0212,"Medium Tree"
030,341,0058,0082,000,0212,"Medium Tree"
030,343,-004,0028,000,0212,"Medium Tree"
030,301,-040,0038,000,0212,"Medium Tree"
030,322,0032,0028,000,0212,"Medium Tree"
030,322,-080,0076,000,0212,"Medium Tree"
030,341,0024,0074,000,0212,"Medium Tree"
030,322,-022,0080,000,0212,"Medium Tree"
032,396,-005,0048,000,0070,"Large Barn SSE (w/underlay)"
032,356,-005,0048,000,0070,"Large Barn SSE (w/underlay)"
032,316,-005,0048,000,0070,"Large Barn SSE (w/underlay)"
032,394,0042,0091,000,0208,"Big Tree"
032,394,0035,0073,000,0208,"Big Tree"
032,394,-090,0055,000,0208,"Big Tree"
032,393,0040,0018,000,0208,"Big Tree"
032,394,-096,0067,000,0208,"Big Tree"
032,394,-014,0017,000,0208,"Big Tree"
032,394,0025,0035,000,0208,"Big Tree"
032,390,-002,0040,000,0208,"Big Tree"
032,371,-088,0056,000,0208,"Big Tree"
032,392,-040,0020,000,0208,"Big Tree"
032,372,0102,0088,000,0208,"Big Tree"
032,352,-052,0034,000,0208,"Big Tree"
032,372,0048,0076,000,0208,"Big Tree"
032,312,-022,0064,000,0208,"Big Tree"
032,332,0076,0056,000,0208,"Big Tree"
032,373,-034,0064,000,0208,"Big Tree"
032,372,0066,0058,000,0208,"Big Tree"
033,367,0006,0085,000,0129,"Twin Silos NE (w/underlay)"
033,347,0006,0085,000,0129,"Twin Silos NE (w/underlay)"
033,327,0006,0085,000,0129,"Twin Silos NE (w/underlay)"
033,307,0006,0085,000,0129,"Twin Silos NE (w/underlay)"
033,353,-002,0066,000,0635,"House (w/animating pool) NW"
033,371,-004,0070,000,0071,"Barn SW (w/underlay)"
033,351,0027,0064,000,0286,"Small Barn SW"
033,352,0027,0064,000,0286,"Small Barn SW"
033,374,-002,0122,000,0220,"Big Bushy Tree"
033,354,0010,0084,000,0220,"Big Bushy Tree"
033,374,0076,0048,000,0220,"Big Bushy Tree"
033,374,0020,0072,000,0220,"Big Bushy Tree"
033,375,-013,0060,000,0220,"Big Bushy Tree"
033,374,-024,0101,000,0220,"Big Bushy Tree"
033,374,0060,0088,000,0220,"Big Bushy Tree"
033,332,0005,0027,000,0220,"Big Bushy Tree"
033,312,-070,0060,000,0220,"Big Bushy Tree"
033,332,0065,0038,000,0220,"Big Bushy Tree"
033,332,0005,0114,000,0220,"Big Bushy Tree"
033,333,-078,0060,000,0220,"Big Bushy Tree"
033,332,0000,0006,000,0220,"Big Bushy Tree"
033,332,0082,0069,000,0220,"Big Bushy Tree"
033,354,0066,0043,000,0220,"Big Bushy Tree"
033,334,0039,0051,000,0220,"Big Bushy Tree"
033,354,0053,0037,000,0220,"Big Bushy Tree"
033,334,0004,0061,000,0220,"Big Bushy Tree"
033,334,-026,0041,000,0220,"Big Bushy Tree"
033,334,-022,0099,000,0220,"Big Bushy Tree"
033,333,0055,0036,000,0220,"Big Bushy Tree"
033,390,0028,0056,000,0220,"Big Bushy Tree"
033,390,-095,0036,000,0220,"Big Bushy Tree"
033,390,-011,0115,000,0220,"Big Bushy Tree"
033,370,0035,0049,000,0220,"Big Bushy Tree"
033,350,-005,0101,000,0220,"Big Bushy Tree"
033,349,0018,0061,000,0220,"Big Bushy Tree"
033,350,-039,0053,000,0220,"Big Bushy Tree"
033,350,-041,0078,000,0220,"Big Bushy Tree"
033,329,-018,0079,000,0220,"Big Bushy Tree"
033,349,-011,0045,000,0220,"Big Bushy Tree"
033,330,0013,0043,000,0220,"Big Bushy Tree"
033,330,0056,0066,000,0220,"Big Bushy Tree"
033,331,-010,0117,000,0220,"Big Bushy Tree"
033,330,-042,0036,000,0220,"Big Bushy Tree"
033,330,0076,0040,000,0220,"Big Bushy Tree"
033,331,-031,0031,000,0220,"Big Bushy Tree"
033,331,-055,0113,000,0220,"Big Bushy Tree"
033,395,-084,0072,000,0220,"Big Bushy Tree"
033,393,0014,0022,000,0220,"Big Bushy Tree"
033,352,-051,0095,000,0220,"Big Bushy Tree"
033,373,-086,0075,000,0220,"Big Bushy Tree"
033,372,-018,0042,000,0220,"Big Bushy Tree"
033,372,-035,0055,000,0220,"Big Bushy Tree"
033,369,0012,0021,000,0220,"Big Bushy Tree"
033,390,0018,0018,000,0220,"Big Bushy Tree"
033,369,-069,0079,000,0220,"Big Bushy Tree"
033,369,0020,0067,000,0220,"Big Bushy Tree"
033,369,-033,0077,000,0220,"Big Bushy Tree"
033,369,0024,0089,000,0220,"Big Bushy Tree"
033,349,-092,0053,000,0220,"Big Bushy Tree"
033,377,-005,0032,000,0220,"Big Bushy Tree"
033,376,-002,0034,000,0220,"Big Bushy Tree"
033,356,0000,0070,000,0220,"Big Bushy Tree"
033,376,0000,0009,000,0220,"Big Bushy Tree"
033,356,-061,0052,000,0220,"Big Bushy Tree"
033,356,0033,0080,000,0220,"Big Bushy Tree"
033,376,0021,0017,000,0220,"Big Bushy Tree"
033,396,0039,0026,000,0220,"Big Bushy Tree"
033,396,0033,0032,000,0220,"Big Bushy Tree"
033,396,0003,0024,000,0220,"Big Bushy Tree"
033,376,-067,0081,000,0220,"Big Bushy Tree"
033,315,-019,0023,000,0220,"Big Bushy Tree"
033,315,-052,0063,000,0220,"Big Bushy Tree"
033,315,0001,0052,000,0220,"Big Bushy Tree"
033,315,0015,0105,000,0220,"Big Bushy Tree"
033,295,-096,0031,000,0220,"Big Bushy Tree"
033,335,-012,0029,000,0220,"Big Bushy Tree"
033,314,0023,0072,000,0220,"Big Bushy Tree"
033,293,-090,0035,000,0220,"Big Bushy Tree"
033,291,0037,0076,000,0220,"Big Bushy Tree"
033,291,0060,0055,000,0220,"Big Bushy Tree"
033,292,-038,0073,000,0220,"Big Bushy Tree"
033,312,0031,0056,000,0220,"Big Bushy Tree"
033,291,0035,0097,000,0220,"Big Bushy Tree"
033,292,0007,0006,000,0220,"Big Bushy Tree"
033,290,0074,0058,000,0208,"Big Tree"
033,290,-048,0058,000,0208,"Big Tree"
033,250,0002,0048,000,0208,"Big Tree"
033,249,-098,0088,000,0208,"Big Tree"
033,290,0040,0048,000,0208,"Big Tree"
033,249,0026,0034,000,0208,"Big Tree"
033,228,0036,0098,000,0208,"Big Tree"
033,252,-042,0058,000,0208,"Big Tree"
033,251,0094,0068,000,0208,"Big Tree"
033,272,-076,0096,000,0208,"Big Tree"
033,273,-084,0072,000,0208,"Big Tree"
033,232,-010,0042,000,0208,"Big Tree"
033,273,0054,0062,000,0208,"Big Tree"
033,232,-050,0044,000,0208,"Big Tree"
033,227,0032,0030,000,0208,"Big Tree"
033,248,0004,0008,000,0208,"Big Tree"
033,206,0030,0048,000,0208,"Big Tree"
033,208,-090,0036,000,0208,"Big Tree"
033,227,-024,0014,000,0208,"Big Tree"
033,186,0036,0100,000,0208,"Big Tree"
033,247,0036,0052,000,0208,"Big Tree"
036,234,0001,0075,000,0536,"Container Stack SE"
036,215,-032,0050,000,0265,"Guardhouse SW"
036,214,0035,0083,000,0269,"Barricade A \"
036,215,0020,0071,000,0269,"Barricade A \"
036,216,-051,0037,000,0269,"Barricade A \"
036,254,-007,0070,000,0488,"Support Building"
036,255,0006,0089,000,0563,"Quonset Hut (Mntn) R1"
036,235,0032,0090,000,0564,"Quonset Hut (Mntn) R2"
036,312,0004,0066,000,0611,"IS Mine Pattern (Five)"
036,313,-002,0068,000,0611,"IS Mine Pattern (Five)"
036,314,-010,0064,000,0611,"IS Mine Pattern (Five)"
036,315,0010,0068,000,0611,"IS Mine Pattern (Five)"
036,316,0018,0070,000,0611,"IS Mine Pattern (Five)"
036,317,-004,0068,000,0611,"IS Mine Pattern (Five)"
036,318,0004,0066,000,0611,"IS Mine Pattern (Five)"
036,298,0010,0060,000,0611,"IS Mine Pattern (Five)"
036,278,0012,0056,000,0611,"IS Mine Pattern (Five)"
036,258,0026,0060,000,0611,"IS Mine Pattern (Five)"
036,238,0006,0060,000,0611,"IS Mine Pattern (Five)"
036,218,-008,0058,000,0611,"IS Mine Pattern (Five)"
036,198,-002,0070,000,0611,"IS Mine Pattern (Five)"
036,178,0002,0064,000,0611,"IS Mine Pattern (Five)"
036,173,-002,0056,000,0611,"IS Mine Pattern (Five)"
036,174,0034,0060,000,0611,"IS Mine Pattern (Five)"
036,175,0006,0068,000,0611,"IS Mine Pattern (Five)"
036,176,-004,0052,000,0611,"IS Mine Pattern (Five)"
036,177,-006,0074,000,0611,"IS Mine Pattern (Five)"
036,172,-018,0060,000,0611,"IS Mine Pattern (Five)"
036,150,0030,0064,000,0611,"IS Mine Pattern (Five)"
036,151,0012,0066,000,0611,"IS Mine Pattern (Five)"
036,152,0010,0056,000,0611,"IS Mine Pattern (Five)"
036,153,0006,0068,000,0611,"IS Mine Pattern (Five)"
036,154,0022,0064,000,0611,"IS Mine Pattern (Five)"
036,155,0016,0058,000,0611,"IS Mine Pattern (Five)"
036,156,0012,0072,000,0611,"IS Mine Pattern (Five)"
036,157,0000,0064,000,0611,"IS Mine Pattern (Five)"
036,158,0000,0078,000,0611,"IS Mine Pattern (Five)"
036,138,0002,0054,000,0611,"IS Mine Pattern (Five)"
036,137,-002,0058,000,0611,"IS Mine Pattern (Five)"
036,136,0000,0056,000,0611,"IS Mine Pattern (Five)"
036,135,0020,0058,000,0611,"IS Mine Pattern (Five)"
036,134,-002,0060,000,0611,"IS Mine Pattern (Five)"
036,133,0012,0064,000,0611,"IS Mine Pattern (Five)"
036,132,0014,0066,000,0611,"IS Mine Pattern (Five)"
036,112,0000,0064,000,0611,"IS Mine Pattern (Five)"
036,113,0014,0064,000,0611,"IS Mine Pattern (Five)"
036,114,-002,0068,000,0611,"IS Mine Pattern (Five)"
036,111,-008,0054,000,0611,"IS Mine Pattern (Five)"
036,131,0010,0064,000,0611,"IS Mine Pattern (Five)"
036,130,0020,0062,000,0611,"IS Mine Pattern (Five)"
036,110,0000,0070,000,0611,"IS Mine Pattern (Five)"
036,115,0018,0064,000,0611,"IS Mine Pattern (Five)"
036,116,0006,0076,000,0611,"IS Mine Pattern (Five)"
036,117,-008,0076,000,0611,"IS Mine Pattern (Five)"
036,097,0012,0070,000,0611,"IS Mine Pattern (Five)"
036,098,0010,0074,000,0611,"IS Mine Pattern (Five)"
036,118,0000,0050,000,0611,"IS Mine Pattern (Five)"
036,119,0000,0050,000,0611,"IS Mine Pattern (Five)"
036,139,0006,0056,000,0611,"IS Mine Pattern (Five)"
036,159,0020,0060,000,0611,"IS Mine Pattern (Five)"
036,179,-006,0048,000,0611,"IS Mine Pattern (Five)"
036,199,-002,0072,000,0611,"IS Mine Pattern (Five)"
036,219,0018,0080,000,0611,"IS Mine Pattern (Five)"
036,239,0004,0064,000,0611,"IS Mine Pattern (Five)"
036,259,0014,0066,000,0611,"IS Mine Pattern (Five)"
036,279,0012,0066,000,0611,"IS Mine Pattern (Five)"
036,299,0016,0072,000,0611,"IS Mine Pattern (Five)"
036,319,-004,0070,000,0611,"IS Mine Pattern (Five)"
036,399,0036,0048,000,0611,"IS Mine Pattern (Five)"
036,379,0008,0048,000,0611,"IS Mine Pattern (Five)"
036,359,-010,0062,000,0611,"IS Mine Pattern (Five)"
036,339,0000,0068,000,0611,"IS Mine Pattern (Five)"
036,331,0016,0064,000,0611,"IS Mine Pattern (Five)"
036,332,-010,0074,000,0611,"IS Mine Pattern (Five)"
036,333,0012,0062,000,0611,"IS Mine Pattern (Five)"
036,334,-016,0064,000,0611,"IS Mine Pattern (Five)"
036,335,-004,0080,000,0611,"IS Mine Pattern (Five)"
036,336,-004,0074,000,0611,"IS Mine Pattern (Five)"
036,337,-002,0054,000,0611,"IS Mine Pattern (Five)"
036,338,-012,0060,000,0611,"IS Mine Pattern (Five)"
036,358,-002,0060,000,0611,"IS Mine Pattern (Five)"
036,378,0012,0058,000,0611,"IS Mine Pattern (Five)"
036,398,0008,0064,000,0611,"IS Mine Pattern (Five)"
036,397,0028,0062,000,0611,"IS Mine Pattern (Five)"
036,377,0016,0054,000,0611,"IS Mine Pattern (Five)"
036,357,-008,0044,000,0611,"IS Mine Pattern (Five)"
036,356,-010,0060,000,0611,"IS Mine Pattern (Five)"
036,355,0002,0066,000,0611,"IS Mine Pattern (Five)"
036,354,0006,0070,000,0611,"IS Mine Pattern (Five)"
036,353,0026,0078,000,0611,"IS Mine Pattern (Five)"
036,352,-004,0064,000,0611,"IS Mine Pattern (Five)"
036,350,0004,0058,000,0611,"IS Mine Pattern (Five)"
036,351,-004,0068,000,0611,"IS Mine Pattern (Five)"
036,371,0006,0068,000,0611,"IS Mine Pattern (Five)"
036,372,-008,0062,000,0611,"IS Mine Pattern (Five)"
036,373,-018,0058,000,0611,"IS Mine Pattern (Five)"
036,374,0014,0066,000,0611,"IS Mine Pattern (Five)"
036,375,0002,0056,000,0611,"IS Mine Pattern (Five)"
036,376,-018,0068,000,0611,"IS Mine Pattern (Five)"
036,396,-010,0062,000,0611,"IS Mine Pattern (Five)"
036,395,-008,0056,000,0611,"IS Mine Pattern (Five)"
036,394,0000,0052,000,0611,"IS Mine Pattern (Five)"
036,393,-024,0058,000,0611,"IS Mine Pattern (Five)"
036,392,0000,0058,000,0611,"IS Mine Pattern (Five)"
036,093,0000,0052,000,0611,"IS Mine Pattern (Five)"
036,094,0002,0064,000,0611,"IS Mine Pattern (Five)"
036,096,-004,0052,000,0611,"IS Mine Pattern (Five)"
037,120,0006,0056,000,0611,"IS Mine Pattern (Five)"
037,121,-018,0058,000,0611,"IS Mine Pattern (Five)"
037,141,0008,0062,000,0611,"IS Mine Pattern (Five)"
037,161,-010,0070,000,0611,"IS Mine Pattern (Five)"
037,160,0022,0044,000,0611,"IS Mine Pattern (Five)"
037,140,0004,0058,000,0611,"IS Mine Pattern (Five)"
037,181,-004,0072,000,0611,"IS Mine Pattern (Five)"
037,180,0014,0062,000,0611,"IS Mine Pattern (Five)"
037,300,0010,0072,000,0611,"IS Mine Pattern (Five)"
037,280,0000,0058,000,0611,"IS Mine Pattern (Five)"
037,260,-002,0066,000,0611,"IS Mine Pattern (Five)"
037,240,0002,0072,000,0611,"IS Mine Pattern (Five)"
037,220,-008,0056,000,0611,"IS Mine Pattern (Five)"
037,200,-002,0062,000,0611,"IS Mine Pattern (Five)"
037,201,0000,0076,000,0611,"IS Mine Pattern (Five)"
037,202,-014,0058,000,0611,"IS Mine Pattern (Five)"
037,222,0010,0056,000,0611,"IS Mine Pattern (Five)"
037,242,0006,0066,000,0611,"IS Mine Pattern (Five)"
037,221,-002,0072,000,0611,"IS Mine Pattern (Five)"
037,241,0002,0070,000,0611,"IS Mine Pattern (Five)"
037,261,0024,0072,000,0611,"IS Mine Pattern (Five)"
037,262,-018,0064,000,0611,"IS Mine Pattern (Five)"
037,281,0002,0064,000,0611,"IS Mine Pattern (Five)"
037,282,-008,0076,000,0611,"IS Mine Pattern (Five)"
037,301,-004,0068,000,0611,"IS Mine Pattern (Five)"
037,302,-018,0076,000,0611,"IS Mine Pattern (Five)"
037,322,-028,0070,000,0611,"IS Mine Pattern (Five)"
037,321,-008,0056,000,0611,"IS Mine Pattern (Five)"
037,342,-018,0064,000,0611,"IS Mine Pattern (Five)"
037,323,0000,0058,000,0611,"IS Mine Pattern (Five)"
037,320,-012,0062,000,0611,"IS Mine Pattern (Five)"
037,340,0010,0070,000,0611,"IS Mine Pattern (Five)"
037,341,-006,0062,000,0611,"IS Mine Pattern (Five)"
037,361,0010,0074,000,0611,"IS Mine Pattern (Five)"
037,360,0020,0054,000,0611,"IS Mine Pattern (Five)"
037,380,0008,0050,000,0611,"IS Mine Pattern (Five)"
037,283,0026,0064,000,0611,"IS Mine Pattern (Five)"
037,263,0032,0054,000,0611,"IS Mine Pattern (Five)"
037,243,0006,0060,000,0611,"IS Mine Pattern (Five)"
037,223,0020,0074,000,0611,"IS Mine Pattern (Five)"
037,203,-010,0050,000,0611,"IS Mine Pattern (Five)"
037,162,0026,0060,000,0611,"IS Mine Pattern (Five)"
037,182,0010,0052,000,0611,"IS Mine Pattern (Five)"
037,363,-006,0064,000,0611,"IS Mine Pattern (Five)"
037,017,-064,0067,000,0208,"Big Tree"
037,016,0080,0049,000,0208,"Big Tree"
037,016,-020,0077,000,0208,"Big Tree"
037,017,0019,0011,000,0208,"Big Tree"
037,018,0076,0050,000,0208,"Big Tree"
037,019,0082,0036,000,0208,"Big Tree"
037,036,0081,0051,000,0208,"Big Tree"
038,159,-094,0060,000,0212,"Medium Tree"
038,158,-004,0034,000,0212,"Medium Tree"
038,158,0000,0096,000,0212,"Medium Tree"
038,139,-062,0056,000,0212,"Medium Tree"
038,139,0056,0086,000,0212,"Medium Tree"
038,158,0046,0060,000,0212,"Medium Tree"
038,059,-020,0102,000,0212,"Medium Tree"
038,018,-002,0084,000,0212,"Medium Tree"
038,038,0080,0048,000,0212,"Medium Tree"
038,018,-026,0030,000,0212,"Medium Tree"
038,037,0088,0080,000,0212,"Medium Tree"
039,065,0003,0053,000,0069,"Small Barn SSW (w/underlay)"
039,115,-019,0060,000,0019,"Long Barn NE (w/underlay)"
039,075,0006,0056,000,0025,"Stylish Farmhouse SSW (w/underlay)"
039,073,-004,0070,000,0072,"Barn NE (w/underlay)"
039,133,-022,0113,000,0212,"Medium Tree"
039,154,0033,0016,000,0212,"Medium Tree"
039,134,-072,0077,000,0212,"Medium Tree"
039,113,0022,0110,000,0212,"Medium Tree"
039,113,-074,0072,000,0212,"Medium Tree"
039,134,0019,0082,000,0212,"Medium Tree"
039,133,-018,0030,000,0212,"Medium Tree"
039,113,0031,0022,000,0212,"Medium Tree"
039,114,0050,0057,000,0212,"Medium Tree"
039,114,-004,0070,000,0212,"Medium Tree"
039,094,-056,0093,000,0212,"Medium Tree"
039,113,0040,0053,000,0212,"Medium Tree"
039,093,0069,0078,000,0212,"Medium Tree"
039,054,-029,0050,000,0212,"Medium Tree"
039,053,0069,0051,000,0212,"Medium Tree"
039,054,0043,0074,000,0212,"Medium Tree"
039,054,0059,0106,000,0212,"Medium Tree"
039,054,-025,0071,000,0212,"Medium Tree"
039,054,0015,0112,000,0212,"Medium Tree"
039,054,-044,0066,000,0212,"Medium Tree"
039,096,0013,0012,000,0212,"Medium Tree"
039,096,0102,0061,000,0212,"Medium Tree"
039,096,-004,0095,000,0212,"Medium Tree"
039,075,0011,0118,000,0212,"Medium Tree"
039,096,0078,0065,000,0212,"Medium Tree"
039,097,-044,0027,000,0212,"Medium Tree"
039,097,-024,0036,000,0212,"Medium Tree"
039,137,-017,0018,000,0212,"Medium Tree"
039,137,-014,0009,000,0212,"Medium Tree"
039,137,-019,0025,000,0212,"Medium Tree"
039,116,-008,0069,000,0212,"Medium Tree"
039,137,-023,0006,000,0212,"Medium Tree"
039,116,0054,0061,000,0212,"Medium Tree"
039,117,-070,0083,000,0212,"Medium Tree"
039,135,-024,0048,000,0212,"Medium Tree"
039,135,-048,0074,000,0212,"Medium Tree"
039,135,0053,0058,000,0212,"Medium Tree"
039,135,-003,0100,000,0212,"Medium Tree"
039,156,0055,0037,000,0212,"Medium Tree"
039,155,0070,0047,000,0212,"Medium Tree"
039,175,0084,0035,000,0212,"Medium Tree"
039,176,0051,0076,000,0212,"Medium Tree"
039,155,-013,0030,000,0212,"Medium Tree"
039,176,-039,0077,000,0212,"Medium Tree"
039,135,-054,0062,000,0212,"Medium Tree"
039,176,0062,0092,000,0212,"Medium Tree"
039,176,0014,0094,000,0212,"Medium Tree"
039,095,-031,0023,000,0212,"Medium Tree"
039,095,-040,0026,000,0212,"Medium Tree"
039,074,-035,0070,000,0212,"Medium Tree"
039,074,-065,0060,000,0212,"Medium Tree"
039,053,-009,0030,000,0212,"Medium Tree"
039,032,0048,0090,000,0212,"Medium Tree"
039,032,-006,0114,000,0212,"Medium Tree"
039,053,-052,0046,000,0212,"Medium Tree"
039,056,-003,0042,000,0212,"Medium Tree"
039,056,0069,0042,000,0212,"Medium Tree"
039,057,-077,0067,000,0212,"Medium Tree"
039,036,-064,0059,000,0212,"Medium Tree"
039,056,-029,0024,000,0212,"Medium Tree"
039,056,0031,0018,000,0212,"Medium Tree"
039,056,0000,0000,000,0212,"Medium Tree"
039,076,0033,0026,000,0212,"Medium Tree"
039,055,0046,0058,000,0212,"Medium Tree"
039,076,-019,0012,000,0212,"Medium Tree"
039,076,-008,0064,000,0212,"Medium Tree"
039,076,0036,0071,000,0212,"Medium Tree"
039,056,-033,0080,000,0212,"Medium Tree"
039,076,-036,0021,000,0212,"Medium Tree"
039,004,0006,0068,000,0212,"Medium Tree"
039,006,0002,0022,000,0212,"Medium Tree"
039,004,0080,0046,000,0212,"Medium Tree"
039,045,0070,0056,000,0212,"Medium Tree"
039,188,0036,0050,000,0212,"Medium Tree"
039,209,-004,0006,000,0212,"Medium Tree"
039,208,-088,0070,000,0212,"Medium Tree"
039,208,0004,0016,000,0212,"Medium Tree"
039,208,0054,0066,000,0212,"Medium Tree"
039,146,0032,0112,000,0212,"Medium Tree"
039,167,-002,0040,000,0212,"Medium Tree"
039,190,0010,0010,000,0212,"Medium Tree"
039,170,-034,0032,000,0212,"Medium Tree"
039,170,0056,0032,000,0212,"Medium Tree"
039,170,0024,0040,000,0212,"Medium Tree"
039,150,-038,0062,000,0212,"Medium Tree"
039,211,-014,0020,000,0212,"Medium Tree"
039,161,0042,0066,000,0212,"Medium Tree"
039,000,-080,0074,000,0212,"Medium Tree"
039,020,-008,0086,000,0212,"Medium Tree"
041,078,-004,0055,000,0079,"Grain storage SE (w/underlay)"
041,098,-004,0055,000,0079,"Grain storage SE (w/underlay)"
041,118,-004,0055,000,0079,"Grain storage SE (w/underlay)"
041,058,-004,0055,000,0079,"Grain storage SE (w/underlay)"
041,198,-003,0039,000,0026,"Farmhouse SSE (w/underlay)"
041,158,0004,0064,000,0078,"Stylish Farmhouse SE (w/underlay)"
041,013,0023,0069,000,0077,"Modern Farmhouse SW (w/underlay)"
041,137,0001,0075,000,0140,"Small Water Tower R1 (w/underlay)"
041,014,0001,0075,000,0140,"Small Water Tower R1 (w/underlay)"
041,053,-036,0031,000,0208,"Big Tree"
041,073,0081,0066,000,0208,"Big Tree"
041,053,-005,0082,000,0208,"Big Tree"
041,073,-026,0028,000,0208,"Big Tree"
041,073,0079,0073,000,0208,"Big Tree"
041,073,-017,0023,000,0208,"Big Tree"
041,073,0059,0048,000,0208,"Big Tree"
041,096,-056,0111,000,0208,"Big Tree"
041,116,-038,0056,000,0208,"Big Tree"
041,116,-062,0052,000,0208,"Big Tree"
041,115,0031,0057,000,0208,"Big Tree"
041,116,0005,0074,000,0208,"Big Tree"
041,095,0016,0055,000,0208,"Big Tree"
041,116,0021,0024,000,0208,"Big Tree"
041,216,-028,0060,000,0208,"Big Tree"
041,239,-044,0042,000,0208,"Big Tree"
041,239,0006,0042,000,0208,"Big Tree"
041,217,-012,0072,000,0208,"Big Tree"
041,239,-014,0032,000,0208,"Big Tree"
041,258,0018,0072,000,0208,"Big Tree"
041,217,-066,0056,000,0208,"Big Tree"
041,175,0006,0116,000,0208,"Big Tree"
041,155,-018,0072,000,0208,"Big Tree"
041,175,0082,0058,000,0208,"Big Tree"
041,135,0050,0076,000,0208,"Big Tree"
041,136,-032,0034,000,0208,"Big Tree"
041,155,-038,0088,000,0208,"Big Tree"
041,177,-030,0040,000,0208,"Big Tree"
041,011,-050,0078,000,0208,"Big Tree"
041,012,-012,0112,000,0208,"Big Tree"
042,007,-001,0051,000,0027,"Grain storage SW (w/underlay)"
042,008,-001,0051,000,0027,"Grain storage SW (w/underlay)"
042,032,-037,0069,000,0220,"Big Bushy Tree"
042,052,0070,0053,000,0220,"Big Bushy Tree"
042,031,0099,0065,000,0220,"Big Bushy Tree"
042,032,-091,0068,000,0220,"Big Bushy Tree"
042,032,0003,0062,000,0220,"Big Bushy Tree"
042,031,0044,0076,000,0220,"Big Bushy Tree"
042,010,0040,0093,000,0220,"Big Bushy Tree"
042,011,0003,0017,000,0220,"Big Bushy Tree"
042,010,0007,0109,000,0220,"Big Bushy Tree"
042,011,-021,0016,000,0220,"Big Bushy Tree"
042,013,0007,0118,000,0220,"Big Bushy Tree"
042,013,-009,0048,000,0220,"Big Bushy Tree"
042,013,0006,0110,000,0220,"Big Bushy Tree"
042,034,0022,0070,000,0220,"Big Bushy Tree"
042,034,-029,0021,000,0220,"Big Bushy Tree"
042,014,-028,0078,000,0220,"Big Bushy Tree"
042,013,-023,0085,000,0220,"Big Bushy Tree"
042,033,-013,0112,000,0220,"Big Bushy Tree"
042,033,-055,0078,000,0220,"Big Bushy Tree"
042,034,-053,0078,000,0220,"Big Bushy Tree"
042,034,-039,0029,000,0220,"Big Bushy Tree"
042,033,-021,0045,000,0220,"Big Bushy Tree"
042,034,-039,0066,000,0220,"Big Bushy Tree"
042,034,-097,0065,000,0220,"Big Bushy Tree"
042,052,-047,0028,000,0220,"Big Bushy Tree"
042,052,-026,0049,000,0220,"Big Bushy Tree"
042,015,-045,0036,000,0220,"Big Bushy Tree"
042,015,-014,0103,000,0220,"Big Bushy Tree"
042,014,-011,0074,000,0220,"Big Bushy Tree"
042,036,0017,0017,000,0220,"Big Bushy Tree"
042,035,-015,0023,000,0220,"Big Bushy Tree"
042,035,0006,0034,000,0220,"Big Bushy Tree"
042,036,-004,0023,000,0220,"Big Bushy Tree"
042,015,0054,0035,000,0220,"Big Bushy Tree"
042,015,0050,0068,000,0220,"Big Bushy Tree"
042,015,0025,0065,000,0220,"Big Bushy Tree"
042,016,-075,0085,000,0220,"Big Bushy Tree"
042,015,-010,0026,000,0220,"Big Bushy Tree"
042,017,-013,0053,000,0220,"Big Bushy Tree"
042,017,0012,0040,000,0220,"Big Bushy Tree"
042,016,0036,0083,000,0220,"Big Bushy Tree"
042,068,0100,0062,000,0208,"Big Tree"
042,091,-002,0036,000,0208,"Big Tree"
042,090,0016,0028,000,0208,"Big Tree"
042,111,0044,0056,000,0208,"Big Tree"
042,070,0000,0114,000,0208,"Big Tree"
042,109,0040,0080,000,0208,"Big Tree"
042,110,0024,0030,000,0208,"Big Tree"
042,041,0080,0076,000,0208,"Big Tree"
042,004,-014,0112,000,0208,"Big Tree"
042,318,-026,0046,000,0208,"Big Tree"
042,318,-022,0060,000,0208,"Big Tree"
042,318,-016,0034,000,0208,"Big Tree"
042,278,-012,0054,000,0208,"Big Tree"
042,277,-012,0062,000,0208,"Big Tree"
042,339,0014,0036,000,0208,"Big Tree"
042,154,-004,0092,000,0208,"Big Tree"
042,174,0048,0074,000,0208,"Big Tree"
042,174,-008,0070,000,0208,"Big Tree"
042,174,-006,0098,000,0208,"Big Tree"
042,215,-010,0086,000,0208,"Big Tree"
042,174,-012,0122,000,0208,"Big Tree"
042,175,-048,0070,000,0208,"Big Tree"
042,212,-032,0054,000,0208,"Big Tree"
042,232,0020,0036,000,0208,"Big Tree"
042,232,-036,0032,000,0208,"Big Tree"
042,232,-034,0060,000,0208,"Big Tree"
042,273,-038,0026,000,0208,"Big Tree"
042,232,-040,0084,000,0208,"Big Tree"
042,232,0034,0094,000,0208,"Big Tree"
042,232,0084,0072,000,0208,"Big Tree"
042,253,-028,0020,000,0208,"Big Tree"
042,272,0014,0062,000,0208,"Big Tree"
042,230,0012,0070,000,0208,"Big Tree"
042,252,0026,0016,000,0208,"Big Tree"
042,253,-016,0028,000,0208,"Big Tree"
042,231,0006,0034,000,0208,"Big Tree"
043,300,0014,0034,000,0208,"Big Tree"
045,013,0014,0066,000,0611,"IS Mine Pattern (Five)"
045,014,0028,0068,000,0611,"IS Mine Pattern (Five)"
045,015,0036,0072,000,0611,"IS Mine Pattern (Five)"
045,016,-004,0060,000,0611,"IS Mine Pattern (Five)"
049,280,-001,0060,000,0409,"Missile Turret"
049,301,-001,0060,000,0409,"Missile Turret"
049,281,-001,0060,000,0409,"Missile Turret"
049,263,-001,0060,000,0409,"Missile Turret"
049,243,-001,0060,000,0409,"Missile Turret"
049,242,-001,0060,000,0409,"Missile Turret"
051,380,-001,0060,000,0408,"Cannon Turret"
051,360,-001,0060,000,0408,"Cannon Turret"
051,340,-001,0060,000,0408,"Cannon Turret"
051,225,-001,0060,000,0408,"Cannon Turret"
051,226,-001,0060,000,0408,"Cannon Turret"
051,227,-001,0060,000,0408,"Cannon Turret"
051,228,-001,0060,000,0408,"Cannon Turret"
051,270,-001,0060,000,0408,"Cannon Turret"
051,290,-001,0060,000,0408,"Cannon Turret"
051,291,-001,0060,000,0408,"Cannon Turret"
051,393,-001,0060,000,0408,"Cannon Turret"
051,342,-001,0060,000,0409,"Missile Turret"
051,322,-001,0060,000,0409,"Missile Turret"
051,268,-001,0060,000,0409,"Missile Turret"
051,282,-001,0060,000,0409,"Missile Turret"
051,262,-001,0060,000,0409,"Missile Turret"
051,263,-001,0060,000,0409,"Missile Turret"
051,265,-001,0060,000,0409,"Missile Turret"
051,266,-001,0060,000,0409,"Missile Turret"
051,330,-001,0060,000,0409,"Missile Turret"
051,331,-001,0060,000,0409,"Missile Turret"
051,351,-001,0060,000,0409,"Missile Turret"
051,346,0001,0074,000,0729,"INDESTRUCTABLE HQ SE"
051,325,0004,0055,000,0469,"Turret Control"
051,367,0004,0058,000,0469,"Turret Control"
051,327,0006,0055,000,0469,"Turret Control"
051,365,0002,0060,000,0469,"Turret Control"
051,389,0004,0059,000,0633,"Mech Repair Bay"
056,021,-001,0072,000,0537,"Container Stack SW"
056,022,0034,0050,000,0266,"Guardhouse NW"
056,040,-006,0034,000,0574,"Tent (Grass) R2"
056,020,0008,0078,000,0574,"Tent (Grass) R2"
056,000,0000,0044,000,0573,"Tent (Grass) R1"
057,034,0002,0069,000,0536,"Container Stack SE"
057,035,0002,0063,000,0469,"Turret Control"
057,053,0006,0079,000,0562,"Quonset Hut (Grass) R2"
057,074,-021,0082,000,0561,"Quonset Hut (Grass) R1"
057,074,0013,0041,000,0561,"Quonset Hut (Grass) R1"
057,055,0034,0065,000,0561,"Quonset Hut (Grass) R1"
057,095,-058,0061,000,0269,"Barricade A \"
057,095,-005,0089,000,0269,"Barricade A \"
059,351,-002,0065,000,0537,"Container Stack SW"
059,330,-002,0042,000,0562,"Quonset Hut (Grass) R2"
059,329,-003,0102,000,0562,"Quonset Hut (Grass) R2"
059,391,0005,0034,000,0561,"Quonset Hut (Grass) R1"
059,367,0034,0039,000,0208,"Big Tree"
059,366,0038,0038,000,0208,"Big Tree"
059,345,0008,0111,000,0208,"Big Tree"
059,326,-103,0067,000,0208,"Big Tree"
059,346,-004,0051,000,0208,"Big Tree"
059,346,-057,0076,000,0208,"Big Tree"
059,345,0023,0088,000,0208,"Big Tree"
059,346,0013,0016,000,0208,"Big Tree"
059,348,-068,0040,000,0208,"Big Tree"
059,348,0003,0053,000,0208,"Big Tree"
059,347,0032,0064,000,0208,"Big Tree"
059,327,-059,0039,000,0208,"Big Tree"
059,327,0007,0044,000,0208,"Big Tree"
059,347,0036,0042,000,0208,"Big Tree"
059,347,0055,0055,000,0208,"Big Tree"
059,346,0050,0040,000,0208,"Big Tree"
059,347,-016,0026,000,0208,"Big Tree"
059,326,0034,0090,000,0208,"Big Tree"
059,347,0019,0031,000,0208,"Big Tree"
059,346,-006,0078,000,0208,"Big Tree"
059,347,-057,0060,000,0208,"Big Tree"
059,326,0041,0093,000,0208,"Big Tree"
059,367,-063,0047,000,0208,"Big Tree"
059,366,0032,0065,000,0208,"Big Tree"
059,367,-058,0092,000,0208,"Big Tree"
059,366,0034,0088,000,0208,"Big Tree"
059,366,0051,0051,000,0208,"Big Tree"
059,366,0058,0048,000,0208,"Big Tree"
059,367,-067,0075,000,0208,"Big Tree"
059,368,-067,0057,000,0208,"Big Tree"
059,367,0001,0110,000,0208,"Big Tree"
059,348,-101,0064,000,0208,"Big Tree"
059,368,-010,0120,000,0208,"Big Tree"
059,368,-035,0062,000,0208,"Big Tree"
059,367,0063,0074,000,0208,"Big Tree"
059,348,-094,0058,000,0208,"Big Tree"
059,344,-032,0059,000,0208,"Big Tree"
059,344,-060,0058,000,0208,"Big Tree"
059,344,-030,0018,000,0208,"Big Tree"
059,343,0022,0108,000,0208,"Big Tree"
059,344,-011,0063,000,0208,"Big Tree"
059,344,0014,0028,000,0208,"Big Tree"
059,364,0072,0048,000,0208,"Big Tree"
059,310,0051,0049,000,0208,"Big Tree"
059,290,-020,0070,000,0208,"Big Tree"
059,311,0010,0053,000,0208,"Big Tree"
059,290,-013,0104,000,0208,"Big Tree"
059,309,0091,0069,000,0208,"Big Tree"
059,310,0052,0082,000,0208,"Big Tree"
059,333,-089,0075,000,0208,"Big Tree"
059,332,-058,0067,000,0208,"Big Tree"
059,332,-039,0078,000,0208,"Big Tree"
059,332,-020,0092,000,0208,"Big Tree"
059,353,-013,0026,000,0208,"Big Tree"
059,333,-042,0052,000,0208,"Big Tree"
059,393,-020,0021,000,0208,"Big Tree"
059,392,0011,0013,000,0208,"Big Tree"
059,392,0030,0024,000,0208,"Big Tree"
059,392,0049,0038,000,0208,"Big Tree"
059,393,-054,0035,000,0208,"Big Tree"
059,373,-083,0061,000,0208,"Big Tree"
059,369,0082,0047,000,0208,"Big Tree"
059,370,-061,0050,000,0208,"Big Tree"
059,370,-002,0067,000,0208,"Big Tree"
059,369,0088,0062,000,0208,"Big Tree"
059,369,-005,0109,000,0208,"Big Tree"
059,369,0075,0076,000,0208,"Big Tree"
059,370,-070,0075,000,0208,"Big Tree"
059,371,0079,0061,000,0208,"Big Tree"
059,331,-033,0100,000,0208,"Big Tree"
059,350,0038,0084,000,0208,"Big Tree"
059,352,-058,0043,000,0208,"Big Tree"
059,371,-001,0050,000,0208,"Big Tree"
059,329,-006,0026,000,0208,"Big Tree"
059,328,-008,0070,000,0208,"Big Tree"
059,309,0032,0034,000,0208,"Big Tree"
059,331,0013,0015,000,0208,"Big Tree"
059,350,0026,0018,000,0208,"Big Tree"
059,330,-002,0068,000,0208,"Big Tree"
059,391,0006,0070,000,0208,"Big Tree"
060,061,-001,0060,000,0408,"Cannon Turret"
060,062,-001,0060,000,0408,"Cannon Turret"
060,064,-001,0060,000,0408,"Cannon Turret"
060,065,-001,0060,000,0408,"Cannon Turret"
060,066,-001,0060,000,0408,"Cannon Turret"
060,086,-001,0060,000,0408,"Cannon Turret"
060,013,-001,0060,000,0408,"Cannon Turret"
060,033,-001,0060,000,0408,"Cannon Turret"
060,053,-001,0060,000,0408,"Cannon Turret"
060,002,-001,0060,000,0409,"Missile Turret"
060,022,-001,0060,000,0409,"Missile Turret"
060,025,-001,0060,000,0409,"Missile Turret"
060,027,-001,0060,000,0409,"Missile Turret"
060,028,-001,0060,000,0409,"Missile Turret"
060,030,-001,0060,000,0409,"Missile Turret"
060,031,-001,0060,000,0409,"Missile Turret"
060,011,-001,0060,000,0409,"Missile Turret"
060,067,0001,0060,000,0303,"Fuel Tank"
060,088,0002,0062,000,0303,"Fuel Tank"
060,107,0000,0062,000,0303,"Fuel Tank"
060,109,0000,0062,000,0303,"Fuel Tank"
060,069,-001,0061,000,0303,"Fuel Tank"
060,090,0000,0058,000,0303,"Fuel Tank"
060,111,0002,0063,000,0303,"Fuel Tank"
060,071,0000,0063,000,0303,"Fuel Tank"
060,043,0000,0064,000,0693,"Large Southwest Gate"
060,005,0000,0059,000,0705,"Large Gate Control SW"
END
