Blk,Vtx,XPOf,YPOf,Dm,ObjN,ObjectName
004,374,0020,0068,000,0212,"Medium Tree"
004,374,0038,0024,000,0212,"Medium Tree"
004,374,0016,0016,000,0212,"Medium Tree"
004,374,-052,0066,000,0212,"Medium Tree"
004,375,-010,0014,000,0212,"Medium Tree"
004,374,-020,0028,000,0208,"Big Tree"
004,373,0002,0102,000,0208,"Big Tree"
005,382,0048,0036,000,0212,"Medium Tree"
005,362,-004,0076,000,0212,"Medium Tree"
005,362,-030,0060,000,0212,"Medium Tree"
005,362,0050,0076,000,0212,"Medium Tree"
005,363,-064,0042,000,0212,"Medium Tree"
005,383,-004,0046,000,0212,"Medium Tree"
005,362,-010,0086,000,0208,"Big Tree"
005,363,-014,0008,000,0208,"Big Tree"
005,362,0008,0108,000,0208,"Big Tree"
005,383,0034,0102,000,0208,"Big Tree"
005,242,-058,0052,000,0208,"Big Tree"
005,242,-082,0068,000,0208,"Big Tree"
005,242,-014,0102,000,0208,"Big Tree"
012,196,0060,0084,000,0212,"Medium Tree"
012,197,-018,0012,000,0212,"Medium Tree"
012,197,0006,0018,000,0212,"Medium Tree"
012,198,0004,0006,000,0212,"Medium Tree"
012,215,-004,0020,000,0212,"Medium Tree"
012,214,0036,0098,000,0212,"Medium Tree"
012,396,0002,0042,000,0611,"IS Mine Pattern (Five)"
012,397,0012,0052,000,0611,"IS Mine Pattern (Five)"
012,398,-006,0056,000,0611,"IS Mine Pattern (Five)"
012,376,0002,0036,000,0611,"IS Mine Pattern (Five)"
012,377,0004,0040,000,0611,"IS Mine Pattern (Five)"
012,378,-018,0042,000,0611,"IS Mine Pattern (Five)"
012,356,-004,0052,000,0611,"IS Mine Pattern (Five)"
012,357,-004,0042,000,0611,"IS Mine Pattern (Five)"
012,358,0000,0042,000,0611,"IS Mine Pattern (Five)"
012,336,0004,0064,000,0611,"IS Mine Pattern (Five)"
012,337,0000,0072,000,0611,"IS Mine Pattern (Five)"
012,338,0006,0056,000,0611,"IS Mine Pattern (Five)"
012,316,0000,0064,000,0611,"IS Mine Pattern (Five)"
012,317,0014,0068,000,0611,"IS Mine Pattern (Five)"
012,318,0000,0074,000,0611,"IS Mine Pattern (Five)"
012,296,0008,0052,000,0611,"IS Mine Pattern (Five)"
012,297,0000,0048,000,0611,"IS Mine Pattern (Five)"
012,298,0002,0064,000,0611,"IS Mine Pattern (Five)"
012,276,0018,0052,000,0611,"IS Mine Pattern (Five)"
012,277,-002,0062,000,0611,"IS Mine Pattern (Five)"
012,278,-004,0044,000,0611,"IS Mine Pattern (Five)"
012,256,0002,0068,000,0611,"IS Mine Pattern (Five)"
012,257,-006,0050,000,0611,"IS Mine Pattern (Five)"
012,258,0016,0058,000,0611,"IS Mine Pattern (Five)"
012,259,-016,0056,000,0611,"IS Mine Pattern (Five)"
012,279,0010,0056,000,0611,"IS Mine Pattern (Five)"
012,299,0002,0066,000,0611,"IS Mine Pattern (Five)"
013,364,0008,0072,000,0633,"Mech Repair Bay"
013,184,-044,0078,000,0212,"Medium Tree"
013,183,0012,0124,000,0212,"Medium Tree"
013,203,0074,0044,000,0212,"Medium Tree"
013,203,0012,0096,000,0212,"Medium Tree"
013,184,-068,0068,000,0208,"Big Tree"
013,183,0016,0058,000,0208,"Big Tree"
013,223,0066,0048,000,0208,"Big Tree"
013,185,0062,0042,000,0208,"Big Tree"
013,270,0006,0138,000,0208,"Big Tree"
013,270,-022,0118,000,0208,"Big Tree"
013,290,-012,0018,000,0208,"Big Tree"
013,269,0060,0072,000,0208,"Big Tree"
013,270,-004,0006,000,0208,"Big Tree"
013,250,-052,0020,000,0208,"Big Tree"
013,373,-060,0074,000,0208,"Big Tree"
013,393,0098,0064,000,0208,"Big Tree"
013,394,0044,0066,000,0208,"Big Tree"
013,394,0076,0064,000,0212,"Medium Tree"
013,394,-030,0038,000,0212,"Medium Tree"
013,320,0000,0060,000,0611,"IS Mine Pattern (Five)"
013,321,-002,0056,000,0611,"IS Mine Pattern (Five)"
013,322,0002,0068,000,0611,"IS Mine Pattern (Five)"
013,323,0006,0062,000,0611,"IS Mine Pattern (Five)"
013,324,0006,0062,000,0611,"IS Mine Pattern (Five)"
013,325,-006,0062,000,0611,"IS Mine Pattern (Five)"
013,326,-006,0062,000,0611,"IS Mine Pattern (Five)"
013,327,-004,0058,000,0611,"IS Mine Pattern (Five)"
013,328,-006,0068,000,0611,"IS Mine Pattern (Five)"
013,348,-002,0058,000,0611,"IS Mine Pattern (Five)"
013,368,-008,0064,000,0611,"IS Mine Pattern (Five)"
013,388,-004,0060,000,0611,"IS Mine Pattern (Five)"
013,380,0004,0054,000,0611,"IS Mine Pattern (Five)"
013,360,0002,0060,000,0611,"IS Mine Pattern (Five)"
013,340,0006,0062,000,0611,"IS Mine Pattern (Five)"
013,341,0006,0058,000,0611,"IS Mine Pattern (Five)"
013,342,0004,0052,000,0611,"IS Mine Pattern (Five)"
013,343,0014,0058,000,0611,"IS Mine Pattern (Five)"
013,344,0008,0064,000,0611,"IS Mine Pattern (Five)"
013,345,-010,0054,000,0611,"IS Mine Pattern (Five)"
013,346,-004,0054,000,0611,"IS Mine Pattern (Five)"
013,347,0008,0058,000,0611,"IS Mine Pattern (Five)"
013,367,0002,0072,000,0611,"IS Mine Pattern (Five)"
013,387,0000,0058,000,0611,"IS Mine Pattern (Five)"
013,381,-002,0056,000,0611,"IS Mine Pattern (Five)"
013,361,0000,0052,000,0611,"IS Mine Pattern (Five)"
013,240,-008,0040,000,0611,"IS Mine Pattern (Five)"
013,260,-002,0052,000,0611,"IS Mine Pattern (Five)"
013,280,-014,0050,000,0611,"IS Mine Pattern (Five)"
013,241,0002,0058,000,0611,"IS Mine Pattern (Five)"
013,261,-004,0058,000,0611,"IS Mine Pattern (Five)"
013,281,-004,0070,000,0611,"IS Mine Pattern (Five)"
013,242,-004,0050,000,0611,"IS Mine Pattern (Five)"
013,262,-010,0072,000,0611,"IS Mine Pattern (Five)"
013,282,0006,0088,000,0611,"IS Mine Pattern (Five)"
013,243,-008,0072,000,0611,"IS Mine Pattern (Five)"
013,263,-022,0074,000,0611,"IS Mine Pattern (Five)"
013,283,0008,0060,000,0611,"IS Mine Pattern (Five)"
013,244,-002,0058,000,0611,"IS Mine Pattern (Five)"
013,264,0000,0054,000,0611,"IS Mine Pattern (Five)"
013,284,0000,0070,000,0611,"IS Mine Pattern (Five)"
013,285,0004,0082,000,0611,"IS Mine Pattern (Five)"
013,265,-002,0056,000,0611,"IS Mine Pattern (Five)"
013,245,0000,0070,000,0611,"IS Mine Pattern (Five)"
013,246,0000,0056,000,0611,"IS Mine Pattern (Five)"
013,266,-004,0052,000,0611,"IS Mine Pattern (Five)"
013,286,0000,0078,000,0611,"IS Mine Pattern (Five)"
013,287,-002,0068,000,0611,"IS Mine Pattern (Five)"
013,267,-004,0062,000,0611,"IS Mine Pattern (Five)"
013,247,-004,0066,000,0611,"IS Mine Pattern (Five)"
013,248,-010,0056,000,0611,"IS Mine Pattern (Five)"
013,268,0000,0054,000,0611,"IS Mine Pattern (Five)"
013,288,-010,0084,000,0611,"IS Mine Pattern (Five)"
013,289,-010,0072,000,0611,"IS Mine Pattern (Five)"
013,269,0010,0078,000,0611,"IS Mine Pattern (Five)"
013,249,-010,0058,000,0611,"IS Mine Pattern (Five)"
013,250,-006,0054,000,0611,"IS Mine Pattern (Five)"
013,270,0008,0068,000,0611,"IS Mine Pattern (Five)"
013,290,0000,0074,000,0611,"IS Mine Pattern (Five)"
013,291,0008,0034,000,0611,"IS Mine Pattern (Five)"
013,311,-008,0054,000,0611,"IS Mine Pattern (Five)"
013,310,-002,0034,000,0611,"IS Mine Pattern (Five)"
013,312,-016,0052,000,0611,"IS Mine Pattern (Five)"
013,332,-026,0060,000,0611,"IS Mine Pattern (Five)"
013,331,-006,0054,000,0611,"IS Mine Pattern (Five)"
013,330,-002,0036,000,0611,"IS Mine Pattern (Five)"
013,350,0008,0044,000,0611,"IS Mine Pattern (Five)"
013,351,0004,0074,000,0611,"IS Mine Pattern (Five)"
013,352,-006,0060,000,0611,"IS Mine Pattern (Five)"
013,372,-002,0044,000,0611,"IS Mine Pattern (Five)"
013,371,0012,0054,000,0611,"IS Mine Pattern (Five)"
013,370,0002,0056,000,0611,"IS Mine Pattern (Five)"
013,390,0002,0044,000,0611,"IS Mine Pattern (Five)"
013,391,-012,0054,000,0611,"IS Mine Pattern (Five)"
013,392,-008,0046,000,0611,"IS Mine Pattern (Five)"
014,040,0002,0066,000,0537,"Container Stack SW"
014,341,-038,0034,000,0212,"Medium Tree"
014,361,0032,0044,000,0212,"Medium Tree"
014,341,0004,0094,000,0212,"Medium Tree"
014,341,-032,0070,000,0212,"Medium Tree"
014,362,0054,0040,000,0212,"Medium Tree"
014,301,-072,0044,000,0212,"Medium Tree"
015,365,0004,0016,000,0212,"Medium Tree"
015,365,0026,0032,000,0212,"Medium Tree"
015,324,0032,0034,000,0212,"Medium Tree"
020,130,0000,0066,000,0537,"Container Stack SW"
021,269,-008,0012,000,0208,"Big Tree"
021,269,0036,0042,000,0208,"Big Tree"
021,269,-032,0048,000,0208,"Big Tree"
021,176,0030,0022,000,0208,"Big Tree"
021,156,-046,0064,000,0208,"Big Tree"
021,156,-048,0086,000,0208,"Big Tree"
021,156,0056,0090,000,0208,"Big Tree"
021,157,0052,0050,000,0208,"Big Tree"
021,108,-012,0078,000,0208,"Big Tree"
021,088,-008,0090,000,0208,"Big Tree"
021,108,0046,0026,000,0208,"Big Tree"
021,108,0006,0020,000,0208,"Big Tree"
021,089,-028,0044,000,0208,"Big Tree"
021,108,0028,0050,000,0212,"Medium Tree"
021,089,0054,0060,000,0212,"Medium Tree"
021,089,-086,0058,000,0212,"Medium Tree"
021,156,-016,0070,000,0212,"Medium Tree"
021,156,0010,0034,000,0212,"Medium Tree"
021,054,0002,0004,000,0212,"Medium Tree"
021,034,-016,0098,000,0212,"Medium Tree"
021,034,0020,0100,000,0212,"Medium Tree"
021,056,0004,0060,000,0611,"IS Mine Pattern (Five)"
021,057,-010,0044,000,0611,"IS Mine Pattern (Five)"
021,058,-002,0058,000,0611,"IS Mine Pattern (Five)"
021,036,-002,0062,000,0611,"IS Mine Pattern (Five)"
021,037,0016,0058,000,0611,"IS Mine Pattern (Five)"
021,038,-014,0056,000,0611,"IS Mine Pattern (Five)"
021,016,-006,0038,000,0611,"IS Mine Pattern (Five)"
021,017,-010,0050,000,0611,"IS Mine Pattern (Five)"
021,018,-010,0064,000,0611,"IS Mine Pattern (Five)"
021,076,0000,0044,000,0611,"IS Mine Pattern (Five)"
021,077,-006,0052,000,0611,"IS Mine Pattern (Five)"
021,078,-014,0062,000,0611,"IS Mine Pattern (Five)"
021,098,0002,0080,000,0611,"IS Mine Pattern (Five)"
021,097,0000,0068,000,0611,"IS Mine Pattern (Five)"
021,096,0002,0070,000,0611,"IS Mine Pattern (Five)"
021,116,0000,0066,000,0611,"IS Mine Pattern (Five)"
021,117,-010,0054,000,0611,"IS Mine Pattern (Five)"
021,118,0012,0054,000,0611,"IS Mine Pattern (Five)"
021,136,-004,0044,000,0611,"IS Mine Pattern (Five)"
021,137,-002,0048,000,0611,"IS Mine Pattern (Five)"
021,138,0010,0072,000,0611,"IS Mine Pattern (Five)"
021,158,0000,0060,000,0611,"IS Mine Pattern (Five)"
021,157,0000,0076,000,0611,"IS Mine Pattern (Five)"
021,156,0006,0078,000,0611,"IS Mine Pattern (Five)"
021,176,-002,0052,000,0611,"IS Mine Pattern (Five)"
021,177,-012,0046,000,0611,"IS Mine Pattern (Five)"
021,178,-006,0048,000,0611,"IS Mine Pattern (Five)"
021,139,-004,0084,000,0611,"IS Mine Pattern (Five)"
021,159,-014,0060,000,0611,"IS Mine Pattern (Five)"
021,179,0000,0042,000,0611,"IS Mine Pattern (Five)"
022,004,-006,0052,000,0490,"Headquarters Building SW"
022,014,-004,0008,000,0208,"Big Tree"
022,013,0022,0094,000,0212,"Medium Tree"
022,044,-008,0066,000,0705,"Large Gate Control SW"
022,104,0000,0064,000,0693,"Large Southwest Gate"
022,008,0002,0062,000,0611,"IS Mine Pattern (Five)"
022,028,0000,0062,000,0611,"IS Mine Pattern (Five)"
022,048,0002,0064,000,0611,"IS Mine Pattern (Five)"
022,068,-008,0064,000,0611,"IS Mine Pattern (Five)"
022,088,-004,0050,000,0611,"IS Mine Pattern (Five)"
022,087,-002,0054,000,0611,"IS Mine Pattern (Five)"
022,086,0004,0058,000,0611,"IS Mine Pattern (Five)"
022,085,-004,0054,000,0611,"IS Mine Pattern (Five)"
022,084,0006,0054,000,0611,"IS Mine Pattern (Five)"
022,083,0006,0060,000,0611,"IS Mine Pattern (Five)"
022,082,0002,0054,000,0611,"IS Mine Pattern (Five)"
022,081,0004,0050,000,0611,"IS Mine Pattern (Five)"
022,080,0000,0056,000,0611,"IS Mine Pattern (Five)"
022,060,-010,0060,000,0611,"IS Mine Pattern (Five)"
022,040,0008,0056,000,0611,"IS Mine Pattern (Five)"
022,020,0008,0056,000,0611,"IS Mine Pattern (Five)"
022,000,0012,0062,000,0611,"IS Mine Pattern (Five)"
022,007,0002,0060,000,0611,"IS Mine Pattern (Five)"
022,027,0006,0064,000,0611,"IS Mine Pattern (Five)"
022,047,-004,0060,000,0611,"IS Mine Pattern (Five)"
022,067,-002,0062,000,0611,"IS Mine Pattern (Five)"
022,066,0004,0058,000,0611,"IS Mine Pattern (Five)"
022,065,0004,0054,000,0611,"IS Mine Pattern (Five)"
022,064,0006,0056,000,0611,"IS Mine Pattern (Five)"
022,063,0004,0058,000,0611,"IS Mine Pattern (Five)"
022,062,0006,0052,000,0611,"IS Mine Pattern (Five)"
022,061,-004,0052,000,0611,"IS Mine Pattern (Five)"
022,041,0012,0048,000,0611,"IS Mine Pattern (Five)"
022,021,0004,0060,000,0611,"IS Mine Pattern (Five)"
022,001,0000,0050,000,0611,"IS Mine Pattern (Five)"
022,012,-002,0048,000,0611,"IS Mine Pattern (Five)"
022,011,0002,0076,000,0611,"IS Mine Pattern (Five)"
022,010,0000,0054,000,0611,"IS Mine Pattern (Five)"
022,030,0006,0048,000,0611,"IS Mine Pattern (Five)"
022,031,0004,0050,000,0611,"IS Mine Pattern (Five)"
022,032,0000,0066,000,0611,"IS Mine Pattern (Five)"
022,050,-008,0054,000,0611,"IS Mine Pattern (Five)"
022,051,-020,0052,000,0611,"IS Mine Pattern (Five)"
022,052,-012,0054,000,0611,"IS Mine Pattern (Five)"
022,072,-004,0072,000,0611,"IS Mine Pattern (Five)"
022,071,-002,0066,000,0611,"IS Mine Pattern (Five)"
022,070,-002,0048,000,0611,"IS Mine Pattern (Five)"
022,090,0006,0050,000,0611,"IS Mine Pattern (Five)"
022,091,-006,0058,000,0611,"IS Mine Pattern (Five)"
022,092,-004,0056,000,0611,"IS Mine Pattern (Five)"
022,112,0000,0078,000,0611,"IS Mine Pattern (Five)"
022,111,0010,0068,000,0611,"IS Mine Pattern (Five)"
022,110,0008,0056,000,0611,"IS Mine Pattern (Five)"
022,130,0008,0054,000,0611,"IS Mine Pattern (Five)"
022,131,0002,0062,000,0611,"IS Mine Pattern (Five)"
022,132,0000,0066,000,0611,"IS Mine Pattern (Five)"
022,152,0000,0054,000,0611,"IS Mine Pattern (Five)"
022,151,0000,0058,000,0611,"IS Mine Pattern (Five)"
022,150,0002,0072,000,0611,"IS Mine Pattern (Five)"
022,170,0010,0070,000,0611,"IS Mine Pattern (Five)"
022,171,-002,0066,000,0611,"IS Mine Pattern (Five)"
022,172,0000,0062,000,0611,"IS Mine Pattern (Five)"
022,129,-004,0050,000,0611,"IS Mine Pattern (Five)"
022,149,0010,0062,000,0611,"IS Mine Pattern (Five)"
022,169,0018,0070,000,0611,"IS Mine Pattern (Five)"
022,160,0008,0044,000,0611,"IS Mine Pattern (Five)"
022,140,-010,0058,000,0611,"IS Mine Pattern (Five)"
022,120,-002,0066,000,0611,"IS Mine Pattern (Five)"
022,121,-004,0060,000,0611,"IS Mine Pattern (Five)"
022,141,0002,0078,000,0611,"IS Mine Pattern (Five)"
022,161,-004,0050,000,0611,"IS Mine Pattern (Five)"
022,162,-004,0050,000,0611,"IS Mine Pattern (Five)"
022,142,0002,0076,000,0611,"IS Mine Pattern (Five)"
022,122,0000,0056,000,0611,"IS Mine Pattern (Five)"
022,123,0000,0062,000,0611,"IS Mine Pattern (Five)"
022,143,0016,0072,000,0611,"IS Mine Pattern (Five)"
022,163,0006,0062,000,0611,"IS Mine Pattern (Five)"
022,164,0002,0058,000,0611,"IS Mine Pattern (Five)"
022,144,0000,0080,000,0611,"IS Mine Pattern (Five)"
022,124,-004,0058,000,0611,"IS Mine Pattern (Five)"
022,125,0004,0054,000,0611,"IS Mine Pattern (Five)"
022,145,-002,0068,000,0611,"IS Mine Pattern (Five)"
022,165,-006,0056,000,0611,"IS Mine Pattern (Five)"
022,166,-002,0064,000,0611,"IS Mine Pattern (Five)"
022,146,0004,0054,000,0611,"IS Mine Pattern (Five)"
022,126,0000,0062,000,0611,"IS Mine Pattern (Five)"
022,127,0016,0060,000,0611,"IS Mine Pattern (Five)"
022,147,0008,0056,000,0611,"IS Mine Pattern (Five)"
022,167,0004,0060,000,0611,"IS Mine Pattern (Five)"
022,168,-012,0070,000,0611,"IS Mine Pattern (Five)"
022,148,0000,0056,000,0611,"IS Mine Pattern (Five)"
022,128,0004,0044,000,0611,"IS Mine Pattern (Five)"
023,054,0084,0036,000,0208,"Big Tree"
023,055,0004,0004,000,0208,"Big Tree"
023,054,0044,0076,000,0208,"Big Tree"
023,034,-028,0036,000,0208,"Big Tree"
023,033,-018,0098,000,0208,"Big Tree"
023,013,0090,0074,000,0208,"Big Tree"
023,034,-054,0078,000,0212,"Medium Tree"
023,034,-032,0060,000,0212,"Medium Tree"
023,053,0026,0052,000,0212,"Medium Tree"
023,013,0040,0086,000,0212,"Medium Tree"
023,056,0012,0020,000,0212,"Medium Tree"
023,377,0064,0098,000,0208,"Big Tree"
023,358,-068,0092,000,0208,"Big Tree"
023,378,-096,0060,000,0208,"Big Tree"
023,398,-062,0064,000,0208,"Big Tree"
023,219,0000,0064,000,0690,"Large Northwest Gate"
023,198,-004,0042,000,0522,"Clan Mine Pattern (Five)"
023,178,0004,0058,000,0522,"Clan Mine Pattern (Five)"
023,158,0006,0054,000,0522,"Clan Mine Pattern (Five)"
023,138,0006,0052,000,0522,"Clan Mine Pattern (Five)"
023,118,0002,0056,000,0522,"Clan Mine Pattern (Five)"
023,098,0008,0058,000,0522,"Clan Mine Pattern (Five)"
023,078,0008,0054,000,0522,"Clan Mine Pattern (Five)"
023,058,-002,0058,000,0522,"Clan Mine Pattern (Five)"
023,057,-002,0050,000,0522,"Clan Mine Pattern (Five)"
023,056,-002,0054,000,0522,"Clan Mine Pattern (Five)"
023,077,-006,0054,000,0522,"Clan Mine Pattern (Five)"
023,097,0004,0060,000,0522,"Clan Mine Pattern (Five)"
023,117,-002,0062,000,0522,"Clan Mine Pattern (Five)"
023,137,-010,0048,000,0522,"Clan Mine Pattern (Five)"
023,157,-004,0044,000,0522,"Clan Mine Pattern (Five)"
023,177,-006,0066,000,0522,"Clan Mine Pattern (Five)"
023,197,0000,0064,000,0522,"Clan Mine Pattern (Five)"
023,076,0006,0060,000,0522,"Clan Mine Pattern (Five)"
023,096,-018,0066,000,0522,"Clan Mine Pattern (Five)"
023,116,-008,0054,000,0522,"Clan Mine Pattern (Five)"
023,136,-008,0074,000,0522,"Clan Mine Pattern (Five)"
023,156,-012,0084,000,0522,"Clan Mine Pattern (Five)"
023,176,-026,0090,000,0522,"Clan Mine Pattern (Five)"
023,196,-014,0078,000,0522,"Clan Mine Pattern (Five)"
023,216,-004,0074,000,0522,"Clan Mine Pattern (Five)"
023,217,-008,0052,000,0522,"Clan Mine Pattern (Five)"
023,218,-004,0050,000,0522,"Clan Mine Pattern (Five)"
023,236,0006,0084,000,0522,"Clan Mine Pattern (Five)"
023,237,0004,0052,000,0522,"Clan Mine Pattern (Five)"
023,238,0004,0048,000,0522,"Clan Mine Pattern (Five)"
023,258,0000,0042,000,0522,"Clan Mine Pattern (Five)"
023,257,0008,0058,000,0522,"Clan Mine Pattern (Five)"
023,256,0000,0054,000,0522,"Clan Mine Pattern (Five)"
023,276,0002,0042,000,0522,"Clan Mine Pattern (Five)"
023,277,-002,0062,000,0522,"Clan Mine Pattern (Five)"
023,278,-010,0046,000,0522,"Clan Mine Pattern (Five)"
023,298,-002,0042,000,0522,"Clan Mine Pattern (Five)"
023,297,0000,0046,000,0522,"Clan Mine Pattern (Five)"
023,296,0004,0050,000,0522,"Clan Mine Pattern (Five)"
023,316,-002,0060,000,0522,"Clan Mine Pattern (Five)"
023,317,-002,0076,000,0522,"Clan Mine Pattern (Five)"
023,318,-010,0058,000,0522,"Clan Mine Pattern (Five)"
023,338,0002,0070,000,0522,"Clan Mine Pattern (Five)"
023,337,-010,0070,000,0522,"Clan Mine Pattern (Five)"
023,336,-004,0066,000,0522,"Clan Mine Pattern (Five)"
023,356,0008,0052,000,0522,"Clan Mine Pattern (Five)"
023,357,-008,0060,000,0522,"Clan Mine Pattern (Five)"
023,358,0004,0070,000,0522,"Clan Mine Pattern (Five)"
023,377,0000,0068,000,0522,"Clan Mine Pattern (Five)"
023,376,0006,0060,000,0522,"Clan Mine Pattern (Five)"
023,339,-006,0082,000,0522,"Clan Mine Pattern (Five)"
023,359,0012,0062,000,0522,"Clan Mine Pattern (Five)"
023,059,-004,0062,000,0522,"Clan Mine Pattern (Five)"
023,079,0002,0064,000,0522,"Clan Mine Pattern (Five)"
023,099,0000,0068,000,0522,"Clan Mine Pattern (Five)"
024,204,0000,0064,000,0491,"Headquarters Building SE"
024,025,0056,0068,000,0212,"Medium Tree"
024,025,0018,0078,000,0212,"Medium Tree"
024,025,0016,0086,000,0212,"Medium Tree"
024,045,-006,0042,000,0212,"Medium Tree"
024,026,0044,0098,000,0212,"Medium Tree"
024,045,-056,0082,000,0208,"Big Tree"
024,026,0088,0076,000,0208,"Big Tree"
024,046,0046,0046,000,0208,"Big Tree"
024,005,0034,0032,000,0208,"Big Tree"
024,004,-022,0020,000,0208,"Big Tree"
024,003,-046,0092,000,0208,"Big Tree"
024,341,-072,0094,000,0208,"Big Tree"
024,341,-026,0104,000,0208,"Big Tree"
024,353,0026,0120,000,0208,"Big Tree"
024,354,-040,0082,000,0208,"Big Tree"
024,354,-018,0114,000,0208,"Big Tree"
024,355,-080,0074,000,0208,"Big Tree"
024,355,0000,0052,000,0208,"Big Tree"
024,374,-068,0076,000,0208,"Big Tree"
024,355,-070,0106,000,0208,"Big Tree"
024,356,0014,0062,000,0208,"Big Tree"
024,335,0036,0048,000,0208,"Big Tree"
024,335,0012,0038,000,0208,"Big Tree"
024,335,-058,0024,000,0208,"Big Tree"
024,335,-016,0010,000,0208,"Big Tree"
024,334,-050,0060,000,0208,"Big Tree"
024,354,0022,0086,000,0212,"Medium Tree"
024,355,0000,0076,000,0212,"Medium Tree"
024,374,0024,0100,000,0212,"Medium Tree"
024,394,-068,0084,000,0212,"Medium Tree"
024,356,-004,0032,000,0212,"Medium Tree"
024,336,0004,0052,000,0212,"Medium Tree"
024,133,-086,0096,000,0212,"Medium Tree"
024,133,0044,0108,000,0212,"Medium Tree"
024,113,0032,0088,000,0212,"Medium Tree"
024,114,0028,0094,000,0212,"Medium Tree"
024,134,0064,0078,000,0212,"Medium Tree"
024,134,0048,0046,000,0208,"Big Tree"
024,113,-060,0040,000,0208,"Big Tree"
024,152,0054,0090,000,0208,"Big Tree"
024,153,-024,0026,000,0208,"Big Tree"
024,206,-002,0070,000,0633,"Mech Repair Bay"
024,202,0000,0064,000,0706,"Large Gate Control NW"
024,120,0000,0060,000,0522,"Clan Mine Pattern (Five)"
024,121,0006,0064,000,0522,"Clan Mine Pattern (Five)"
024,122,0002,0068,000,0522,"Clan Mine Pattern (Five)"
024,123,0000,0060,000,0522,"Clan Mine Pattern (Five)"
024,124,-002,0068,000,0522,"Clan Mine Pattern (Five)"
024,125,0002,0056,000,0522,"Clan Mine Pattern (Five)"
024,126,0000,0062,000,0522,"Clan Mine Pattern (Five)"
024,127,-008,0056,000,0522,"Clan Mine Pattern (Five)"
024,128,-004,0052,000,0522,"Clan Mine Pattern (Five)"
024,148,-004,0060,000,0522,"Clan Mine Pattern (Five)"
024,168,-004,0062,000,0522,"Clan Mine Pattern (Five)"
024,188,0000,0056,000,0522,"Clan Mine Pattern (Five)"
024,208,0010,0056,000,0522,"Clan Mine Pattern (Five)"
024,228,0002,0066,000,0522,"Clan Mine Pattern (Five)"
024,248,-004,0064,000,0522,"Clan Mine Pattern (Five)"
024,268,-004,0058,000,0522,"Clan Mine Pattern (Five)"
024,288,0006,0066,000,0522,"Clan Mine Pattern (Five)"
024,287,0006,0064,000,0522,"Clan Mine Pattern (Five)"
024,286,0000,0060,000,0522,"Clan Mine Pattern (Five)"
024,285,0004,0060,000,0522,"Clan Mine Pattern (Five)"
024,284,0004,0056,000,0522,"Clan Mine Pattern (Five)"
024,283,0012,0062,000,0522,"Clan Mine Pattern (Five)"
024,282,0008,0058,000,0522,"Clan Mine Pattern (Five)"
024,281,0006,0056,000,0522,"Clan Mine Pattern (Five)"
024,280,0000,0062,000,0522,"Clan Mine Pattern (Five)"
024,260,0018,0062,000,0522,"Clan Mine Pattern (Five)"
024,240,0012,0052,000,0522,"Clan Mine Pattern (Five)"
024,220,0006,0052,000,0522,"Clan Mine Pattern (Five)"
024,200,0002,0060,000,0522,"Clan Mine Pattern (Five)"
024,180,0006,0056,000,0522,"Clan Mine Pattern (Five)"
024,160,-004,0050,000,0522,"Clan Mine Pattern (Five)"
024,140,0002,0060,000,0522,"Clan Mine Pattern (Five)"
024,141,0010,0058,000,0522,"Clan Mine Pattern (Five)"
024,142,0002,0062,000,0522,"Clan Mine Pattern (Five)"
024,143,0010,0064,000,0522,"Clan Mine Pattern (Five)"
024,144,0002,0064,000,0522,"Clan Mine Pattern (Five)"
024,145,0012,0070,000,0522,"Clan Mine Pattern (Five)"
024,146,0000,0058,000,0522,"Clan Mine Pattern (Five)"
024,147,0002,0056,000,0522,"Clan Mine Pattern (Five)"
024,167,0002,0054,000,0522,"Clan Mine Pattern (Five)"
024,187,0006,0056,000,0522,"Clan Mine Pattern (Five)"
024,207,-008,0068,000,0522,"Clan Mine Pattern (Five)"
024,227,0008,0064,000,0522,"Clan Mine Pattern (Five)"
024,247,0004,0062,000,0522,"Clan Mine Pattern (Five)"
024,267,0006,0058,000,0522,"Clan Mine Pattern (Five)"
024,266,0002,0062,000,0522,"Clan Mine Pattern (Five)"
024,265,0000,0052,000,0522,"Clan Mine Pattern (Five)"
024,264,0006,0050,000,0522,"Clan Mine Pattern (Five)"
024,263,-002,0058,000,0522,"Clan Mine Pattern (Five)"
024,262,0002,0056,000,0522,"Clan Mine Pattern (Five)"
024,261,0000,0062,000,0522,"Clan Mine Pattern (Five)"
024,241,0016,0058,000,0522,"Clan Mine Pattern (Five)"
024,221,0002,0058,000,0522,"Clan Mine Pattern (Five)"
024,201,0000,0056,000,0522,"Clan Mine Pattern (Five)"
024,181,0008,0054,000,0522,"Clan Mine Pattern (Five)"
024,161,0002,0060,000,0522,"Clan Mine Pattern (Five)"
024,320,0000,0080,000,0522,"Clan Mine Pattern (Five)"
024,340,0002,0064,000,0522,"Clan Mine Pattern (Five)"
024,321,-010,0080,000,0522,"Clan Mine Pattern (Five)"
024,341,0012,0066,000,0522,"Clan Mine Pattern (Five)"
024,322,-016,0088,000,0522,"Clan Mine Pattern (Five)"
024,342,-010,0070,000,0522,"Clan Mine Pattern (Five)"
024,362,0002,0050,000,0522,"Clan Mine Pattern (Five)"
024,323,-014,0082,000,0522,"Clan Mine Pattern (Five)"
024,343,-004,0064,000,0522,"Clan Mine Pattern (Five)"
024,363,-002,0068,000,0522,"Clan Mine Pattern (Five)"
024,364,-004,0066,000,0522,"Clan Mine Pattern (Five)"
024,344,0004,0052,000,0522,"Clan Mine Pattern (Five)"
024,324,-010,0082,000,0522,"Clan Mine Pattern (Five)"
024,325,0000,0080,000,0522,"Clan Mine Pattern (Five)"
024,345,0006,0082,000,0522,"Clan Mine Pattern (Five)"
024,365,0000,0074,000,0522,"Clan Mine Pattern (Five)"
024,366,0006,0078,000,0522,"Clan Mine Pattern (Five)"
024,346,0006,0074,000,0522,"Clan Mine Pattern (Five)"
024,326,0004,0068,000,0522,"Clan Mine Pattern (Five)"
024,327,-002,0096,000,0522,"Clan Mine Pattern (Five)"
024,347,0000,0072,000,0522,"Clan Mine Pattern (Five)"
024,367,0006,0076,000,0522,"Clan Mine Pattern (Five)"
024,368,0006,0062,000,0522,"Clan Mine Pattern (Five)"
024,348,0000,0062,000,0522,"Clan Mine Pattern (Five)"
024,328,0006,0092,000,0522,"Clan Mine Pattern (Five)"
024,329,0004,0088,000,0522,"Clan Mine Pattern (Five)"
024,349,0000,0076,000,0522,"Clan Mine Pattern (Five)"
024,369,-002,0066,000,0522,"Clan Mine Pattern (Five)"
024,370,0002,0070,000,0522,"Clan Mine Pattern (Five)"
024,350,0008,0068,000,0522,"Clan Mine Pattern (Five)"
024,330,-010,0086,000,0522,"Clan Mine Pattern (Five)"
024,331,-022,0058,000,0522,"Clan Mine Pattern (Five)"
024,351,-026,0076,000,0522,"Clan Mine Pattern (Five)"
024,352,0008,0050,000,0522,"Clan Mine Pattern (Five)"
024,332,-018,0048,000,0522,"Clan Mine Pattern (Five)"
024,310,0012,0080,000,0522,"Clan Mine Pattern (Five)"
024,311,-006,0074,000,0522,"Clan Mine Pattern (Five)"
024,312,0002,0058,000,0522,"Clan Mine Pattern (Five)"
024,292,0000,0070,000,0522,"Clan Mine Pattern (Five)"
024,291,0006,0068,000,0522,"Clan Mine Pattern (Five)"
024,290,0008,0094,000,0522,"Clan Mine Pattern (Five)"
024,270,0012,0086,000,0522,"Clan Mine Pattern (Five)"
024,271,0004,0070,000,0522,"Clan Mine Pattern (Five)"
024,272,0006,0062,000,0522,"Clan Mine Pattern (Five)"
024,250,0018,0096,000,0522,"Clan Mine Pattern (Five)"
024,251,0008,0072,000,0522,"Clan Mine Pattern (Five)"
024,252,-004,0066,000,0522,"Clan Mine Pattern (Five)"
024,230,0002,0076,000,0522,"Clan Mine Pattern (Five)"
024,231,-004,0074,000,0522,"Clan Mine Pattern (Five)"
024,232,-002,0064,000,0522,"Clan Mine Pattern (Five)"
024,210,0010,0080,000,0522,"Clan Mine Pattern (Five)"
024,211,0002,0076,000,0522,"Clan Mine Pattern (Five)"
024,212,0004,0054,000,0522,"Clan Mine Pattern (Five)"
024,190,0008,0072,000,0522,"Clan Mine Pattern (Five)"
024,191,0004,0084,000,0522,"Clan Mine Pattern (Five)"
024,192,-002,0056,000,0522,"Clan Mine Pattern (Five)"
024,172,0002,0064,000,0522,"Clan Mine Pattern (Five)"
024,171,-002,0074,000,0522,"Clan Mine Pattern (Five)"
024,170,0010,0090,000,0522,"Clan Mine Pattern (Five)"
024,150,0010,0082,000,0522,"Clan Mine Pattern (Five)"
024,151,0008,0068,000,0522,"Clan Mine Pattern (Five)"
024,152,-008,0074,000,0522,"Clan Mine Pattern (Five)"
024,132,0000,0056,000,0522,"Clan Mine Pattern (Five)"
024,131,0004,0064,000,0522,"Clan Mine Pattern (Five)"
024,130,0006,0090,000,0522,"Clan Mine Pattern (Five)"
024,110,-002,0074,000,0522,"Clan Mine Pattern (Five)"
024,111,-006,0056,000,0522,"Clan Mine Pattern (Five)"
024,112,-004,0066,000,0522,"Clan Mine Pattern (Five)"
024,092,-002,0054,000,0522,"Clan Mine Pattern (Five)"
024,072,-002,0056,000,0522,"Clan Mine Pattern (Five)"
024,052,-006,0074,000,0522,"Clan Mine Pattern (Five)"
024,051,-008,0056,000,0522,"Clan Mine Pattern (Five)"
024,071,-006,0066,000,0522,"Clan Mine Pattern (Five)"
024,091,0006,0050,000,0522,"Clan Mine Pattern (Five)"
024,050,0006,0068,000,0522,"Clan Mine Pattern (Five)"
024,070,0004,0064,000,0522,"Clan Mine Pattern (Five)"
024,090,0008,0068,000,0522,"Clan Mine Pattern (Five)"
024,049,-004,0064,000,0522,"Clan Mine Pattern (Five)"
024,069,0010,0058,000,0522,"Clan Mine Pattern (Five)"
024,089,0002,0050,000,0522,"Clan Mine Pattern (Five)"
024,048,0002,0052,000,0522,"Clan Mine Pattern (Five)"
024,068,0002,0074,000,0522,"Clan Mine Pattern (Five)"
024,088,-004,0060,000,0522,"Clan Mine Pattern (Five)"
024,047,0004,0046,000,0522,"Clan Mine Pattern (Five)"
024,067,0000,0064,000,0522,"Clan Mine Pattern (Five)"
024,087,0000,0046,000,0522,"Clan Mine Pattern (Five)"
024,046,0004,0052,000,0522,"Clan Mine Pattern (Five)"
024,066,0010,0062,000,0522,"Clan Mine Pattern (Five)"
024,086,-014,0066,000,0522,"Clan Mine Pattern (Five)"
024,045,0008,0074,000,0522,"Clan Mine Pattern (Five)"
024,065,-010,0048,000,0522,"Clan Mine Pattern (Five)"
024,085,0000,0066,000,0522,"Clan Mine Pattern (Five)"
024,044,0010,0076,000,0522,"Clan Mine Pattern (Five)"
024,064,-002,0060,000,0522,"Clan Mine Pattern (Five)"
024,084,0002,0058,000,0522,"Clan Mine Pattern (Five)"
024,043,0002,0064,000,0522,"Clan Mine Pattern (Five)"
024,063,0002,0054,000,0522,"Clan Mine Pattern (Five)"
024,083,0002,0062,000,0522,"Clan Mine Pattern (Five)"
024,042,-002,0070,000,0522,"Clan Mine Pattern (Five)"
024,062,0004,0070,000,0522,"Clan Mine Pattern (Five)"
024,082,0010,0072,000,0522,"Clan Mine Pattern (Five)"
024,041,-002,0066,000,0522,"Clan Mine Pattern (Five)"
024,061,-002,0046,000,0522,"Clan Mine Pattern (Five)"
024,081,-012,0066,000,0522,"Clan Mine Pattern (Five)"
024,040,-014,0068,000,0522,"Clan Mine Pattern (Five)"
024,060,0004,0072,000,0522,"Clan Mine Pattern (Five)"
024,080,-004,0082,000,0522,"Clan Mine Pattern (Five)"
028,339,0002,0068,000,0633,"Mech Repair Bay"
028,137,0012,0122,000,0212,"Medium Tree"
028,257,0004,0072,000,0522,"Clan Mine Pattern (Five)"
028,258,-004,0054,000,0522,"Clan Mine Pattern (Five)"
028,259,0002,0066,000,0522,"Clan Mine Pattern (Five)"
028,397,0010,0066,000,0522,"Clan Mine Pattern (Five)"
028,377,0012,0058,000,0522,"Clan Mine Pattern (Five)"
028,357,0002,0060,000,0522,"Clan Mine Pattern (Five)"
028,337,0004,0062,000,0522,"Clan Mine Pattern (Five)"
028,317,0000,0068,000,0522,"Clan Mine Pattern (Five)"
028,297,0002,0056,000,0522,"Clan Mine Pattern (Five)"
028,277,0004,0056,000,0522,"Clan Mine Pattern (Five)"
028,278,0010,0070,000,0522,"Clan Mine Pattern (Five)"
028,279,0002,0058,000,0522,"Clan Mine Pattern (Five)"
028,399,0008,0060,000,0522,"Clan Mine Pattern (Five)"
028,398,0008,0056,000,0522,"Clan Mine Pattern (Five)"
028,378,-002,0060,000,0522,"Clan Mine Pattern (Five)"
028,358,0016,0058,000,0522,"Clan Mine Pattern (Five)"
028,338,0000,0062,000,0522,"Clan Mine Pattern (Five)"
028,318,0004,0058,000,0522,"Clan Mine Pattern (Five)"
028,298,0008,0062,000,0522,"Clan Mine Pattern (Five)"
028,216,0008,0076,000,0522,"Clan Mine Pattern (Five)"
028,196,0006,0070,000,0522,"Clan Mine Pattern (Five)"
028,176,0008,0056,000,0522,"Clan Mine Pattern (Five)"
028,177,0002,0074,000,0522,"Clan Mine Pattern (Five)"
028,197,0006,0058,000,0522,"Clan Mine Pattern (Five)"
028,217,0000,0058,000,0522,"Clan Mine Pattern (Five)"
028,218,0004,0064,000,0522,"Clan Mine Pattern (Five)"
028,198,0008,0046,000,0522,"Clan Mine Pattern (Five)"
028,178,-002,0072,000,0522,"Clan Mine Pattern (Five)"
028,179,-002,0074,000,0522,"Clan Mine Pattern (Five)"
028,199,0000,0068,000,0522,"Clan Mine Pattern (Five)"
028,219,0000,0066,000,0522,"Clan Mine Pattern (Five)"
028,393,0002,0046,000,0522,"Clan Mine Pattern (Five)"
028,394,0012,0070,000,0522,"Clan Mine Pattern (Five)"
028,395,0008,0060,000,0522,"Clan Mine Pattern (Five)"
028,373,0000,0046,000,0522,"Clan Mine Pattern (Five)"
028,374,0010,0062,000,0522,"Clan Mine Pattern (Five)"
028,375,-004,0064,000,0522,"Clan Mine Pattern (Five)"
028,353,-010,0046,000,0522,"Clan Mine Pattern (Five)"
028,354,0014,0040,000,0522,"Clan Mine Pattern (Five)"
028,355,0004,0080,000,0522,"Clan Mine Pattern (Five)"
028,333,0006,0080,000,0522,"Clan Mine Pattern (Five)"
028,334,0000,0066,000,0522,"Clan Mine Pattern (Five)"
028,335,0004,0072,000,0522,"Clan Mine Pattern (Five)"
028,313,0008,0048,000,0522,"Clan Mine Pattern (Five)"
028,314,0024,0054,000,0522,"Clan Mine Pattern (Five)"
028,315,-002,0080,000,0522,"Clan Mine Pattern (Five)"
028,293,0004,0044,000,0522,"Clan Mine Pattern (Five)"
028,294,-002,0052,000,0522,"Clan Mine Pattern (Five)"
028,295,0006,0066,000,0522,"Clan Mine Pattern (Five)"
028,273,0014,0074,000,0522,"Clan Mine Pattern (Five)"
028,274,0008,0052,000,0522,"Clan Mine Pattern (Five)"
028,275,0002,0068,000,0522,"Clan Mine Pattern (Five)"
028,253,0006,0052,000,0522,"Clan Mine Pattern (Five)"
028,254,-002,0046,000,0522,"Clan Mine Pattern (Five)"
028,255,-014,0048,000,0522,"Clan Mine Pattern (Five)"
028,235,0004,0056,000,0522,"Clan Mine Pattern (Five)"
028,234,0002,0070,000,0522,"Clan Mine Pattern (Five)"
028,233,0012,0066,000,0522,"Clan Mine Pattern (Five)"
028,213,-002,0060,000,0522,"Clan Mine Pattern (Five)"
028,214,0002,0068,000,0522,"Clan Mine Pattern (Five)"
028,215,-016,0072,000,0522,"Clan Mine Pattern (Five)"
028,195,-004,0056,000,0522,"Clan Mine Pattern (Five)"
028,194,0002,0048,000,0522,"Clan Mine Pattern (Five)"
028,193,0012,0048,000,0522,"Clan Mine Pattern (Five)"
028,173,0000,0072,000,0522,"Clan Mine Pattern (Five)"
028,174,-002,0062,000,0522,"Clan Mine Pattern (Five)"
028,175,0006,0050,000,0522,"Clan Mine Pattern (Five)"
029,321,0000,0068,000,0491,"Headquarters Building SE"
029,250,0030,0018,000,0208,"Big Tree"
029,250,-004,0014,000,0208,"Big Tree"
029,249,0072,0082,000,0208,"Big Tree"
029,270,-052,0026,000,0208,"Big Tree"
029,250,0008,0066,000,0208,"Big Tree"
029,270,0042,0060,000,0208,"Big Tree"
029,323,0000,0068,000,0704,"Large Gate Control SE"
029,326,0000,0064,000,0691,"Large Southeast Gate"
029,240,0002,0068,000,0522,"Clan Mine Pattern (Five)"
029,241,-006,0064,000,0522,"Clan Mine Pattern (Five)"
029,242,0000,0058,000,0522,"Clan Mine Pattern (Five)"
029,243,-006,0064,000,0522,"Clan Mine Pattern (Five)"
029,244,0006,0062,000,0522,"Clan Mine Pattern (Five)"
029,245,-004,0064,000,0522,"Clan Mine Pattern (Five)"
029,265,-008,0064,000,0522,"Clan Mine Pattern (Five)"
029,285,0004,0060,000,0522,"Clan Mine Pattern (Five)"
029,305,-010,0066,000,0522,"Clan Mine Pattern (Five)"
029,325,0006,0062,000,0522,"Clan Mine Pattern (Five)"
029,345,-002,0052,000,0522,"Clan Mine Pattern (Five)"
029,365,-008,0062,000,0522,"Clan Mine Pattern (Five)"
029,385,-010,0062,000,0522,"Clan Mine Pattern (Five)"
029,260,0012,0066,000,0522,"Clan Mine Pattern (Five)"
029,261,0000,0054,000,0522,"Clan Mine Pattern (Five)"
029,262,0004,0058,000,0522,"Clan Mine Pattern (Five)"
029,263,0006,0060,000,0522,"Clan Mine Pattern (Five)"
029,264,0002,0062,000,0522,"Clan Mine Pattern (Five)"
029,284,-002,0064,000,0522,"Clan Mine Pattern (Five)"
029,304,-004,0066,000,0522,"Clan Mine Pattern (Five)"
029,324,0008,0062,000,0522,"Clan Mine Pattern (Five)"
029,344,0008,0060,000,0522,"Clan Mine Pattern (Five)"
029,364,0002,0062,000,0522,"Clan Mine Pattern (Five)"
029,384,0002,0060,000,0522,"Clan Mine Pattern (Five)"
029,383,0004,0062,000,0522,"Clan Mine Pattern (Five)"
029,382,0006,0056,000,0522,"Clan Mine Pattern (Five)"
029,381,0000,0062,000,0522,"Clan Mine Pattern (Five)"
029,380,0008,0062,000,0522,"Clan Mine Pattern (Five)"
029,200,0000,0046,000,0522,"Clan Mine Pattern (Five)"
029,180,0008,0056,000,0522,"Clan Mine Pattern (Five)"
029,160,-004,0070,000,0522,"Clan Mine Pattern (Five)"
029,161,0000,0064,000,0522,"Clan Mine Pattern (Five)"
029,181,0002,0052,000,0522,"Clan Mine Pattern (Five)"
029,201,0002,0058,000,0522,"Clan Mine Pattern (Five)"
029,202,0006,0048,000,0522,"Clan Mine Pattern (Five)"
029,182,0004,0074,000,0522,"Clan Mine Pattern (Five)"
029,162,0004,0060,000,0522,"Clan Mine Pattern (Five)"
029,163,-008,0076,000,0522,"Clan Mine Pattern (Five)"
029,183,0000,0062,000,0522,"Clan Mine Pattern (Five)"
029,203,-010,0050,000,0522,"Clan Mine Pattern (Five)"
029,204,-004,0062,000,0522,"Clan Mine Pattern (Five)"
029,184,-002,0052,000,0522,"Clan Mine Pattern (Five)"
029,164,0010,0056,000,0522,"Clan Mine Pattern (Five)"
029,165,-002,0046,000,0522,"Clan Mine Pattern (Five)"
029,166,-014,0060,000,0522,"Clan Mine Pattern (Five)"
029,185,0002,0068,000,0522,"Clan Mine Pattern (Five)"
029,205,0002,0058,000,0522,"Clan Mine Pattern (Five)"
029,206,0000,0064,000,0522,"Clan Mine Pattern (Five)"
029,186,0008,0070,000,0522,"Clan Mine Pattern (Five)"
029,187,-016,0056,000,0522,"Clan Mine Pattern (Five)"
029,207,-004,0064,000,0522,"Clan Mine Pattern (Five)"
029,227,-008,0052,000,0522,"Clan Mine Pattern (Five)"
029,208,-006,0052,000,0522,"Clan Mine Pattern (Five)"
029,228,0008,0060,000,0522,"Clan Mine Pattern (Five)"
029,229,0012,0080,000,0522,"Clan Mine Pattern (Five)"
029,249,0000,0054,000,0522,"Clan Mine Pattern (Five)"
029,248,0010,0036,000,0522,"Clan Mine Pattern (Five)"
029,247,-006,0060,000,0522,"Clan Mine Pattern (Five)"
029,267,0000,0044,000,0522,"Clan Mine Pattern (Five)"
029,268,0006,0068,000,0522,"Clan Mine Pattern (Five)"
029,269,0004,0068,000,0522,"Clan Mine Pattern (Five)"
029,289,-008,0064,000,0522,"Clan Mine Pattern (Five)"
029,288,0002,0060,000,0522,"Clan Mine Pattern (Five)"
029,287,0016,0050,000,0522,"Clan Mine Pattern (Five)"
029,307,-002,0054,000,0522,"Clan Mine Pattern (Five)"
029,308,-002,0070,000,0522,"Clan Mine Pattern (Five)"
029,309,-006,0070,000,0522,"Clan Mine Pattern (Five)"
029,329,-004,0058,000,0522,"Clan Mine Pattern (Five)"
029,328,-012,0052,000,0522,"Clan Mine Pattern (Five)"
029,327,0002,0062,000,0522,"Clan Mine Pattern (Five)"
029,347,-002,0064,000,0522,"Clan Mine Pattern (Five)"
029,348,0006,0060,000,0522,"Clan Mine Pattern (Five)"
029,349,-008,0076,000,0522,"Clan Mine Pattern (Five)"
029,369,-006,0054,000,0522,"Clan Mine Pattern (Five)"
029,368,0004,0060,000,0522,"Clan Mine Pattern (Five)"
029,367,-006,0050,000,0522,"Clan Mine Pattern (Five)"
029,387,0012,0052,000,0522,"Clan Mine Pattern (Five)"
029,388,0002,0054,000,0522,"Clan Mine Pattern (Five)"
029,389,-016,0056,000,0522,"Clan Mine Pattern (Five)"
030,355,0069,0085,000,0208,"Big Tree"
030,356,0049,0051,000,0208,"Big Tree"
030,336,-053,0087,000,0208,"Big Tree"
030,356,-010,0034,000,0208,"Big Tree"
030,356,-010,0072,000,0208,"Big Tree"
030,335,0047,0090,000,0208,"Big Tree"
030,355,0036,0033,000,0208,"Big Tree"
030,358,0029,0029,000,0208,"Big Tree"
030,317,-018,0111,000,0208,"Big Tree"
030,317,-040,0075,000,0208,"Big Tree"
030,317,0019,0110,000,0208,"Big Tree"
030,337,0089,0065,000,0208,"Big Tree"
030,338,0016,0006,000,0208,"Big Tree"
030,358,0051,0047,000,0208,"Big Tree"
030,378,-027,0072,000,0208,"Big Tree"
030,377,0035,0093,000,0208,"Big Tree"
030,357,-018,0014,000,0208,"Big Tree"
030,377,0028,0108,000,0208,"Big Tree"
030,377,0032,0031,000,0208,"Big Tree"
030,357,-068,0012,000,0208,"Big Tree"
030,357,0038,0041,000,0208,"Big Tree"
030,357,0014,0047,000,0208,"Big Tree"
030,358,-084,0070,000,0208,"Big Tree"
030,356,0102,0061,000,0208,"Big Tree"
030,378,0075,0053,000,0208,"Big Tree"
030,376,-012,0049,000,0208,"Big Tree"
030,397,0065,0041,000,0208,"Big Tree"
030,376,-025,0047,000,0208,"Big Tree"
030,397,0036,0047,000,0208,"Big Tree"
030,375,0031,0084,000,0208,"Big Tree"
030,338,0036,0040,000,0208,"Big Tree"
030,338,0027,0055,000,0208,"Big Tree"
030,338,0013,0055,000,0208,"Big Tree"
030,359,0017,0090,000,0208,"Big Tree"
031,381,-001,0060,000,0409,"Missile Turret"
031,361,-001,0060,000,0409,"Missile Turret"
031,341,-001,0060,000,0409,"Missile Turret"
031,380,-001,0060,000,0409,"Missile Turret"
031,340,-001,0060,000,0409,"Missile Turret"
031,397,-001,0060,000,0409,"Missile Turret"
031,377,-001,0060,000,0409,"Missile Turret"
031,357,-001,0060,000,0409,"Missile Turret"
031,360,0012,0070,000,0469,"Turret Control"
031,378,-002,0066,000,0469,"Turret Control"
031,339,-070,0062,000,0208,"Big Tree"
031,339,-045,0098,000,0208,"Big Tree"
031,339,-038,0086,000,0208,"Big Tree"
031,338,0042,0113,000,0208,"Big Tree"
031,359,-009,0021,000,0208,"Big Tree"
031,339,-028,0079,000,0208,"Big Tree"
031,318,-053,0041,000,0208,"Big Tree"
031,359,0028,0051,000,0208,"Big Tree"
031,359,-062,0029,000,0208,"Big Tree"
031,358,0046,0057,000,0208,"Big Tree"
031,358,0024,0037,000,0208,"Big Tree"
031,358,-041,0027,000,0208,"Big Tree"
031,358,0059,0062,000,0208,"Big Tree"
031,338,-011,0050,000,0208,"Big Tree"
031,358,-039,0049,000,0208,"Big Tree"
032,360,0011,0028,000,0208,"Big Tree"
032,360,0036,0064,000,0208,"Big Tree"
032,360,0013,0016,000,0208,"Big Tree"
032,360,-038,0072,000,0208,"Big Tree"
032,360,0053,0045,000,0208,"Big Tree"
032,320,-085,0077,000,0208,"Big Tree"
032,340,-063,0027,000,0208,"Big Tree"
032,340,-016,0022,000,0208,"Big Tree"
032,340,0075,0063,000,0208,"Big Tree"
032,340,-035,0025,000,0208,"Big Tree"
032,340,-065,0046,000,0208,"Big Tree"
032,150,0003,0105,000,0208,"Big Tree"
032,130,-076,0067,000,0208,"Big Tree"
032,150,0011,0034,000,0208,"Big Tree"
032,170,0017,0066,000,0208,"Big Tree"
032,130,-085,0070,000,0208,"Big Tree"
032,170,0057,0077,000,0208,"Big Tree"
032,150,-048,0094,000,0208,"Big Tree"
032,173,0015,0011,000,0208,"Big Tree"
032,152,-012,0114,000,0208,"Big Tree"
032,172,0045,0061,000,0208,"Big Tree"
032,152,0020,0129,000,0208,"Big Tree"
032,172,0048,0038,000,0208,"Big Tree"
032,152,-032,0071,000,0208,"Big Tree"
032,151,0002,0066,000,0208,"Big Tree"
032,113,0022,0021,000,0208,"Big Tree"
032,113,-092,0056,000,0208,"Big Tree"
032,113,-044,0093,000,0208,"Big Tree"
032,092,0005,0071,000,0208,"Big Tree"
032,113,0033,0048,000,0208,"Big Tree"
032,113,-008,0070,000,0208,"Big Tree"
032,092,0042,0089,000,0208,"Big Tree"
032,133,0013,0067,000,0208,"Big Tree"
032,113,-078,0072,000,0208,"Big Tree"
032,153,0016,0035,000,0208,"Big Tree"
032,132,0003,0061,000,0208,"Big Tree"
032,112,-008,0098,000,0208,"Big Tree"
032,133,-039,0079,000,0208,"Big Tree"
032,131,0002,0080,000,0208,"Big Tree"
032,130,0069,0067,000,0208,"Big Tree"
032,131,0004,0036,000,0208,"Big Tree"
032,151,0092,0035,000,0208,"Big Tree"
032,131,0030,0024,000,0208,"Big Tree"
032,130,0028,0057,000,0208,"Big Tree"
032,136,-039,0045,000,0208,"Big Tree"
032,156,-023,0017,000,0208,"Big Tree"
032,135,0002,0094,000,0208,"Big Tree"
032,156,0011,0008,000,0208,"Big Tree"
032,136,-033,0125,000,0208,"Big Tree"
032,135,-071,0074,000,0208,"Big Tree"
032,192,0013,0019,000,0212,"Medium Tree"
032,172,-064,0082,000,0212,"Medium Tree"
032,171,-090,0069,000,0212,"Medium Tree"
032,171,0059,0079,000,0212,"Medium Tree"
032,171,-005,0120,000,0212,"Medium Tree"
032,171,0043,0099,000,0212,"Medium Tree"
032,171,-008,0054,000,0212,"Medium Tree"
032,130,0063,0044,000,0212,"Medium Tree"
032,130,0018,0062,000,0212,"Medium Tree"
032,131,-006,0019,000,0212,"Medium Tree"
032,151,-031,0024,000,0212,"Medium Tree"
032,133,-007,0010,000,0212,"Medium Tree"
032,112,0014,0019,000,0212,"Medium Tree"
032,132,-003,0038,000,0212,"Medium Tree"
032,112,-008,0013,000,0212,"Medium Tree"
032,132,0009,0057,000,0212,"Medium Tree"
032,112,-029,0068,000,0212,"Medium Tree"
032,133,0005,0109,000,0212,"Medium Tree"
032,154,-002,0062,000,0212,"Medium Tree"
032,133,0002,0101,000,0212,"Medium Tree"
032,153,0027,0040,000,0212,"Medium Tree"
032,153,0056,0103,000,0212,"Medium Tree"
032,153,-010,0088,000,0212,"Medium Tree"
032,173,0074,0067,000,0212,"Medium Tree"
032,154,-073,0074,000,0212,"Medium Tree"
032,153,-017,0043,000,0212,"Medium Tree"
032,153,-021,0086,000,0212,"Medium Tree"
032,153,0017,0111,000,0212,"Medium Tree"
032,093,0093,0028,000,0212,"Medium Tree"
032,093,0015,0057,000,0212,"Medium Tree"
032,072,-002,0117,000,0212,"Medium Tree"
032,093,0063,0037,000,0212,"Medium Tree"
032,073,-072,0106,000,0212,"Medium Tree"
032,093,0051,0042,000,0212,"Medium Tree"
032,093,0052,0060,000,0212,"Medium Tree"
033,184,-076,0076,000,0208,"Big Tree"
033,184,-042,0080,000,0208,"Big Tree"
033,164,0052,0098,000,0208,"Big Tree"
033,165,-030,0032,000,0208,"Big Tree"
033,145,-082,0066,000,0208,"Big Tree"
033,164,-018,0098,000,0208,"Big Tree"
033,164,0012,0120,000,0208,"Big Tree"
033,165,-066,0064,000,0208,"Big Tree"
033,165,0046,0036,000,0212,"Medium Tree"
033,145,-006,0076,000,0212,"Medium Tree"
033,211,-022,0032,000,0212,"Medium Tree"
033,210,0056,0060,000,0212,"Medium Tree"
033,190,0020,0042,000,0212,"Medium Tree"
033,210,0018,0086,000,0212,"Medium Tree"
033,230,0040,0038,000,0212,"Medium Tree"
033,211,-010,0130,000,0212,"Medium Tree"
033,190,-006,0082,000,0212,"Medium Tree"
033,174,0046,0068,000,0212,"Medium Tree"
033,174,0052,0032,000,0212,"Medium Tree"
033,174,0004,0088,000,0212,"Medium Tree"
033,154,0026,0110,000,0212,"Medium Tree"
033,154,0082,0092,000,0212,"Medium Tree"
033,211,-052,0048,000,0208,"Big Tree"
033,210,0022,0024,000,0208,"Big Tree"
033,174,0070,0068,000,0208,"Big Tree"
033,135,-036,0068,000,0208,"Big Tree"
034,269,0010,0068,000,0537,"Container Stack SW"
034,190,0068,0086,000,0208,"Big Tree"
034,190,0008,0086,000,0208,"Big Tree"
037,325,-004,0062,000,0537,"Container Stack SW"
037,054,-060,0078,000,0208,"Big Tree"
037,054,0012,0012,000,0208,"Big Tree"
037,034,-046,0096,000,0212,"Medium Tree"
037,019,0006,0064,000,0522,"Clan Mine Pattern (Five)"
037,018,0010,0058,000,0522,"Clan Mine Pattern (Five)"
037,017,0008,0064,000,0522,"Clan Mine Pattern (Five)"
037,059,0000,0036,000,0522,"Clan Mine Pattern (Five)"
037,079,0000,0058,000,0522,"Clan Mine Pattern (Five)"
037,099,0004,0072,000,0522,"Clan Mine Pattern (Five)"
037,094,0014,0048,000,0522,"Clan Mine Pattern (Five)"
037,074,0006,0070,000,0522,"Clan Mine Pattern (Five)"
037,054,0000,0060,000,0522,"Clan Mine Pattern (Five)"
037,034,-002,0054,000,0522,"Clan Mine Pattern (Five)"
037,073,0002,0040,000,0522,"Clan Mine Pattern (Five)"
037,093,0008,0066,000,0522,"Clan Mine Pattern (Five)"
037,095,0008,0056,000,0522,"Clan Mine Pattern (Five)"
037,075,0006,0042,000,0522,"Clan Mine Pattern (Five)"
037,055,0006,0068,000,0522,"Clan Mine Pattern (Five)"
037,056,0014,0042,000,0522,"Clan Mine Pattern (Five)"
037,076,0008,0060,000,0522,"Clan Mine Pattern (Five)"
037,096,-016,0072,000,0522,"Clan Mine Pattern (Five)"
037,097,0004,0054,000,0522,"Clan Mine Pattern (Five)"
037,077,0000,0064,000,0522,"Clan Mine Pattern (Five)"
037,057,0012,0040,000,0522,"Clan Mine Pattern (Five)"
037,058,-014,0040,000,0522,"Clan Mine Pattern (Five)"
037,078,-004,0036,000,0522,"Clan Mine Pattern (Five)"
037,098,-004,0080,000,0522,"Clan Mine Pattern (Five)"
037,013,0002,0046,000,0522,"Clan Mine Pattern (Five)"
037,014,0006,0064,000,0522,"Clan Mine Pattern (Five)"
037,015,0002,0088,000,0522,"Clan Mine Pattern (Five)"
037,035,0000,0078,000,0522,"Clan Mine Pattern (Five)"
038,050,0018,0128,000,0208,"Big Tree"
038,050,-012,0096,000,0208,"Big Tree"
038,051,-078,0078,000,0208,"Big Tree"
038,051,-008,0044,000,0208,"Big Tree"
038,031,-028,0092,000,0208,"Big Tree"
038,186,-064,0044,000,0208,"Big Tree"
038,189,-058,0032,000,0208,"Big Tree"
038,188,0026,0052,000,0208,"Big Tree"
038,188,-006,0030,000,0208,"Big Tree"
038,189,-002,0014,000,0208,"Big Tree"
038,186,0034,0068,000,0212,"Medium Tree"
038,185,-034,0090,000,0212,"Medium Tree"
038,005,0006,0062,000,0522,"Clan Mine Pattern (Five)"
038,004,0006,0062,000,0522,"Clan Mine Pattern (Five)"
038,003,0000,0060,000,0522,"Clan Mine Pattern (Five)"
038,002,0000,0066,000,0522,"Clan Mine Pattern (Five)"
038,001,0006,0064,000,0522,"Clan Mine Pattern (Five)"
038,000,0004,0064,000,0522,"Clan Mine Pattern (Five)"
038,009,0002,0058,000,0522,"Clan Mine Pattern (Five)"
038,008,0000,0062,000,0522,"Clan Mine Pattern (Five)"
038,007,0008,0056,000,0522,"Clan Mine Pattern (Five)"
038,027,-012,0042,000,0522,"Clan Mine Pattern (Five)"
038,028,0000,0072,000,0522,"Clan Mine Pattern (Five)"
038,029,0000,0034,000,0522,"Clan Mine Pattern (Five)"
038,049,-008,0040,000,0522,"Clan Mine Pattern (Five)"
038,048,0008,0054,000,0522,"Clan Mine Pattern (Five)"
038,047,0002,0044,000,0522,"Clan Mine Pattern (Five)"
038,067,0008,0052,000,0522,"Clan Mine Pattern (Five)"
038,068,-004,0060,000,0522,"Clan Mine Pattern (Five)"
038,069,0002,0076,000,0522,"Clan Mine Pattern (Five)"
038,089,0000,0056,000,0522,"Clan Mine Pattern (Five)"
038,088,-008,0062,000,0522,"Clan Mine Pattern (Five)"
038,087,-008,0060,000,0522,"Clan Mine Pattern (Five)"
038,086,-006,0038,000,0522,"Clan Mine Pattern (Five)"
038,066,0000,0042,000,0522,"Clan Mine Pattern (Five)"
038,046,0000,0062,000,0522,"Clan Mine Pattern (Five)"
038,045,-008,0044,000,0522,"Clan Mine Pattern (Five)"
038,065,-002,0062,000,0522,"Clan Mine Pattern (Five)"
038,085,0002,0056,000,0522,"Clan Mine Pattern (Five)"
038,084,-004,0044,000,0522,"Clan Mine Pattern (Five)"
038,064,0008,0050,000,0522,"Clan Mine Pattern (Five)"
038,044,0000,0048,000,0522,"Clan Mine Pattern (Five)"
038,043,-004,0052,000,0522,"Clan Mine Pattern (Five)"
038,063,0008,0042,000,0522,"Clan Mine Pattern (Five)"
038,083,-008,0050,000,0522,"Clan Mine Pattern (Five)"
038,082,-002,0042,000,0522,"Clan Mine Pattern (Five)"
038,062,-002,0060,000,0522,"Clan Mine Pattern (Five)"
038,042,0004,0056,000,0522,"Clan Mine Pattern (Five)"
038,041,-004,0042,000,0522,"Clan Mine Pattern (Five)"
038,061,-002,0066,000,0522,"Clan Mine Pattern (Five)"
038,081,0010,0046,000,0522,"Clan Mine Pattern (Five)"
038,080,0002,0062,000,0522,"Clan Mine Pattern (Five)"
038,060,0008,0070,000,0522,"Clan Mine Pattern (Five)"
038,040,-012,0038,000,0522,"Clan Mine Pattern (Five)"
039,359,-001,0060,000,0409,"Missile Turret"
039,318,-001,0060,000,0409,"Missile Turret"
039,336,-001,0060,000,0409,"Missile Turret"
039,339,-001,0060,000,0409,"Missile Turret"
039,317,-001,0060,000,0409,"Missile Turret"
039,038,-001,0060,000,0409,"Missile Turret"
039,039,-001,0060,000,0409,"Missile Turret"
039,019,-001,0060,000,0409,"Missile Turret"
039,017,-001,0060,000,0409,"Missile Turret"
039,338,0004,0058,000,0469,"Turret Control"
039,018,0002,0064,000,0469,"Turret Control"
039,396,-028,0036,000,0208,"Big Tree"
039,396,-018,0080,000,0208,"Big Tree"
039,397,-059,0114,000,0208,"Big Tree"
039,397,-065,0112,000,0208,"Big Tree"
039,377,-088,0070,000,0208,"Big Tree"
039,397,-016,0115,000,0208,"Big Tree"
039,397,-006,0070,000,0208,"Big Tree"
039,397,-043,0075,000,0208,"Big Tree"
039,397,-005,0012,000,0208,"Big Tree"
039,396,-018,0094,000,0208,"Big Tree"
039,375,-079,0066,000,0208,"Big Tree"
039,395,0055,0065,000,0208,"Big Tree"
040,381,-001,0060,000,0409,"Missile Turret"
040,360,-001,0060,000,0409,"Missile Turret"
040,000,-001,0060,000,0409,"Missile Turret"
040,039,-001,0060,000,0409,"Missile Turret"
040,038,-001,0060,000,0409,"Missile Turret"
040,018,-001,0060,000,0409,"Missile Turret"
040,017,-001,0060,000,0409,"Missile Turret"
040,396,-001,0060,000,0409,"Missile Turret"
040,397,-001,0060,000,0409,"Missile Turret"
040,377,-001,0060,000,0409,"Missile Turret"
040,378,-001,0060,000,0409,"Missile Turret"
040,358,-001,0060,000,0409,"Missile Turret"
040,359,-001,0060,000,0409,"Missile Turret"
040,189,0014,0071,000,0729,"INDESTRUCTABLE HQ SE"
041,022,-001,0060,000,0409,"Missile Turret"
041,021,-001,0060,000,0409,"Missile Turret"
041,020,-001,0060,000,0409,"Missile Turret"
041,340,-001,0060,000,0409,"Missile Turret"
041,341,-001,0060,000,0409,"Missile Turret"
041,360,0002,0062,000,0469,"Turret Control"
041,001,0000,0068,000,0469,"Turret Control"
041,363,-083,0058,000,0208,"Big Tree"
041,362,0047,0139,000,0208,"Big Tree"
041,382,0033,0122,000,0208,"Big Tree"
041,382,0041,0142,000,0208,"Big Tree"
041,362,0030,0107,000,0208,"Big Tree"
041,362,0015,0082,000,0208,"Big Tree"
041,362,0007,0101,000,0208,"Big Tree"
041,382,0024,0147,000,0208,"Big Tree"
041,383,-088,0054,000,0208,"Big Tree"
041,363,0025,0080,000,0208,"Big Tree"
041,383,0069,0061,000,0208,"Big Tree"
041,384,-064,0059,000,0208,"Big Tree"
041,383,0018,0033,000,0208,"Big Tree"
041,383,0067,0054,000,0208,"Big Tree"
041,384,0032,0030,000,0208,"Big Tree"
041,363,-011,0092,000,0208,"Big Tree"
041,364,0000,0011,000,0208,"Big Tree"
041,344,-069,0074,000,0208,"Big Tree"
041,363,0014,0065,000,0208,"Big Tree"
041,343,-060,0086,000,0208,"Big Tree"
042,279,-014,0036,000,0208,"Big Tree"
042,278,0058,0034,000,0208,"Big Tree"
042,257,-016,0124,000,0208,"Big Tree"
042,276,0058,0116,000,0208,"Big Tree"
042,277,0022,0028,000,0208,"Big Tree"
042,199,-016,0130,000,0212,"Medium Tree"
042,179,0034,0096,000,0212,"Medium Tree"
042,338,0004,0056,000,0611,"IS Mine Pattern (Five)"
042,358,0002,0058,000,0611,"IS Mine Pattern (Five)"
042,378,0004,0068,000,0611,"IS Mine Pattern (Five)"
042,398,-010,0058,000,0611,"IS Mine Pattern (Five)"
042,339,-004,0058,000,0611,"IS Mine Pattern (Five)"
042,359,0002,0062,000,0611,"IS Mine Pattern (Five)"
042,379,-002,0060,000,0611,"IS Mine Pattern (Five)"
042,399,-004,0060,000,0611,"IS Mine Pattern (Five)"
042,256,0002,0090,000,0611,"IS Mine Pattern (Five)"
042,276,0006,0080,000,0611,"IS Mine Pattern (Five)"
042,296,0004,0086,000,0611,"IS Mine Pattern (Five)"
042,255,-002,0094,000,0611,"IS Mine Pattern (Five)"
042,275,-010,0088,000,0611,"IS Mine Pattern (Five)"
042,295,0006,0088,000,0611,"IS Mine Pattern (Five)"
042,254,0004,0082,000,0611,"IS Mine Pattern (Five)"
042,274,-004,0092,000,0611,"IS Mine Pattern (Five)"
042,294,0010,0082,000,0611,"IS Mine Pattern (Five)"
042,257,0004,0066,000,0611,"IS Mine Pattern (Five)"
042,277,0004,0072,000,0611,"IS Mine Pattern (Five)"
042,297,0006,0080,000,0611,"IS Mine Pattern (Five)"
042,298,0004,0056,000,0611,"IS Mine Pattern (Five)"
042,278,-004,0052,000,0611,"IS Mine Pattern (Five)"
042,258,-002,0066,000,0611,"IS Mine Pattern (Five)"
042,259,0002,0054,000,0611,"IS Mine Pattern (Five)"
042,279,-002,0070,000,0611,"IS Mine Pattern (Five)"
042,299,-002,0074,000,0611,"IS Mine Pattern (Five)"
042,314,-006,0074,000,0611,"IS Mine Pattern (Five)"
042,315,-010,0076,000,0611,"IS Mine Pattern (Five)"
042,316,-012,0078,000,0611,"IS Mine Pattern (Five)"
042,336,-008,0058,000,0611,"IS Mine Pattern (Five)"
042,335,0000,0062,000,0611,"IS Mine Pattern (Five)"
042,334,0000,0056,000,0611,"IS Mine Pattern (Five)"
042,354,-014,0042,000,0611,"IS Mine Pattern (Five)"
042,355,-004,0066,000,0611,"IS Mine Pattern (Five)"
042,356,-010,0044,000,0611,"IS Mine Pattern (Five)"
042,376,-010,0046,000,0611,"IS Mine Pattern (Five)"
042,396,0006,0062,000,0611,"IS Mine Pattern (Five)"
042,395,-012,0072,000,0611,"IS Mine Pattern (Five)"
042,375,-008,0064,000,0611,"IS Mine Pattern (Five)"
042,374,-006,0046,000,0611,"IS Mine Pattern (Five)"
042,394,-014,0066,000,0611,"IS Mine Pattern (Five)"
043,030,-068,0108,000,0208,"Big Tree"
043,029,0032,0100,000,0208,"Big Tree"
043,029,0028,0018,000,0208,"Big Tree"
043,009,0056,0072,000,0208,"Big Tree"
043,029,0026,0050,000,0208,"Big Tree"
043,028,-020,0092,000,0208,"Big Tree"
043,050,0082,0016,000,0212,"Medium Tree"
043,050,-034,0086,000,0212,"Medium Tree"
043,245,0032,0084,000,0208,"Big Tree"
043,245,0084,0086,000,0208,"Big Tree"
043,226,-014,0066,000,0208,"Big Tree"
043,142,-028,0040,000,0208,"Big Tree"
043,226,-084,0060,000,0212,"Medium Tree"
043,226,0058,0092,000,0212,"Medium Tree"
043,142,-088,0060,000,0212,"Medium Tree"
043,386,0018,0060,000,0611,"IS Mine Pattern (Five)"
043,366,-004,0056,000,0611,"IS Mine Pattern (Five)"
043,346,0000,0058,000,0611,"IS Mine Pattern (Five)"
043,326,0002,0064,000,0611,"IS Mine Pattern (Five)"
043,325,0002,0060,000,0611,"IS Mine Pattern (Five)"
043,324,0004,0060,000,0611,"IS Mine Pattern (Five)"
043,323,-002,0062,000,0611,"IS Mine Pattern (Five)"
043,322,0000,0064,000,0611,"IS Mine Pattern (Five)"
043,321,0002,0062,000,0611,"IS Mine Pattern (Five)"
043,320,0002,0058,000,0611,"IS Mine Pattern (Five)"
043,385,0016,0052,000,0611,"IS Mine Pattern (Five)"
043,365,0004,0056,000,0611,"IS Mine Pattern (Five)"
043,345,0008,0066,000,0611,"IS Mine Pattern (Five)"
043,344,0000,0058,000,0611,"IS Mine Pattern (Five)"
043,343,0008,0052,000,0611,"IS Mine Pattern (Five)"
043,342,0010,0054,000,0611,"IS Mine Pattern (Five)"
043,341,0002,0066,000,0611,"IS Mine Pattern (Five)"
043,340,0010,0058,000,0611,"IS Mine Pattern (Five)"
043,280,0002,0054,000,0611,"IS Mine Pattern (Five)"
043,260,-004,0056,000,0611,"IS Mine Pattern (Five)"
043,240,-004,0050,000,0611,"IS Mine Pattern (Five)"
043,241,-008,0052,000,0611,"IS Mine Pattern (Five)"
043,261,-002,0056,000,0611,"IS Mine Pattern (Five)"
043,281,0004,0068,000,0611,"IS Mine Pattern (Five)"
043,282,0008,0074,000,0611,"IS Mine Pattern (Five)"
043,262,-002,0068,000,0611,"IS Mine Pattern (Five)"
043,242,0000,0058,000,0611,"IS Mine Pattern (Five)"
043,243,-002,0064,000,0611,"IS Mine Pattern (Five)"
043,263,-006,0050,000,0611,"IS Mine Pattern (Five)"
043,283,-004,0076,000,0611,"IS Mine Pattern (Five)"
043,244,0000,0052,000,0611,"IS Mine Pattern (Five)"
043,264,0004,0052,000,0611,"IS Mine Pattern (Five)"
043,284,0014,0062,000,0611,"IS Mine Pattern (Five)"
043,285,0002,0074,000,0611,"IS Mine Pattern (Five)"
043,265,0006,0044,000,0611,"IS Mine Pattern (Five)"
043,245,-004,0050,000,0611,"IS Mine Pattern (Five)"
043,246,-008,0038,000,0611,"IS Mine Pattern (Five)"
043,266,0002,0044,000,0611,"IS Mine Pattern (Five)"
043,286,0008,0074,000,0611,"IS Mine Pattern (Five)"
043,287,-004,0060,000,0611,"IS Mine Pattern (Five)"
043,267,0002,0040,000,0611,"IS Mine Pattern (Five)"
043,247,-004,0032,000,0611,"IS Mine Pattern (Five)"
043,248,-024,0030,000,0611,"IS Mine Pattern (Five)"
043,268,-008,0048,000,0611,"IS Mine Pattern (Five)"
043,288,0002,0072,000,0611,"IS Mine Pattern (Five)"
043,249,-016,0038,000,0611,"IS Mine Pattern (Five)"
043,269,-004,0052,000,0611,"IS Mine Pattern (Five)"
043,289,-004,0062,000,0611,"IS Mine Pattern (Five)"
043,250,-012,0036,000,0611,"IS Mine Pattern (Five)"
043,270,-014,0058,000,0611,"IS Mine Pattern (Five)"
043,290,-014,0046,000,0611,"IS Mine Pattern (Five)"
043,310,-010,0052,000,0611,"IS Mine Pattern (Five)"
043,309,-006,0046,000,0611,"IS Mine Pattern (Five)"
043,308,-008,0040,000,0611,"IS Mine Pattern (Five)"
043,328,-016,0046,000,0611,"IS Mine Pattern (Five)"
043,329,-008,0048,000,0611,"IS Mine Pattern (Five)"
043,330,-004,0060,000,0611,"IS Mine Pattern (Five)"
043,350,-004,0062,000,0611,"IS Mine Pattern (Five)"
043,349,-010,0068,000,0611,"IS Mine Pattern (Five)"
043,348,0008,0046,000,0611,"IS Mine Pattern (Five)"
043,368,0010,0052,000,0611,"IS Mine Pattern (Five)"
043,369,0000,0072,000,0611,"IS Mine Pattern (Five)"
043,370,0002,0060,000,0611,"IS Mine Pattern (Five)"
043,390,-006,0046,000,0611,"IS Mine Pattern (Five)"
043,389,-006,0052,000,0611,"IS Mine Pattern (Five)"
043,388,0002,0056,000,0611,"IS Mine Pattern (Five)"
046,357,-016,0108,000,0208,"Big Tree"
046,357,0044,0080,000,0208,"Big Tree"
046,041,0036,0080,000,0212,"Medium Tree"
046,021,-016,0086,000,0212,"Medium Tree"
046,021,-046,0048,000,0212,"Medium Tree"
046,022,-020,0028,000,0212,"Medium Tree"
046,042,-078,0066,000,0212,"Medium Tree"
047,239,-056,0066,000,0208,"Big Tree"
047,308,0042,0092,000,0208,"Big Tree"
047,328,0026,0058,000,0208,"Big Tree"
047,308,0018,0080,000,0208,"Big Tree"
047,309,-036,0118,000,0208,"Big Tree"
047,215,-014,0054,000,0208,"Big Tree"
047,215,-004,0072,000,0208,"Big Tree"
047,216,0014,0042,000,0208,"Big Tree"
047,230,-010,0102,000,0208,"Big Tree"
047,210,0012,0086,000,0208,"Big Tree"
047,236,-012,0016,000,0208,"Big Tree"
047,216,-064,0058,000,0208,"Big Tree"
047,216,-004,0096,000,0212,"Medium Tree"
047,197,-016,0052,000,0212,"Medium Tree"
047,216,0070,0054,000,0212,"Medium Tree"
047,241,-036,0090,000,0208,"Big Tree"
047,241,0016,0080,000,0208,"Big Tree"
047,242,0020,0078,000,0208,"Big Tree"
047,386,-006,0040,000,0611,"IS Mine Pattern (Five)"
047,387,-016,0054,000,0611,"IS Mine Pattern (Five)"
047,366,0002,0048,000,0611,"IS Mine Pattern (Five)"
047,367,-006,0062,000,0611,"IS Mine Pattern (Five)"
047,368,-018,0060,000,0611,"IS Mine Pattern (Five)"
047,388,-012,0044,000,0611,"IS Mine Pattern (Five)"
047,389,0000,0048,000,0611,"IS Mine Pattern (Five)"
047,369,0002,0066,000,0611,"IS Mine Pattern (Five)"
047,370,0006,0070,000,0611,"IS Mine Pattern (Five)"
047,390,0002,0046,000,0611,"IS Mine Pattern (Five)"
047,371,-004,0068,000,0611,"IS Mine Pattern (Five)"
047,391,-006,0050,000,0611,"IS Mine Pattern (Five)"
047,399,0010,0056,000,0611,"IS Mine Pattern (Five)"
047,379,0004,0076,000,0611,"IS Mine Pattern (Five)"
047,372,0004,0048,000,0611,"IS Mine Pattern (Five)"
047,392,0010,0040,000,0611,"IS Mine Pattern (Five)"
047,393,0016,0068,000,0611,"IS Mine Pattern (Five)"
047,373,0020,0054,000,0611,"IS Mine Pattern (Five)"
047,374,-002,0054,000,0611,"IS Mine Pattern (Five)"
047,394,0000,0040,000,0611,"IS Mine Pattern (Five)"
047,395,-004,0048,000,0611,"IS Mine Pattern (Five)"
047,375,-004,0028,000,0611,"IS Mine Pattern (Five)"
047,376,-008,0048,000,0611,"IS Mine Pattern (Five)"
047,396,-012,0044,000,0611,"IS Mine Pattern (Five)"
047,397,-004,0062,000,0611,"IS Mine Pattern (Five)"
047,377,0008,0050,000,0611,"IS Mine Pattern (Five)"
047,378,0006,0036,000,0611,"IS Mine Pattern (Five)"
047,398,-002,0076,000,0611,"IS Mine Pattern (Five)"
048,243,-010,0064,000,0208,"Big Tree"
048,264,0018,0006,000,0208,"Big Tree"
048,263,0084,0020,000,0208,"Big Tree"
048,245,-076,0036,000,0208,"Big Tree"
048,264,0050,0040,000,0208,"Big Tree"
048,284,-064,0052,000,0212,"Medium Tree"
048,380,0016,0056,000,0611,"IS Mine Pattern (Five)"
048,381,0004,0042,000,0611,"IS Mine Pattern (Five)"
048,360,-014,0054,000,0611,"IS Mine Pattern (Five)"
048,361,0000,0062,000,0611,"IS Mine Pattern (Five)"
048,039,-001,0060,000,0409,"Missile Turret"
048,016,0021,0022,000,0208,"Big Tree"
048,016,0029,0099,000,0208,"Big Tree"
048,016,0016,0087,000,0208,"Big Tree"
048,015,0093,0069,000,0208,"Big Tree"
048,036,0067,0070,000,0208,"Big Tree"
048,036,0017,0062,000,0208,"Big Tree"
048,016,-002,0073,000,0208,"Big Tree"
048,015,-030,0070,000,0208,"Big Tree"
048,016,-072,0071,000,0208,"Big Tree"
048,015,0039,0096,000,0208,"Big Tree"
048,228,0081,0051,000,0208,"Big Tree"
048,209,0003,0060,000,0208,"Big Tree"
048,208,0001,0080,000,0208,"Big Tree"
048,209,-024,0111,000,0208,"Big Tree"
048,209,-047,0072,000,0208,"Big Tree"
048,208,0056,0078,000,0208,"Big Tree"
048,229,0042,0039,000,0208,"Big Tree"
048,209,0066,0070,000,0208,"Big Tree"
048,211,-066,0054,000,0208,"Big Tree"
048,210,-032,0058,000,0208,"Big Tree"
048,210,0049,0044,000,0208,"Big Tree"
048,230,0086,0060,000,0208,"Big Tree"
048,211,-051,0067,000,0208,"Big Tree"
048,231,0010,0008,000,0208,"Big Tree"
048,189,0060,0086,000,0208,"Big Tree"
048,190,-021,0041,000,0208,"Big Tree"
048,170,-045,0035,000,0208,"Big Tree"
048,189,0062,0048,000,0208,"Big Tree"
048,170,-079,0074,000,0208,"Big Tree"
048,170,-048,0065,000,0208,"Big Tree"
048,189,0042,0091,000,0208,"Big Tree"
048,212,-005,0024,000,0208,"Big Tree"
048,191,0020,0105,000,0208,"Big Tree"
048,192,-045,0124,000,0208,"Big Tree"
048,192,-008,0130,000,0208,"Big Tree"
048,192,0004,0074,000,0208,"Big Tree"
048,212,0063,0047,000,0208,"Big Tree"
048,170,0026,0032,000,0208,"Big Tree"
048,171,-068,0074,000,0208,"Big Tree"
048,171,0029,0035,000,0208,"Big Tree"
048,170,0017,0107,000,0208,"Big Tree"
048,171,0014,0063,000,0208,"Big Tree"
048,170,0013,0042,000,0208,"Big Tree"
048,170,0006,0061,000,0208,"Big Tree"
048,249,-035,0080,000,0208,"Big Tree"
048,249,0055,0051,000,0208,"Big Tree"
048,229,-050,0068,000,0208,"Big Tree"
048,228,-066,0075,000,0208,"Big Tree"
048,249,-009,0033,000,0208,"Big Tree"
048,249,-031,0089,000,0208,"Big Tree"
048,248,0038,0065,000,0208,"Big Tree"
048,207,-005,0107,000,0208,"Big Tree"
048,227,0054,0081,000,0208,"Big Tree"
048,227,0069,0087,000,0208,"Big Tree"
048,208,-029,0081,000,0208,"Big Tree"
048,208,-071,0060,000,0208,"Big Tree"
048,228,0035,0021,000,0208,"Big Tree"
048,207,-043,0076,000,0208,"Big Tree"
048,230,0017,0078,000,0212,"Medium Tree"
048,229,0052,0051,000,0212,"Medium Tree"
048,230,-024,0021,000,0212,"Medium Tree"
048,210,-062,0085,000,0212,"Medium Tree"
048,229,0077,0050,000,0212,"Medium Tree"
048,230,-056,0062,000,0212,"Medium Tree"
048,209,0087,0054,000,0212,"Medium Tree"
048,190,-071,0055,000,0212,"Medium Tree"
048,189,-076,0064,000,0212,"Medium Tree"
048,189,-009,0010,000,0212,"Medium Tree"
048,191,-072,0057,000,0212,"Medium Tree"
048,211,0009,0040,000,0212,"Medium Tree"
048,212,-028,0017,000,0212,"Medium Tree"
048,210,0067,0061,000,0212,"Medium Tree"
048,211,0015,0077,000,0212,"Medium Tree"
048,190,0035,0089,000,0212,"Medium Tree"
048,191,-036,0067,000,0212,"Medium Tree"
049,021,-001,0060,000,0409,"Missile Turret"
049,001,-001,0060,000,0409,"Missile Turret"
049,016,-001,0060,000,0409,"Missile Turret"
049,037,-001,0060,000,0409,"Missile Turret"
049,018,0008,0064,000,0469,"Turret Control"
049,000,0000,0052,000,0469,"Turret Control"
049,059,-027,0062,000,0208,"Big Tree"
049,078,0093,0074,000,0208,"Big Tree"
049,059,-039,0143,000,0208,"Big Tree"
049,059,0012,0064,000,0208,"Big Tree"
049,059,-069,0102,000,0208,"Big Tree"
049,079,0028,0017,000,0208,"Big Tree"
049,078,0088,0052,000,0208,"Big Tree"
049,058,0030,0119,000,0208,"Big Tree"
049,058,0015,0031,000,0208,"Big Tree"
049,078,0074,0061,000,0208,"Big Tree"
049,058,-063,0133,000,0208,"Big Tree"
049,078,0044,0066,000,0208,"Big Tree"
049,058,-019,0147,000,0208,"Big Tree"
049,077,0070,0099,000,0208,"Big Tree"
049,077,0094,0074,000,0208,"Big Tree"
050,003,0024,0058,000,0208,"Big Tree"
050,003,-015,0068,000,0208,"Big Tree"
050,003,-003,0023,000,0208,"Big Tree"
050,003,-073,0064,000,0208,"Big Tree"
051,114,-014,0068,000,0208,"Big Tree"
051,094,0002,0112,000,0208,"Big Tree"
051,206,-014,0040,000,0208,"Big Tree"
051,205,0064,0066,000,0208,"Big Tree"
051,205,-002,0064,000,0208,"Big Tree"
051,205,-098,0080,000,0208,"Big Tree"
051,031,-062,0096,000,0208,"Big Tree"
051,031,-012,0092,000,0208,"Big Tree"
051,031,0022,0108,000,0208,"Big Tree"
051,032,-030,0016,000,0208,"Big Tree"
051,031,0004,0108,000,0208,"Big Tree"
051,208,0004,0108,000,0208,"Big Tree"
051,207,0068,0080,000,0208,"Big Tree"
051,209,-050,0088,000,0212,"Medium Tree"
051,115,-016,0096,000,0212,"Medium Tree"
051,206,-054,0042,000,0212,"Medium Tree"
051,205,-006,0108,000,0212,"Medium Tree"
051,048,0014,0036,000,0212,"Medium Tree"
051,017,0000,0064,000,0690,"Large Northwest Gate"
051,018,-020,0052,000,0611,"IS Mine Pattern (Five)"
051,038,0010,0064,000,0611,"IS Mine Pattern (Five)"
051,058,0008,0062,000,0611,"IS Mine Pattern (Five)"
051,078,0002,0066,000,0611,"IS Mine Pattern (Five)"
051,098,0000,0066,000,0611,"IS Mine Pattern (Five)"
051,099,0008,0060,000,0611,"IS Mine Pattern (Five)"
051,019,-008,0056,000,0611,"IS Mine Pattern (Five)"
051,039,0004,0066,000,0611,"IS Mine Pattern (Five)"
051,059,0006,0058,000,0611,"IS Mine Pattern (Five)"
051,079,0006,0058,000,0611,"IS Mine Pattern (Five)"
051,139,-006,0074,000,0611,"IS Mine Pattern (Five)"
051,159,-014,0078,000,0611,"IS Mine Pattern (Five)"
051,179,-004,0062,000,0611,"IS Mine Pattern (Five)"
051,178,0014,0060,000,0611,"IS Mine Pattern (Five)"
051,158,0006,0038,000,0611,"IS Mine Pattern (Five)"
051,138,-010,0054,000,0611,"IS Mine Pattern (Five)"
051,137,0000,0058,000,0611,"IS Mine Pattern (Five)"
051,157,-016,0034,000,0611,"IS Mine Pattern (Five)"
051,177,-018,0048,000,0611,"IS Mine Pattern (Five)"
051,156,-006,0034,000,0611,"IS Mine Pattern (Five)"
051,135,-004,0056,000,0611,"IS Mine Pattern (Five)"
051,136,-004,0064,000,0611,"IS Mine Pattern (Five)"
051,116,-016,0022,000,0611,"IS Mine Pattern (Five)"
051,155,-004,0046,000,0611,"IS Mine Pattern (Five)"
051,115,-012,0058,000,0611,"IS Mine Pattern (Five)"
051,114,0016,0066,000,0611,"IS Mine Pattern (Five)"
051,094,0010,0050,000,0611,"IS Mine Pattern (Five)"
051,095,0004,0050,000,0611,"IS Mine Pattern (Five)"
051,096,-004,0048,000,0611,"IS Mine Pattern (Five)"
051,016,-016,0046,000,0611,"IS Mine Pattern (Five)"
051,036,0004,0048,000,0611,"IS Mine Pattern (Five)"
051,056,-010,0068,000,0611,"IS Mine Pattern (Five)"
051,076,-002,0042,000,0611,"IS Mine Pattern (Five)"
051,075,-006,0074,000,0611,"IS Mine Pattern (Five)"
051,055,-012,0076,000,0611,"IS Mine Pattern (Five)"
051,035,-004,0068,000,0611,"IS Mine Pattern (Five)"
051,015,0006,0060,000,0611,"IS Mine Pattern (Five)"
051,014,-008,0070,000,0611,"IS Mine Pattern (Five)"
051,034,-004,0042,000,0611,"IS Mine Pattern (Five)"
051,054,-012,0070,000,0611,"IS Mine Pattern (Five)"
051,074,-004,0076,000,0611,"IS Mine Pattern (Five)"
052,002,-006,0066,000,0490,"Headquarters Building SW"
052,004,-004,0064,000,0633,"Mech Repair Bay"
052,183,0060,0040,000,0208,"Big Tree"
052,163,0072,0086,000,0208,"Big Tree"
052,183,0000,0060,000,0212,"Medium Tree"
052,164,-028,0066,000,0212,"Medium Tree"
052,144,-026,0118,000,0212,"Medium Tree"
052,000,-002,0066,000,0706,"Large Gate Control NW"
052,080,0002,0064,000,0611,"IS Mine Pattern (Five)"
052,081,-002,0056,000,0611,"IS Mine Pattern (Five)"
052,082,0000,0062,000,0611,"IS Mine Pattern (Five)"
052,083,-004,0066,000,0611,"IS Mine Pattern (Five)"
052,084,0000,0064,000,0611,"IS Mine Pattern (Five)"
052,085,0012,0066,000,0611,"IS Mine Pattern (Five)"
052,086,-002,0064,000,0611,"IS Mine Pattern (Five)"
052,066,0008,0058,000,0611,"IS Mine Pattern (Five)"
052,046,0010,0060,000,0611,"IS Mine Pattern (Five)"
052,026,0002,0060,000,0611,"IS Mine Pattern (Five)"
052,006,0004,0058,000,0611,"IS Mine Pattern (Five)"
052,060,0004,0056,000,0611,"IS Mine Pattern (Five)"
052,061,-002,0060,000,0611,"IS Mine Pattern (Five)"
052,062,-012,0058,000,0611,"IS Mine Pattern (Five)"
052,063,-002,0068,000,0611,"IS Mine Pattern (Five)"
052,064,0006,0066,000,0611,"IS Mine Pattern (Five)"
052,065,0000,0056,000,0611,"IS Mine Pattern (Five)"
052,045,0002,0068,000,0611,"IS Mine Pattern (Five)"
052,025,-008,0064,000,0611,"IS Mine Pattern (Five)"
052,005,-002,0056,000,0611,"IS Mine Pattern (Five)"
052,008,0012,0052,000,0611,"IS Mine Pattern (Five)"
052,009,0002,0062,000,0611,"IS Mine Pattern (Five)"
052,010,-002,0040,000,0611,"IS Mine Pattern (Five)"
052,030,0008,0068,000,0611,"IS Mine Pattern (Five)"
052,029,0000,0056,000,0611,"IS Mine Pattern (Five)"
052,028,-008,0060,000,0611,"IS Mine Pattern (Five)"
052,048,0000,0072,000,0611,"IS Mine Pattern (Five)"
052,049,-008,0074,000,0611,"IS Mine Pattern (Five)"
052,050,0002,0066,000,0611,"IS Mine Pattern (Five)"
052,070,0000,0062,000,0611,"IS Mine Pattern (Five)"
052,069,0000,0066,000,0611,"IS Mine Pattern (Five)"
052,068,0010,0072,000,0611,"IS Mine Pattern (Five)"
052,088,-006,0080,000,0611,"IS Mine Pattern (Five)"
052,089,-004,0058,000,0611,"IS Mine Pattern (Five)"
052,090,-004,0040,000,0611,"IS Mine Pattern (Five)"
052,110,-006,0040,000,0611,"IS Mine Pattern (Five)"
052,109,0012,0054,000,0611,"IS Mine Pattern (Five)"
052,108,0004,0066,000,0611,"IS Mine Pattern (Five)"
052,128,0004,0070,000,0611,"IS Mine Pattern (Five)"
052,129,0000,0072,000,0611,"IS Mine Pattern (Five)"
052,130,-006,0074,000,0611,"IS Mine Pattern (Five)"
052,150,-006,0056,000,0611,"IS Mine Pattern (Five)"
052,149,0006,0064,000,0611,"IS Mine Pattern (Five)"
052,148,0004,0060,000,0611,"IS Mine Pattern (Five)"
052,168,-004,0072,000,0611,"IS Mine Pattern (Five)"
052,169,0004,0064,000,0611,"IS Mine Pattern (Five)"
052,170,0010,0060,000,0611,"IS Mine Pattern (Five)"
052,127,0010,0062,000,0611,"IS Mine Pattern (Five)"
052,147,-004,0084,000,0611,"IS Mine Pattern (Five)"
052,167,0004,0064,000,0611,"IS Mine Pattern (Five)"
052,126,0004,0060,000,0611,"IS Mine Pattern (Five)"
052,146,0000,0052,000,0611,"IS Mine Pattern (Five)"
052,166,0008,0074,000,0611,"IS Mine Pattern (Five)"
052,125,-006,0064,000,0611,"IS Mine Pattern (Five)"
052,145,0000,0068,000,0611,"IS Mine Pattern (Five)"
052,165,-006,0054,000,0611,"IS Mine Pattern (Five)"
052,164,0004,0052,000,0611,"IS Mine Pattern (Five)"
052,144,-004,0068,000,0611,"IS Mine Pattern (Five)"
052,124,-006,0076,000,0611,"IS Mine Pattern (Five)"
052,123,-016,0082,000,0611,"IS Mine Pattern (Five)"
052,143,-008,0052,000,0611,"IS Mine Pattern (Five)"
052,163,0004,0064,000,0611,"IS Mine Pattern (Five)"
052,162,0004,0042,000,0611,"IS Mine Pattern (Five)"
052,142,0000,0072,000,0611,"IS Mine Pattern (Five)"
052,122,-002,0082,000,0611,"IS Mine Pattern (Five)"
052,121,-006,0080,000,0611,"IS Mine Pattern (Five)"
052,141,-002,0074,000,0611,"IS Mine Pattern (Five)"
052,161,0006,0046,000,0611,"IS Mine Pattern (Five)"
052,160,0004,0058,000,0611,"IS Mine Pattern (Five)"
052,140,0000,0066,000,0611,"IS Mine Pattern (Five)"
052,120,-018,0078,000,0611,"IS Mine Pattern (Five)"
055,038,-040,0058,000,0208,"Big Tree"
055,038,-004,0014,000,0208,"Big Tree"
055,037,0004,0046,000,0208,"Big Tree"
056,133,0002,0068,000,0490,"Headquarters Building SW"
056,104,-018,0102,000,0212,"Medium Tree"
056,125,0010,0062,000,0212,"Medium Tree"
056,105,0022,0052,000,0212,"Medium Tree"
056,332,-012,0008,000,0208,"Big Tree"
056,331,0034,0080,000,0208,"Big Tree"
056,331,-004,0064,000,0208,"Big Tree"
056,310,-046,0098,000,0208,"Big Tree"
056,310,0000,0038,000,0208,"Big Tree"
056,312,-054,0074,000,0208,"Big Tree"
056,330,0044,0086,000,0212,"Medium Tree"
056,330,-028,0022,000,0212,"Medium Tree"
056,309,-096,0042,000,0212,"Medium Tree"
056,311,0014,0048,000,0212,"Medium Tree"
056,091,0004,0070,000,0633,"Mech Repair Bay"
056,138,0000,0064,000,0691,"Large Southeast Gate"
056,135,-006,0064,000,0704,"Large Gate Control SE"
056,049,0006,0058,000,0611,"IS Mine Pattern (Five)"
056,050,0002,0056,000,0611,"IS Mine Pattern (Five)"
056,051,-008,0064,000,0611,"IS Mine Pattern (Five)"
056,052,-002,0064,000,0611,"IS Mine Pattern (Five)"
056,053,0002,0060,000,0611,"IS Mine Pattern (Five)"
056,054,0002,0066,000,0611,"IS Mine Pattern (Five)"
056,055,-008,0056,000,0611,"IS Mine Pattern (Five)"
056,056,0002,0068,000,0611,"IS Mine Pattern (Five)"
056,057,-006,0060,000,0611,"IS Mine Pattern (Five)"
056,077,-022,0060,000,0611,"IS Mine Pattern (Five)"
056,097,0000,0070,000,0611,"IS Mine Pattern (Five)"
056,117,-002,0062,000,0611,"IS Mine Pattern (Five)"
056,137,0004,0064,000,0611,"IS Mine Pattern (Five)"
056,157,0004,0060,000,0611,"IS Mine Pattern (Five)"
056,177,0004,0060,000,0611,"IS Mine Pattern (Five)"
056,197,0006,0064,000,0611,"IS Mine Pattern (Five)"
056,217,0000,0066,000,0611,"IS Mine Pattern (Five)"
056,216,0000,0074,000,0611,"IS Mine Pattern (Five)"
056,215,0000,0068,000,0611,"IS Mine Pattern (Five)"
056,214,0004,0054,000,0611,"IS Mine Pattern (Five)"
056,213,-004,0062,000,0611,"IS Mine Pattern (Five)"
056,212,0012,0058,000,0611,"IS Mine Pattern (Five)"
056,211,0012,0060,000,0611,"IS Mine Pattern (Five)"
056,210,-004,0064,000,0611,"IS Mine Pattern (Five)"
056,209,0012,0062,000,0611,"IS Mine Pattern (Five)"
056,189,0014,0056,000,0611,"IS Mine Pattern (Five)"
056,169,0006,0054,000,0611,"IS Mine Pattern (Five)"
056,149,0006,0054,000,0611,"IS Mine Pattern (Five)"
056,129,-002,0046,000,0611,"IS Mine Pattern (Five)"
056,109,0002,0070,000,0611,"IS Mine Pattern (Five)"
056,089,0000,0056,000,0611,"IS Mine Pattern (Five)"
056,069,0008,0058,000,0611,"IS Mine Pattern (Five)"
056,070,0002,0050,000,0611,"IS Mine Pattern (Five)"
056,071,-002,0052,000,0611,"IS Mine Pattern (Five)"
056,072,0002,0050,000,0611,"IS Mine Pattern (Five)"
056,073,0008,0052,000,0611,"IS Mine Pattern (Five)"
056,074,-002,0062,000,0611,"IS Mine Pattern (Five)"
056,075,0000,0058,000,0611,"IS Mine Pattern (Five)"
056,076,-002,0052,000,0611,"IS Mine Pattern (Five)"
056,096,0002,0062,000,0611,"IS Mine Pattern (Five)"
056,116,0002,0070,000,0611,"IS Mine Pattern (Five)"
056,136,0004,0062,000,0611,"IS Mine Pattern (Five)"
056,156,-002,0060,000,0611,"IS Mine Pattern (Five)"
056,176,0010,0064,000,0611,"IS Mine Pattern (Five)"
056,196,-008,0054,000,0611,"IS Mine Pattern (Five)"
056,195,0002,0062,000,0611,"IS Mine Pattern (Five)"
056,194,0002,0068,000,0611,"IS Mine Pattern (Five)"
056,193,0000,0058,000,0611,"IS Mine Pattern (Five)"
056,192,0014,0060,000,0611,"IS Mine Pattern (Five)"
056,191,0002,0056,000,0611,"IS Mine Pattern (Five)"
056,190,0012,0054,000,0611,"IS Mine Pattern (Five)"
056,170,0008,0054,000,0611,"IS Mine Pattern (Five)"
056,150,-006,0058,000,0611,"IS Mine Pattern (Five)"
056,130,0002,0056,000,0611,"IS Mine Pattern (Five)"
056,110,0000,0052,000,0611,"IS Mine Pattern (Five)"
056,090,0012,0054,000,0611,"IS Mine Pattern (Five)"
056,025,0006,0054,000,0611,"IS Mine Pattern (Five)"
056,026,0004,0046,000,0611,"IS Mine Pattern (Five)"
056,027,-008,0070,000,0611,"IS Mine Pattern (Five)"
056,006,-004,0062,000,0611,"IS Mine Pattern (Five)"
056,007,0012,0066,000,0611,"IS Mine Pattern (Five)"
056,008,0008,0054,000,0611,"IS Mine Pattern (Five)"
056,009,-006,0076,000,0611,"IS Mine Pattern (Five)"
056,010,-004,0076,000,0611,"IS Mine Pattern (Five)"
056,011,-006,0046,000,0611,"IS Mine Pattern (Five)"
056,045,0006,0062,000,0611,"IS Mine Pattern (Five)"
056,046,0002,0060,000,0611,"IS Mine Pattern (Five)"
056,047,-008,0050,000,0611,"IS Mine Pattern (Five)"
056,067,-004,0064,000,0611,"IS Mine Pattern (Five)"
056,066,0000,0058,000,0611,"IS Mine Pattern (Five)"
056,065,0002,0052,000,0611,"IS Mine Pattern (Five)"
056,085,0000,0058,000,0611,"IS Mine Pattern (Five)"
056,086,0004,0058,000,0611,"IS Mine Pattern (Five)"
056,087,-002,0056,000,0611,"IS Mine Pattern (Five)"
056,107,0004,0078,000,0611,"IS Mine Pattern (Five)"
056,106,0004,0048,000,0611,"IS Mine Pattern (Five)"
056,105,-002,0064,000,0611,"IS Mine Pattern (Five)"
056,125,-014,0066,000,0611,"IS Mine Pattern (Five)"
056,126,0004,0056,000,0611,"IS Mine Pattern (Five)"
056,127,-004,0068,000,0611,"IS Mine Pattern (Five)"
056,147,-006,0072,000,0611,"IS Mine Pattern (Five)"
056,146,0002,0062,000,0611,"IS Mine Pattern (Five)"
056,145,0000,0054,000,0611,"IS Mine Pattern (Five)"
056,165,0004,0064,000,0611,"IS Mine Pattern (Five)"
056,166,-002,0052,000,0611,"IS Mine Pattern (Five)"
056,167,-004,0046,000,0611,"IS Mine Pattern (Five)"
056,187,-004,0062,000,0611,"IS Mine Pattern (Five)"
056,186,0002,0052,000,0611,"IS Mine Pattern (Five)"
056,185,0006,0058,000,0611,"IS Mine Pattern (Five)"
056,205,0008,0056,000,0611,"IS Mine Pattern (Five)"
056,206,0010,0066,000,0611,"IS Mine Pattern (Five)"
056,207,-006,0052,000,0611,"IS Mine Pattern (Five)"
056,227,0002,0034,000,0611,"IS Mine Pattern (Five)"
056,226,-004,0042,000,0611,"IS Mine Pattern (Five)"
056,225,0002,0058,000,0611,"IS Mine Pattern (Five)"
056,245,0010,0044,000,0611,"IS Mine Pattern (Five)"
056,265,-010,0056,000,0611,"IS Mine Pattern (Five)"
056,285,-006,0046,000,0611,"IS Mine Pattern (Five)"
056,286,-006,0050,000,0611,"IS Mine Pattern (Five)"
056,266,0006,0062,000,0611,"IS Mine Pattern (Five)"
056,246,-002,0060,000,0611,"IS Mine Pattern (Five)"
056,247,0008,0062,000,0611,"IS Mine Pattern (Five)"
056,267,0010,0050,000,0611,"IS Mine Pattern (Five)"
056,287,0028,0060,000,0611,"IS Mine Pattern (Five)"
056,288,0004,0070,000,0611,"IS Mine Pattern (Five)"
056,268,-004,0064,000,0611,"IS Mine Pattern (Five)"
056,248,-006,0074,000,0611,"IS Mine Pattern (Five)"
056,249,-002,0078,000,0611,"IS Mine Pattern (Five)"
056,269,-004,0082,000,0611,"IS Mine Pattern (Five)"
056,289,0004,0064,000,0611,"IS Mine Pattern (Five)"
056,290,0012,0056,000,0611,"IS Mine Pattern (Five)"
056,270,0014,0082,000,0611,"IS Mine Pattern (Five)"
056,250,-004,0058,000,0611,"IS Mine Pattern (Five)"
056,251,0000,0074,000,0611,"IS Mine Pattern (Five)"
056,271,-006,0086,000,0611,"IS Mine Pattern (Five)"
056,291,0008,0046,000,0611,"IS Mine Pattern (Five)"
056,292,0002,0056,000,0611,"IS Mine Pattern (Five)"
056,272,0008,0082,000,0611,"IS Mine Pattern (Five)"
056,252,-008,0082,000,0611,"IS Mine Pattern (Five)"
056,253,-008,0070,000,0611,"IS Mine Pattern (Five)"
056,273,-004,0096,000,0611,"IS Mine Pattern (Five)"
056,293,0014,0054,000,0611,"IS Mine Pattern (Five)"
056,294,0010,0058,000,0611,"IS Mine Pattern (Five)"
056,274,0004,0072,000,0611,"IS Mine Pattern (Five)"
056,254,0004,0078,000,0611,"IS Mine Pattern (Five)"
056,255,-014,0090,000,0611,"IS Mine Pattern (Five)"
056,275,-012,0060,000,0611,"IS Mine Pattern (Five)"
056,295,0000,0038,000,0611,"IS Mine Pattern (Five)"
056,296,0002,0062,000,0611,"IS Mine Pattern (Five)"
056,276,0002,0062,000,0611,"IS Mine Pattern (Five)"
056,256,-010,0088,000,0611,"IS Mine Pattern (Five)"
056,257,0000,0076,000,0611,"IS Mine Pattern (Five)"
056,277,0006,0056,000,0611,"IS Mine Pattern (Five)"
056,297,0008,0072,000,0611,"IS Mine Pattern (Five)"
056,298,0018,0070,000,0611,"IS Mine Pattern (Five)"
056,278,0012,0070,000,0611,"IS Mine Pattern (Five)"
056,258,0002,0086,000,0611,"IS Mine Pattern (Five)"
056,259,0008,0074,000,0611,"IS Mine Pattern (Five)"
056,279,-004,0076,000,0611,"IS Mine Pattern (Five)"
056,299,-010,0042,000,0611,"IS Mine Pattern (Five)"
056,239,-002,0084,000,0611,"IS Mine Pattern (Five)"
056,219,0000,0088,000,0611,"IS Mine Pattern (Five)"
056,199,0008,0058,000,0611,"IS Mine Pattern (Five)"
056,179,0012,0056,000,0611,"IS Mine Pattern (Five)"
056,159,0014,0044,000,0611,"IS Mine Pattern (Five)"
056,139,0004,0054,000,0611,"IS Mine Pattern (Five)"
056,119,0006,0058,000,0611,"IS Mine Pattern (Five)"
056,099,0014,0056,000,0611,"IS Mine Pattern (Five)"
056,079,0012,0038,000,0611,"IS Mine Pattern (Five)"
056,059,0018,0034,000,0611,"IS Mine Pattern (Five)"
056,039,-002,0036,000,0611,"IS Mine Pattern (Five)"
056,019,0012,0062,000,0611,"IS Mine Pattern (Five)"
056,012,0010,0058,000,0611,"IS Mine Pattern (Five)"
056,013,0000,0078,000,0611,"IS Mine Pattern (Five)"
056,014,0028,0062,000,0611,"IS Mine Pattern (Five)"
056,015,0000,0078,000,0611,"IS Mine Pattern (Five)"
056,016,0000,0068,000,0611,"IS Mine Pattern (Five)"
056,017,0010,0078,000,0611,"IS Mine Pattern (Five)"
056,018,0006,0080,000,0611,"IS Mine Pattern (Five)"
057,122,0024,0090,000,0208,"Big Tree"
057,142,0032,0038,000,0208,"Big Tree"
057,122,-010,0104,000,0208,"Big Tree"
057,143,0028,0016,000,0208,"Big Tree"
057,026,-084,0032,000,0208,"Big Tree"
057,005,-008,0112,000,0208,"Big Tree"
057,026,-076,0052,000,0208,"Big Tree"
057,044,0058,0028,000,0208,"Big Tree"
057,142,-038,0050,000,0232,"Round Top Tree"
057,142,0092,0042,000,0232,"Round Top Tree"
057,025,-014,0022,000,0232,"Round Top Tree"
057,026,0004,0040,000,0232,"Round Top Tree"
057,326,-010,0070,000,0212,"Medium Tree"
057,327,-058,0036,000,0212,"Medium Tree"
057,306,-002,0130,000,0212,"Medium Tree"
057,264,-060,0094,000,0212,"Medium Tree"
057,280,-006,0052,000,0611,"IS Mine Pattern (Five)"
057,260,0006,0082,000,0611,"IS Mine Pattern (Five)"
057,240,-002,0080,000,0611,"IS Mine Pattern (Five)"
057,241,0002,0054,000,0611,"IS Mine Pattern (Five)"
057,261,-008,0054,000,0611,"IS Mine Pattern (Five)"
057,281,-012,0054,000,0611,"IS Mine Pattern (Five)"
057,220,-002,0054,000,0611,"IS Mine Pattern (Five)"
057,221,0008,0046,000,0611,"IS Mine Pattern (Five)"
057,201,-028,0064,000,0611,"IS Mine Pattern (Five)"
057,200,-002,0050,000,0611,"IS Mine Pattern (Five)"
057,180,0006,0062,000,0611,"IS Mine Pattern (Five)"
057,181,0006,0072,000,0611,"IS Mine Pattern (Five)"
057,161,-006,0066,000,0611,"IS Mine Pattern (Five)"
057,160,0004,0058,000,0611,"IS Mine Pattern (Five)"
057,140,-010,0038,000,0611,"IS Mine Pattern (Five)"
057,141,0002,0066,000,0611,"IS Mine Pattern (Five)"
057,121,0006,0082,000,0611,"IS Mine Pattern (Five)"
057,120,-004,0056,000,0611,"IS Mine Pattern (Five)"
057,100,0008,0044,000,0611,"IS Mine Pattern (Five)"
057,101,0008,0066,000,0611,"IS Mine Pattern (Five)"
057,081,-002,0068,000,0611,"IS Mine Pattern (Five)"
057,080,0010,0058,000,0611,"IS Mine Pattern (Five)"
057,060,0010,0076,000,0611,"IS Mine Pattern (Five)"
057,061,0004,0064,000,0611,"IS Mine Pattern (Five)"
057,041,0000,0064,000,0611,"IS Mine Pattern (Five)"
057,040,0004,0046,000,0611,"IS Mine Pattern (Five)"
057,020,-002,0046,000,0611,"IS Mine Pattern (Five)"
057,021,0014,0048,000,0611,"IS Mine Pattern (Five)"
057,001,0012,0046,000,0611,"IS Mine Pattern (Five)"
057,000,-002,0056,000,0611,"IS Mine Pattern (Five)"
058,196,-016,0024,000,0208,"Big Tree"
058,196,-058,0048,000,0208,"Big Tree"
058,197,-046,0022,000,0208,"Big Tree"
058,176,-016,0074,000,0208,"Big Tree"
058,210,-024,0112,000,0208,"Big Tree"
058,230,0042,0044,000,0208,"Big Tree"
058,230,-046,0094,000,0208,"Big Tree"
058,211,-076,0102,000,0208,"Big Tree"
058,231,-020,0066,000,0212,"Medium Tree"
058,230,0052,0070,000,0212,"Medium Tree"
058,250,-036,0032,000,0212,"Medium Tree"
058,371,-054,0066,000,0212,"Medium Tree"
058,370,0004,0094,000,0212,"Medium Tree"
058,391,0028,0022,000,0212,"Medium Tree"
058,351,-046,0084,000,0212,"Medium Tree"
058,397,0002,0060,000,0522,"Clan Mine Pattern (Five)"
058,377,0000,0060,000,0522,"Clan Mine Pattern (Five)"
058,357,0002,0058,000,0522,"Clan Mine Pattern (Five)"
058,337,-002,0060,000,0522,"Clan Mine Pattern (Five)"
058,338,0002,0062,000,0522,"Clan Mine Pattern (Five)"
058,339,0000,0062,000,0522,"Clan Mine Pattern (Five)"
058,358,0002,0064,000,0522,"Clan Mine Pattern (Five)"
058,359,0000,0064,000,0522,"Clan Mine Pattern (Five)"
058,398,0002,0060,000,0522,"Clan Mine Pattern (Five)"
058,378,0002,0058,000,0522,"Clan Mine Pattern (Five)"
058,393,0006,0064,000,0522,"Clan Mine Pattern (Five)"
058,394,0000,0060,000,0522,"Clan Mine Pattern (Five)"
058,395,0006,0066,000,0522,"Clan Mine Pattern (Five)"
058,375,0008,0082,000,0522,"Clan Mine Pattern (Five)"
058,374,0000,0060,000,0522,"Clan Mine Pattern (Five)"
058,373,-016,0050,000,0522,"Clan Mine Pattern (Five)"
058,353,0002,0058,000,0522,"Clan Mine Pattern (Five)"
058,354,0006,0054,000,0522,"Clan Mine Pattern (Five)"
058,355,-008,0070,000,0522,"Clan Mine Pattern (Five)"
058,335,0002,0058,000,0522,"Clan Mine Pattern (Five)"
058,334,-002,0068,000,0522,"Clan Mine Pattern (Five)"
058,333,0002,0052,000,0522,"Clan Mine Pattern (Five)"
058,313,0006,0060,000,0522,"Clan Mine Pattern (Five)"
058,314,-008,0076,000,0522,"Clan Mine Pattern (Five)"
058,315,0002,0080,000,0522,"Clan Mine Pattern (Five)"
058,293,-004,0044,000,0522,"Clan Mine Pattern (Five)"
058,294,0006,0082,000,0522,"Clan Mine Pattern (Five)"
058,295,0004,0072,000,0522,"Clan Mine Pattern (Five)"
058,273,0000,0062,000,0522,"Clan Mine Pattern (Five)"
058,274,-006,0078,000,0522,"Clan Mine Pattern (Five)"
058,275,0000,0070,000,0522,"Clan Mine Pattern (Five)"
058,253,-004,0044,000,0522,"Clan Mine Pattern (Five)"
058,254,-004,0078,000,0522,"Clan Mine Pattern (Five)"
058,255,0008,0070,000,0522,"Clan Mine Pattern (Five)"
058,256,0004,0066,000,0522,"Clan Mine Pattern (Five)"
058,276,0002,0060,000,0522,"Clan Mine Pattern (Five)"
058,296,0004,0068,000,0522,"Clan Mine Pattern (Five)"
058,297,-002,0058,000,0522,"Clan Mine Pattern (Five)"
058,277,-002,0064,000,0522,"Clan Mine Pattern (Five)"
058,257,-002,0074,000,0522,"Clan Mine Pattern (Five)"
058,258,-008,0076,000,0522,"Clan Mine Pattern (Five)"
058,278,0008,0060,000,0522,"Clan Mine Pattern (Five)"
058,298,0004,0058,000,0522,"Clan Mine Pattern (Five)"
058,299,0006,0066,000,0522,"Clan Mine Pattern (Five)"
058,279,-010,0064,000,0522,"Clan Mine Pattern (Five)"
058,259,0002,0066,000,0522,"Clan Mine Pattern (Five)"
059,265,0074,0064,000,0212,"Medium Tree"
059,266,-006,0056,000,0212,"Medium Tree"
059,266,-026,0066,000,0212,"Medium Tree"
059,265,-012,0088,000,0212,"Medium Tree"
059,245,-082,0064,000,0212,"Medium Tree"
059,152,-006,0024,000,0212,"Medium Tree"
059,131,0044,0032,000,0208,"Big Tree"
059,321,-002,0062,000,0522,"Clan Mine Pattern (Five)"
059,322,0006,0064,000,0522,"Clan Mine Pattern (Five)"
059,323,0008,0062,000,0522,"Clan Mine Pattern (Five)"
059,324,-002,0062,000,0522,"Clan Mine Pattern (Five)"
059,325,-002,0060,000,0522,"Clan Mine Pattern (Five)"
059,345,-006,0058,000,0522,"Clan Mine Pattern (Five)"
059,365,0002,0064,000,0522,"Clan Mine Pattern (Five)"
059,385,-008,0066,000,0522,"Clan Mine Pattern (Five)"
059,320,-008,0064,000,0522,"Clan Mine Pattern (Five)"
059,301,0000,0064,000,0692,"Large Northeast Gate"
059,361,-002,0062,000,0707,"Large Gate Control NE"
059,340,0004,0076,000,0522,"Clan Mine Pattern (Five)"
059,341,0006,0056,000,0522,"Clan Mine Pattern (Five)"
059,342,0002,0070,000,0522,"Clan Mine Pattern (Five)"
059,343,-014,0054,000,0522,"Clan Mine Pattern (Five)"
059,344,0010,0064,000,0522,"Clan Mine Pattern (Five)"
059,364,-002,0064,000,0522,"Clan Mine Pattern (Five)"
059,384,0002,0064,000,0522,"Clan Mine Pattern (Five)"
059,240,-010,0078,000,0522,"Clan Mine Pattern (Five)"
059,260,-006,0080,000,0522,"Clan Mine Pattern (Five)"
059,280,0000,0060,000,0522,"Clan Mine Pattern (Five)"
059,281,0002,0062,000,0522,"Clan Mine Pattern (Five)"
059,261,0004,0064,000,0522,"Clan Mine Pattern (Five)"
059,241,-004,0046,000,0522,"Clan Mine Pattern (Five)"
059,242,-008,0058,000,0522,"Clan Mine Pattern (Five)"
059,262,-008,0068,000,0522,"Clan Mine Pattern (Five)"
059,282,0006,0056,000,0522,"Clan Mine Pattern (Five)"
059,283,-002,0082,000,0522,"Clan Mine Pattern (Five)"
059,263,-010,0060,000,0522,"Clan Mine Pattern (Five)"
059,243,-004,0072,000,0522,"Clan Mine Pattern (Five)"
059,244,0002,0060,000,0522,"Clan Mine Pattern (Five)"
059,264,0006,0078,000,0522,"Clan Mine Pattern (Five)"
059,284,-004,0084,000,0522,"Clan Mine Pattern (Five)"
059,285,0006,0076,000,0522,"Clan Mine Pattern (Five)"
059,265,0010,0054,000,0522,"Clan Mine Pattern (Five)"
059,245,0000,0050,000,0522,"Clan Mine Pattern (Five)"
059,246,0000,0070,000,0522,"Clan Mine Pattern (Five)"
059,266,0004,0068,000,0522,"Clan Mine Pattern (Five)"
059,286,0000,0068,000,0522,"Clan Mine Pattern (Five)"
059,247,0004,0070,000,0522,"Clan Mine Pattern (Five)"
059,267,-004,0060,000,0522,"Clan Mine Pattern (Five)"
059,287,-012,0072,000,0522,"Clan Mine Pattern (Five)"
059,248,-012,0060,000,0522,"Clan Mine Pattern (Five)"
059,268,-004,0056,000,0522,"Clan Mine Pattern (Five)"
059,288,-006,0054,000,0522,"Clan Mine Pattern (Five)"
059,249,-004,0070,000,0522,"Clan Mine Pattern (Five)"
059,269,-012,0048,000,0522,"Clan Mine Pattern (Five)"
059,289,-004,0064,000,0522,"Clan Mine Pattern (Five)"
059,309,-004,0070,000,0522,"Clan Mine Pattern (Five)"
059,308,-004,0052,000,0522,"Clan Mine Pattern (Five)"
059,307,-010,0040,000,0522,"Clan Mine Pattern (Five)"
059,327,-016,0044,000,0522,"Clan Mine Pattern (Five)"
059,328,0020,0044,000,0522,"Clan Mine Pattern (Five)"
059,329,0000,0068,000,0522,"Clan Mine Pattern (Five)"
059,349,-024,0048,000,0522,"Clan Mine Pattern (Five)"
059,348,-002,0050,000,0522,"Clan Mine Pattern (Five)"
059,347,-002,0044,000,0522,"Clan Mine Pattern (Five)"
059,367,-014,0048,000,0522,"Clan Mine Pattern (Five)"
059,368,0008,0058,000,0522,"Clan Mine Pattern (Five)"
059,369,-012,0064,000,0522,"Clan Mine Pattern (Five)"
059,387,0004,0046,000,0522,"Clan Mine Pattern (Five)"
059,388,0002,0048,000,0522,"Clan Mine Pattern (Five)"
059,389,-008,0066,000,0522,"Clan Mine Pattern (Five)"
060,092,-002,0068,000,0537,"Container Stack SW"
060,075,0042,0106,000,0212,"Medium Tree"
060,056,0000,0060,000,0212,"Medium Tree"
060,095,-006,0078,000,0212,"Medium Tree"
060,115,0010,0100,000,0212,"Medium Tree"
060,115,0078,0078,000,0212,"Medium Tree"
060,196,0032,0076,000,0212,"Medium Tree"
060,217,-002,0048,000,0212,"Medium Tree"
060,197,-026,0028,000,0212,"Medium Tree"
060,218,-022,0020,000,0212,"Medium Tree"
060,215,-060,0054,000,0212,"Medium Tree"
060,236,-036,0052,000,0212,"Medium Tree"
060,256,-024,0026,000,0212,"Medium Tree"
060,247,0026,0082,000,0212,"Medium Tree"
060,267,0030,0068,000,0212,"Medium Tree"
060,287,0030,0108,000,0212,"Medium Tree"
060,308,0094,0062,000,0212,"Medium Tree"
060,227,0046,0076,000,0212,"Medium Tree"
060,335,-052,0054,000,0212,"Medium Tree"
060,335,-070,0092,000,0212,"Medium Tree"
060,374,0066,0066,000,0208,"Big Tree"
060,354,0018,0088,000,0208,"Big Tree"
060,371,-028,0016,000,0208,"Big Tree"
060,350,-010,0032,000,0208,"Big Tree"
060,350,-048,0094,000,0208,"Big Tree"
060,349,0054,0068,000,0208,"Big Tree"
060,370,0014,0038,000,0208,"Big Tree"
060,372,-048,0026,000,0212,"Medium Tree"
060,329,0004,0036,000,0212,"Medium Tree"
060,276,0044,0034,000,0212,"Medium Tree"
066,270,-010,0068,000,0537,"Container Stack SW"
066,275,0084,0062,000,0208,"Big Tree"
066,256,0010,0050,000,0208,"Big Tree"
066,236,-032,0050,000,0208,"Big Tree"
066,349,-024,0080,000,0208,"Big Tree"
066,329,0010,0028,000,0208,"Big Tree"
067,113,0002,0046,000,0212,"Medium Tree"
067,112,0052,0114,000,0212,"Medium Tree"
067,092,0002,0118,000,0212,"Medium Tree"
067,092,0012,0084,000,0212,"Medium Tree"
067,123,0010,0098,000,0212,"Medium Tree"
067,143,0016,0052,000,0212,"Medium Tree"
067,143,0070,0080,000,0212,"Medium Tree"
067,144,0056,0014,000,0212,"Medium Tree"
067,143,0022,0086,000,0208,"Big Tree"
067,143,-034,0036,000,0208,"Big Tree"
067,142,0000,0022,000,0208,"Big Tree"
067,099,0004,0058,000,0522,"Clan Mine Pattern (Five)"
067,098,0006,0062,000,0522,"Clan Mine Pattern (Five)"
067,097,-002,0062,000,0522,"Clan Mine Pattern (Five)"
067,077,0002,0062,000,0522,"Clan Mine Pattern (Five)"
067,057,0000,0060,000,0522,"Clan Mine Pattern (Five)"
067,037,0002,0056,000,0522,"Clan Mine Pattern (Five)"
067,017,0000,0058,000,0522,"Clan Mine Pattern (Five)"
067,079,-004,0058,000,0522,"Clan Mine Pattern (Five)"
067,078,0002,0058,000,0522,"Clan Mine Pattern (Five)"
067,058,0008,0066,000,0522,"Clan Mine Pattern (Five)"
067,038,0008,0064,000,0522,"Clan Mine Pattern (Five)"
067,018,0014,0060,000,0522,"Clan Mine Pattern (Five)"
067,055,-002,0052,000,0522,"Clan Mine Pattern (Five)"
067,075,-004,0072,000,0522,"Clan Mine Pattern (Five)"
067,095,-004,0080,000,0522,"Clan Mine Pattern (Five)"
067,115,0002,0058,000,0522,"Clan Mine Pattern (Five)"
067,135,-008,0078,000,0522,"Clan Mine Pattern (Five)"
067,136,-012,0074,000,0522,"Clan Mine Pattern (Five)"
067,137,0000,0068,000,0522,"Clan Mine Pattern (Five)"
067,138,0000,0058,000,0522,"Clan Mine Pattern (Five)"
067,139,-002,0054,000,0522,"Clan Mine Pattern (Five)"
067,054,0002,0064,000,0522,"Clan Mine Pattern (Five)"
067,074,-008,0046,000,0522,"Clan Mine Pattern (Five)"
067,094,0000,0074,000,0522,"Clan Mine Pattern (Five)"
067,114,-004,0062,000,0522,"Clan Mine Pattern (Five)"
067,134,-008,0060,000,0522,"Clan Mine Pattern (Five)"
067,154,-002,0064,000,0522,"Clan Mine Pattern (Five)"
067,155,0006,0062,000,0522,"Clan Mine Pattern (Five)"
067,156,0008,0064,000,0522,"Clan Mine Pattern (Five)"
067,157,-006,0052,000,0522,"Clan Mine Pattern (Five)"
067,158,0002,0066,000,0522,"Clan Mine Pattern (Five)"
067,159,0000,0050,000,0522,"Clan Mine Pattern (Five)"
067,179,0002,0048,000,0522,"Clan Mine Pattern (Five)"
067,178,0000,0064,000,0522,"Clan Mine Pattern (Five)"
067,177,-012,0044,000,0522,"Clan Mine Pattern (Five)"
067,176,0010,0050,000,0522,"Clan Mine Pattern (Five)"
067,175,0010,0068,000,0522,"Clan Mine Pattern (Five)"
067,174,0000,0054,000,0522,"Clan Mine Pattern (Five)"
067,173,0004,0068,000,0522,"Clan Mine Pattern (Five)"
067,153,0012,0064,000,0522,"Clan Mine Pattern (Five)"
067,133,0002,0060,000,0522,"Clan Mine Pattern (Five)"
067,113,0002,0072,000,0522,"Clan Mine Pattern (Five)"
067,093,0004,0054,000,0522,"Clan Mine Pattern (Five)"
067,073,0002,0054,000,0522,"Clan Mine Pattern (Five)"
067,053,0004,0056,000,0522,"Clan Mine Pattern (Five)"
067,033,0008,0052,000,0522,"Clan Mine Pattern (Five)"
067,034,-006,0060,000,0522,"Clan Mine Pattern (Five)"
067,035,0002,0060,000,0522,"Clan Mine Pattern (Five)"
067,015,-002,0066,000,0522,"Clan Mine Pattern (Five)"
067,014,0000,0052,000,0522,"Clan Mine Pattern (Five)"
067,013,0000,0052,000,0522,"Clan Mine Pattern (Five)"
068,001,0004,0060,000,0491,"Headquarters Building SE"
068,041,0002,0062,000,0633,"Mech Repair Bay"
068,030,0000,0096,000,0208,"Big Tree"
068,031,0006,0006,000,0208,"Big Tree"
068,010,-076,0054,000,0208,"Big Tree"
068,225,-016,0090,000,0212,"Medium Tree"
068,225,-050,0056,000,0212,"Medium Tree"
068,005,-008,0068,000,0522,"Clan Mine Pattern (Five)"
068,025,0002,0058,000,0522,"Clan Mine Pattern (Five)"
068,045,-006,0062,000,0522,"Clan Mine Pattern (Five)"
068,065,-006,0062,000,0522,"Clan Mine Pattern (Five)"
068,085,-014,0064,000,0522,"Clan Mine Pattern (Five)"
068,084,0000,0066,000,0522,"Clan Mine Pattern (Five)"
068,083,-002,0064,000,0522,"Clan Mine Pattern (Five)"
068,082,0002,0058,000,0522,"Clan Mine Pattern (Five)"
068,081,0002,0060,000,0522,"Clan Mine Pattern (Five)"
068,080,0000,0060,000,0522,"Clan Mine Pattern (Five)"
068,004,0008,0068,000,0522,"Clan Mine Pattern (Five)"
068,024,0006,0062,000,0522,"Clan Mine Pattern (Five)"
068,044,0002,0068,000,0522,"Clan Mine Pattern (Five)"
068,064,0004,0058,000,0522,"Clan Mine Pattern (Five)"
068,063,-002,0054,000,0522,"Clan Mine Pattern (Five)"
068,062,0004,0062,000,0522,"Clan Mine Pattern (Five)"
068,061,0002,0062,000,0522,"Clan Mine Pattern (Five)"
068,060,-004,0058,000,0522,"Clan Mine Pattern (Five)"
068,120,-008,0050,000,0522,"Clan Mine Pattern (Five)"
068,140,-014,0068,000,0522,"Clan Mine Pattern (Five)"
068,160,-006,0070,000,0522,"Clan Mine Pattern (Five)"
068,009,0010,0060,000,0522,"Clan Mine Pattern (Five)"
068,008,-010,0058,000,0522,"Clan Mine Pattern (Five)"
068,007,-004,0050,000,0522,"Clan Mine Pattern (Five)"
068,027,-010,0060,000,0522,"Clan Mine Pattern (Five)"
068,028,0004,0070,000,0522,"Clan Mine Pattern (Five)"
068,029,0006,0060,000,0522,"Clan Mine Pattern (Five)"
068,049,-002,0074,000,0522,"Clan Mine Pattern (Five)"
068,048,-026,0054,000,0522,"Clan Mine Pattern (Five)"
068,047,0000,0064,000,0522,"Clan Mine Pattern (Five)"
068,067,0006,0078,000,0522,"Clan Mine Pattern (Five)"
068,068,-004,0060,000,0522,"Clan Mine Pattern (Five)"
068,069,-004,0070,000,0522,"Clan Mine Pattern (Five)"
068,089,0000,0058,000,0522,"Clan Mine Pattern (Five)"
068,088,0004,0046,000,0522,"Clan Mine Pattern (Five)"
068,087,0006,0066,000,0522,"Clan Mine Pattern (Five)"
068,107,0002,0072,000,0522,"Clan Mine Pattern (Five)"
068,108,-002,0068,000,0522,"Clan Mine Pattern (Five)"
068,109,-008,0064,000,0522,"Clan Mine Pattern (Five)"
068,129,0000,0064,000,0522,"Clan Mine Pattern (Five)"
068,128,0008,0060,000,0522,"Clan Mine Pattern (Five)"
068,127,-002,0064,000,0522,"Clan Mine Pattern (Five)"
068,147,-002,0072,000,0522,"Clan Mine Pattern (Five)"
068,148,-002,0064,000,0522,"Clan Mine Pattern (Five)"
068,149,0000,0064,000,0522,"Clan Mine Pattern (Five)"
068,169,-002,0080,000,0522,"Clan Mine Pattern (Five)"
068,168,0002,0046,000,0522,"Clan Mine Pattern (Five)"
068,167,-014,0084,000,0522,"Clan Mine Pattern (Five)"
068,121,-002,0062,000,0522,"Clan Mine Pattern (Five)"
068,141,-010,0072,000,0522,"Clan Mine Pattern (Five)"
068,161,0004,0074,000,0522,"Clan Mine Pattern (Five)"
068,162,0000,0072,000,0522,"Clan Mine Pattern (Five)"
068,142,0006,0072,000,0522,"Clan Mine Pattern (Five)"
068,122,0006,0062,000,0522,"Clan Mine Pattern (Five)"
068,123,-014,0078,000,0522,"Clan Mine Pattern (Five)"
068,143,0002,0080,000,0522,"Clan Mine Pattern (Five)"
068,163,-008,0076,000,0522,"Clan Mine Pattern (Five)"
068,164,-008,0052,000,0522,"Clan Mine Pattern (Five)"
068,144,-004,0044,000,0522,"Clan Mine Pattern (Five)"
068,124,0002,0070,000,0522,"Clan Mine Pattern (Five)"
068,125,-004,0064,000,0522,"Clan Mine Pattern (Five)"
068,145,0008,0056,000,0522,"Clan Mine Pattern (Five)"
068,165,0000,0060,000,0522,"Clan Mine Pattern (Five)"
068,166,0000,0064,000,0522,"Clan Mine Pattern (Five)"
068,146,0000,0060,000,0522,"Clan Mine Pattern (Five)"
068,126,0006,0066,000,0522,"Clan Mine Pattern (Five)"
END
