Blk,Vtx,XPOf,YPOf,Dm,ObjN,ObjectName
004,334,0008,0078,000,0636,"House (w/animating pool) NE"
004,374,-009,0075,000,0352,"House (w/pool) NW"
004,374,0057,0033,000,0208,"Big Tree"
004,354,0034,0100,000,0212,"Medium Tree"
004,375,0015,0018,000,0212,"Medium Tree"
004,355,0003,0027,000,0216,"Small Tree"
004,354,0030,0018,000,0216,"Small Tree"
004,394,0025,0024,000,0216,"Small Tree"
004,395,-029,0017,000,0216,"Small Tree"
004,394,-076,0071,000,0220,"Big Bushy Tree"
004,331,-023,0082,000,0145,"Small Office Building SW"
004,329,-023,0082,000,0145,"Small Office Building SW"
004,371,0018,0047,000,0144,"Small Office Building NE"
004,369,0018,0047,000,0144,"Small Office Building NE"
004,348,0017,0053,000,0152,"Modern Office Building NW"
004,346,0017,0053,000,0152,"Modern Office Building NW"
004,386,0016,0047,000,0394,"Two-Flat Home SW (centered)"
004,388,0016,0047,000,0394,"Two-Flat Home SW (centered)"
004,390,0016,0047,000,0394,"Two-Flat Home SW (centered)"
004,384,-080,0074,000,0276,"Streetlamp SE"
004,324,-080,0076,000,0276,"Streetlamp SE"
004,393,0044,0026,000,0278,"Streetlamp NW"
004,353,-012,0034,000,0278,"Streetlamp NW"
004,328,0006,0114,000,0278,"Streetlamp NW"
004,288,0001,0075,000,0140,"Small Water Tower R1 (w/underlay)"
011,356,-010,0074,000,0533,"Pressure Tank"
011,358,-012,0070,000,0533,"Pressure Tank"
011,397,-006,0068,000,0533,"Pressure Tank"
011,399,0000,0064,000,0533,"Pressure Tank"
012,188,0001,0065,000,0142,"Liquid Storage A R1 (w/underlay)"
012,148,0001,0065,000,0142,"Liquid Storage A R1 (w/underlay)"
012,150,0001,0065,000,0142,"Liquid Storage A R1 (w/underlay)"
012,190,0001,0065,000,0142,"Liquid Storage A R1 (w/underlay)"
012,191,0011,0095,000,0364,"Waste Processor SE"
012,209,0001,0080,000,0365,"Waste Processor SW"
012,129,0001,0080,000,0032,"Waste Processor SW (w/underlay)"
012,151,0031,0140,000,0137,"Valve Station SE (w/underlay)"
012,258,0051,0075,000,0382,"Field Office SW"
012,337,-019,0075,000,0381,"Field Office SE"
012,297,-019,0075,000,0381,"Field Office SE"
012,379,0011,0095,000,0366,"Waste Processor NW"
012,255,0026,0056,000,0525,"Billboard A SW"
012,216,0074,0070,000,0277,"Streetlamp SW"
012,219,0024,0052,000,0277,"Streetlamp SW"
012,072,0001,0075,000,0140,"Small Water Tower R1 (w/underlay)"
012,340,-022,0070,000,0533,"Pressure Tank"
012,342,0002,0068,000,0533,"Pressure Tank"
012,344,-006,0072,000,0533,"Pressure Tank"
012,381,-008,0068,000,0533,"Pressure Tank"
012,383,-012,0072,000,0533,"Pressure Tank"
013,268,0008,0063,000,0030,"Chemical Plant NE (w/underlay)"
013,271,-003,0062,000,0115,"Chemical Plant SE (w/underlay)"
013,328,0004,0056,000,0116,"Chemical Plant SW (w/underlay)"
013,331,0007,0055,000,0117,"Chemical Plant NW (w/underlay)"
013,240,-019,0065,000,0038,"Processing Plant SE (w/underlay)"
013,280,-019,0065,000,0038,"Processing Plant SE (w/underlay)"
013,360,-009,0080,000,0135,"Processing Plant NE (w/underlay)"
013,362,-009,0080,000,0135,"Processing Plant NE (w/underlay)"
013,323,0016,0045,000,0132,"Relay Station NE (w/underlay)"
013,177,0024,0088,000,0539,"Loading Platform (non-ani) SE"
013,157,0024,0088,000,0539,"Loading Platform (non-ani) SE"
013,194,-019,0075,000,0381,"Field Office SE"
013,154,-019,0075,000,0381,"Field Office SE"
013,015,0001,0002,000,0546,"Kurita-style Home C (w/low wall) SE"
013,012,-010,0072,000,0551,"Large Office Building A"
013,026,-003,0051,000,0396,"Two-Flat Home NE (centered)"
013,027,-003,0051,000,0396,"Two-Flat Home NE (centered)"
013,028,-003,0051,000,0396,"Two-Flat Home NE (centered)"
013,029,-003,0051,000,0396,"Two-Flat Home NE (centered)"
013,030,-003,0051,000,0396,"Two-Flat Home NE (centered)"
013,009,0000,0000,000,0236,"Ball Top Tree"
013,010,0000,0004,000,0236,"Ball Top Tree"
013,010,-106,0060,000,0236,"Ball Top Tree"
013,008,0002,0122,000,0236,"Ball Top Tree"
013,008,-102,0060,000,0236,"Ball Top Tree"
013,007,0108,0062,000,0236,"Ball Top Tree"
013,027,0002,0002,000,0236,"Ball Top Tree"
013,007,-004,0004,000,0236,"Ball Top Tree"
013,005,0108,0062,000,0236,"Ball Top Tree"
013,085,-003,0071,000,0149,"Small Business SE"
013,088,-003,0071,000,0149,"Small Business SE"
013,090,-003,0071,000,0149,"Small Business SE"
013,105,0016,0047,000,0148,"Small Business NW"
013,107,0016,0047,000,0148,"Small Business NW"
013,109,0016,0047,000,0148,"Small Business NW"
013,045,-024,0044,000,0532,"Billboard C SW"
013,191,0018,0094,000,0278,"Streetlamp NW"
013,151,0086,0056,000,0278,"Streetlamp NW"
013,071,-018,0108,000,0278,"Streetlamp NW"
013,013,0006,0102,000,0278,"Streetlamp NW"
013,204,0092,0068,000,0277,"Streetlamp SW"
013,211,-002,0026,000,0277,"Streetlamp SW"
013,207,0052,0066,000,0277,"Streetlamp SW"
013,164,0014,0022,000,0276,"Streetlamp SE"
013,104,-028,0050,000,0276,"Streetlamp SE"
013,064,0018,0020,000,0276,"Streetlamp SE"
013,031,-014,0038,000,0276,"Streetlamp SE"
013,135,-016,0024,000,0276,"Streetlamp SE"
013,202,0028,0042,000,0277,"Streetlamp SW"
013,148,0018,0047,000,0144,"Small Office Building NE"
013,150,0018,0047,000,0144,"Small Office Building NE"
013,146,0018,0047,000,0144,"Small Office Building NE"
013,125,-012,0067,000,0153,"Modern Office Building SE"
013,129,-012,0067,000,0153,"Modern Office Building SE"
013,045,-006,0106,000,0570,"Stripmall C SW"
013,046,0000,0105,000,0568,"Stripmall B SW"
013,048,0010,0111,000,0570,"Stripmall C SW"
013,049,0016,0112,000,0568,"Stripmall B SW"
013,070,-069,0065,000,0275,"Streetlamp NE"
013,068,-004,0096,000,0275,"Streetlamp NE"
013,067,-038,0082,000,0275,"Streetlamp NE"
013,066,-056,0065,000,0275,"Streetlamp NE"
013,064,0007,0100,000,0275,"Streetlamp NE"
020,099,-001,0060,000,0409,"Missile Turret"
020,318,-010,0064,000,0630,"Oil Derrick"
020,358,0004,0066,000,0533,"Pressure Tank"
020,278,0002,0070,000,0533,"Pressure Tank"
020,098,-001,0060,000,0409,"Missile Turret"
020,193,-066,0060,000,0303,"Fuel Tank"
020,173,-060,0068,000,0303,"Fuel Tank"
020,174,-070,0062,000,0303,"Fuel Tank"
020,194,-060,0068,000,0303,"Fuel Tank"
020,013,-002,0036,000,0280,"Gas Tank SW"
020,014,0000,0032,000,0280,"Gas Tank SW"
020,034,-002,0034,000,0280,"Gas Tank SW"
020,033,-008,0030,000,0280,"Gas Tank SW"
020,093,0012,0064,000,0533,"Pressure Tank"
020,113,0014,0072,000,0533,"Pressure Tank"
020,114,0014,0066,000,0533,"Pressure Tank"
020,317,-002,0064,000,0533,"Pressure Tank"
020,197,-006,0026,000,0279,"Gas Tank SE"
020,198,-070,0072,000,0279,"Gas Tank SE"
020,217,-006,0038,000,0279,"Gas Tank SE"
020,139,0008,0074,000,0729,"INDESTRUCTABLE HQ SE"
021,161,-001,0060,000,0409,"Missile Turret"
021,141,-001,0060,000,0409,"Missile Turret"
021,145,-001,0060,000,0409,"Missile Turret"
021,165,-001,0060,000,0409,"Missile Turret"
021,084,-001,0060,000,0409,"Missile Turret"
021,101,0006,0096,000,0469,"Turret Control"
021,103,0006,0084,000,0705,"Large Gate Control SW"
021,143,0000,0064,000,0693,"Large Southwest Gate"
021,061,0006,0070,000,0633,"Mech Repair Bay"
021,027,-004,0024,000,0280,"Gas Tank SW"
021,028,0028,0042,000,0280,"Gas Tank SW"
021,029,0070,0064,000,0280,"Gas Tank SW"
021,049,0036,0078,000,0280,"Gas Tank SW"
021,069,0002,0100,000,0280,"Gas Tank SW"
021,068,-030,0080,000,0280,"Gas Tank SW"
021,048,0010,0060,000,0280,"Gas Tank SW"
021,047,-028,0046,000,0280,"Gas Tank SW"
021,310,0000,0102,000,0303,"Fuel Tank"
021,331,0000,0106,000,0303,"Fuel Tank"
021,311,0008,0102,000,0303,"Fuel Tank"
021,290,0000,0094,000,0303,"Fuel Tank"
021,291,0008,0100,000,0303,"Fuel Tank"
021,330,0006,0102,000,0303,"Fuel Tank"
021,329,0000,0104,000,0303,"Fuel Tank"
021,309,0004,0096,000,0303,"Fuel Tank"
021,289,0006,0100,000,0303,"Fuel Tank"
021,305,0002,0098,000,0281,"Gas Tank NW"
021,285,0002,0094,000,0281,"Gas Tank NW"
021,286,-002,0106,000,0281,"Gas Tank NW"
021,306,0006,0104,000,0281,"Gas Tank NW"
021,189,0070,0056,000,0282,"Gas Tank NE"
021,189,0010,0102,000,0282,"Gas Tank NE"
021,149,0006,0098,000,0282,"Gas Tank NE"
021,149,0078,0062,000,0282,"Gas Tank NE"
021,149,-076,0062,000,0282,"Gas Tank NE"
021,149,0000,0018,000,0282,"Gas Tank NE"
021,189,-072,0066,000,0282,"Gas Tank NE"
021,189,-004,0026,000,0282,"Gas Tank NE"
021,125,-001,0060,000,0409,"Missile Turret"
021,361,-008,0104,000,0279,"Gas Tank SE"
021,361,0068,0060,000,0279,"Gas Tank SE"
021,362,0064,0060,000,0279,"Gas Tank SE"
021,362,-004,0104,000,0279,"Gas Tank SE"
021,261,0004,0024,000,0279,"Gas Tank SE"
021,261,0074,0070,000,0279,"Gas Tank SE"
021,241,0072,0064,000,0279,"Gas Tank SE"
021,241,-002,0028,000,0279,"Gas Tank SE"
021,366,-074,0068,000,0280,"Gas Tank SW"
021,366,-004,0030,000,0280,"Gas Tank SW"
021,366,0066,0064,000,0280,"Gas Tank SW"
021,366,-010,0110,000,0280,"Gas Tank SW"
021,233,-006,0078,000,0533,"Pressure Tank"
021,253,-004,0076,000,0533,"Pressure Tank"
022,383,0002,0106,000,0280,"Gas Tank SW"
022,382,0076,0062,000,0280,"Gas Tank SW"
022,381,0072,0064,000,0280,"Gas Tank SW"
022,381,-072,0066,000,0280,"Gas Tank SW"
030,010,-014,0074,000,0533,"Pressure Tank"
030,011,-010,0074,000,0533,"Pressure Tank"
031,002,0000,0056,000,0537,"Container Stack SW"
031,021,-060,0066,000,0280,"Gas Tank SW"
031,022,-068,0068,000,0280,"Gas Tank SW"
031,023,-066,0064,000,0280,"Gas Tank SW"
031,003,0006,0108,000,0280,"Gas Tank SW"
031,001,-072,0064,000,0280,"Gas Tank SW"
032,156,-001,0060,000,0409,"Missile Turret"
032,076,-001,0060,000,0409,"Missile Turret"
032,078,-001,0060,000,0409,"Missile Turret"
032,158,-001,0060,000,0409,"Missile Turret"
032,137,0004,0088,000,0469,"Turret Control"
032,097,0060,0058,000,0469,"Turret Control"
032,118,-012,0088,000,0704,"Large Gate Control SE"
032,116,0006,0074,000,0729,"INDESTRUCTABLE HQ SE"
033,140,-001,0060,000,0409,"Missile Turret"
033,120,-001,0060,000,0409,"Missile Turret"
033,080,-001,0060,000,0409,"Missile Turret"
033,060,-001,0060,000,0409,"Missile Turret"
033,101,0000,0064,000,0691,"Large Southeast Gate"
036,110,0004,0074,000,0536,"Container Stack SE"
037,233,-001,0060,000,0409,"Missile Turret"
037,073,-001,0060,000,0409,"Missile Turret"
037,152,0000,0064,000,0644,"Southeast Gate"
037,193,-001,0060,000,0409,"Missile Turret"
037,113,-001,0060,000,0409,"Missile Turret"
037,168,-008,0054,000,0469,"Turret Control"
037,128,-010,0064,000,0469,"Turret Control"
037,149,0008,0072,000,0708,"Gate Control SE"
037,106,0000,0062,000,0537,"Container Stack SW"
037,186,0002,0070,000,0537,"Container Stack SW"
037,111,-001,0060,000,0409,"Missile Turret"
037,191,-001,0060,000,0409,"Missile Turret"
037,231,-001,0060,000,0409,"Missile Turret"
037,071,-001,0060,000,0409,"Missile Turret"
037,213,-001,0060,000,0409,"Missile Turret"
037,187,-001,0060,000,0409,"Missile Turret"
037,107,-001,0060,000,0409,"Missile Turret"
037,093,-001,0060,000,0409,"Missile Turret"
037,147,0014,0068,000,0729,"INDESTRUCTABLE HQ SE"
039,319,-001,0060,000,0409,"Missile Turret"
040,388,-001,0060,000,0409,"Missile Turret"
040,308,-001,0060,000,0409,"Missile Turret"
040,346,-001,0060,000,0409,"Missile Turret"
040,304,-001,0060,000,0409,"Missile Turret"
040,303,-001,0060,000,0409,"Missile Turret"
040,341,-001,0060,000,0409,"Missile Turret"
040,344,-002,0094,000,0469,"Turret Control"
040,363,-006,0098,000,0706,"Large Gate Control NW"
040,382,0000,0064,000,0690,"Large Northwest Gate"
040,386,0016,0074,000,0729,"INDESTRUCTABLE HQ SE"
042,095,0012,0098,000,0216,"Small Tree"
042,094,0018,0050,000,0216,"Small Tree"
042,114,0036,0034,000,0216,"Small Tree"
042,135,-018,0018,000,0216,"Small Tree"
042,134,0030,0028,000,0216,"Small Tree"
042,134,-054,0012,000,0216,"Small Tree"
042,135,-056,0026,000,0216,"Small Tree"
042,135,0010,0036,000,0216,"Small Tree"
042,114,-008,0078,000,0216,"Small Tree"
042,114,0038,0076,000,0216,"Small Tree"
042,094,0060,0044,000,0216,"Small Tree"
042,116,0034,0060,000,0216,"Small Tree"
042,097,-038,0048,000,0216,"Small Tree"
042,114,0038,0110,000,0220,"Big Bushy Tree"
042,113,0038,0138,000,0220,"Big Bushy Tree"
042,095,0012,0028,000,0220,"Big Bushy Tree"
042,094,0004,0088,000,0220,"Big Bushy Tree"
042,074,-036,0056,000,0220,"Big Bushy Tree"
042,136,0018,0016,000,0220,"Big Bushy Tree"
042,096,-008,0062,000,0220,"Big Bushy Tree"
042,093,0004,0152,000,0220,"Big Bushy Tree"
042,115,-076,0052,000,0224,"Small Bushy Tree"
042,114,0020,0084,000,0224,"Small Bushy Tree"
042,114,0000,0098,000,0224,"Small Bushy Tree"
042,114,-046,0078,000,0224,"Small Bushy Tree"
042,114,0050,0044,000,0224,"Small Bushy Tree"
042,095,0004,0046,000,0224,"Small Bushy Tree"
042,094,0064,0080,000,0224,"Small Bushy Tree"
042,094,0084,0070,000,0224,"Small Bushy Tree"
042,094,-014,0028,000,0224,"Small Bushy Tree"
042,177,0016,0034,000,0224,"Small Bushy Tree"
042,156,-002,0072,000,0224,"Small Bushy Tree"
047,399,-001,0060,000,0409,"Missile Turret"
048,079,-001,0060,000,0409,"Missile Turret"
049,254,-001,0061,000,0536,"Container Stack SE"
049,214,-023,0064,000,0536,"Container Stack SE"
049,021,-001,0060,000,0409,"Missile Turret"
049,063,-001,0060,000,0409,"Missile Turret"
049,064,-001,0060,000,0409,"Missile Turret"
049,026,-001,0060,000,0409,"Missile Turret"
049,068,-001,0060,000,0409,"Missile Turret"
049,024,0064,0064,000,0469,"Turret Control"
050,230,-001,0060,000,0409,"Missile Turret"
050,190,-001,0060,000,0409,"Missile Turret"
050,198,-001,0060,000,0409,"Missile Turret"
050,238,-001,0060,000,0409,"Missile Turret"
050,331,-001,0060,000,0409,"Missile Turret"
050,337,-001,0060,000,0409,"Missile Turret"
050,393,0000,0098,000,0707,"Large Gate Control NE"
050,374,0000,0064,000,0692,"Large Northeast Gate"
050,351,-001,0060,000,0409,"Missile Turret"
050,357,-001,0060,000,0409,"Missile Turret"
056,076,0008,0056,000,0469,"Turret Control"
056,116,0002,0052,000,0469,"Turret Control"
056,096,0009,0068,000,0704,"Large Gate Control SE"
056,053,-002,0072,000,0633,"Mech Repair Bay"
056,199,-001,0060,000,0409,"Missile Turret"
056,158,-001,0060,000,0409,"Missile Turret"
056,038,-001,0060,000,0409,"Missile Turret"
056,128,-001,0060,000,0409,"Missile Turret"
056,008,-001,0060,000,0409,"Missile Turret"
056,095,0008,0064,000,0729,"INDESTRUCTABLE HQ SE"
057,140,-001,0060,000,0409,"Missile Turret"
057,020,-001,0060,000,0409,"Missile Turret"
057,060,-001,0060,000,0409,"Missile Turret"
057,100,-001,0060,000,0409,"Missile Turret"
057,230,-058,0060,000,0224,"Small Bushy Tree"
057,250,0002,0048,000,0224,"Small Bushy Tree"
057,229,0018,0086,000,0224,"Small Bushy Tree"
057,229,-036,0044,000,0224,"Small Bushy Tree"
057,210,0052,0050,000,0224,"Small Bushy Tree"
057,230,0074,0028,000,0224,"Small Bushy Tree"
057,230,0034,0068,000,0224,"Small Bushy Tree"
057,210,-048,0086,000,0224,"Small Bushy Tree"
057,210,0002,0002,000,0224,"Small Bushy Tree"
057,230,-010,0074,000,0220,"Big Bushy Tree"
057,210,0010,0070,000,0220,"Big Bushy Tree"
057,229,-014,0088,000,0220,"Big Bushy Tree"
057,209,-004,0110,000,0216,"Small Tree"
057,210,-020,0038,000,0216,"Small Tree"
057,208,0006,0122,000,0216,"Small Tree"
057,231,0018,0032,000,0216,"Small Tree"
057,081,0000,0064,000,0691,"Large Southeast Gate"
059,073,-001,0060,000,0409,"Missile Turret"
059,075,-001,0060,000,0409,"Missile Turret"
059,051,0000,0096,000,0469,"Turret Control"
059,057,-058,0066,000,0469,"Turret Control"
059,017,0002,0070,000,0633,"Mech Repair Bay"
059,071,-001,0060,000,0409,"Missile Turret"
059,077,-001,0060,000,0409,"Missile Turret"
059,011,-002,0076,000,0728,"INDESTRUCTABLE HQ SW"
066,239,0040,0100,000,0216,"Small Tree"
066,226,0006,0085,000,0129,"Twin Silos NE (w/underlay)"
066,206,0006,0085,000,0129,"Twin Silos NE (w/underlay)"
066,186,0006,0085,000,0129,"Twin Silos NE (w/underlay)"
066,169,-001,0051,000,0027,"Grain storage SW (w/underlay)"
066,228,-029,0055,000,0073,"Barn NW (w/underlay)"
066,389,-040,0108,000,0208,"Big Tree"
066,388,0000,0072,000,0212,"Medium Tree"
067,161,0006,0085,000,0129,"Twin Silos NE (w/underlay)"
067,101,0006,0085,000,0129,"Twin Silos NE (w/underlay)"
067,201,0006,0085,000,0129,"Twin Silos NE (w/underlay)"
067,100,0007,0060,000,0021,"Large Barn SW (w/underlay)"
067,160,-004,0070,000,0072,"Barn NE (w/underlay)"
067,200,-080,0070,000,0208,"Big Tree"
067,220,0064,0060,000,0208,"Big Tree"
067,200,0022,0076,000,0208,"Big Tree"
067,200,-034,0070,000,0208,"Big Tree"
067,200,0006,0084,000,0212,"Medium Tree"
067,200,-004,0032,000,0212,"Medium Tree"
067,220,-004,0038,000,0212,"Medium Tree"
067,220,0022,0066,000,0216,"Small Tree"
067,221,0000,0064,000,0216,"Small Tree"
067,200,-010,0102,000,0220,"Big Bushy Tree"
067,200,-068,0084,000,0220,"Big Bushy Tree"
067,200,0058,0064,000,0220,"Big Bushy Tree"
067,200,-008,0116,000,0216,"Small Tree"
067,220,0006,0102,000,0224,"Small Bushy Tree"
067,200,0042,0094,000,0232,"Round Top Tree"
067,220,0048,0060,000,0232,"Round Top Tree"
067,220,0042,0080,000,0232,"Round Top Tree"
067,164,-004,0055,000,0079,"Grain storage SE (w/underlay)"
067,083,-019,0060,000,0019,"Long Barn NE (w/underlay)"
067,204,-005,0048,000,0070,"Large Barn SSE (w/underlay)"
067,124,-004,0055,000,0079,"Grain storage SE (w/underlay)"
067,146,0027,0064,000,0020,"Small Barn NW (w/underlay)"
067,045,0023,0069,000,0077,"Modern Farmhouse SW (w/underlay)"
067,197,0000,0001,000,0216,"Small Tree"
067,196,-001,0001,000,0216,"Small Tree"
067,195,0001,0001,000,0216,"Small Tree"
067,174,-108,0064,000,0216,"Small Tree"
067,173,-107,0062,000,0216,"Small Tree"
067,192,0001,0001,000,0216,"Small Tree"
067,171,0110,0064,000,0216,"Small Tree"
067,132,-109,0064,000,0216,"Small Tree"
067,112,-109,0063,000,0216,"Small Tree"
067,092,-109,0064,000,0216,"Small Tree"
067,072,-109,0063,000,0216,"Small Tree"
067,093,0000,0002,000,0216,"Small Tree"
067,113,0001,0001,000,0216,"Small Tree"
067,133,-001,0004,000,0216,"Small Tree"
067,153,0000,0002,000,0216,"Small Tree"
067,172,0108,0064,000,0216,"Small Tree"
067,174,-001,0001,000,0216,"Small Tree"
067,173,-049,0029,000,0216,"Small Tree"
067,171,0059,0093,000,0216,"Small Tree"
067,172,-077,0046,000,0216,"Small Tree"
067,172,-021,0015,000,0216,"Small Tree"
067,152,-043,0026,000,0216,"Small Tree"
067,152,-072,0043,000,0216,"Small Tree"
067,152,-016,0012,000,0216,"Small Tree"
067,173,-072,0044,000,0216,"Small Tree"
067,172,-055,0095,000,0216,"Small Tree"
067,172,-001,0061,000,0216,"Small Tree"
067,152,-001,0061,000,0216,"Small Tree"
067,132,0001,0057,000,0216,"Small Tree"
067,112,0001,0062,000,0216,"Small Tree"
067,092,0002,0064,000,0216,"Small Tree"
067,092,0052,0032,000,0216,"Small Tree"
067,112,0052,0032,000,0216,"Small Tree"
067,132,0049,0031,000,0216,"Small Tree"
067,152,0055,0032,000,0216,"Small Tree"
067,152,-053,0097,000,0216,"Small Tree"
067,172,-023,0076,000,0216,"Small Tree"
067,172,0032,0046,000,0216,"Small Tree"
067,152,-023,0077,000,0216,"Small Tree"
067,152,0032,0046,000,0216,"Small Tree"
067,132,-021,0074,000,0216,"Small Tree"
067,132,0029,0044,000,0216,"Small Tree"
067,112,-024,0078,000,0216,"Small Tree"
067,112,0029,0045,000,0216,"Small Tree"
067,092,-026,0078,000,0216,"Small Tree"
067,092,0029,0048,000,0216,"Small Tree"
067,132,-051,0032,000,0216,"Small Tree"
067,112,-048,0029,000,0216,"Small Tree"
067,092,-049,0031,000,0216,"Small Tree"
067,092,-020,0014,000,0216,"Small Tree"
067,092,-074,0045,000,0216,"Small Tree"
067,112,-021,0016,000,0216,"Small Tree"
067,112,-074,0046,000,0216,"Small Tree"
067,132,-023,0014,000,0216,"Small Tree"
067,132,-073,0045,000,0216,"Small Tree"
067,173,-020,0015,000,0216,"Small Tree"
067,153,-048,0031,000,0216,"Small Tree"
067,133,-051,0032,000,0216,"Small Tree"
067,113,-051,0032,000,0216,"Small Tree"
067,093,-053,0032,000,0216,"Small Tree"
067,093,-023,0016,000,0216,"Small Tree"
067,093,-079,0047,000,0216,"Small Tree"
067,113,-020,0015,000,0216,"Small Tree"
067,113,-078,0048,000,0216,"Small Tree"
067,133,-023,0016,000,0216,"Small Tree"
067,133,-080,0049,000,0216,"Small Tree"
067,153,-023,0014,000,0216,"Small Tree"
067,153,-076,0047,000,0216,"Small Tree"
067,173,-001,0064,000,0216,"Small Tree"
067,153,0002,0064,000,0216,"Small Tree"
067,154,0001,0001,000,0216,"Small Tree"
067,134,-001,0003,000,0216,"Small Tree"
067,094,-109,0063,000,0216,"Small Tree"
067,094,0001,0001,000,0216,"Small Tree"
067,093,0051,0031,000,0216,"Small Tree"
067,093,0003,0069,000,0216,"Small Tree"
067,113,0001,0065,000,0216,"Small Tree"
067,133,0002,0066,000,0216,"Small Tree"
067,133,0052,0032,000,0216,"Small Tree"
067,113,0052,0032,000,0216,"Small Tree"
067,153,0052,0034,000,0216,"Small Tree"
067,173,0051,0033,000,0216,"Small Tree"
067,193,0053,0034,000,0216,"Small Tree"
067,173,-027,0081,000,0216,"Small Tree"
067,173,0029,0047,000,0216,"Small Tree"
067,153,-024,0082,000,0216,"Small Tree"
067,153,0027,0048,000,0216,"Small Tree"
067,133,-024,0080,000,0216,"Small Tree"
067,133,0032,0051,000,0216,"Small Tree"
067,113,-024,0080,000,0216,"Small Tree"
067,113,0033,0050,000,0216,"Small Tree"
067,093,-023,0082,000,0216,"Small Tree"
067,094,-047,0030,000,0216,"Small Tree"
067,114,-050,0033,000,0216,"Small Tree"
067,134,-052,0034,000,0216,"Small Tree"
067,154,-052,0034,000,0216,"Small Tree"
067,174,-054,0034,000,0216,"Small Tree"
067,174,-078,0048,000,0216,"Small Tree"
067,174,-027,0016,000,0216,"Small Tree"
067,154,-075,0046,000,0216,"Small Tree"
067,154,-023,0017,000,0216,"Small Tree"
067,134,-077,0046,000,0216,"Small Tree"
067,134,-023,0017,000,0216,"Small Tree"
067,114,-079,0047,000,0216,"Small Tree"
067,114,-018,0014,000,0216,"Small Tree"
067,094,-074,0044,000,0216,"Small Tree"
067,093,0091,0075,000,0216,"Small Tree"
067,095,0000,0001,000,0216,"Small Tree"
067,114,0110,0064,000,0216,"Small Tree"
067,135,-001,0002,000,0216,"Small Tree"
067,155,0000,0003,000,0216,"Small Tree"
067,175,0001,0001,000,0216,"Small Tree"
067,194,0055,0033,000,0216,"Small Tree"
067,174,0054,0034,000,0216,"Small Tree"
067,154,0055,0034,000,0216,"Small Tree"
067,134,0057,0036,000,0216,"Small Tree"
067,114,0054,0032,000,0216,"Small Tree"
067,094,0053,0033,000,0216,"Small Tree"
067,094,0002,0058,000,0216,"Small Tree"
067,114,0000,0065,000,0216,"Small Tree"
067,134,0002,0065,000,0216,"Small Tree"
067,154,0003,0061,000,0216,"Small Tree"
067,174,0002,0063,000,0216,"Small Tree"
067,174,-024,0080,000,0216,"Small Tree"
067,174,0029,0047,000,0216,"Small Tree"
067,154,-021,0079,000,0216,"Small Tree"
067,154,0033,0048,000,0216,"Small Tree"
067,134,-023,0078,000,0216,"Small Tree"
067,134,0029,0049,000,0216,"Small Tree"
067,114,-022,0080,000,0216,"Small Tree"
067,094,-022,0073,000,0216,"Small Tree"
067,094,0030,0042,000,0216,"Small Tree"
067,095,-049,0031,000,0216,"Small Tree"
067,115,-054,0034,000,0216,"Small Tree"
067,135,-051,0030,000,0216,"Small Tree"
067,155,-053,0032,000,0216,"Small Tree"
067,175,-052,0032,000,0216,"Small Tree"
067,175,-079,0046,000,0216,"Small Tree"
067,175,-019,0013,000,0216,"Small Tree"
067,155,-075,0044,000,0216,"Small Tree"
067,155,-021,0014,000,0216,"Small Tree"
067,134,0036,0107,000,0216,"Small Tree"
067,135,-020,0014,000,0216,"Small Tree"
067,115,-079,0047,000,0216,"Small Tree"
067,115,-024,0014,000,0216,"Small Tree"
067,095,-075,0046,000,0216,"Small Tree"
067,095,-022,0016,000,0216,"Small Tree"
067,076,-109,0064,000,0216,"Small Tree"
067,116,0001,0002,000,0216,"Small Tree"
067,135,0110,0064,000,0216,"Small Tree"
067,156,0000,0002,000,0216,"Small Tree"
067,176,0001,0003,000,0216,"Small Tree"
067,177,0001,0001,000,0216,"Small Tree"
067,157,0000,0001,000,0216,"Small Tree"
067,137,0002,0002,000,0216,"Small Tree"
067,117,-002,0004,000,0216,"Small Tree"
067,096,0110,0064,000,0216,"Small Tree"
067,095,0049,0031,000,0216,"Small Tree"
067,095,0002,0061,000,0216,"Small Tree"
067,115,0051,0031,000,0216,"Small Tree"
067,115,0001,0060,000,0216,"Small Tree"
067,135,0052,0033,000,0216,"Small Tree"
067,135,0001,0065,000,0216,"Small Tree"
067,155,0051,0033,000,0216,"Small Tree"
067,155,0001,0065,000,0216,"Small Tree"
067,175,0052,0032,000,0216,"Small Tree"
067,175,0001,0063,000,0216,"Small Tree"
067,195,0051,0031,000,0216,"Small Tree"
067,175,-026,0080,000,0216,"Small Tree"
067,175,0029,0047,000,0216,"Small Tree"
067,155,-024,0079,000,0216,"Small Tree"
067,155,0029,0051,000,0216,"Small Tree"
067,135,-027,0079,000,0216,"Small Tree"
067,135,0029,0050,000,0216,"Small Tree"
067,115,-028,0077,000,0216,"Small Tree"
067,115,0030,0043,000,0216,"Small Tree"
067,095,-024,0075,000,0216,"Small Tree"
067,095,0029,0042,000,0216,"Small Tree"
067,096,-049,0032,000,0216,"Small Tree"
067,116,-053,0032,000,0216,"Small Tree"
067,136,-054,0032,000,0216,"Small Tree"
067,156,-054,0032,000,0216,"Small Tree"
067,176,-055,0032,000,0216,"Small Tree"
067,176,-079,0046,000,0216,"Small Tree"
067,176,-021,0013,000,0216,"Small Tree"
067,156,-077,0047,000,0216,"Small Tree"
067,156,-023,0015,000,0216,"Small Tree"
067,136,-077,0047,000,0216,"Small Tree"
067,136,-020,0013,000,0216,"Small Tree"
067,116,-078,0046,000,0216,"Small Tree"
067,116,-023,0015,000,0216,"Small Tree"
067,096,-076,0045,000,0216,"Small Tree"
067,096,-021,0014,000,0216,"Small Tree"
067,096,0051,0030,000,0216,"Small Tree"
067,096,-003,0063,000,0216,"Small Tree"
067,116,0051,0032,000,0216,"Small Tree"
067,116,0001,0062,000,0216,"Small Tree"
067,136,0054,0032,000,0216,"Small Tree"
067,136,0003,0064,000,0216,"Small Tree"
067,156,0051,0034,000,0216,"Small Tree"
067,156,0002,0065,000,0216,"Small Tree"
067,176,0053,0034,000,0216,"Small Tree"
067,176,0000,0066,000,0216,"Small Tree"
067,196,0053,0033,000,0216,"Small Tree"
067,176,-026,0081,000,0216,"Small Tree"
067,176,0033,0049,000,0216,"Small Tree"
067,156,-022,0080,000,0216,"Small Tree"
067,156,0031,0048,000,0216,"Small Tree"
067,136,-022,0079,000,0216,"Small Tree"
067,136,0030,0050,000,0216,"Small Tree"
067,116,-022,0079,000,0216,"Small Tree"
067,116,0031,0048,000,0216,"Small Tree"
067,096,-024,0080,000,0216,"Small Tree"
067,096,0030,0046,000,0216,"Small Tree"
067,097,-052,0030,000,0216,"Small Tree"
067,117,-051,0032,000,0216,"Small Tree"
067,137,-051,0030,000,0216,"Small Tree"
067,157,-055,0033,000,0216,"Small Tree"
067,177,-050,0032,000,0216,"Small Tree"
067,177,-080,0048,000,0216,"Small Tree"
067,177,-019,0014,000,0216,"Small Tree"
067,157,-077,0045,000,0216,"Small Tree"
067,157,-021,0014,000,0216,"Small Tree"
067,137,-078,0047,000,0216,"Small Tree"
067,137,-018,0012,000,0216,"Small Tree"
067,117,-076,0045,000,0216,"Small Tree"
067,117,-022,0015,000,0216,"Small Tree"
067,097,-077,0046,000,0216,"Small Tree"
067,096,0089,0076,000,0216,"Small Tree"
067,178,0015,0055,000,0022,"Barn SE (w/underlay)"
067,079,0027,0064,000,0020,"Small Barn NW (w/underlay)"
067,098,0009,0058,000,0024,"Modern Farmhouse SE (w/underlay)"
067,127,-006,0036,000,0208,"Big Tree"
067,107,-042,0074,000,0208,"Big Tree"
067,086,0066,0032,000,0208,"Big Tree"
067,086,0022,0022,000,0208,"Big Tree"
067,046,-002,0058,000,0208,"Big Tree"
067,046,-016,0078,000,0208,"Big Tree"
067,049,-042,0060,000,0208,"Big Tree"
067,049,-082,0070,000,0208,"Big Tree"
067,090,-074,0030,000,0208,"Big Tree"
067,130,-106,0060,000,0208,"Big Tree"
067,206,0028,0084,000,0208,"Big Tree"
067,206,0008,0092,000,0208,"Big Tree"
067,206,-030,0084,000,0208,"Big Tree"
067,226,-002,0028,000,0208,"Big Tree"
067,208,0066,0060,000,0208,"Big Tree"
067,208,0026,0034,000,0212,"Medium Tree"
067,147,-016,0074,000,0212,"Medium Tree"
067,186,0058,0036,000,0212,"Medium Tree"
067,066,0060,0024,000,0212,"Medium Tree"
067,068,0012,0036,000,0212,"Medium Tree"
067,090,-012,0036,000,0212,"Medium Tree"
067,110,-056,0088,000,0212,"Medium Tree"
067,023,0076,0046,000,0212,"Medium Tree"
067,025,0024,0046,000,0212,"Medium Tree"
067,049,0046,0048,000,0216,"Small Tree"
075,178,-019,0060,000,0019,"Long Barn NE (w/underlay)"
075,139,0027,0064,000,0020,"Small Barn NW (w/underlay)"
075,138,-004,0070,000,0071,"Barn SW (w/underlay)"
075,157,0006,0085,000,0129,"Twin Silos NE (w/underlay)"
075,137,0018,0092,000,0208,"Big Tree"
075,217,0026,0092,000,0212,"Medium Tree"
075,216,0034,0110,000,0208,"Big Tree"
075,216,0010,0112,000,0208,"Big Tree"
075,216,-016,0120,000,0208,"Big Tree"
075,196,0030,0104,000,0208,"Big Tree"
075,237,0012,0016,000,0208,"Big Tree"
075,216,-082,0090,000,0208,"Big Tree"
075,198,-056,0056,000,0208,"Big Tree"
075,219,0008,0090,000,0208,"Big Tree"
075,238,0030,0020,000,0208,"Big Tree"
075,238,0048,0046,000,0208,"Big Tree"
075,239,-036,0046,000,0208,"Big Tree"
075,238,-010,0060,000,0208,"Big Tree"
075,119,-062,0052,000,0232,"Round Top Tree"
075,099,0002,0136,000,0232,"Round Top Tree"
075,199,0014,0094,000,0232,"Round Top Tree"
075,177,0020,0062,000,0232,"Round Top Tree"
075,198,0014,0086,000,0224,"Small Bushy Tree"
075,219,-086,0070,000,0224,"Small Bushy Tree"
075,237,0018,0098,000,0224,"Small Bushy Tree"
075,199,-042,0034,000,0220,"Big Bushy Tree"
075,216,0074,0080,000,0220,"Big Bushy Tree"
075,237,0052,0038,000,0220,"Big Bushy Tree"
075,039,0044,0088,000,0208,"Big Tree"
075,039,0014,0122,000,0208,"Big Tree"
075,016,-034,0042,000,0208,"Big Tree"
075,016,-074,0050,000,0208,"Big Tree"
075,016,-092,0058,000,0208,"Big Tree"
075,074,0084,0048,000,0208,"Big Tree"
075,096,0098,0064,000,0208,"Big Tree"
075,098,0042,0028,000,0208,"Big Tree"
075,097,0076,0046,000,0208,"Big Tree"
075,099,0004,0062,000,0208,"Big Tree"
075,010,-042,0044,000,0208,"Big Tree"
075,010,-060,0038,000,0208,"Big Tree"
075,009,0030,0106,000,0208,"Big Tree"
075,009,0008,0092,000,0208,"Big Tree"
075,010,-048,0074,000,0208,"Big Tree"
075,029,0094,0040,000,0208,"Big Tree"
075,079,-040,0096,000,0212,"Medium Tree"
075,079,-068,0076,000,0212,"Medium Tree"
075,019,0038,0100,000,0212,"Medium Tree"
075,074,0048,0030,000,0212,"Medium Tree"
075,010,0002,0088,000,0212,"Medium Tree"
075,010,-016,0064,000,0212,"Medium Tree"
076,140,-004,0014,000,0212,"Medium Tree"
076,140,0040,0032,000,0212,"Medium Tree"
076,140,0086,0054,000,0212,"Medium Tree"
076,141,0028,0018,000,0212,"Medium Tree"
076,141,-068,0082,000,0212,"Medium Tree"
076,140,-014,0112,000,0212,"Medium Tree"
076,140,-056,0086,000,0212,"Medium Tree"
076,140,-102,0062,000,0212,"Medium Tree"
076,080,-032,0110,000,0208,"Big Tree"
076,080,-050,0116,000,0208,"Big Tree"
076,080,0004,0136,000,0208,"Big Tree"
076,101,-046,0038,000,0208,"Big Tree"
076,121,0010,0018,000,0208,"Big Tree"
076,101,-048,0058,000,0232,"Round Top Tree"
076,180,-052,0062,000,0232,"Round Top Tree"
076,200,-056,0040,000,0232,"Round Top Tree"
076,160,-038,0064,000,0224,"Small Bushy Tree"
076,020,-052,0056,000,0208,"Big Tree"
076,000,-046,0072,000,0208,"Big Tree"
076,040,-046,0096,000,0212,"Medium Tree"
END
