Blk,Vtx,XPOf,YPOf,Dm,ObjN,ObjectName
013,365,0008,0084,000,0208,"Big Tree"
014,171,0088,0042,000,0208,"Big Tree"
014,234,0052,0040,000,0208,"Big Tree"
014,252,-046,0032,000,0208,"Big Tree"
021,016,-040,0056,000,0208,"Big Tree"
021,055,0012,0078,000,0208,"Big Tree"
021,137,-044,0054,000,0208,"Big Tree"
021,174,0008,0012,000,0208,"Big Tree"
021,174,0006,0058,000,0208,"Big Tree"
021,174,0104,0062,000,0208,"Big Tree"
021,175,0044,0048,000,0208,"Big Tree"
021,155,0012,0008,000,0208,"Big Tree"
021,156,0024,0072,000,0208,"Big Tree"
021,177,-026,0072,000,0208,"Big Tree"
021,197,0032,0080,000,0208,"Big Tree"
021,279,0072,0050,000,0208,"Big Tree"
021,132,0016,0052,000,0208,"Big Tree"
021,131,0038,0032,000,0208,"Big Tree"
021,110,-028,0036,000,0208,"Big Tree"
021,363,-016,0037,000,0486,"Sensor Tower SW"
022,213,0056,0048,000,0208,"Big Tree"
022,191,0052,0070,000,0208,"Big Tree"
022,171,0084,0078,000,0208,"Big Tree"
022,193,0018,0018,000,0208,"Big Tree"
022,046,0016,0100,000,0208,"Big Tree"
022,120,0008,0014,000,0208,"Big Tree"
022,123,0078,0054,000,0208,"Big Tree"
022,165,-042,0064,000,0208,"Big Tree"
022,180,0006,0076,000,0208,"Big Tree"
022,240,0004,0008,000,0208,"Big Tree"
022,280,0014,0046,000,0208,"Big Tree"
022,280,-002,0052,000,0208,"Big Tree"
022,303,0028,0102,000,0208,"Big Tree"
022,284,-010,0128,000,0208,"Big Tree"
022,349,-006,0006,000,0208,"Big Tree"
022,371,0026,0086,000,0208,"Big Tree"
022,348,0076,0080,000,0208,"Big Tree"
022,327,0032,0028,000,0208,"Big Tree"
022,371,-090,0050,000,0208,"Big Tree"
022,335,-016,0028,000,0208,"Big Tree"
022,336,0010,0100,000,0208,"Big Tree"
022,337,0020,0102,000,0208,"Big Tree"
022,339,-020,0056,000,0208,"Big Tree"
022,357,0038,0082,000,0208,"Big Tree"
022,377,-020,0062,000,0208,"Big Tree"
022,397,0012,0010,000,0208,"Big Tree"
022,355,-044,0084,000,0208,"Big Tree"
022,333,0028,0062,000,0208,"Big Tree"
023,282,0038,0090,000,0208,"Big Tree"
023,303,0080,0048,000,0208,"Big Tree"
023,249,-068,0056,000,0208,"Big Tree"
023,011,-070,0094,000,0208,"Big Tree"
023,033,0008,0066,000,0208,"Big Tree"
023,075,-034,0068,000,0208,"Big Tree"
023,135,0000,0012,000,0208,"Big Tree"
023,153,-010,0136,000,0208,"Big Tree"
023,078,0042,0070,000,0208,"Big Tree"
023,139,0006,0004,000,0208,"Big Tree"
023,232,0010,0064,000,0208,"Big Tree"
023,295,0014,0038,000,0208,"Big Tree"
023,256,0056,0072,000,0208,"Big Tree"
023,197,0036,0076,000,0208,"Big Tree"
023,339,0038,0040,000,0208,"Big Tree"
023,342,0094,0026,000,0208,"Big Tree"
023,323,0012,0068,000,0208,"Big Tree"
023,344,-006,0104,000,0208,"Big Tree"
024,221,-030,0066,000,0208,"Big Tree"
024,280,-038,0084,000,0208,"Big Tree"
029,337,0000,0038,000,0208,"Big Tree"
029,397,0078,0024,000,0208,"Big Tree"
029,095,0062,0092,000,0208,"Big Tree"
029,138,0002,0016,000,0208,"Big Tree"
029,159,-088,0070,000,0208,"Big Tree"
029,199,-014,0116,000,0208,"Big Tree"
029,198,0024,0062,000,0208,"Big Tree"
029,179,-004,0102,000,0208,"Big Tree"
029,259,-022,0016,000,0208,"Big Tree"
029,277,0012,0038,000,0208,"Big Tree"
029,297,-056,0068,000,0208,"Big Tree"
029,317,-034,0040,000,0208,"Big Tree"
029,295,-036,0138,000,0208,"Big Tree"
029,334,0086,0092,000,0208,"Big Tree"
029,333,0018,0058,000,0208,"Big Tree"
029,332,0008,0016,000,0208,"Big Tree"
029,351,-030,0032,000,0208,"Big Tree"
029,309,-088,0088,000,0208,"Big Tree"
029,307,-026,0044,000,0208,"Big Tree"
029,265,-012,0046,000,0208,"Big Tree"
029,244,0086,0074,000,0208,"Big Tree"
029,243,0068,0046,000,0208,"Big Tree"
029,286,-026,0076,000,0208,"Big Tree"
029,241,-050,0110,000,0208,"Big Tree"
029,263,0068,0056,000,0208,"Big Tree"
029,244,-072,0080,000,0208,"Big Tree"
029,116,-040,0032,000,0498,"Activation Marker"
029,095,-056,0050,000,0498,"Activation Marker"
030,391,0022,0014,000,0208,"Big Tree"
030,369,-040,0056,000,0208,"Big Tree"
030,388,-008,0016,000,0208,"Big Tree"
030,226,0050,0060,000,0208,"Big Tree"
030,247,0018,0016,000,0208,"Big Tree"
030,268,-044,0076,000,0208,"Big Tree"
030,289,-084,0078,000,0208,"Big Tree"
030,330,0026,0056,000,0208,"Big Tree"
030,352,-012,0152,000,0208,"Big Tree"
030,308,0022,0086,000,0208,"Big Tree"
030,267,-026,0082,000,0208,"Big Tree"
030,246,0030,0058,000,0208,"Big Tree"
030,143,0064,0060,000,0208,"Big Tree"
030,145,0048,0072,000,0208,"Big Tree"
030,166,0034,0042,000,0208,"Big Tree"
030,165,-040,0102,000,0208,"Big Tree"
030,185,-024,0042,000,0208,"Big Tree"
030,206,-050,0034,000,0208,"Big Tree"
030,069,-002,0116,000,0208,"Big Tree"
030,132,-006,0042,000,0208,"Big Tree"
030,132,0028,0062,000,0208,"Big Tree"
030,173,0040,0032,000,0208,"Big Tree"
030,051,-026,0042,000,0208,"Big Tree"
030,070,0068,0042,000,0208,"Big Tree"
030,300,-018,0038,000,0208,"Big Tree"
030,302,-038,0056,000,0208,"Big Tree"
030,220,-012,0064,000,0208,"Big Tree"
031,012,0036,0024,000,0208,"Big Tree"
031,013,0014,0078,000,0208,"Big Tree"
031,054,0066,0106,000,0208,"Big Tree"
031,054,-008,0014,000,0208,"Big Tree"
031,074,0012,0098,000,0208,"Big Tree"
031,094,-060,0076,000,0208,"Big Tree"
031,112,0016,0126,000,0208,"Big Tree"
031,133,-024,0080,000,0208,"Big Tree"
031,095,-040,0086,000,0208,"Big Tree"
031,114,-070,0066,000,0208,"Big Tree"
031,173,0022,0018,000,0208,"Big Tree"
031,172,-044,0086,000,0208,"Big Tree"
031,192,0054,0062,000,0208,"Big Tree"
031,270,-060,0048,000,0208,"Big Tree"
031,271,-020,0016,000,0208,"Big Tree"
031,251,-048,0094,000,0208,"Big Tree"
031,251,0060,0070,000,0208,"Big Tree"
031,212,-036,0042,000,0208,"Big Tree"
031,212,0086,0064,000,0208,"Big Tree"
031,328,0062,0036,000,0208,"Big Tree"
031,347,-022,0078,000,0208,"Big Tree"
031,387,0036,0060,000,0208,"Big Tree"
031,370,-014,0158,000,0208,"Big Tree"
031,370,0002,0110,000,0208,"Big Tree"
031,354,-018,0136,000,0208,"Big Tree"
031,334,0044,0122,000,0208,"Big Tree"
031,315,-020,0014,000,0208,"Big Tree"
031,373,-070,0074,000,0208,"Big Tree"
031,392,-004,0104,000,0208,"Big Tree"
031,392,-042,0108,000,0208,"Big Tree"
031,369,-020,0114,000,0208,"Big Tree"
031,388,-044,0074,000,0208,"Big Tree"
031,385,0062,0076,000,0208,"Big Tree"
031,017,0004,0120,000,0208,"Big Tree"
031,059,0012,0048,000,0208,"Big Tree"
031,039,0018,0046,000,0208,"Big Tree"
031,039,0078,0046,000,0208,"Big Tree"
031,039,0012,0058,000,0208,"Big Tree"
031,039,0002,0084,000,0208,"Big Tree"
031,039,0036,0078,000,0208,"Big Tree"
031,039,0050,0030,000,0208,"Big Tree"
031,038,0082,0050,000,0208,"Big Tree"
031,039,-028,0068,000,0208,"Big Tree"
032,033,-044,0066,000,0208,"Big Tree"
032,054,-026,0078,000,0208,"Big Tree"
032,073,-014,0154,000,0208,"Big Tree"
032,093,-086,0094,000,0208,"Big Tree"
032,112,0012,0120,000,0208,"Big Tree"
032,005,0034,0060,000,0208,"Big Tree"
032,005,-066,0064,000,0208,"Big Tree"
032,065,0052,0030,000,0208,"Big Tree"
032,065,-106,0104,000,0208,"Big Tree"
032,126,0050,0060,000,0208,"Big Tree"
032,128,-008,0028,000,0208,"Big Tree"
032,110,-064,0126,000,0208,"Big Tree"
032,104,0034,0070,000,0208,"Big Tree"
032,146,0008,0064,000,0208,"Big Tree"
032,144,0060,0046,000,0208,"Big Tree"
032,103,0028,0034,000,0208,"Big Tree"
032,062,-038,0074,000,0208,"Big Tree"
032,043,-060,0070,000,0208,"Big Tree"
032,084,-004,0060,000,0208,"Big Tree"
032,103,-066,0058,000,0208,"Big Tree"
032,123,0018,0084,000,0208,"Big Tree"
032,061,-078,0054,000,0208,"Big Tree"
032,379,-036,0056,000,0208,"Big Tree"
032,358,0014,0058,000,0208,"Big Tree"
032,319,0022,0126,000,0208,"Big Tree"
032,296,0036,0080,000,0208,"Big Tree"
032,339,-036,0038,000,0208,"Big Tree"
032,069,0002,0048,000,0487,"Sensor Tower NE"
033,302,-004,0068,000,0208,"Big Tree"
033,344,0016,0086,000,0208,"Big Tree"
033,367,-032,0034,000,0208,"Big Tree"
033,388,0092,0064,000,0208,"Big Tree"
033,387,0014,0008,000,0208,"Big Tree"
033,388,0016,0096,000,0208,"Big Tree"
033,203,-002,0098,000,0208,"Big Tree"
033,201,-082,0068,000,0208,"Big Tree"
033,260,0028,0086,000,0208,"Big Tree"
033,284,-018,0116,000,0208,"Big Tree"
037,339,-004,0046,000,0208,"Big Tree"
037,298,0020,0068,000,0208,"Big Tree"
038,359,0014,0106,000,0208,"Big Tree"
038,379,0008,0048,000,0208,"Big Tree"
038,379,-018,0102,000,0208,"Big Tree"
038,399,-002,0088,000,0208,"Big Tree"
038,381,0062,0038,000,0208,"Big Tree"
038,361,-006,0016,000,0208,"Big Tree"
038,388,-020,0132,000,0208,"Big Tree"
038,340,-022,0016,000,0208,"Big Tree"
038,322,-032,0074,000,0208,"Big Tree"
038,302,0022,0050,000,0208,"Big Tree"
038,266,0028,0060,000,0208,"Big Tree"
038,288,-022,0026,000,0208,"Big Tree"
038,329,0028,0042,000,0208,"Big Tree"
038,348,0028,0102,000,0208,"Big Tree"
038,294,0046,0050,000,0208,"Big Tree"
038,273,-050,0018,000,0208,"Big Tree"
038,212,-080,0036,000,0208,"Big Tree"
038,172,-030,0058,000,0208,"Big Tree"
038,114,-086,0080,000,0208,"Big Tree"
038,153,0000,0074,000,0208,"Big Tree"
038,134,-076,0044,000,0208,"Big Tree"
038,093,0072,0096,000,0208,"Big Tree"
038,135,-016,0048,000,0208,"Big Tree"
038,097,0012,0032,000,0208,"Big Tree"
038,319,0010,0020,000,0208,"Big Tree"
038,101,-002,0052,000,0487,"Sensor Tower NE"
039,079,-028,0054,000,0208,"Big Tree"
039,058,-014,0086,000,0208,"Big Tree"
039,037,-012,0054,000,0208,"Big Tree"
039,015,0016,0044,000,0208,"Big Tree"
039,057,-032,0044,000,0208,"Big Tree"
039,099,0012,0054,000,0208,"Big Tree"
039,059,-076,0090,000,0208,"Big Tree"
039,037,0034,0090,000,0208,"Big Tree"
039,036,-044,0084,000,0208,"Big Tree"
039,075,0036,0054,000,0208,"Big Tree"
039,095,-020,0048,000,0208,"Big Tree"
039,116,-012,0072,000,0208,"Big Tree"
039,117,0034,0052,000,0208,"Big Tree"
039,139,-040,0040,000,0208,"Big Tree"
039,096,-038,0068,000,0208,"Big Tree"
039,012,0020,0050,000,0208,"Big Tree"
039,007,0052,0090,000,0208,"Big Tree"
039,027,0064,0102,000,0208,"Big Tree"
039,365,-068,0036,000,0208,"Big Tree"
039,364,0028,0020,000,0208,"Big Tree"
039,363,0094,0066,000,0208,"Big Tree"
039,342,0042,0100,000,0208,"Big Tree"
039,342,-012,0048,000,0208,"Big Tree"
039,280,-008,0088,000,0208,"Big Tree"
039,300,-030,0026,000,0208,"Big Tree"
039,282,0090,0110,000,0208,"Big Tree"
039,263,0044,0064,000,0208,"Big Tree"
039,223,0010,0044,000,0208,"Big Tree"
039,204,-024,0032,000,0208,"Big Tree"
039,142,-030,0036,000,0208,"Big Tree"
039,141,0076,0064,000,0208,"Big Tree"
039,046,0028,0084,000,0208,"Big Tree"
039,046,0002,0132,000,0208,"Big Tree"
039,066,0068,0096,000,0208,"Big Tree"
039,125,0060,0068,000,0208,"Big Tree"
039,146,-032,0036,000,0208,"Big Tree"
039,187,0036,0050,000,0208,"Big Tree"
039,230,-018,0084,000,0208,"Big Tree"
039,231,-046,0048,000,0208,"Big Tree"
039,273,-074,0038,000,0208,"Big Tree"
039,315,0092,0044,000,0208,"Big Tree"
039,318,-076,0050,000,0208,"Big Tree"
039,279,-018,0056,000,0208,"Big Tree"
039,023,-028,0054,000,0208,"Big Tree"
039,024,0020,0026,000,0208,"Big Tree"
039,063,-068,0096,000,0208,"Big Tree"
040,010,0000,0076,000,0208,"Big Tree"
040,046,0010,0088,000,0208,"Big Tree"
040,047,0074,0092,000,0208,"Big Tree"
040,027,0016,0132,000,0208,"Big Tree"
040,066,-002,0092,000,0208,"Big Tree"
040,065,-054,0080,000,0208,"Big Tree"
040,084,-004,0058,000,0208,"Big Tree"
040,083,-042,0030,000,0208,"Big Tree"
040,062,-046,0098,000,0208,"Big Tree"
040,081,0080,0068,000,0208,"Big Tree"
040,081,-010,0014,000,0208,"Big Tree"
040,120,-024,0132,000,0208,"Big Tree"
040,260,0050,0106,000,0208,"Big Tree"
040,242,-062,0052,000,0208,"Big Tree"
040,222,-034,0082,000,0208,"Big Tree"
040,202,0016,0020,000,0208,"Big Tree"
040,181,0062,0040,000,0208,"Big Tree"
040,377,-001,0060,000,0408,"Cannon Turret"
040,365,-001,0060,000,0408,"Cannon Turret"
040,371,-001,0060,000,0408,"Cannon Turret"
040,374,-001,0060,000,0408,"Cannon Turret"
040,368,-001,0060,000,0408,"Cannon Turret"
040,362,-001,0060,000,0408,"Cannon Turret"
040,278,0008,0088,000,0212,"Medium Tree"
040,297,0042,0082,000,0212,"Medium Tree"
040,278,-068,0054,000,0212,"Medium Tree"
040,298,0048,0076,000,0212,"Medium Tree"
040,298,0002,0100,000,0212,"Medium Tree"
040,319,0010,0074,000,0212,"Medium Tree"
040,297,-024,0076,000,0212,"Medium Tree"
040,278,0006,0094,000,0212,"Medium Tree"
040,297,0040,0088,000,0212,"Medium Tree"
040,278,-070,0060,000,0212,"Medium Tree"
040,298,0046,0082,000,0212,"Medium Tree"
040,298,0000,0106,000,0212,"Medium Tree"
040,319,0008,0080,000,0212,"Medium Tree"
040,297,-026,0082,000,0212,"Medium Tree"
040,319,0002,0134,000,0212,"Medium Tree"
041,360,-001,0060,000,0408,"Cannon Turret"
041,383,0014,0062,000,0208,"Big Tree"
041,383,-036,0086,000,0208,"Big Tree"
041,343,-044,0118,000,0208,"Big Tree"
041,363,-054,0090,000,0208,"Big Tree"
041,365,-026,0032,000,0208,"Big Tree"
041,365,0014,0052,000,0208,"Big Tree"
041,264,-070,0042,000,0208,"Big Tree"
041,307,0004,0038,000,0208,"Big Tree"
041,244,0082,0076,000,0208,"Big Tree"
041,304,-042,0060,000,0208,"Big Tree"
041,263,-038,0088,000,0208,"Big Tree"
041,304,-018,0068,000,0208,"Big Tree"
041,282,0098,0070,000,0208,"Big Tree"
041,284,-030,0082,000,0208,"Big Tree"
041,324,0016,0042,000,0208,"Big Tree"
041,303,0066,0040,000,0208,"Big Tree"
041,364,-028,0026,000,0212,"Medium Tree"
041,364,0050,0016,000,0212,"Medium Tree"
041,325,-024,0074,000,0212,"Medium Tree"
041,323,-004,0058,000,0212,"Medium Tree"
041,345,-044,0068,000,0212,"Medium Tree"
041,347,-032,0040,000,0212,"Medium Tree"
041,344,0010,0028,000,0212,"Medium Tree"
041,304,0050,0092,000,0212,"Medium Tree"
041,386,0016,0040,000,0212,"Medium Tree"
041,364,-074,0064,000,0212,"Medium Tree"
041,301,0034,0022,000,0212,"Medium Tree"
041,300,-042,0078,000,0212,"Medium Tree"
041,301,0040,0032,000,0212,"Medium Tree"
041,300,-036,0088,000,0212,"Medium Tree"
041,300,-102,0082,000,0212,"Medium Tree"
041,262,-008,0112,000,0212,"Medium Tree"
041,260,0024,0050,000,0212,"Medium Tree"
041,241,-066,0054,000,0212,"Medium Tree"
041,241,-098,0078,000,0212,"Medium Tree"
041,324,0016,0056,000,0212,"Medium Tree"
041,343,-016,0054,000,0212,"Medium Tree"
041,302,-062,0056,000,0212,"Medium Tree"
041,302,0036,0062,000,0212,"Medium Tree"
041,343,0094,0036,000,0212,"Medium Tree"
041,323,-016,0096,000,0212,"Medium Tree"
042,023,-020,0042,000,0208,"Big Tree"
042,023,-066,0078,000,0208,"Big Tree"
042,021,0058,0044,000,0208,"Big Tree"
042,000,0016,0068,000,0208,"Big Tree"
042,010,0052,0052,000,0208,"Big Tree"
042,012,-010,0042,000,0208,"Big Tree"
042,055,0002,0094,000,0208,"Big Tree"
042,097,-010,0104,000,0208,"Big Tree"
042,138,0062,0078,000,0208,"Big Tree"
042,159,-044,0068,000,0208,"Big Tree"
042,106,0068,0052,000,0208,"Big Tree"
042,128,-074,0084,000,0208,"Big Tree"
042,170,-028,0056,000,0208,"Big Tree"
042,253,0084,0072,000,0208,"Big Tree"
042,255,0058,0078,000,0208,"Big Tree"
042,033,0012,0112,000,0208,"Big Tree"
042,014,-036,0090,000,0208,"Big Tree"
042,057,-032,0040,000,0208,"Big Tree"
042,078,-032,0046,000,0208,"Big Tree"
042,199,-056,0104,000,0208,"Big Tree"
042,218,-012,0090,000,0208,"Big Tree"
042,217,0004,0130,000,0208,"Big Tree"
042,217,-050,0130,000,0208,"Big Tree"
042,276,0010,0096,000,0208,"Big Tree"
042,317,-058,0030,000,0208,"Big Tree"
042,359,-022,0054,000,0208,"Big Tree"
042,394,-002,0058,000,0208,"Big Tree"
042,379,-006,0120,000,0208,"Big Tree"
042,358,0006,0068,000,0208,"Big Tree"
042,372,0060,0044,000,0208,"Big Tree"
042,354,-012,0090,000,0208,"Big Tree"
042,336,0016,0016,000,0208,"Big Tree"
042,295,0036,0046,000,0208,"Big Tree"
042,376,0010,0050,000,0487,"Sensor Tower NE"
043,181,-078,0080,000,0208,"Big Tree"
043,222,0040,0086,000,0208,"Big Tree"
043,242,0088,0058,000,0208,"Big Tree"
043,245,-004,0010,000,0208,"Big Tree"
043,247,-028,0040,000,0208,"Big Tree"
043,268,-010,0052,000,0208,"Big Tree"
043,246,0008,0138,000,0208,"Big Tree"
043,340,-008,0034,000,0208,"Big Tree"
043,340,-002,0114,000,0208,"Big Tree"
043,362,-018,0032,000,0208,"Big Tree"
043,363,-042,0058,000,0208,"Big Tree"
043,363,0030,0140,000,0208,"Big Tree"
043,345,-050,0088,000,0208,"Big Tree"
043,365,0044,0050,000,0208,"Big Tree"
043,365,0002,0048,000,0208,"Big Tree"
043,364,0044,0094,000,0208,"Big Tree"
043,370,0062,0098,000,0208,"Big Tree"
043,350,0036,0084,000,0208,"Big Tree"
043,310,-030,0052,000,0208,"Big Tree"
043,289,-030,0022,000,0208,"Big Tree"
043,351,0022,0126,000,0208,"Big Tree"
043,352,0026,0078,000,0208,"Big Tree"
043,353,-048,0092,000,0208,"Big Tree"
043,353,0000,0102,000,0208,"Big Tree"
043,352,0010,0106,000,0208,"Big Tree"
043,371,0032,0080,000,0208,"Big Tree"
043,392,-040,0132,000,0208,"Big Tree"
043,316,0014,0126,000,0208,"Big Tree"
043,357,-070,0046,000,0208,"Big Tree"
043,317,0020,0080,000,0208,"Big Tree"
043,337,0020,0136,000,0208,"Big Tree"
043,357,-016,0126,000,0208,"Big Tree"
043,062,0000,0028,000,0208,"Big Tree"
043,020,-032,0078,000,0208,"Big Tree"
043,060,-008,0016,000,0208,"Big Tree"
044,265,-104,0044,000,0208,"Big Tree"
044,244,-096,0036,000,0208,"Big Tree"
046,019,-026,0082,000,0208,"Big Tree"
046,039,0044,0040,000,0208,"Big Tree"
046,059,0072,0034,000,0208,"Big Tree"
047,393,-020,0090,000,0208,"Big Tree"
047,392,-026,0038,000,0208,"Big Tree"
047,391,0032,0030,000,0208,"Big Tree"
047,370,-022,0078,000,0208,"Big Tree"
047,329,-072,0072,000,0208,"Big Tree"
047,349,0000,0012,000,0208,"Big Tree"
047,329,0022,0026,000,0208,"Big Tree"
047,331,0010,0032,000,0208,"Big Tree"
047,312,-048,0052,000,0208,"Big Tree"
047,313,-024,0086,000,0208,"Big Tree"
047,315,-062,0058,000,0208,"Big Tree"
047,295,0048,0032,000,0208,"Big Tree"
047,294,0064,0070,000,0208,"Big Tree"
047,294,0002,0070,000,0208,"Big Tree"
047,256,0048,0064,000,0208,"Big Tree"
047,238,-032,0050,000,0208,"Big Tree"
047,218,0060,0078,000,0208,"Big Tree"
047,219,0020,0082,000,0208,"Big Tree"
047,219,0042,0090,000,0208,"Big Tree"
047,019,0046,0082,000,0208,"Big Tree"
047,079,0048,0086,000,0208,"Big Tree"
047,058,0044,0114,000,0208,"Big Tree"
047,057,0036,0080,000,0208,"Big Tree"
047,057,-006,0096,000,0208,"Big Tree"
047,058,-002,0080,000,0208,"Big Tree"
047,056,0038,0052,000,0208,"Big Tree"
047,056,0026,0106,000,0208,"Big Tree"
047,056,-054,0104,000,0208,"Big Tree"
047,073,0030,0094,000,0208,"Big Tree"
047,074,-028,0090,000,0208,"Big Tree"
047,075,-030,0094,000,0208,"Big Tree"
047,092,0066,0088,000,0208,"Big Tree"
047,091,0054,0104,000,0208,"Big Tree"
047,090,0024,0082,000,0208,"Big Tree"
047,091,-032,0104,000,0208,"Big Tree"
047,070,-002,0004,000,0208,"Big Tree"
047,069,0010,0104,000,0208,"Big Tree"
047,089,0012,0034,000,0208,"Big Tree"
047,088,0004,0080,000,0208,"Big Tree"
047,087,0028,0070,000,0208,"Big Tree"
047,087,-030,0084,000,0208,"Big Tree"
047,086,-018,0028,000,0208,"Big Tree"
047,064,-060,0122,000,0208,"Big Tree"
047,063,0046,0112,000,0208,"Big Tree"
047,085,0028,0072,000,0208,"Big Tree"
047,063,-030,0054,000,0208,"Big Tree"
047,042,-034,0092,000,0208,"Big Tree"
047,041,0028,0048,000,0208,"Big Tree"
047,040,0072,0050,000,0208,"Big Tree"
047,001,-028,0074,000,0208,"Big Tree"
047,005,0056,0052,000,0208,"Big Tree"
047,010,0018,0054,000,0208,"Big Tree"
047,047,-036,0062,000,0208,"Big Tree"
047,046,0004,0092,000,0208,"Big Tree"
048,220,0024,0068,000,0208,"Big Tree"
048,221,0070,0096,000,0208,"Big Tree"
048,222,0012,0068,000,0208,"Big Tree"
048,223,0006,0062,000,0208,"Big Tree"
048,203,0016,0010,000,0208,"Big Tree"
048,204,0012,0038,000,0208,"Big Tree"
048,185,-074,0044,000,0208,"Big Tree"
048,186,0000,0016,000,0208,"Big Tree"
048,166,0006,0006,000,0208,"Big Tree"
048,125,-014,0046,000,0208,"Big Tree"
048,105,-068,0090,000,0208,"Big Tree"
048,084,-014,0028,000,0208,"Big Tree"
048,063,-026,0098,000,0208,"Big Tree"
048,063,-048,0040,000,0208,"Big Tree"
048,062,0000,0020,000,0208,"Big Tree"
048,062,0040,0092,000,0208,"Big Tree"
048,084,-062,0054,000,0208,"Big Tree"
048,084,-050,0066,000,0208,"Big Tree"
048,085,-104,0060,000,0208,"Big Tree"
048,042,0062,0062,000,0208,"Big Tree"
048,023,0000,0110,000,0208,"Big Tree"
048,024,-012,0042,000,0208,"Big Tree"
048,024,0042,0074,000,0208,"Big Tree"
048,005,-030,0062,000,0208,"Big Tree"
048,020,0050,0100,000,0208,"Big Tree"
048,320,0008,0048,000,0487,"Sensor Tower NE"
049,003,0012,0050,000,0469,"Turret Control"
049,219,0002,0056,000,0098,"Resource Bunker (full) SW"
049,298,-002,0051,000,0100,"Resource Bunker (full) NE"
049,178,0006,0061,000,0097,"Resource Bunker (full) NW"
049,249,-005,0061,128,0095,"Resource Bunker (empty) SE"
049,227,0006,0061,128,0093,"Resource Bunker (empty) NW"
049,009,-012,0060,000,0498,"Activation Marker"
049,007,0016,0071,000,0498,"Activation Marker"
049,005,0008,0066,000,0498,"Activation Marker"
049,024,0008,0065,000,0498,"Activation Marker"
049,026,-002,0066,000,0498,"Activation Marker"
049,028,0009,0068,000,0498,"Activation Marker"
049,049,-001,0058,000,0498,"Activation Marker"
049,047,-006,0065,000,0498,"Activation Marker"
049,045,-006,0065,000,0498,"Activation Marker"
049,038,0006,0064,000,0498,"Activation Marker"
049,078,0005,0064,000,0498,"Activation Marker"
049,118,0002,0063,000,0498,"Activation Marker"
049,158,0006,0070,000,0498,"Activation Marker"
049,139,0000,0067,000,0498,"Activation Marker"
049,099,0000,0067,000,0498,"Activation Marker"
049,059,-014,0068,000,0498,"Activation Marker"
049,378,-001,0060,000,0408,"Cannon Turret"
049,001,-001,0060,000,0408,"Cannon Turret"
049,121,-001,0060,000,0408,"Cannon Turret"
049,241,-001,0060,000,0408,"Cannon Turret"
049,362,-001,0060,000,0408,"Cannon Turret"
049,368,-001,0060,000,0408,"Cannon Turret"
049,061,-001,0060,000,0408,"Cannon Turret"
049,181,-001,0060,000,0408,"Cannon Turret"
049,301,-001,0060,000,0408,"Cannon Turret"
049,365,-001,0060,000,0408,"Cannon Turret"
049,371,-001,0060,000,0408,"Cannon Turret"
049,375,-001,0060,000,0408,"Cannon Turret"
049,255,-002,0058,000,0306,"(null)"
049,275,0006,0066,000,0306,"(null)"
049,295,0004,0064,000,0306,"(null)"
049,294,0004,0060,000,0306,"(null)"
049,254,0008,0056,000,0306,"(null)"
049,253,0000,0062,000,0306,"(null)"
049,273,0002,0066,000,0306,"(null)"
049,293,-004,0066,000,0306,"(null)"
049,306,-006,0047,128,0102,"Underground Bunker NNE"
049,308,-006,0047,128,0102,"Underground Bunker NNE"
049,310,-006,0047,128,0102,"Underground Bunker NNE"
049,268,0006,0057,000,0092,"Field Storage NE"
049,144,0003,0058,000,0091,"Field Storage SE"
049,104,0003,0058,000,0091,"Field Storage SE"
049,137,0043,0075,000,0081,"Crew Barracks NW"
049,097,0043,0075,000,0081,"Crew Barracks NW"
049,057,0043,0075,000,0081,"Crew Barracks NW"
049,065,0031,0054,000,0082,"Crew Barracks SW"
049,063,0017,0063,000,0706,"Large Gate Control NW"
049,012,0002,0058,000,0499,"MechWarrior Barracks SW"
049,014,0000,0058,000,0499,"MechWarrior Barracks SW"
049,169,0004,0063,000,0638,"Main Generator"
049,111,0004,0060,000,0638,"Main Generator"
049,129,-009,0067,000,0628,"Sensor Control SE"
049,151,0002,0068,000,0491,"Headquarters Building SE"
049,082,0000,0064,000,0690,"Large Northwest Gate"
049,266,0001,0073,000,0633,"Mech Repair Bay"
049,052,-002,0074,000,0633,"Mech Repair Bay"
049,019,0002,0056,000,0469,"Turret Control"
049,323,0005,0053,000,0469,"Turret Control"
049,274,0001,0066,000,0303,"Fuel Tank"
049,337,0007,0051,000,0469,"Turret Control"
049,115,-004,0055,000,0101,"Underground Bunker SSW"
049,075,-004,0055,000,0101,"Underground Bunker SSW"
049,244,-004,0055,000,0101,"Underground Bunker SSW"
049,204,-004,0055,000,0101,"Underground Bunker SSW"
049,171,0002,0070,000,0704,"Large Gate Control SE"
049,133,0000,0064,000,0691,"Large Southeast Gate"
050,304,0006,0061,000,0097,"Resource Bunker (full) NW"
050,264,0006,0061,000,0097,"Resource Bunker (full) NW"
050,361,-001,0060,000,0409,"Missile Turret"
050,363,-001,0060,000,0409,"Missile Turret"
050,366,-001,0060,000,0408,"Cannon Turret"
050,164,-001,0060,000,0408,"Cannon Turret"
050,247,-001,0060,000,0408,"Cannon Turret"
050,001,-001,0060,000,0408,"Cannon Turret"
050,162,-001,0060,000,0408,"Cannon Turret"
050,061,-001,0060,000,0408,"Cannon Turret"
050,004,-008,0020,000,0208,"Big Tree"
050,025,0026,0026,000,0208,"Big Tree"
050,025,0034,0042,000,0208,"Big Tree"
050,046,0056,0044,000,0208,"Big Tree"
050,006,0016,0064,000,0208,"Big Tree"
050,027,-008,0054,000,0208,"Big Tree"
050,026,-016,0046,000,0208,"Big Tree"
050,028,-004,0052,000,0208,"Big Tree"
050,043,-054,0090,000,0208,"Big Tree"
050,044,-092,0064,000,0208,"Big Tree"
050,065,0020,0038,000,0208,"Big Tree"
050,064,-010,0112,000,0208,"Big Tree"
050,065,-024,0068,000,0208,"Big Tree"
050,085,0020,0056,000,0208,"Big Tree"
050,146,0050,0050,000,0208,"Big Tree"
050,085,-094,0054,000,0208,"Big Tree"
050,126,-030,0038,000,0208,"Big Tree"
050,105,0056,0090,000,0208,"Big Tree"
050,106,-082,0076,000,0208,"Big Tree"
050,145,0036,0096,000,0208,"Big Tree"
050,125,0052,0066,000,0208,"Big Tree"
050,006,0014,0058,000,0212,"Medium Tree"
050,004,0060,0038,000,0212,"Medium Tree"
050,008,0008,0050,000,0212,"Medium Tree"
050,125,0020,0066,000,0212,"Medium Tree"
050,083,-032,0082,000,0212,"Medium Tree"
050,124,0032,0100,000,0212,"Medium Tree"
050,084,-030,0060,000,0212,"Medium Tree"
050,104,0014,0080,000,0212,"Medium Tree"
050,103,-084,0068,000,0212,"Medium Tree"
050,084,0014,0044,000,0212,"Medium Tree"
050,323,0008,0055,000,0705,"Large Gate Control SW"
050,280,-001,0052,000,0671,"Office 3_a2"
050,261,-001,0029,000,0669,"Office 2_a3"
050,307,-001,0060,000,0408,"Cannon Turret"
050,187,-001,0060,000,0408,"Cannon Turret"
050,121,-001,0060,000,0408,"Cannon Turret"
050,342,0000,0064,000,0693,"Large Southwest Gate"
050,221,0001,0037,000,0675,"Office 1b_a4"
050,202,-001,0100,000,0204,"HazMat Sphere R1"
050,204,-066,0066,000,0204,"HazMat Sphere R1"
050,203,-032,0087,000,0204,"HazMat Sphere R1"
050,222,0033,0082,000,0205,"HazMat Sphere R2"
050,223,-001,0069,000,0205,"HazMat Sphere R2"
050,224,-034,0050,000,0205,"HazMat Sphere R2"
050,321,-001,0040,000,0677,"Office 1b_a2"
050,220,0009,0047,000,0674,"Office 1b_a1"
050,205,0008,0055,000,0469,"Turret Control"
051,036,0020,0034,000,0208,"Big Tree"
051,039,-034,0042,000,0208,"Big Tree"
051,111,0010,0016,000,0208,"Big Tree"
051,092,-050,0050,000,0208,"Big Tree"
051,072,0032,0092,000,0208,"Big Tree"
051,074,-018,0080,000,0208,"Big Tree"
051,096,-086,0074,000,0208,"Big Tree"
051,157,0016,0014,000,0208,"Big Tree"
051,176,0044,0040,000,0208,"Big Tree"
051,176,0032,0076,000,0208,"Big Tree"
051,176,-022,0092,000,0208,"Big Tree"
051,196,0032,0068,000,0208,"Big Tree"
051,196,-026,0066,000,0208,"Big Tree"
051,195,0010,0114,000,0208,"Big Tree"
051,215,-018,0058,000,0208,"Big Tree"
051,214,-022,0080,000,0208,"Big Tree"
051,196,0004,0092,000,0208,"Big Tree"
051,197,-028,0030,000,0208,"Big Tree"
051,176,0028,0100,000,0208,"Big Tree"
051,197,-012,0044,000,0208,"Big Tree"
051,197,-078,0096,000,0208,"Big Tree"
051,149,0002,0100,000,0208,"Big Tree"
051,129,0016,0074,000,0208,"Big Tree"
051,109,0004,0112,000,0208,"Big Tree"
051,150,-056,0040,000,0208,"Big Tree"
051,212,0030,0044,000,0208,"Big Tree"
051,171,-062,0082,000,0208,"Big Tree"
051,234,0004,0036,000,0208,"Big Tree"
051,213,-052,0078,000,0208,"Big Tree"
051,210,0000,0008,000,0208,"Big Tree"
051,232,0008,0048,000,0208,"Big Tree"
051,254,0006,0070,000,0208,"Big Tree"
051,255,0028,0052,000,0208,"Big Tree"
051,256,0034,0026,000,0208,"Big Tree"
051,237,-034,0060,000,0208,"Big Tree"
051,216,-062,0102,000,0208,"Big Tree"
051,219,-028,0062,000,0208,"Big Tree"
051,359,0046,0092,000,0208,"Big Tree"
051,399,0070,0050,000,0208,"Big Tree"
051,318,0082,0060,000,0208,"Big Tree"
051,319,-028,0082,000,0208,"Big Tree"
051,319,-026,0098,000,0208,"Big Tree"
051,318,0014,0104,000,0208,"Big Tree"
051,275,0090,0062,000,0208,"Big Tree"
051,295,0006,0012,000,0208,"Big Tree"
051,274,-094,0054,000,0208,"Big Tree"
051,312,0044,0038,000,0208,"Big Tree"
051,311,-058,0062,000,0208,"Big Tree"
051,350,0022,0024,000,0208,"Big Tree"
051,370,0012,0098,000,0208,"Big Tree"
051,390,0000,0054,000,0208,"Big Tree"
052,006,0038,0030,000,0208,"Big Tree"
052,007,-052,0036,000,0208,"Big Tree"
052,027,0060,0088,000,0208,"Big Tree"
052,049,0076,0046,000,0208,"Big Tree"
052,031,0018,0030,000,0208,"Big Tree"
052,012,0034,0078,000,0208,"Big Tree"
052,012,0012,0098,000,0208,"Big Tree"
052,033,-018,0016,000,0208,"Big Tree"
052,053,0036,0038,000,0208,"Big Tree"
052,053,0008,0088,000,0208,"Big Tree"
052,073,0038,0106,000,0208,"Big Tree"
052,094,0028,0080,000,0208,"Big Tree"
052,114,0008,0024,000,0208,"Big Tree"
052,156,-052,0056,000,0208,"Big Tree"
052,115,-024,0108,000,0208,"Big Tree"
052,136,-038,0038,000,0208,"Big Tree"
052,157,-026,0062,000,0208,"Big Tree"
052,177,0080,0062,000,0208,"Big Tree"
052,177,0080,0074,000,0208,"Big Tree"
052,178,-026,0034,000,0208,"Big Tree"
052,198,0084,0062,000,0208,"Big Tree"
052,178,-074,0066,000,0208,"Big Tree"
052,178,-030,0052,000,0208,"Big Tree"
052,178,-034,0074,000,0208,"Big Tree"
052,198,0026,0070,000,0208,"Big Tree"
052,268,-022,0030,000,0208,"Big Tree"
052,248,-030,0032,000,0208,"Big Tree"
052,228,-024,0050,000,0208,"Big Tree"
052,229,0006,0004,000,0208,"Big Tree"
052,209,0078,0052,000,0208,"Big Tree"
052,168,0020,0070,000,0208,"Big Tree"
052,148,-022,0076,000,0208,"Big Tree"
052,128,-036,0022,000,0208,"Big Tree"
052,106,-028,0028,000,0208,"Big Tree"
052,085,0004,0084,000,0208,"Big Tree"
052,083,0002,0028,000,0208,"Big Tree"
052,082,0042,0090,000,0208,"Big Tree"
052,101,0090,0072,000,0208,"Big Tree"
052,100,-064,0102,000,0208,"Big Tree"
052,140,-004,0132,000,0208,"Big Tree"
052,182,-004,0074,000,0208,"Big Tree"
052,201,0040,0030,000,0208,"Big Tree"
052,222,-070,0046,000,0208,"Big Tree"
052,263,0006,0028,000,0208,"Big Tree"
052,285,-064,0028,000,0208,"Big Tree"
052,287,0004,0026,000,0208,"Big Tree"
052,181,0034,0044,000,0208,"Big Tree"
052,221,0020,0016,000,0208,"Big Tree"
052,221,0000,0064,000,0208,"Big Tree"
052,242,-060,0042,000,0208,"Big Tree"
052,000,-060,0040,000,0208,"Big Tree"
052,000,0064,0068,000,0208,"Big Tree"
056,225,0046,0034,000,0208,"Big Tree"
056,206,0038,0068,000,0208,"Big Tree"
056,187,-046,0040,000,0208,"Big Tree"
056,167,0084,0078,000,0208,"Big Tree"
056,168,0074,0046,000,0208,"Big Tree"
056,168,-060,0052,000,0208,"Big Tree"
056,166,0080,0060,000,0208,"Big Tree"
056,188,-054,0070,000,0208,"Big Tree"
056,210,-024,0046,000,0208,"Big Tree"
056,232,0016,0020,000,0208,"Big Tree"
056,213,-046,0030,000,0208,"Big Tree"
056,193,0004,0116,000,0208,"Big Tree"
056,194,0084,0038,000,0208,"Big Tree"
056,175,-072,0086,000,0208,"Big Tree"
056,215,0032,0060,000,0208,"Big Tree"
056,138,-030,0008,000,0208,"Big Tree"
056,118,-050,0024,000,0208,"Big Tree"
056,078,-088,0068,000,0208,"Big Tree"
056,057,-032,0012,000,0208,"Big Tree"
056,014,0052,0108,000,0208,"Big Tree"
057,338,0020,0068,000,0208,"Big Tree"
057,379,0012,0054,000,0208,"Big Tree"
058,298,-030,0092,000,0208,"Big Tree"
058,297,-018,0108,000,0208,"Big Tree"
058,315,-070,0090,000,0208,"Big Tree"
058,395,0044,0056,000,0208,"Big Tree"
058,392,-066,0104,000,0208,"Big Tree"
058,390,0020,0144,000,0208,"Big Tree"
058,365,-044,0138,000,0208,"Big Tree"
058,367,-002,0010,000,0208,"Big Tree"
058,327,-040,0088,000,0208,"Big Tree"
058,283,0084,0056,000,0208,"Big Tree"
058,262,-094,0026,000,0208,"Big Tree"
058,343,0010,0062,000,0487,"Sensor Tower NE"
059,319,0042,0072,000,0208,"Big Tree"
059,277,0038,0022,000,0208,"Big Tree"
059,255,-044,0068,000,0208,"Big Tree"
059,293,0076,0054,000,0208,"Big Tree"
059,313,-058,0052,000,0208,"Big Tree"
059,294,0076,0040,000,0208,"Big Tree"
059,314,-002,0028,000,0208,"Big Tree"
059,333,0032,0020,000,0208,"Big Tree"
059,310,0000,0120,000,0208,"Big Tree"
059,330,0000,0024,000,0208,"Big Tree"
059,332,-012,0014,000,0208,"Big Tree"
059,332,0004,0114,000,0208,"Big Tree"
059,328,-020,0096,000,0208,"Big Tree"
059,347,0044,0096,000,0208,"Big Tree"
059,346,-004,0084,000,0208,"Big Tree"
059,344,0018,0068,000,0208,"Big Tree"
059,363,0040,0024,000,0208,"Big Tree"
059,344,0012,0120,000,0208,"Big Tree"
059,366,0098,0084,000,0208,"Big Tree"
059,321,-024,0110,000,0208,"Big Tree"
059,340,0050,0076,000,0208,"Big Tree"
059,342,-042,0104,000,0208,"Big Tree"
060,019,0020,0012,000,0208,"Big Tree"
060,019,-016,0072,000,0208,"Big Tree"
060,099,0030,0106,000,0208,"Big Tree"
060,119,0056,0044,000,0208,"Big Tree"
060,029,-084,0088,000,0208,"Big Tree"
060,047,0028,0122,000,0208,"Big Tree"
060,067,-006,0130,000,0208,"Big Tree"
060,048,-012,0158,000,0208,"Big Tree"
060,068,-012,0122,000,0208,"Big Tree"
060,109,-008,0094,000,0208,"Big Tree"
060,151,0098,0064,000,0208,"Big Tree"
060,114,-004,0048,000,0208,"Big Tree"
060,135,0004,0026,000,0208,"Big Tree"
060,133,-024,0092,000,0208,"Big Tree"
060,153,0064,0048,000,0208,"Big Tree"
060,155,0036,0074,000,0208,"Big Tree"
060,136,0048,0018,000,0208,"Big Tree"
060,364,0016,0124,000,0208,"Big Tree"
060,323,-002,0110,000,0208,"Big Tree"
060,302,0010,0062,000,0208,"Big Tree"
060,281,-050,0068,000,0208,"Big Tree"
060,104,0000,0056,000,0487,"Sensor Tower NE"
061,020,-062,0054,000,0208,"Big Tree"
061,040,0008,0110,000,0208,"Big Tree"
066,039,0002,0080,000,0208,"Big Tree"
066,179,-038,0044,000,0208,"Big Tree"
066,159,0068,0040,000,0208,"Big Tree"
067,057,-080,0026,000,0208,"Big Tree"
067,137,-038,0060,000,0208,"Big Tree"
067,178,-076,0060,000,0208,"Big Tree"
067,199,-046,0110,000,0208,"Big Tree"
067,092,-034,0028,000,0208,"Big Tree"
067,073,0016,0036,000,0208,"Big Tree"
067,028,-046,0030,000,0208,"Big Tree"
067,026,-020,0046,000,0208,"Big Tree"
067,026,-048,0044,000,0208,"Big Tree"
067,002,0016,0048,000,0208,"Big Tree"
067,023,0096,0062,000,0208,"Big Tree"
067,042,-048,0038,000,0208,"Big Tree"
067,121,-038,0038,000,0208,"Big Tree"
067,123,-032,0054,000,0208,"Big Tree"
067,165,0044,0072,000,0208,"Big Tree"
067,185,0016,0070,000,0208,"Big Tree"
067,186,-004,0080,000,0208,"Big Tree"
067,207,-016,0026,000,0208,"Big Tree"
067,228,0028,0050,000,0208,"Big Tree"
067,248,0084,0074,000,0208,"Big Tree"
067,289,-002,0096,000,0208,"Big Tree"
067,328,0050,0054,000,0208,"Big Tree"
067,327,0068,0058,000,0208,"Big Tree"
067,285,-026,0076,000,0208,"Big Tree"
067,264,-034,0080,000,0208,"Big Tree"
067,264,-034,0020,000,0208,"Big Tree"
067,243,-024,0042,000,0208,"Big Tree"
067,221,0054,0096,000,0208,"Big Tree"
067,221,-048,0062,000,0208,"Big Tree"
067,241,-004,0084,000,0208,"Big Tree"
067,304,0098,0058,000,0208,"Big Tree"
067,326,-036,0030,000,0208,"Big Tree"
067,262,-008,0116,000,0208,"Big Tree"
068,080,-034,0026,000,0208,"Big Tree"
068,082,-048,0084,000,0208,"Big Tree"
068,200,0018,0022,000,0208,"Big Tree"
069,005,0014,0016,000,0208,"Big Tree"
075,058,0080,0054,000,0208,"Big Tree"
075,058,-018,0054,000,0208,"Big Tree"
076,062,-004,0120,000,0208,"Big Tree"
076,084,0022,0020,000,0208,"Big Tree"
076,065,0020,0124,000,0208,"Big Tree"
076,023,-080,0054,000,0208,"Big Tree"
076,041,0062,0062,000,0208,"Big Tree"
076,086,0050,0072,000,0208,"Big Tree"
076,067,0006,0062,000,0208,"Big Tree"
076,048,0004,0102,000,0208,"Big Tree"
076,069,-048,0100,000,0208,"Big Tree"
076,091,0058,0066,000,0208,"Big Tree"
076,111,0068,0072,000,0208,"Big Tree"
076,132,0004,0012,000,0208,"Big Tree"
076,113,-042,0122,000,0208,"Big Tree"
076,093,0050,0034,000,0208,"Big Tree"
076,135,-014,0088,000,0208,"Big Tree"
076,156,0046,0038,000,0208,"Big Tree"
076,117,-028,0046,000,0208,"Big Tree"
076,098,0018,0078,000,0208,"Big Tree"
076,097,-022,0022,000,0208,"Big Tree"
076,115,0100,0082,000,0208,"Big Tree"
076,136,0062,0056,000,0208,"Big Tree"
077,120,-008,0042,000,0208,"Big Tree"
077,120,-008,0090,000,0208,"Big Tree"
END
